ARM GAS  C:\Users\divya\AppData\Local\Temp\cc3CT2W8.s 			page 1


   1              		.syntax unified
   2              		.cpu cortex-m3
   3              		.fpu softvfp
   4              		.eabi_attribute 20, 1
   5              		.eabi_attribute 21, 1
   6              		.eabi_attribute 23, 3
   7              		.eabi_attribute 24, 1
   8              		.eabi_attribute 25, 1
   9              		.eabi_attribute 26, 1
  10              		.eabi_attribute 30, 1
  11              		.eabi_attribute 34, 1
  12              		.eabi_attribute 18, 4
  13              		.thumb
  14              		.syntax unified
  15              		.file	"button.c"
  16              		.text
  17              	.Ltext0:
  18              		.cfi_sections	.debug_frame
  19              		.section	.text.BUTTON_Init,"ax",%progbits
  20              		.align	2
  21              		.global	BUTTON_Init
  22              		.thumb
  23              		.thumb_func
  24              		.type	BUTTON_Init, %function
  25              	BUTTON_Init:
  26              	.LFB110:
  27              		.file 1 "source\\bsw\\button.c"
   1:source\bsw/button.c **** /**
   2:source\bsw/button.c **** * \file button.c
   3:source\bsw/button.c **** * \author P. Fromm
   4:source\bsw/button.c **** * \date 29.7.17
   5:source\bsw/button.c **** *
   6:source\bsw/button.c **** * \brief Simple button driver
   7:source\bsw/button.c **** *
   8:source\bsw/button.c **** * \copyright Copyright ©2016
   9:source\bsw/button.c **** * Department of electrical engineering and information technology, Hochschule Darmstadt - Universit
  10:source\bsw/button.c **** * Permission to use, copy, modify, and distribute this software and its documentation for education
  11:source\bsw/button.c **** * (unless permitted by h_da) and official h_da projects, is hereby granted for enrolled students of
  12:source\bsw/button.c **** * this paragraph and the following paragraph appear in all copies, modifications, and distributions
  13:source\bsw/button.c **** * Contact Prof.Dr.-Ing. Peter Fromm, peter.fromm@h-da.de, Birkenweg 8 64295 Darmstadt - GERMANY for
  14:source\bsw/button.c **** *
  15:source\bsw/button.c **** * \warning This software is a PROTOTYPE version and is not designed or intended for use in producti
  16:source\bsw/button.c **** * The user represents and warrants that it will NOT use or redistribute the Software for such purpo
  17:source\bsw/button.c **** * This prototype is for research purposes only. This software is provided "AS IS," without a warran
  18:source\bsw/button.c **** */
  19:source\bsw/button.c **** 
  20:source\bsw/button.c **** /*****************************************************************************/
  21:source\bsw/button.c **** /* Include files                                                             */
  22:source\bsw/button.c **** /*****************************************************************************/
  23:source\bsw/button.c **** #include "project.h"
  24:source\bsw/button.c **** #include "button.h"
  25:source\bsw/button.c **** 
  26:source\bsw/button.c **** //#include "button_1.h"
  27:source\bsw/button.c **** //#include "button_2.h"
  28:source\bsw/button.c **** //#include "button_3.h"
  29:source\bsw/button.c **** //#include "button_4.h"
  30:source\bsw/button.c **** 
ARM GAS  C:\Users\divya\AppData\Local\Temp\cc3CT2W8.s 			page 2


  31:source\bsw/button.c **** 
  32:source\bsw/button.c **** /*****************************************************************************/
  33:source\bsw/button.c **** /* Local pre-processor symbols/macros ('#define')                            */
  34:source\bsw/button.c **** /*****************************************************************************/
  35:source\bsw/button.c **** 
  36:source\bsw/button.c **** /*****************************************************************************/
  37:source\bsw/button.c **** /* Global variable definitions (declared in header file with 'extern')       */
  38:source\bsw/button.c **** /*****************************************************************************/
  39:source\bsw/button.c **** 
  40:source\bsw/button.c **** /*****************************************************************************/
  41:source\bsw/button.c **** /* Local type definitions ('typedef')                                        */
  42:source\bsw/button.c **** /*****************************************************************************/
  43:source\bsw/button.c **** 
  44:source\bsw/button.c **** /*****************************************************************************/
  45:source\bsw/button.c **** /* Local variable definitions ('static')                                     */
  46:source\bsw/button.c **** /*****************************************************************************/
  47:source\bsw/button.c **** 
  48:source\bsw/button.c **** 
  49:source\bsw/button.c **** 
  50:source\bsw/button.c **** /*****************************************************************************/
  51:source\bsw/button.c **** /* Local function prototypes ('static')                                      */
  52:source\bsw/button.c **** /*****************************************************************************/
  53:source\bsw/button.c **** 
  54:source\bsw/button.c **** 
  55:source\bsw/button.c **** /*****************************************************************************/
  56:source\bsw/button.c **** /* Function implementation - global ('extern') and local ('static')          */
  57:source\bsw/button.c **** /*****************************************************************************/
  58:source\bsw/button.c **** 
  59:source\bsw/button.c **** /**
  60:source\bsw/button.c ****  * Initialize Button
  61:source\bsw/button.c ****  * @return RC_SUCCESS if ok
  62:source\bsw/button.c ****  */
  63:source\bsw/button.c **** RC_t BUTTON_Init(cyisraddress address)
  64:source\bsw/button.c **** {
  28              		.loc 1 64 0
  29              		.cfi_startproc
  30              		@ args = 0, pretend = 0, frame = 0
  31              		@ frame_needed = 0, uses_anonymous_args = 0
  32              	.LVL0:
  65:source\bsw/button.c ****  
  66:source\bsw/button.c ****     if (address != 0)
  33              		.loc 1 66 0
  34 0000 20B1     		cbz	r0, .L4
  64:source\bsw/button.c ****  
  35              		.loc 1 64 0
  36 0002 08B5     		push	{r3, lr}
  37              		.cfi_def_cfa_offset 8
  38              		.cfi_offset 3, -8
  39              		.cfi_offset 14, -4
  67:source\bsw/button.c ****     {
  68:source\bsw/button.c ****         isr_Button_StartEx(address);
  40              		.loc 1 68 0
  41 0004 FFF7FEFF 		bl	isr_Button_StartEx
  42              	.LVL1:
  69:source\bsw/button.c ****     }
  70:source\bsw/button.c ****     
  71:source\bsw/button.c ****     return RC_SUCCESS;
ARM GAS  C:\Users\divya\AppData\Local\Temp\cc3CT2W8.s 			page 3


  72:source\bsw/button.c **** }
  43              		.loc 1 72 0
  44 0008 0020     		movs	r0, #0
  45 000a 08BD     		pop	{r3, pc}
  46              	.LVL2:
  47              	.L4:
  48              		.cfi_def_cfa_offset 0
  49              		.cfi_restore 3
  50              		.cfi_restore 14
  51 000c 0020     		movs	r0, #0
  52              	.LVL3:
  53 000e 7047     		bx	lr
  54              		.cfi_endproc
  55              	.LFE110:
  56              		.size	BUTTON_Init, .-BUTTON_Init
  57              		.section	.text.BUTTON_IsPressed,"ax",%progbits
  58              		.align	2
  59              		.global	BUTTON_IsPressed
  60              		.thumb
  61              		.thumb_func
  62              		.type	BUTTON_IsPressed, %function
  63              	BUTTON_IsPressed:
  64              	.LFB111:
  73:source\bsw/button.c **** 
  74:source\bsw/button.c **** /**
  75:source\bsw/button.c ****  * Initialize Button
  76:source\bsw/button.c ****  * @param BUTTON_id_t button - check if the corresponding button is pressed
  77:source\bsw/button.c ****  * @return TRUE if button is pressed
  78:source\bsw/button.c ****  */
  79:source\bsw/button.c **** boolean_t BUTTON_IsPressed(BUTTON_id_t button)
  80:source\bsw/button.c **** {
  65              		.loc 1 80 0
  66              		.cfi_startproc
  67              		@ args = 0, pretend = 0, frame = 0
  68              		@ frame_needed = 0, uses_anonymous_args = 0
  69              	.LVL4:
  70 0000 38B5     		push	{r3, r4, r5, lr}
  71              		.cfi_def_cfa_offset 16
  72              		.cfi_offset 3, -16
  73              		.cfi_offset 4, -12
  74              		.cfi_offset 5, -8
  75              		.cfi_offset 14, -4
  76 0002 0446     		mov	r4, r0
  77              	.LVL5:
  81:source\bsw/button.c ****     boolean_t result = FALSE;
  82:source\bsw/button.c ****     uint8_t Buttonstatus1 = Pin_Button1_Read();
  78              		.loc 1 82 0
  79 0004 FFF7FEFF 		bl	Pin_Button1_Read
  80              	.LVL6:
  81 0008 0546     		mov	r5, r0
  82              	.LVL7:
  83:source\bsw/button.c ****     uint8_t Buttonstatus2 = Pin_Button2_Read();
  83              		.loc 1 83 0
  84 000a FFF7FEFF 		bl	Pin_Button2_Read
  85              	.LVL8:
  84:source\bsw/button.c ****     switch (button)
  86              		.loc 1 84 0
ARM GAS  C:\Users\divya\AppData\Local\Temp\cc3CT2W8.s 			page 4


  87 000e 14B1     		cbz	r4, .L7
  88 0010 012C     		cmp	r4, #1
  89 0012 04D0     		beq	.L8
  90 0014 07E0     		b	.L12
  91              	.L7:
  85:source\bsw/button.c ****     {
  86:source\bsw/button.c ****         case BUTTON_1 : 
  87:source\bsw/button.c ****         if (Buttonstatus1 == 1) 
  92              		.loc 1 87 0
  93 0016 012D     		cmp	r5, #1
  94 0018 07D0     		beq	.L10
  81:source\bsw/button.c ****     uint8_t Buttonstatus1 = Pin_Button1_Read();
  95              		.loc 1 81 0
  96 001a 0020     		movs	r0, #0
  97              	.LVL9:
  98 001c 38BD     		pop	{r3, r4, r5, pc}
  99              	.LVL10:
 100              	.L8:
  88:source\bsw/button.c ****         result = TRUE; 
  89:source\bsw/button.c ****         break;
  90:source\bsw/button.c ****         case BUTTON_2 : 
  91:source\bsw/button.c ****         if (Buttonstatus2 == 1) 
 101              		.loc 1 91 0
 102 001e 0128     		cmp	r0, #1
 103 0020 05D0     		beq	.L11
  81:source\bsw/button.c ****     uint8_t Buttonstatus1 = Pin_Button1_Read();
 104              		.loc 1 81 0
 105 0022 0020     		movs	r0, #0
 106              	.LVL11:
 107 0024 38BD     		pop	{r3, r4, r5, pc}
 108              	.LVL12:
 109              	.L12:
 110 0026 0020     		movs	r0, #0
 111              	.LVL13:
 112 0028 38BD     		pop	{r3, r4, r5, pc}
 113              	.LVL14:
 114              	.L10:
  88:source\bsw/button.c ****         result = TRUE; 
 115              		.loc 1 88 0
 116 002a 0120     		movs	r0, #1
 117              	.LVL15:
 118 002c 38BD     		pop	{r3, r4, r5, pc}
 119              	.LVL16:
 120              	.L11:
  92:source\bsw/button.c ****         result = TRUE; 
 121              		.loc 1 92 0
 122 002e 0120     		movs	r0, #1
 123              	.LVL17:
  93:source\bsw/button.c ****         break;
  94:source\bsw/button.c ****         //case BUTTON_3 : if (BUTTON_3_Read() == 1) result = TRUE; break;
  95:source\bsw/button.c ****         //case BUTTON_4 : if (BUTTON_4_Read() == 1) result = TRUE; break;
  96:source\bsw/button.c ****     }
  97:source\bsw/button.c ****     
  98:source\bsw/button.c ****     return result;
  99:source\bsw/button.c **** }
 124              		.loc 1 99 0
 125 0030 38BD     		pop	{r3, r4, r5, pc}
ARM GAS  C:\Users\divya\AppData\Local\Temp\cc3CT2W8.s 			page 5


 126              		.cfi_endproc
 127              	.LFE111:
 128              		.size	BUTTON_IsPressed, .-BUTTON_IsPressed
 129 0032 00BF     		.text
 130              	.Letext0:
 131              		.file 2 "c:\\program files (x86)\\cypress\\psoc creator\\4.4\\psoc creator\\import\\gnu\\arm\\5.4.
 132              		.file 3 "c:\\program files (x86)\\cypress\\psoc creator\\4.4\\psoc creator\\import\\gnu\\arm\\5.4.
 133              		.file 4 "Generated_Source\\PSoC5/cytypes.h"
 134              		.file 5 "Generated_Source\\PSoC5/ErikaOS_1_common_ee_types.inc"
 135              		.file 6 "Generated_Source\\PSoC5/ErikaOS_1_cortex_mx_ee_cpu.inc"
 136              		.file 7 "source\\bsw\\global.h"
 137              		.file 8 "source\\bsw\\button.h"
 138              		.file 9 "Generated_Source\\PSoC5/ErikaOS_1_ee_oo_intfunc.inc"
 139              		.file 10 "Generated_Source\\PSoC5/ErikaOS_1_cortex_mx_ee_context.inc"
 140              		.file 11 "Generated_Source\\PSoC5/ErikaOS_1_common_ee_primitives.inc"
 141              		.file 12 "Generated_Source\\PSoC5/core_cm3.h"
 142              		.file 13 "Generated_Source\\PSoC5/isr_Button.h"
 143              		.file 14 "Generated_Source\\PSoC5/Pin_Button1.h"
 144              		.file 15 "Generated_Source\\PSoC5/Pin_Button2.h"
 145              		.section	.debug_info,"",%progbits
 146              	.Ldebug_info0:
 147 0000 F1020000 		.4byte	0x2f1
 148 0004 0400     		.2byte	0x4
 149 0006 00000000 		.4byte	.Ldebug_abbrev0
 150 000a 04       		.byte	0x4
 151 000b 01       		.uleb128 0x1
 152 000c 1A030000 		.4byte	.LASF71
 153 0010 0C       		.byte	0xc
 154 0011 25000000 		.4byte	.LASF72
 155 0015 B8020000 		.4byte	.LASF73
 156 0019 00000000 		.4byte	.Ldebug_ranges0+0
 157 001d 00000000 		.4byte	0
 158 0021 00000000 		.4byte	.Ldebug_line0
 159 0025 02       		.uleb128 0x2
 160 0026 01       		.byte	0x1
 161 0027 06       		.byte	0x6
 162 0028 56020000 		.4byte	.LASF0
 163 002c 03       		.uleb128 0x3
 164 002d EA010000 		.4byte	.LASF4
 165 0031 02       		.byte	0x2
 166 0032 1D       		.byte	0x1d
 167 0033 37000000 		.4byte	0x37
 168 0037 02       		.uleb128 0x2
 169 0038 01       		.byte	0x1
 170 0039 08       		.byte	0x8
 171 003a 21020000 		.4byte	.LASF1
 172 003e 02       		.uleb128 0x2
 173 003f 02       		.byte	0x2
 174 0040 05       		.byte	0x5
 175 0041 4D000000 		.4byte	.LASF2
 176 0045 02       		.uleb128 0x2
 177 0046 02       		.byte	0x2
 178 0047 07       		.byte	0x7
 179 0048 07030000 		.4byte	.LASF3
 180 004c 03       		.uleb128 0x3
 181 004d 40040000 		.4byte	.LASF5
 182 0051 02       		.byte	0x2
ARM GAS  C:\Users\divya\AppData\Local\Temp\cc3CT2W8.s 			page 6


 183 0052 3F       		.byte	0x3f
 184 0053 57000000 		.4byte	0x57
 185 0057 02       		.uleb128 0x2
 186 0058 04       		.byte	0x4
 187 0059 05       		.byte	0x5
 188 005a B2010000 		.4byte	.LASF6
 189 005e 02       		.uleb128 0x2
 190 005f 04       		.byte	0x4
 191 0060 07       		.byte	0x7
 192 0061 FC030000 		.4byte	.LASF7
 193 0065 02       		.uleb128 0x2
 194 0066 08       		.byte	0x8
 195 0067 05       		.byte	0x5
 196 0068 67010000 		.4byte	.LASF8
 197 006c 02       		.uleb128 0x2
 198 006d 08       		.byte	0x8
 199 006e 07       		.byte	0x7
 200 006f 62020000 		.4byte	.LASF9
 201 0073 04       		.uleb128 0x4
 202 0074 04       		.byte	0x4
 203 0075 05       		.byte	0x5
 204 0076 696E7400 		.ascii	"int\000"
 205 007a 02       		.uleb128 0x2
 206 007b 04       		.byte	0x4
 207 007c 07       		.byte	0x7
 208 007d 79020000 		.4byte	.LASF10
 209 0081 03       		.uleb128 0x3
 210 0082 D2000000 		.4byte	.LASF11
 211 0086 03       		.byte	0x3
 212 0087 18       		.byte	0x18
 213 0088 2C000000 		.4byte	0x2c
 214 008c 03       		.uleb128 0x3
 215 008d CE030000 		.4byte	.LASF12
 216 0091 03       		.byte	0x3
 217 0092 2C       		.byte	0x2c
 218 0093 4C000000 		.4byte	0x4c
 219 0097 02       		.uleb128 0x2
 220 0098 04       		.byte	0x4
 221 0099 04       		.byte	0x4
 222 009a 48010000 		.4byte	.LASF13
 223 009e 02       		.uleb128 0x2
 224 009f 08       		.byte	0x8
 225 00a0 04       		.byte	0x4
 226 00a1 0E040000 		.4byte	.LASF14
 227 00a5 02       		.uleb128 0x2
 228 00a6 01       		.byte	0x1
 229 00a7 08       		.byte	0x8
 230 00a8 B4030000 		.4byte	.LASF15
 231 00ac 05       		.uleb128 0x5
 232 00ad 49020000 		.4byte	.LASF16
 233 00b1 04       		.byte	0x4
 234 00b2 A402     		.2byte	0x2a4
 235 00b4 B8000000 		.4byte	0xb8
 236 00b8 06       		.uleb128 0x6
 237 00b9 04       		.byte	0x4
 238 00ba BE000000 		.4byte	0xbe
 239 00be 07       		.uleb128 0x7
ARM GAS  C:\Users\divya\AppData\Local\Temp\cc3CT2W8.s 			page 7


 240 00bf 02       		.uleb128 0x2
 241 00c0 08       		.byte	0x8
 242 00c1 04       		.byte	0x4
 243 00c2 3D020000 		.4byte	.LASF17
 244 00c6 03       		.uleb128 0x3
 245 00c7 06010000 		.4byte	.LASF18
 246 00cb 05       		.byte	0x5
 247 00cc 53       		.byte	0x53
 248 00cd 73000000 		.4byte	0x73
 249 00d1 03       		.uleb128 0x3
 250 00d2 C1000000 		.4byte	.LASF19
 251 00d6 05       		.byte	0x5
 252 00d7 54       		.byte	0x54
 253 00d8 7A000000 		.4byte	0x7a
 254 00dc 03       		.uleb128 0x3
 255 00dd 27040000 		.4byte	.LASF20
 256 00e1 06       		.byte	0x6
 257 00e2 4D       		.byte	0x4d
 258 00e3 D1000000 		.4byte	0xd1
 259 00e7 03       		.uleb128 0x3
 260 00e8 A5000000 		.4byte	.LASF21
 261 00ec 06       		.byte	0x6
 262 00ed 4F       		.byte	0x4f
 263 00ee D1000000 		.4byte	0xd1
 264 00f2 03       		.uleb128 0x3
 265 00f3 CB000000 		.4byte	.LASF22
 266 00f7 06       		.byte	0x6
 267 00f8 78       		.byte	0x78
 268 00f9 C6000000 		.4byte	0xc6
 269 00fd 02       		.uleb128 0x2
 270 00fe 04       		.byte	0x4
 271 00ff 07       		.byte	0x7
 272 0100 8E000000 		.4byte	.LASF23
 273 0104 03       		.uleb128 0x3
 274 0105 17020000 		.4byte	.LASF24
 275 0109 07       		.byte	0x7
 276 010a 9C       		.byte	0x9c
 277 010b 37000000 		.4byte	0x37
 278 010f 08       		.uleb128 0x8
 279 0110 01       		.byte	0x1
 280 0111 25000000 		.4byte	0x25
 281 0115 07       		.byte	0x7
 282 0116 CF       		.byte	0xcf
 283 0117 B8010000 		.4byte	0x1b8
 284 011b 09       		.uleb128 0x9
 285 011c 1A000000 		.4byte	.LASF25
 286 0120 00       		.byte	0
 287 0121 0A       		.uleb128 0xa
 288 0122 9C040000 		.4byte	.LASF26
 289 0126 7F       		.sleb128 -1
 290 0127 0A       		.uleb128 0xa
 291 0128 94020000 		.4byte	.LASF27
 292 012c 7E       		.sleb128 -2
 293 012d 0A       		.uleb128 0xa
 294 012e 97000000 		.4byte	.LASF28
 295 0132 7D       		.sleb128 -3
 296 0133 0A       		.uleb128 0xa
ARM GAS  C:\Users\divya\AppData\Local\Temp\cc3CT2W8.s 			page 8


 297 0134 A5040000 		.4byte	.LASF29
 298 0138 7C       		.sleb128 -4
 299 0139 0A       		.uleb128 0xa
 300 013a 39010000 		.4byte	.LASF30
 301 013e 7B       		.sleb128 -5
 302 013f 0A       		.uleb128 0xa
 303 0140 57000000 		.4byte	.LASF31
 304 0144 7A       		.sleb128 -6
 305 0145 0A       		.uleb128 0xa
 306 0146 BB010000 		.4byte	.LASF32
 307 014a 79       		.sleb128 -7
 308 014b 0A       		.uleb128 0xa
 309 014c B9030000 		.4byte	.LASF33
 310 0150 78       		.sleb128 -8
 311 0151 0A       		.uleb128 0xa
 312 0152 A2020000 		.4byte	.LASF34
 313 0156 77       		.sleb128 -9
 314 0157 0A       		.uleb128 0xa
 315 0158 DC010000 		.4byte	.LASF35
 316 015c 76       		.sleb128 -10
 317 015d 0A       		.uleb128 0xa
 318 015e DE040000 		.4byte	.LASF36
 319 0162 75       		.sleb128 -11
 320 0163 0A       		.uleb128 0xa
 321 0164 86020000 		.4byte	.LASF37
 322 0168 74       		.sleb128 -12
 323 0169 0A       		.uleb128 0xa
 324 016a 15040000 		.4byte	.LASF38
 325 016e 73       		.sleb128 -13
 326 016f 0A       		.uleb128 0xa
 327 0170 07000000 		.4byte	.LASF39
 328 0174 72       		.sleb128 -14
 329 0175 0A       		.uleb128 0xa
 330 0176 39000000 		.4byte	.LASF40
 331 017a 71       		.sleb128 -15
 332 017b 0A       		.uleb128 0xa
 333 017c F4010000 		.4byte	.LASF41
 334 0180 70       		.sleb128 -16
 335 0181 0A       		.uleb128 0xa
 336 0182 AD000000 		.4byte	.LASF42
 337 0186 6F       		.sleb128 -17
 338 0187 0A       		.uleb128 0xa
 339 0188 68000000 		.4byte	.LASF43
 340 018c 6E       		.sleb128 -18
 341 018d 0A       		.uleb128 0xa
 342 018e 8E010000 		.4byte	.LASF44
 343 0192 6D       		.sleb128 -19
 344 0193 0A       		.uleb128 0xa
 345 0194 D6030000 		.4byte	.LASF45
 346 0198 6C       		.sleb128 -20
 347 0199 0A       		.uleb128 0xa
 348 019a 05020000 		.4byte	.LASF46
 349 019e 6B       		.sleb128 -21
 350 019f 0A       		.uleb128 0xa
 351 01a0 5C040000 		.4byte	.LASF47
 352 01a4 6A       		.sleb128 -22
 353 01a5 0A       		.uleb128 0xa
ARM GAS  C:\Users\divya\AppData\Local\Temp\cc3CT2W8.s 			page 9


 354 01a6 DA000000 		.4byte	.LASF48
 355 01aa 69       		.sleb128 -23
 356 01ab 0A       		.uleb128 0xa
 357 01ac A1010000 		.4byte	.LASF49
 358 01b0 68       		.sleb128 -24
 359 01b1 0A       		.uleb128 0xa
 360 01b2 4E010000 		.4byte	.LASF50
 361 01b6 67       		.sleb128 -25
 362 01b7 00       		.byte	0
 363 01b8 03       		.uleb128 0x3
 364 01b9 CD040000 		.4byte	.LASF51
 365 01bd 07       		.byte	0x7
 366 01be EA       		.byte	0xea
 367 01bf 0F010000 		.4byte	0x10f
 368 01c3 0B       		.uleb128 0xb
 369 01c4 FF020000 		.4byte	.LASF74
 370 01c8 01       		.byte	0x1
 371 01c9 37000000 		.4byte	0x37
 372 01cd 08       		.byte	0x8
 373 01ce 59       		.byte	0x59
 374 01cf E0010000 		.4byte	0x1e0
 375 01d3 09       		.uleb128 0x9
 376 01d4 4A040000 		.4byte	.LASF52
 377 01d8 00       		.byte	0
 378 01d9 09       		.uleb128 0x9
 379 01da 53040000 		.4byte	.LASF53
 380 01de 01       		.byte	0x1
 381 01df 00       		.byte	0
 382 01e0 03       		.uleb128 0x3
 383 01e1 D2040000 		.4byte	.LASF54
 384 01e5 08       		.byte	0x8
 385 01e6 5F       		.byte	0x5f
 386 01e7 C3010000 		.4byte	0x1c3
 387 01eb 0C       		.uleb128 0xc
 388 01ec A8030000 		.4byte	.LASF55
 389 01f0 01       		.byte	0x1
 390 01f1 3F       		.byte	0x3f
 391 01f2 B8010000 		.4byte	0x1b8
 392 01f6 00000000 		.4byte	.LFB110
 393 01fa 10000000 		.4byte	.LFE110-.LFB110
 394 01fe 01       		.uleb128 0x1
 395 01ff 9C       		.byte	0x9c
 396 0200 25020000 		.4byte	0x225
 397 0204 0D       		.uleb128 0xd
 398 0205 CD010000 		.4byte	.LASF57
 399 0209 01       		.byte	0x1
 400 020a 3F       		.byte	0x3f
 401 020b AC000000 		.4byte	0xac
 402 020f 00000000 		.4byte	.LLST0
 403 0213 0E       		.uleb128 0xe
 404 0214 08000000 		.4byte	.LVL1
 405 0218 D3020000 		.4byte	0x2d3
 406 021c 0F       		.uleb128 0xf
 407 021d 01       		.uleb128 0x1
 408 021e 50       		.byte	0x50
 409 021f 03       		.uleb128 0x3
 410 0220 F3       		.byte	0xf3
ARM GAS  C:\Users\divya\AppData\Local\Temp\cc3CT2W8.s 			page 10


 411 0221 01       		.uleb128 0x1
 412 0222 50       		.byte	0x50
 413 0223 00       		.byte	0
 414 0224 00       		.byte	0
 415 0225 0C       		.uleb128 0xc
 416 0226 0F010000 		.4byte	.LASF56
 417 022a 01       		.byte	0x1
 418 022b 4F       		.byte	0x4f
 419 022c 04010000 		.4byte	0x104
 420 0230 00000000 		.4byte	.LFB111
 421 0234 32000000 		.4byte	.LFE111-.LFB111
 422 0238 01       		.uleb128 0x1
 423 0239 9C       		.byte	0x9c
 424 023a 8B020000 		.4byte	0x28b
 425 023e 0D       		.uleb128 0xd
 426 023f D5010000 		.4byte	.LASF58
 427 0243 01       		.byte	0x1
 428 0244 4F       		.byte	0x4f
 429 0245 E0010000 		.4byte	0x1e0
 430 0249 3A000000 		.4byte	.LLST1
 431 024d 10       		.uleb128 0x10
 432 024e 00000000 		.4byte	.LASF59
 433 0252 01       		.byte	0x1
 434 0253 51       		.byte	0x51
 435 0254 04010000 		.4byte	0x104
 436 0258 5B000000 		.4byte	.LLST2
 437 025c 11       		.uleb128 0x11
 438 025d 2F020000 		.4byte	.LASF60
 439 0261 01       		.byte	0x1
 440 0262 52       		.byte	0x52
 441 0263 81000000 		.4byte	0x81
 442 0267 01       		.uleb128 0x1
 443 0268 55       		.byte	0x55
 444 0269 10       		.uleb128 0x10
 445 026a 81040000 		.4byte	.LASF61
 446 026e 01       		.byte	0x1
 447 026f 53       		.byte	0x53
 448 0270 81000000 		.4byte	0x81
 449 0274 7A000000 		.4byte	.LLST3
 450 0278 12       		.uleb128 0x12
 451 0279 08000000 		.4byte	.LVL6
 452 027d DE020000 		.4byte	0x2de
 453 0281 12       		.uleb128 0x12
 454 0282 0E000000 		.4byte	.LVL8
 455 0286 E9020000 		.4byte	0x2e9
 456 028a 00       		.byte	0
 457 028b 13       		.uleb128 0x13
 458 028c B5040000 		.4byte	.LASF62
 459 0290 09       		.byte	0x9
 460 0291 40       		.byte	0x40
 461 0292 DC000000 		.4byte	0xdc
 462 0296 13       		.uleb128 0x13
 463 0297 75010000 		.4byte	.LASF63
 464 029b 09       		.byte	0x9
 465 029c 47       		.byte	0x47
 466 029d E7000000 		.4byte	0xe7
 467 02a1 13       		.uleb128 0x13
ARM GAS  C:\Users\divya\AppData\Local\Temp\cc3CT2W8.s 			page 11


 468 02a2 E9030000 		.4byte	.LASF64
 469 02a6 09       		.byte	0x9
 470 02a7 4A       		.byte	0x4a
 471 02a8 DC000000 		.4byte	0xdc
 472 02ac 13       		.uleb128 0x13
 473 02ad 20010000 		.4byte	.LASF65
 474 02b1 0A       		.byte	0xa
 475 02b2 48       		.byte	0x48
 476 02b3 F2000000 		.4byte	0xf2
 477 02b7 13       		.uleb128 0x13
 478 02b8 F1000000 		.4byte	.LASF66
 479 02bc 0B       		.byte	0xb
 480 02bd 44       		.byte	0x44
 481 02be DC000000 		.4byte	0xdc
 482 02c2 14       		.uleb128 0x14
 483 02c3 8F040000 		.4byte	.LASF67
 484 02c7 0C       		.byte	0xc
 485 02c8 1207     		.2byte	0x712
 486 02ca CE020000 		.4byte	0x2ce
 487 02ce 15       		.uleb128 0x15
 488 02cf 8C000000 		.4byte	0x8c
 489 02d3 16       		.uleb128 0x16
 490 02d4 6E040000 		.4byte	.LASF68
 491 02d8 6E040000 		.4byte	.LASF68
 492 02dc 0D       		.byte	0xd
 493 02dd 18       		.byte	0x18
 494 02de 16       		.uleb128 0x16
 495 02df 7D000000 		.4byte	.LASF69
 496 02e3 7D000000 		.4byte	.LASF69
 497 02e7 0E       		.byte	0xe
 498 02e8 29       		.byte	0x29
 499 02e9 16       		.uleb128 0x16
 500 02ea 2F040000 		.4byte	.LASF70
 501 02ee 2F040000 		.4byte	.LASF70
 502 02f2 0F       		.byte	0xf
 503 02f3 29       		.byte	0x29
 504 02f4 00       		.byte	0
 505              		.section	.debug_abbrev,"",%progbits
 506              	.Ldebug_abbrev0:
 507 0000 01       		.uleb128 0x1
 508 0001 11       		.uleb128 0x11
 509 0002 01       		.byte	0x1
 510 0003 25       		.uleb128 0x25
 511 0004 0E       		.uleb128 0xe
 512 0005 13       		.uleb128 0x13
 513 0006 0B       		.uleb128 0xb
 514 0007 03       		.uleb128 0x3
 515 0008 0E       		.uleb128 0xe
 516 0009 1B       		.uleb128 0x1b
 517 000a 0E       		.uleb128 0xe
 518 000b 55       		.uleb128 0x55
 519 000c 17       		.uleb128 0x17
 520 000d 11       		.uleb128 0x11
 521 000e 01       		.uleb128 0x1
 522 000f 10       		.uleb128 0x10
 523 0010 17       		.uleb128 0x17
 524 0011 00       		.byte	0
ARM GAS  C:\Users\divya\AppData\Local\Temp\cc3CT2W8.s 			page 12


 525 0012 00       		.byte	0
 526 0013 02       		.uleb128 0x2
 527 0014 24       		.uleb128 0x24
 528 0015 00       		.byte	0
 529 0016 0B       		.uleb128 0xb
 530 0017 0B       		.uleb128 0xb
 531 0018 3E       		.uleb128 0x3e
 532 0019 0B       		.uleb128 0xb
 533 001a 03       		.uleb128 0x3
 534 001b 0E       		.uleb128 0xe
 535 001c 00       		.byte	0
 536 001d 00       		.byte	0
 537 001e 03       		.uleb128 0x3
 538 001f 16       		.uleb128 0x16
 539 0020 00       		.byte	0
 540 0021 03       		.uleb128 0x3
 541 0022 0E       		.uleb128 0xe
 542 0023 3A       		.uleb128 0x3a
 543 0024 0B       		.uleb128 0xb
 544 0025 3B       		.uleb128 0x3b
 545 0026 0B       		.uleb128 0xb
 546 0027 49       		.uleb128 0x49
 547 0028 13       		.uleb128 0x13
 548 0029 00       		.byte	0
 549 002a 00       		.byte	0
 550 002b 04       		.uleb128 0x4
 551 002c 24       		.uleb128 0x24
 552 002d 00       		.byte	0
 553 002e 0B       		.uleb128 0xb
 554 002f 0B       		.uleb128 0xb
 555 0030 3E       		.uleb128 0x3e
 556 0031 0B       		.uleb128 0xb
 557 0032 03       		.uleb128 0x3
 558 0033 08       		.uleb128 0x8
 559 0034 00       		.byte	0
 560 0035 00       		.byte	0
 561 0036 05       		.uleb128 0x5
 562 0037 16       		.uleb128 0x16
 563 0038 00       		.byte	0
 564 0039 03       		.uleb128 0x3
 565 003a 0E       		.uleb128 0xe
 566 003b 3A       		.uleb128 0x3a
 567 003c 0B       		.uleb128 0xb
 568 003d 3B       		.uleb128 0x3b
 569 003e 05       		.uleb128 0x5
 570 003f 49       		.uleb128 0x49
 571 0040 13       		.uleb128 0x13
 572 0041 00       		.byte	0
 573 0042 00       		.byte	0
 574 0043 06       		.uleb128 0x6
 575 0044 0F       		.uleb128 0xf
 576 0045 00       		.byte	0
 577 0046 0B       		.uleb128 0xb
 578 0047 0B       		.uleb128 0xb
 579 0048 49       		.uleb128 0x49
 580 0049 13       		.uleb128 0x13
 581 004a 00       		.byte	0
ARM GAS  C:\Users\divya\AppData\Local\Temp\cc3CT2W8.s 			page 13


 582 004b 00       		.byte	0
 583 004c 07       		.uleb128 0x7
 584 004d 15       		.uleb128 0x15
 585 004e 00       		.byte	0
 586 004f 27       		.uleb128 0x27
 587 0050 19       		.uleb128 0x19
 588 0051 00       		.byte	0
 589 0052 00       		.byte	0
 590 0053 08       		.uleb128 0x8
 591 0054 04       		.uleb128 0x4
 592 0055 01       		.byte	0x1
 593 0056 0B       		.uleb128 0xb
 594 0057 0B       		.uleb128 0xb
 595 0058 49       		.uleb128 0x49
 596 0059 13       		.uleb128 0x13
 597 005a 3A       		.uleb128 0x3a
 598 005b 0B       		.uleb128 0xb
 599 005c 3B       		.uleb128 0x3b
 600 005d 0B       		.uleb128 0xb
 601 005e 01       		.uleb128 0x1
 602 005f 13       		.uleb128 0x13
 603 0060 00       		.byte	0
 604 0061 00       		.byte	0
 605 0062 09       		.uleb128 0x9
 606 0063 28       		.uleb128 0x28
 607 0064 00       		.byte	0
 608 0065 03       		.uleb128 0x3
 609 0066 0E       		.uleb128 0xe
 610 0067 1C       		.uleb128 0x1c
 611 0068 0B       		.uleb128 0xb
 612 0069 00       		.byte	0
 613 006a 00       		.byte	0
 614 006b 0A       		.uleb128 0xa
 615 006c 28       		.uleb128 0x28
 616 006d 00       		.byte	0
 617 006e 03       		.uleb128 0x3
 618 006f 0E       		.uleb128 0xe
 619 0070 1C       		.uleb128 0x1c
 620 0071 0D       		.uleb128 0xd
 621 0072 00       		.byte	0
 622 0073 00       		.byte	0
 623 0074 0B       		.uleb128 0xb
 624 0075 04       		.uleb128 0x4
 625 0076 01       		.byte	0x1
 626 0077 03       		.uleb128 0x3
 627 0078 0E       		.uleb128 0xe
 628 0079 0B       		.uleb128 0xb
 629 007a 0B       		.uleb128 0xb
 630 007b 49       		.uleb128 0x49
 631 007c 13       		.uleb128 0x13
 632 007d 3A       		.uleb128 0x3a
 633 007e 0B       		.uleb128 0xb
 634 007f 3B       		.uleb128 0x3b
 635 0080 0B       		.uleb128 0xb
 636 0081 01       		.uleb128 0x1
 637 0082 13       		.uleb128 0x13
 638 0083 00       		.byte	0
ARM GAS  C:\Users\divya\AppData\Local\Temp\cc3CT2W8.s 			page 14


 639 0084 00       		.byte	0
 640 0085 0C       		.uleb128 0xc
 641 0086 2E       		.uleb128 0x2e
 642 0087 01       		.byte	0x1
 643 0088 3F       		.uleb128 0x3f
 644 0089 19       		.uleb128 0x19
 645 008a 03       		.uleb128 0x3
 646 008b 0E       		.uleb128 0xe
 647 008c 3A       		.uleb128 0x3a
 648 008d 0B       		.uleb128 0xb
 649 008e 3B       		.uleb128 0x3b
 650 008f 0B       		.uleb128 0xb
 651 0090 27       		.uleb128 0x27
 652 0091 19       		.uleb128 0x19
 653 0092 49       		.uleb128 0x49
 654 0093 13       		.uleb128 0x13
 655 0094 11       		.uleb128 0x11
 656 0095 01       		.uleb128 0x1
 657 0096 12       		.uleb128 0x12
 658 0097 06       		.uleb128 0x6
 659 0098 40       		.uleb128 0x40
 660 0099 18       		.uleb128 0x18
 661 009a 9742     		.uleb128 0x2117
 662 009c 19       		.uleb128 0x19
 663 009d 01       		.uleb128 0x1
 664 009e 13       		.uleb128 0x13
 665 009f 00       		.byte	0
 666 00a0 00       		.byte	0
 667 00a1 0D       		.uleb128 0xd
 668 00a2 05       		.uleb128 0x5
 669 00a3 00       		.byte	0
 670 00a4 03       		.uleb128 0x3
 671 00a5 0E       		.uleb128 0xe
 672 00a6 3A       		.uleb128 0x3a
 673 00a7 0B       		.uleb128 0xb
 674 00a8 3B       		.uleb128 0x3b
 675 00a9 0B       		.uleb128 0xb
 676 00aa 49       		.uleb128 0x49
 677 00ab 13       		.uleb128 0x13
 678 00ac 02       		.uleb128 0x2
 679 00ad 17       		.uleb128 0x17
 680 00ae 00       		.byte	0
 681 00af 00       		.byte	0
 682 00b0 0E       		.uleb128 0xe
 683 00b1 898201   		.uleb128 0x4109
 684 00b4 01       		.byte	0x1
 685 00b5 11       		.uleb128 0x11
 686 00b6 01       		.uleb128 0x1
 687 00b7 31       		.uleb128 0x31
 688 00b8 13       		.uleb128 0x13
 689 00b9 00       		.byte	0
 690 00ba 00       		.byte	0
 691 00bb 0F       		.uleb128 0xf
 692 00bc 8A8201   		.uleb128 0x410a
 693 00bf 00       		.byte	0
 694 00c0 02       		.uleb128 0x2
 695 00c1 18       		.uleb128 0x18
ARM GAS  C:\Users\divya\AppData\Local\Temp\cc3CT2W8.s 			page 15


 696 00c2 9142     		.uleb128 0x2111
 697 00c4 18       		.uleb128 0x18
 698 00c5 00       		.byte	0
 699 00c6 00       		.byte	0
 700 00c7 10       		.uleb128 0x10
 701 00c8 34       		.uleb128 0x34
 702 00c9 00       		.byte	0
 703 00ca 03       		.uleb128 0x3
 704 00cb 0E       		.uleb128 0xe
 705 00cc 3A       		.uleb128 0x3a
 706 00cd 0B       		.uleb128 0xb
 707 00ce 3B       		.uleb128 0x3b
 708 00cf 0B       		.uleb128 0xb
 709 00d0 49       		.uleb128 0x49
 710 00d1 13       		.uleb128 0x13
 711 00d2 02       		.uleb128 0x2
 712 00d3 17       		.uleb128 0x17
 713 00d4 00       		.byte	0
 714 00d5 00       		.byte	0
 715 00d6 11       		.uleb128 0x11
 716 00d7 34       		.uleb128 0x34
 717 00d8 00       		.byte	0
 718 00d9 03       		.uleb128 0x3
 719 00da 0E       		.uleb128 0xe
 720 00db 3A       		.uleb128 0x3a
 721 00dc 0B       		.uleb128 0xb
 722 00dd 3B       		.uleb128 0x3b
 723 00de 0B       		.uleb128 0xb
 724 00df 49       		.uleb128 0x49
 725 00e0 13       		.uleb128 0x13
 726 00e1 02       		.uleb128 0x2
 727 00e2 18       		.uleb128 0x18
 728 00e3 00       		.byte	0
 729 00e4 00       		.byte	0
 730 00e5 12       		.uleb128 0x12
 731 00e6 898201   		.uleb128 0x4109
 732 00e9 00       		.byte	0
 733 00ea 11       		.uleb128 0x11
 734 00eb 01       		.uleb128 0x1
 735 00ec 31       		.uleb128 0x31
 736 00ed 13       		.uleb128 0x13
 737 00ee 00       		.byte	0
 738 00ef 00       		.byte	0
 739 00f0 13       		.uleb128 0x13
 740 00f1 34       		.uleb128 0x34
 741 00f2 00       		.byte	0
 742 00f3 03       		.uleb128 0x3
 743 00f4 0E       		.uleb128 0xe
 744 00f5 3A       		.uleb128 0x3a
 745 00f6 0B       		.uleb128 0xb
 746 00f7 3B       		.uleb128 0x3b
 747 00f8 0B       		.uleb128 0xb
 748 00f9 49       		.uleb128 0x49
 749 00fa 13       		.uleb128 0x13
 750 00fb 3F       		.uleb128 0x3f
 751 00fc 19       		.uleb128 0x19
 752 00fd 3C       		.uleb128 0x3c
ARM GAS  C:\Users\divya\AppData\Local\Temp\cc3CT2W8.s 			page 16


 753 00fe 19       		.uleb128 0x19
 754 00ff 00       		.byte	0
 755 0100 00       		.byte	0
 756 0101 14       		.uleb128 0x14
 757 0102 34       		.uleb128 0x34
 758 0103 00       		.byte	0
 759 0104 03       		.uleb128 0x3
 760 0105 0E       		.uleb128 0xe
 761 0106 3A       		.uleb128 0x3a
 762 0107 0B       		.uleb128 0xb
 763 0108 3B       		.uleb128 0x3b
 764 0109 05       		.uleb128 0x5
 765 010a 49       		.uleb128 0x49
 766 010b 13       		.uleb128 0x13
 767 010c 3F       		.uleb128 0x3f
 768 010d 19       		.uleb128 0x19
 769 010e 3C       		.uleb128 0x3c
 770 010f 19       		.uleb128 0x19
 771 0110 00       		.byte	0
 772 0111 00       		.byte	0
 773 0112 15       		.uleb128 0x15
 774 0113 35       		.uleb128 0x35
 775 0114 00       		.byte	0
 776 0115 49       		.uleb128 0x49
 777 0116 13       		.uleb128 0x13
 778 0117 00       		.byte	0
 779 0118 00       		.byte	0
 780 0119 16       		.uleb128 0x16
 781 011a 2E       		.uleb128 0x2e
 782 011b 00       		.byte	0
 783 011c 3F       		.uleb128 0x3f
 784 011d 19       		.uleb128 0x19
 785 011e 3C       		.uleb128 0x3c
 786 011f 19       		.uleb128 0x19
 787 0120 6E       		.uleb128 0x6e
 788 0121 0E       		.uleb128 0xe
 789 0122 03       		.uleb128 0x3
 790 0123 0E       		.uleb128 0xe
 791 0124 3A       		.uleb128 0x3a
 792 0125 0B       		.uleb128 0xb
 793 0126 3B       		.uleb128 0x3b
 794 0127 0B       		.uleb128 0xb
 795 0128 00       		.byte	0
 796 0129 00       		.byte	0
 797 012a 00       		.byte	0
 798              		.section	.debug_loc,"",%progbits
 799              	.Ldebug_loc0:
 800              	.LLST0:
 801 0000 00000000 		.4byte	.LVL0
 802 0004 07000000 		.4byte	.LVL1-1
 803 0008 0100     		.2byte	0x1
 804 000a 50       		.byte	0x50
 805 000b 07000000 		.4byte	.LVL1-1
 806 000f 0C000000 		.4byte	.LVL2
 807 0013 0400     		.2byte	0x4
 808 0015 F3       		.byte	0xf3
 809 0016 01       		.uleb128 0x1
ARM GAS  C:\Users\divya\AppData\Local\Temp\cc3CT2W8.s 			page 17


 810 0017 50       		.byte	0x50
 811 0018 9F       		.byte	0x9f
 812 0019 0C000000 		.4byte	.LVL2
 813 001d 0E000000 		.4byte	.LVL3
 814 0021 0100     		.2byte	0x1
 815 0023 50       		.byte	0x50
 816 0024 0E000000 		.4byte	.LVL3
 817 0028 10000000 		.4byte	.LFE110
 818 002c 0400     		.2byte	0x4
 819 002e F3       		.byte	0xf3
 820 002f 01       		.uleb128 0x1
 821 0030 50       		.byte	0x50
 822 0031 9F       		.byte	0x9f
 823 0032 00000000 		.4byte	0
 824 0036 00000000 		.4byte	0
 825              	.LLST1:
 826 003a 00000000 		.4byte	.LVL4
 827 003e 07000000 		.4byte	.LVL6-1
 828 0042 0100     		.2byte	0x1
 829 0044 50       		.byte	0x50
 830 0045 07000000 		.4byte	.LVL6-1
 831 0049 32000000 		.4byte	.LFE111
 832 004d 0400     		.2byte	0x4
 833 004f F3       		.byte	0xf3
 834 0050 01       		.uleb128 0x1
 835 0051 50       		.byte	0x50
 836 0052 9F       		.byte	0x9f
 837 0053 00000000 		.4byte	0
 838 0057 00000000 		.4byte	0
 839              	.LLST2:
 840 005b 04000000 		.4byte	.LVL5
 841 005f 30000000 		.4byte	.LVL17
 842 0063 0200     		.2byte	0x2
 843 0065 30       		.byte	0x30
 844 0066 9F       		.byte	0x9f
 845 0067 30000000 		.4byte	.LVL17
 846 006b 32000000 		.4byte	.LFE111
 847 006f 0100     		.2byte	0x1
 848 0071 50       		.byte	0x50
 849 0072 00000000 		.4byte	0
 850 0076 00000000 		.4byte	0
 851              	.LLST3:
 852 007a 0E000000 		.4byte	.LVL8
 853 007e 1C000000 		.4byte	.LVL9
 854 0082 0100     		.2byte	0x1
 855 0084 50       		.byte	0x50
 856 0085 1E000000 		.4byte	.LVL10
 857 0089 24000000 		.4byte	.LVL11
 858 008d 0100     		.2byte	0x1
 859 008f 50       		.byte	0x50
 860 0090 26000000 		.4byte	.LVL12
 861 0094 28000000 		.4byte	.LVL13
 862 0098 0100     		.2byte	0x1
 863 009a 50       		.byte	0x50
 864 009b 2A000000 		.4byte	.LVL14
 865 009f 2C000000 		.4byte	.LVL15
 866 00a3 0100     		.2byte	0x1
ARM GAS  C:\Users\divya\AppData\Local\Temp\cc3CT2W8.s 			page 18


 867 00a5 50       		.byte	0x50
 868 00a6 2E000000 		.4byte	.LVL16
 869 00aa 30000000 		.4byte	.LVL17
 870 00ae 0100     		.2byte	0x1
 871 00b0 50       		.byte	0x50
 872 00b1 00000000 		.4byte	0
 873 00b5 00000000 		.4byte	0
 874              		.section	.debug_aranges,"",%progbits
 875 0000 24000000 		.4byte	0x24
 876 0004 0200     		.2byte	0x2
 877 0006 00000000 		.4byte	.Ldebug_info0
 878 000a 04       		.byte	0x4
 879 000b 00       		.byte	0
 880 000c 0000     		.2byte	0
 881 000e 0000     		.2byte	0
 882 0010 00000000 		.4byte	.LFB110
 883 0014 10000000 		.4byte	.LFE110-.LFB110
 884 0018 00000000 		.4byte	.LFB111
 885 001c 32000000 		.4byte	.LFE111-.LFB111
 886 0020 00000000 		.4byte	0
 887 0024 00000000 		.4byte	0
 888              		.section	.debug_ranges,"",%progbits
 889              	.Ldebug_ranges0:
 890 0000 00000000 		.4byte	.LFB110
 891 0004 10000000 		.4byte	.LFE110
 892 0008 00000000 		.4byte	.LFB111
 893 000c 32000000 		.4byte	.LFE111
 894 0010 00000000 		.4byte	0
 895 0014 00000000 		.4byte	0
 896              		.section	.debug_line,"",%progbits
 897              	.Ldebug_line0:
 898 0000 8A020000 		.section	.debug_str,"MS",%progbits,1
 898      02005102 
 898      00000201 
 898      FB0E0D00 
 898      01010101 
 899              	.LASF59:
 900 0000 72657375 		.ascii	"result\000"
 900      6C7400
 901              	.LASF39:
 902 0007 52435F45 		.ascii	"RC_ERROR_READ_ONLY\000"
 902      52524F52 
 902      5F524541 
 902      445F4F4E 
 902      4C5900
 903              	.LASF25:
 904 001a 52435F53 		.ascii	"RC_SUCCESS\000"
 904      55434345 
 904      535300
 905              	.LASF72:
 906 0025 736F7572 		.ascii	"source\\bsw\\button.c\000"
 906      63655C62 
 906      73775C62 
 906      7574746F 
 906      6E2E6300 
 907              	.LASF40:
 908 0039 52435F45 		.ascii	"RC_ERROR_WRITE_ONLY\000"
ARM GAS  C:\Users\divya\AppData\Local\Temp\cc3CT2W8.s 			page 19


 908      52524F52 
 908      5F575249 
 908      54455F4F 
 908      4E4C5900 
 909              	.LASF2:
 910 004d 73686F72 		.ascii	"short int\000"
 910      7420696E 
 910      7400
 911              	.LASF31:
 912 0057 52435F45 		.ascii	"RC_ERROR_OVERRUN\000"
 912      52524F52 
 912      5F4F5645 
 912      5252554E 
 912      00
 913              	.LASF43:
 914 0068 52435F45 		.ascii	"RC_ERROR_WRITE_FAILS\000"
 914      52524F52 
 914      5F575249 
 914      54455F46 
 914      41494C53 
 915              	.LASF69:
 916 007d 50696E5F 		.ascii	"Pin_Button1_Read\000"
 916      42757474 
 916      6F6E315F 
 916      52656164 
 916      00
 917              	.LASF23:
 918 008e 73697A65 		.ascii	"sizetype\000"
 918      74797065 
 918      00
 919              	.LASF28:
 920 0097 52435F45 		.ascii	"RC_ERROR_ZERO\000"
 920      52524F52 
 920      5F5A4552 
 920      4F00
 921              	.LASF21:
 922 00a5 45455F46 		.ascii	"EE_FREG\000"
 922      52454700 
 923              	.LASF42:
 924 00ad 52435F45 		.ascii	"RC_ERROR_READ_FAILS\000"
 924      52524F52 
 924      5F524541 
 924      445F4641 
 924      494C5300 
 925              	.LASF19:
 926 00c1 45455F55 		.ascii	"EE_UINT32\000"
 926      494E5433 
 926      3200
 927              	.LASF22:
 928 00cb 45455F54 		.ascii	"EE_TID\000"
 928      494400
 929              	.LASF11:
 930 00d2 75696E74 		.ascii	"uint8_t\000"
 930      385F7400 
 931              	.LASF48:
 932 00da 52435F45 		.ascii	"RC_ERROR_INVALID_STATE\000"
 932      52524F52 
ARM GAS  C:\Users\divya\AppData\Local\Temp\cc3CT2W8.s 			page 20


 932      5F494E56 
 932      414C4944 
 932      5F535441 
 933              	.LASF66:
 934 00f1 45455F49 		.ascii	"EE_IRQ_nesting_level\000"
 934      52515F6E 
 934      65737469 
 934      6E675F6C 
 934      6576656C 
 935              	.LASF18:
 936 0106 45455F49 		.ascii	"EE_INT32\000"
 936      4E543332 
 936      00
 937              	.LASF56:
 938 010f 42555454 		.ascii	"BUTTON_IsPressed\000"
 938      4F4E5F49 
 938      73507265 
 938      73736564 
 938      00
 939              	.LASF65:
 940 0120 45455F73 		.ascii	"EE_std_endcycle_next_tid\000"
 940      74645F65 
 940      6E646379 
 940      636C655F 
 940      6E657874 
 941              	.LASF30:
 942 0139 52435F45 		.ascii	"RC_ERROR_RANGE\000"
 942      52524F52 
 942      5F52414E 
 942      474500
 943              	.LASF13:
 944 0148 666C6F61 		.ascii	"float\000"
 944      7400
 945              	.LASF50:
 946 014e 52435F45 		.ascii	"RC_ERROR_NOT_IMPLEMENTED\000"
 946      52524F52 
 946      5F4E4F54 
 946      5F494D50 
 946      4C454D45 
 947              	.LASF8:
 948 0167 6C6F6E67 		.ascii	"long long int\000"
 948      206C6F6E 
 948      6720696E 
 948      7400
 949              	.LASF63:
 950 0175 45455F6F 		.ascii	"EE_oo_IRQ_suspend_status\000"
 950      6F5F4952 
 950      515F7375 
 950      7370656E 
 950      645F7374 
 951              	.LASF44:
 952 018e 52435F45 		.ascii	"RC_ERROR_NOT_MATCH\000"
 952      52524F52 
 952      5F4E4F54 
 952      5F4D4154 
 952      434800
 953              	.LASF49:
ARM GAS  C:\Users\divya\AppData\Local\Temp\cc3CT2W8.s 			page 21


 954 01a1 52435F45 		.ascii	"RC_ERROR_UNKNOWN\000"
 954      52524F52 
 954      5F554E4B 
 954      4E4F574E 
 954      00
 955              	.LASF6:
 956 01b2 6C6F6E67 		.ascii	"long int\000"
 956      20696E74 
 956      00
 957              	.LASF32:
 958 01bb 52435F45 		.ascii	"RC_ERROR_UNDERRUN\000"
 958      52524F52 
 958      5F554E44 
 958      45525255 
 958      4E00
 959              	.LASF57:
 960 01cd 61646472 		.ascii	"address\000"
 960      65737300 
 961              	.LASF58:
 962 01d5 62757474 		.ascii	"button\000"
 962      6F6E00
 963              	.LASF35:
 964 01dc 52435F45 		.ascii	"RC_ERROR_BUSY\000"
 964      52524F52 
 964      5F425553 
 964      5900
 965              	.LASF4:
 966 01ea 5F5F7569 		.ascii	"__uint8_t\000"
 966      6E74385F 
 966      7400
 967              	.LASF41:
 968 01f4 52435F45 		.ascii	"RC_ERROR_INVALID\000"
 968      52524F52 
 968      5F494E56 
 968      414C4944 
 968      00
 969              	.LASF46:
 970 0205 52435F45 		.ascii	"RC_ERROR_BAD_DATA\000"
 970      52524F52 
 970      5F424144 
 970      5F444154 
 970      4100
 971              	.LASF24:
 972 0217 626F6F6C 		.ascii	"boolean_t\000"
 972      65616E5F 
 972      7400
 973              	.LASF1:
 974 0221 756E7369 		.ascii	"unsigned char\000"
 974      676E6564 
 974      20636861 
 974      7200
 975              	.LASF60:
 976 022f 42757474 		.ascii	"Buttonstatus1\000"
 976      6F6E7374 
 976      61747573 
 976      3100
 977              	.LASF17:
ARM GAS  C:\Users\divya\AppData\Local\Temp\cc3CT2W8.s 			page 22


 978 023d 6C6F6E67 		.ascii	"long double\000"
 978      20646F75 
 978      626C6500 
 979              	.LASF16:
 980 0249 63796973 		.ascii	"cyisraddress\000"
 980      72616464 
 980      72657373 
 980      00
 981              	.LASF0:
 982 0256 7369676E 		.ascii	"signed char\000"
 982      65642063 
 982      68617200 
 983              	.LASF9:
 984 0262 6C6F6E67 		.ascii	"long long unsigned int\000"
 984      206C6F6E 
 984      6720756E 
 984      7369676E 
 984      65642069 
 985              	.LASF10:
 986 0279 756E7369 		.ascii	"unsigned int\000"
 986      676E6564 
 986      20696E74 
 986      00
 987              	.LASF37:
 988 0286 52435F45 		.ascii	"RC_ERROR_OPEN\000"
 988      52524F52 
 988      5F4F5045 
 988      4E00
 989              	.LASF27:
 990 0294 52435F45 		.ascii	"RC_ERROR_NULL\000"
 990      52524F52 
 990      5F4E554C 
 990      4C00
 991              	.LASF34:
 992 02a2 52435F45 		.ascii	"RC_ERROR_BUFFER_EMTPY\000"
 992      52524F52 
 992      5F425546 
 992      4645525F 
 992      454D5450 
 993              	.LASF73:
 994 02b8 433A5C55 		.ascii	"C:\\Users\\divya\\Documents\\PSoC Creator\\LABASSIG"
 994      73657273 
 994      5C646976 
 994      79615C44 
 994      6F63756D 
 995 02e6 4E4D454E 		.ascii	"NMENT\\ReactionGame.cydsn\000"
 995      545C5265 
 995      61637469 
 995      6F6E4761 
 995      6D652E63 
 996              	.LASF74:
 997 02ff 65427574 		.ascii	"eButton\000"
 997      746F6E00 
 998              	.LASF3:
 999 0307 73686F72 		.ascii	"short unsigned int\000"
 999      7420756E 
 999      7369676E 
ARM GAS  C:\Users\divya\AppData\Local\Temp\cc3CT2W8.s 			page 23


 999      65642069 
 999      6E7400
 1000              	.LASF71:
 1001 031a 474E5520 		.ascii	"GNU C11 5.4.1 20160609 (release) [ARM/embedded-5-br"
 1001      43313120 
 1001      352E342E 
 1001      31203230 
 1001      31363036 
 1002 034d 616E6368 		.ascii	"anch revision 237715] -mcpu=cortex-m3 -mthumb -g -O"
 1002      20726576 
 1002      6973696F 
 1002      6E203233 
 1002      37373135 
 1003 0380 67202D66 		.ascii	"g -ffunction-sections -ffat-lto-objects\000"
 1003      66756E63 
 1003      74696F6E 
 1003      2D736563 
 1003      74696F6E 
 1004              	.LASF55:
 1005 03a8 42555454 		.ascii	"BUTTON_Init\000"
 1005      4F4E5F49 
 1005      6E697400 
 1006              	.LASF15:
 1007 03b4 63686172 		.ascii	"char\000"
 1007      00
 1008              	.LASF33:
 1009 03b9 52435F45 		.ascii	"RC_ERROR_BUFFER_FULL\000"
 1009      52524F52 
 1009      5F425546 
 1009      4645525F 
 1009      46554C4C 
 1010              	.LASF12:
 1011 03ce 696E7433 		.ascii	"int32_t\000"
 1011      325F7400 
 1012              	.LASF45:
 1013 03d6 52435F45 		.ascii	"RC_ERROR_BAD_PARAM\000"
 1013      52524F52 
 1013      5F424144 
 1013      5F504152 
 1013      414D00
 1014              	.LASF64:
 1015 03e9 45455F41 		.ascii	"EE_ApplicationMode\000"
 1015      70706C69 
 1015      63617469 
 1015      6F6E4D6F 
 1015      646500
 1016              	.LASF7:
 1017 03fc 6C6F6E67 		.ascii	"long unsigned int\000"
 1017      20756E73 
 1017      69676E65 
 1017      6420696E 
 1017      7400
 1018              	.LASF14:
 1019 040e 646F7562 		.ascii	"double\000"
 1019      6C6500
 1020              	.LASF38:
 1021 0415 52435F45 		.ascii	"RC_ERROR_CHECKSUM\000"
ARM GAS  C:\Users\divya\AppData\Local\Temp\cc3CT2W8.s 			page 24


 1021      52524F52 
 1021      5F434845 
 1021      434B5355 
 1021      4D00
 1022              	.LASF20:
 1023 0427 45455F55 		.ascii	"EE_UREG\000"
 1023      52454700 
 1024              	.LASF70:
 1025 042f 50696E5F 		.ascii	"Pin_Button2_Read\000"
 1025      42757474 
 1025      6F6E325F 
 1025      52656164 
 1025      00
 1026              	.LASF5:
 1027 0440 5F5F696E 		.ascii	"__int32_t\000"
 1027      7433325F 
 1027      7400
 1028              	.LASF52:
 1029 044a 42555454 		.ascii	"BUTTON_1\000"
 1029      4F4E5F31 
 1029      00
 1030              	.LASF53:
 1031 0453 42555454 		.ascii	"BUTTON_2\000"
 1031      4F4E5F32 
 1031      00
 1032              	.LASF47:
 1033 045c 52435F45 		.ascii	"RC_ERROR_CANCELED\000"
 1033      52524F52 
 1033      5F43414E 
 1033      43454C45 
 1033      4400
 1034              	.LASF68:
 1035 046e 6973725F 		.ascii	"isr_Button_StartEx\000"
 1035      42757474 
 1035      6F6E5F53 
 1035      74617274 
 1035      457800
 1036              	.LASF61:
 1037 0481 42757474 		.ascii	"Buttonstatus2\000"
 1037      6F6E7374 
 1037      61747573 
 1037      3200
 1038              	.LASF67:
 1039 048f 49544D5F 		.ascii	"ITM_RxBuffer\000"
 1039      52784275 
 1039      66666572 
 1039      00
 1040              	.LASF26:
 1041 049c 52435F45 		.ascii	"RC_ERROR\000"
 1041      52524F52 
 1041      00
 1042              	.LASF29:
 1043 04a5 52435F45 		.ascii	"RC_ERROR_MEMORY\000"
 1043      52524F52 
 1043      5F4D454D 
 1043      4F525900 
 1044              	.LASF62:
ARM GAS  C:\Users\divya\AppData\Local\Temp\cc3CT2W8.s 			page 25


 1045 04b5 45455F6F 		.ascii	"EE_oo_IRQ_disable_count\000"
 1045      6F5F4952 
 1045      515F6469 
 1045      7361626C 
 1045      655F636F 
 1046              	.LASF51:
 1047 04cd 52435F74 		.ascii	"RC_t\000"
 1047      00
 1048              	.LASF54:
 1049 04d2 42555454 		.ascii	"BUTTON_id_t\000"
 1049      4F4E5F69 
 1049      645F7400 
 1050              	.LASF36:
 1051 04de 52435F45 		.ascii	"RC_ERROR_TIME_OUT\000"
 1051      52524F52 
 1051      5F54494D 
 1051      455F4F55 
 1051      5400
 1052              		.ident	"GCC: (GNU Tools for ARM Embedded Processors) 5.4.1 20160609 (release) [ARM/embedded-5-bran
