ARM GAS  C:\Users\divya\AppData\Local\Temp\ccK8Fbro.s 			page 1


   1              		.syntax unified
   2              		.cpu cortex-m3
   3              		.fpu softvfp
   4              		.eabi_attribute 20, 1
   5              		.eabi_attribute 21, 1
   6              		.eabi_attribute 23, 3
   7              		.eabi_attribute 24, 1
   8              		.eabi_attribute 25, 1
   9              		.eabi_attribute 26, 1
  10              		.eabi_attribute 30, 1
  11              		.eabi_attribute 34, 1
  12              		.eabi_attribute 18, 4
  13              		.thumb
  14              		.syntax unified
  15              		.file	"cymetadata.c"
  16              		.text
  17              	.Ltext0:
  18              		.cfi_sections	.debug_frame
  19              		.global	cy_metadata
  20              		.global	cy_meta_flashprotect
  21              		.global	cy_meta_wonvl
  22              		.global	cy_meta_custnvl
  23              		.global	cy_meta_configecc
  24              		.section	.cyconfigecc,"a",%progbits
  25              		.align	2
  26              		.type	cy_meta_configecc, %object
  27              		.size	cy_meta_configecc, 1508
  28              	cy_meta_configecc:
  29 0000 07       		.byte	7
  30 0001 52       		.byte	82
  31 0002 00       		.byte	0
  32 0003 40       		.byte	64
  33 0004 03       		.byte	3
  34 0005 64       		.byte	100
  35 0006 00       		.byte	0
  36 0007 40       		.byte	64
  37 0008 03       		.byte	3
  38 0009 65       		.byte	101
  39 000a 00       		.byte	0
  40 000b 40       		.byte	64
  41 000c 54       		.byte	84
  42 000d 02       		.byte	2
  43 000e 01       		.byte	1
  44 000f 40       		.byte	64
  45 0010 31       		.byte	49
  46 0011 03       		.byte	3
  47 0012 01       		.byte	1
  48 0013 40       		.byte	64
  49 0014 04       		.byte	4
  50 0015 05       		.byte	5
  51 0016 01       		.byte	1
  52 0017 40       		.byte	64
  53 0018 01       		.byte	1
  54 0019 07       		.byte	7
  55 001a 01       		.byte	1
  56 001b 40       		.byte	64
  57 001c 5D       		.byte	93
ARM GAS  C:\Users\divya\AppData\Local\Temp\ccK8Fbro.s 			page 2


  58 001d 08       		.byte	8
  59 001e 01       		.byte	1
  60 001f 40       		.byte	64
  61 0020 3B       		.byte	59
  62 0021 09       		.byte	9
  63 0022 01       		.byte	1
  64 0023 40       		.byte	64
  65 0024 03       		.byte	3
  66 0025 0B       		.byte	11
  67 0026 01       		.byte	1
  68 0027 40       		.byte	64
  69 0028 02       		.byte	2
  70 0029 17       		.byte	23
  71 002a 01       		.byte	1
  72 002b 40       		.byte	64
  73 002c 41       		.byte	65
  74 002d 18       		.byte	24
  75 002e 01       		.byte	1
  76 002f 40       		.byte	64
  77 0030 46       		.byte	70
  78 0031 19       		.byte	25
  79 0032 01       		.byte	1
  80 0033 40       		.byte	64
  81 0034 5F       		.byte	95
  82 0035 1A       		.byte	26
  83 0036 01       		.byte	1
  84 0037 40       		.byte	64
  85 0038 4D       		.byte	77
  86 0039 1B       		.byte	27
  87 003a 01       		.byte	1
  88 003b 40       		.byte	64
  89 003c 02       		.byte	2
  90 003d 40       		.byte	64
  91 003e 01       		.byte	1
  92 003f 40       		.byte	64
  93 0040 09       		.byte	9
  94 0041 41       		.byte	65
  95 0042 01       		.byte	1
  96 0043 40       		.byte	64
  97 0044 06       		.byte	6
  98 0045 42       		.byte	66
  99 0046 01       		.byte	1
 100 0047 40       		.byte	64
 101 0048 04       		.byte	4
 102 0049 43       		.byte	67
 103 004a 01       		.byte	1
 104 004b 40       		.byte	64
 105 004c 02       		.byte	2
 106 004d 45       		.byte	69
 107 004e 01       		.byte	1
 108 004f 40       		.byte	64
 109 0050 01       		.byte	1
 110 0051 46       		.byte	70
 111 0052 01       		.byte	1
 112 0053 40       		.byte	64
 113 0054 03       		.byte	3
 114 0055 47       		.byte	71
ARM GAS  C:\Users\divya\AppData\Local\Temp\ccK8Fbro.s 			page 3


 115 0056 01       		.byte	1
 116 0057 40       		.byte	64
 117 0058 04       		.byte	4
 118 0059 48       		.byte	72
 119 005a 01       		.byte	1
 120 005b 40       		.byte	64
 121 005c 0E       		.byte	14
 122 005d 4C       		.byte	76
 123 005e 01       		.byte	1
 124 005f 40       		.byte	64
 125 0060 0C       		.byte	12
 126 0061 4D       		.byte	77
 127 0062 01       		.byte	1
 128 0063 40       		.byte	64
 129 0064 05       		.byte	5
 130 0065 50       		.byte	80
 131 0066 01       		.byte	1
 132 0067 40       		.byte	64
 133 0068 01       		.byte	1
 134 0069 51       		.byte	81
 135 006a 01       		.byte	1
 136 006b 40       		.byte	64
 137 006c 00       		.byte	0
 138 006d C0       		.byte	-64
 139 006e 01       		.byte	1
 140 006f 40       		.byte	64
 141 0070 08       		.byte	8
 142 0071 69       		.byte	105
 143 0072 09       		.byte	9
 144 0073 C5       		.byte	-59
 145 0074 11       		.byte	17
 146 0075 01       		.byte	1
 147 0076 61       		.byte	97
 148 0077 80       		.byte	-128
 149 0078 64       		.byte	100
 150 0079 40       		.byte	64
 151 007a 82       		.byte	-126
 152 007b 0D       		.byte	13
 153 007c 83       		.byte	-125
 154 007d 0D       		.byte	13
 155 007e 89       		.byte	-119
 156 007f 72       		.byte	114
 157 0080 88       		.byte	-120
 158 0081 0F       		.byte	15
 159 0082 89       		.byte	-119
 160 0083 38       		.byte	56
 161 0084 8B       		.byte	-117
 162 0085 0D       		.byte	13
 163 0086 02       		.byte	2
 164 0087 08       		.byte	8
 165 0088 06       		.byte	6
 166 0089 01       		.byte	1
 167 008a 0A       		.byte	10
 168 008b 04       		.byte	4
 169 008c 0F       		.byte	15
 170 008d 01       		.byte	1
 171 008e 27       		.byte	39
ARM GAS  C:\Users\divya\AppData\Local\Temp\ccK8Fbro.s 			page 4


 172 008f 01       		.byte	1
 173 0090 2A       		.byte	42
 174 0091 06       		.byte	6
 175 0092 2E       		.byte	46
 176 0093 01       		.byte	1
 177 0094 30       		.byte	48
 178 0095 04       		.byte	4
 179 0096 32       		.byte	50
 180 0097 02       		.byte	2
 181 0098 33       		.byte	51
 182 0099 01       		.byte	1
 183 009a 34       		.byte	52
 184 009b 08       		.byte	8
 185 009c 36       		.byte	54
 186 009d 01       		.byte	1
 187 009e 3B       		.byte	59
 188 009f 02       		.byte	2
 189 00a0 3F       		.byte	63
 190 00a1 04       		.byte	4
 191 00a2 40       		.byte	64
 192 00a3 20       		.byte	32
 193 00a4 41       		.byte	65
 194 00a5 05       		.byte	5
 195 00a6 45       		.byte	69
 196 00a7 D0       		.byte	-48
 197 00a8 46       		.byte	70
 198 00a9 02       		.byte	2
 199 00aa 47       		.byte	71
 200 00ab 01       		.byte	1
 201 00ac 48       		.byte	72
 202 00ad 16       		.byte	22
 203 00ae 49       		.byte	73
 204 00af FF       		.byte	-1
 205 00b0 4A       		.byte	74
 206 00b1 FF       		.byte	-1
 207 00b2 4B       		.byte	75
 208 00b3 FF       		.byte	-1
 209 00b4 4D       		.byte	77
 210 00b5 A0       		.byte	-96
 211 00b6 4F       		.byte	79
 212 00b7 04       		.byte	4
 213 00b8 50       		.byte	80
 214 00b9 18       		.byte	24
 215 00ba 52       		.byte	82
 216 00bb 80       		.byte	-128
 217 00bc 54       		.byte	84
 218 00bd 05       		.byte	5
 219 00be 58       		.byte	88
 220 00bf 04       		.byte	4
 221 00c0 59       		.byte	89
 222 00c1 04       		.byte	4
 223 00c2 5A       		.byte	90
 224 00c3 04       		.byte	4
 225 00c4 5B       		.byte	91
 226 00c5 04       		.byte	4
 227 00c6 5C       		.byte	92
 228 00c7 10       		.byte	16
ARM GAS  C:\Users\divya\AppData\Local\Temp\ccK8Fbro.s 			page 5


 229 00c8 5F       		.byte	95
 230 00c9 01       		.byte	1
 231 00ca 60       		.byte	96
 232 00cb 40       		.byte	64
 233 00cc 62       		.byte	98
 234 00cd C0       		.byte	-64
 235 00ce 64       		.byte	100
 236 00cf 40       		.byte	64
 237 00d0 65       		.byte	101
 238 00d1 40       		.byte	64
 239 00d2 66       		.byte	102
 240 00d3 C0       		.byte	-64
 241 00d4 68       		.byte	104
 242 00d5 C0       		.byte	-64
 243 00d6 6A       		.byte	106
 244 00d7 C0       		.byte	-64
 245 00d8 6C       		.byte	108
 246 00d9 C0       		.byte	-64
 247 00da 6E       		.byte	110
 248 00db C0       		.byte	-64
 249 00dc 82       		.byte	-126
 250 00dd 03       		.byte	3
 251 00de 87       		.byte	-121
 252 00df 01       		.byte	1
 253 00e0 88       		.byte	-120
 254 00e1 01       		.byte	1
 255 00e2 92       		.byte	-110
 256 00e3 08       		.byte	8
 257 00e4 94       		.byte	-108
 258 00e5 04       		.byte	4
 259 00e6 A6       		.byte	-90
 260 00e7 04       		.byte	4
 261 00e8 AB       		.byte	-85
 262 00e9 01       		.byte	1
 263 00ea B0       		.byte	-80
 264 00eb 04       		.byte	4
 265 00ec B2       		.byte	-78
 266 00ed 02       		.byte	2
 267 00ee B3       		.byte	-77
 268 00ef 01       		.byte	1
 269 00f0 B4       		.byte	-76
 270 00f1 08       		.byte	8
 271 00f2 B6       		.byte	-74
 272 00f3 01       		.byte	1
 273 00f4 BF       		.byte	-65
 274 00f5 04       		.byte	4
 275 00f6 C0       		.byte	-64
 276 00f7 20       		.byte	32
 277 00f8 C1       		.byte	-63
 278 00f9 06       		.byte	6
 279 00fa C5       		.byte	-59
 280 00fb D0       		.byte	-48
 281 00fc C6       		.byte	-58
 282 00fd 01       		.byte	1
 283 00fe C7       		.byte	-57
 284 00ff 02       		.byte	2
 285 0100 C8       		.byte	-56
ARM GAS  C:\Users\divya\AppData\Local\Temp\ccK8Fbro.s 			page 6


 286 0101 16       		.byte	22
 287 0102 C9       		.byte	-55
 288 0103 FF       		.byte	-1
 289 0104 CA       		.byte	-54
 290 0105 FF       		.byte	-1
 291 0106 CB       		.byte	-53
 292 0107 FF       		.byte	-1
 293 0108 CD       		.byte	-51
 294 0109 A0       		.byte	-96
 295 010a CF       		.byte	-49
 296 010b 04       		.byte	4
 297 010c D0       		.byte	-48
 298 010d 18       		.byte	24
 299 010e D2       		.byte	-46
 300 010f 80       		.byte	-128
 301 0110 D4       		.byte	-44
 302 0111 05       		.byte	5
 303 0112 D8       		.byte	-40
 304 0113 04       		.byte	4
 305 0114 D9       		.byte	-39
 306 0115 04       		.byte	4
 307 0116 DA       		.byte	-38
 308 0117 04       		.byte	4
 309 0118 DB       		.byte	-37
 310 0119 04       		.byte	4
 311 011a DF       		.byte	-33
 312 011b 01       		.byte	1
 313 011c E0       		.byte	-32
 314 011d 40       		.byte	64
 315 011e E2       		.byte	-30
 316 011f C0       		.byte	-64
 317 0120 E4       		.byte	-28
 318 0121 40       		.byte	64
 319 0122 E5       		.byte	-27
 320 0123 40       		.byte	64
 321 0124 E6       		.byte	-26
 322 0125 C0       		.byte	-64
 323 0126 E8       		.byte	-24
 324 0127 C0       		.byte	-64
 325 0128 EA       		.byte	-22
 326 0129 C0       		.byte	-64
 327 012a EC       		.byte	-20
 328 012b C0       		.byte	-64
 329 012c EE       		.byte	-18
 330 012d C0       		.byte	-64
 331 012e 00       		.byte	0
 332 012f 10       		.byte	16
 333 0130 02       		.byte	2
 334 0131 40       		.byte	64
 335 0132 04       		.byte	4
 336 0133 04       		.byte	4
 337 0134 05       		.byte	5
 338 0135 10       		.byte	16
 339 0136 07       		.byte	7
 340 0137 80       		.byte	-128
 341 0138 09       		.byte	9
 342 0139 0A       		.byte	10
ARM GAS  C:\Users\divya\AppData\Local\Temp\ccK8Fbro.s 			page 7


 343 013a 11       		.byte	17
 344 013b 08       		.byte	8
 345 013c 15       		.byte	21
 346 013d 80       		.byte	-128
 347 013e 16       		.byte	22
 348 013f 08       		.byte	8
 349 0140 18       		.byte	24
 350 0141 14       		.byte	20
 351 0142 19       		.byte	25
 352 0143 60       		.byte	96
 353 0144 1A       		.byte	26
 354 0145 40       		.byte	64
 355 0146 1C       		.byte	28
 356 0147 01       		.byte	1
 357 0148 1D       		.byte	29
 358 0149 38       		.byte	56
 359 014a 1E       		.byte	30
 360 014b 80       		.byte	-128
 361 014c 1F       		.byte	31
 362 014d 20       		.byte	32
 363 014e 22       		.byte	34
 364 014f 04       		.byte	4
 365 0150 24       		.byte	36
 366 0151 80       		.byte	-128
 367 0152 26       		.byte	38
 368 0153 04       		.byte	4
 369 0154 29       		.byte	41
 370 0155 20       		.byte	32
 371 0156 2F       		.byte	47
 372 0157 20       		.byte	32
 373 0158 38       		.byte	56
 374 0159 08       		.byte	8
 375 015a 3F       		.byte	63
 376 015b 80       		.byte	-128
 377 015c 40       		.byte	64
 378 015d 04       		.byte	4
 379 015e 45       		.byte	69
 380 015f 20       		.byte	32
 381 0160 48       		.byte	72
 382 0161 08       		.byte	8
 383 0162 49       		.byte	73
 384 0163 02       		.byte	2
 385 0164 4D       		.byte	77
 386 0165 01       		.byte	1
 387 0166 4F       		.byte	79
 388 0167 80       		.byte	-128
 389 0168 50       		.byte	80
 390 0169 0C       		.byte	12
 391 016a 51       		.byte	81
 392 016b 40       		.byte	64
 393 016c 52       		.byte	82
 394 016d 40       		.byte	64
 395 016e 55       		.byte	85
 396 016f 04       		.byte	4
 397 0170 56       		.byte	86
 398 0171 08       		.byte	8
 399 0172 57       		.byte	87
ARM GAS  C:\Users\divya\AppData\Local\Temp\ccK8Fbro.s 			page 8


 400 0173 40       		.byte	64
 401 0174 59       		.byte	89
 402 0175 42       		.byte	66
 403 0176 5A       		.byte	90
 404 0177 08       		.byte	8
 405 0178 5D       		.byte	93
 406 0179 01       		.byte	1
 407 017a 5E       		.byte	94
 408 017b 48       		.byte	72
 409 017c 71       		.byte	113
 410 017d 02       		.byte	2
 411 017e 77       		.byte	119
 412 017f 80       		.byte	-128
 413 0180 C0       		.byte	-64
 414 0181 7A       		.byte	122
 415 0182 C2       		.byte	-62
 416 0183 0C       		.byte	12
 417 0184 C4       		.byte	-60
 418 0185 C4       		.byte	-60
 419 0186 CA       		.byte	-54
 420 0187 44       		.byte	68
 421 0188 CE       		.byte	-50
 422 0189 12       		.byte	18
 423 018a D0       		.byte	-48
 424 018b 24       		.byte	36
 425 018c D2       		.byte	-46
 426 018d 14       		.byte	20
 427 018e D6       		.byte	-42
 428 018f DB       		.byte	-37
 429 0190 A8       		.byte	-88
 430 0191 01       		.byte	1
 431 0192 B2       		.byte	-78
 432 0193 40       		.byte	64
 433 0194 B4       		.byte	-76
 434 0195 40       		.byte	64
 435 0196 EA       		.byte	-22
 436 0197 20       		.byte	32
 437 0198 E8       		.byte	-24
 438 0199 08       		.byte	8
 439 019a 02       		.byte	2
 440 019b 08       		.byte	8
 441 019c 06       		.byte	6
 442 019d 2C       		.byte	44
 443 019e 0C       		.byte	12
 444 019f 01       		.byte	1
 445 01a0 0E       		.byte	14
 446 01a1 26       		.byte	38
 447 01a2 14       		.byte	20
 448 01a3 2C       		.byte	44
 449 01a4 16       		.byte	22
 450 01a5 03       		.byte	3
 451 01a6 20       		.byte	32
 452 01a7 10       		.byte	16
 453 01a8 24       		.byte	36
 454 01a9 01       		.byte	1
 455 01aa 26       		.byte	38
 456 01ab 0E       		.byte	14
ARM GAS  C:\Users\divya\AppData\Local\Temp\ccK8Fbro.s 			page 9


 457 01ac 2A       		.byte	42
 458 01ad 03       		.byte	3
 459 01ae 32       		.byte	50
 460 01af 0F       		.byte	15
 461 01b0 34       		.byte	52
 462 01b1 10       		.byte	16
 463 01b2 36       		.byte	54
 464 01b3 2A       		.byte	42
 465 01b4 3A       		.byte	58
 466 01b5 88       		.byte	-120
 467 01b6 3E       		.byte	62
 468 01b7 10       		.byte	16
 469 01b8 40       		.byte	64
 470 01b9 46       		.byte	70
 471 01ba 41       		.byte	65
 472 01bb 03       		.byte	3
 473 01bc 45       		.byte	69
 474 01bd E0       		.byte	-32
 475 01be 46       		.byte	70
 476 01bf BC       		.byte	-68
 477 01c0 48       		.byte	72
 478 01c1 0E       		.byte	14
 479 01c2 49       		.byte	73
 480 01c3 FF       		.byte	-1
 481 01c4 4A       		.byte	74
 482 01c5 FF       		.byte	-1
 483 01c6 4B       		.byte	75
 484 01c7 FF       		.byte	-1
 485 01c8 4E       		.byte	78
 486 01c9 F0       		.byte	-16
 487 01ca 4F       		.byte	79
 488 01cb 44       		.byte	68
 489 01cc 50       		.byte	80
 490 01cd 0C       		.byte	12
 491 01ce 58       		.byte	88
 492 01cf 04       		.byte	4
 493 01d0 5A       		.byte	90
 494 01d1 04       		.byte	4
 495 01d2 5C       		.byte	92
 496 01d3 01       		.byte	1
 497 01d4 5D       		.byte	93
 498 01d5 01       		.byte	1
 499 01d6 5F       		.byte	95
 500 01d7 01       		.byte	1
 501 01d8 66       		.byte	102
 502 01d9 C0       		.byte	-64
 503 01da 6A       		.byte	106
 504 01db 40       		.byte	64
 505 01dc 6B       		.byte	107
 506 01dd 02       		.byte	2
 507 01de 84       		.byte	-124
 508 01df 33       		.byte	51
 509 01e0 85       		.byte	-123
 510 01e1 09       		.byte	9
 511 01e2 86       		.byte	-122
 512 01e3 0C       		.byte	12
 513 01e4 87       		.byte	-121
ARM GAS  C:\Users\divya\AppData\Local\Temp\ccK8Fbro.s 			page 10


 514 01e5 10       		.byte	16
 515 01e6 89       		.byte	-119
 516 01e7 14       		.byte	20
 517 01e8 8A       		.byte	-118
 518 01e9 23       		.byte	35
 519 01ea 8C       		.byte	-116
 520 01eb 01       		.byte	1
 521 01ec 8F       		.byte	-113
 522 01ed 03       		.byte	3
 523 01ee 90       		.byte	-112
 524 01ef 02       		.byte	2
 525 01f0 91       		.byte	-111
 526 01f1 20       		.byte	32
 527 01f2 94       		.byte	-108
 528 01f3 3F       		.byte	63
 529 01f4 98       		.byte	-104
 530 01f5 03       		.byte	3
 531 01f6 99       		.byte	-103
 532 01f7 0C       		.byte	12
 533 01f8 9B       		.byte	-101
 534 01f9 11       		.byte	17
 535 01fa 9C       		.byte	-100
 536 01fb 1F       		.byte	31
 537 01fc 9D       		.byte	-99
 538 01fd 10       		.byte	16
 539 01fe 9E       		.byte	-98
 540 01ff 20       		.byte	32
 541 0200 9F       		.byte	-97
 542 0201 0C       		.byte	12
 543 0202 A0       		.byte	-96
 544 0203 08       		.byte	8
 545 0204 A1       		.byte	-95
 546 0205 10       		.byte	16
 547 0206 A4       		.byte	-92
 548 0207 04       		.byte	4
 549 0208 A5       		.byte	-91
 550 0209 1C       		.byte	28
 551 020a A7       		.byte	-89
 552 020b 02       		.byte	2
 553 020c A8       		.byte	-88
 554 020d 0C       		.byte	12
 555 020e A9       		.byte	-87
 556 020f 20       		.byte	32
 557 0210 AC       		.byte	-84
 558 0211 1C       		.byte	28
 559 0212 AE       		.byte	-82
 560 0213 23       		.byte	35
 561 0214 B0       		.byte	-80
 562 0215 10       		.byte	16
 563 0216 B1       		.byte	-79
 564 0217 1F       		.byte	31
 565 0218 B4       		.byte	-76
 566 0219 0F       		.byte	15
 567 021a B5       		.byte	-75
 568 021b 20       		.byte	32
 569 021c B6       		.byte	-74
 570 021d 2C       		.byte	44
ARM GAS  C:\Users\divya\AppData\Local\Temp\ccK8Fbro.s 			page 11


 571 021e B9       		.byte	-71
 572 021f 20       		.byte	32
 573 0220 BA       		.byte	-70
 574 0221 A0       		.byte	-96
 575 0222 BE       		.byte	-66
 576 0223 01       		.byte	1
 577 0224 BF       		.byte	-65
 578 0225 10       		.byte	16
 579 0226 C0       		.byte	-64
 580 0227 02       		.byte	2
 581 0228 C5       		.byte	-59
 582 0229 40       		.byte	64
 583 022a C9       		.byte	-55
 584 022b FF       		.byte	-1
 585 022c CA       		.byte	-54
 586 022d 07       		.byte	7
 587 022e CB       		.byte	-53
 588 022f FF       		.byte	-1
 589 0230 CC       		.byte	-52
 590 0231 40       		.byte	64
 591 0232 CD       		.byte	-51
 592 0233 20       		.byte	32
 593 0234 CE       		.byte	-50
 594 0235 F0       		.byte	-16
 595 0236 CF       		.byte	-49
 596 0237 05       		.byte	5
 597 0238 D0       		.byte	-48
 598 0239 08       		.byte	8
 599 023a D6       		.byte	-42
 600 023b 02       		.byte	2
 601 023c D7       		.byte	-41
 602 023d 13       		.byte	19
 603 023e D8       		.byte	-40
 604 023f 04       		.byte	4
 605 0240 D9       		.byte	-39
 606 0241 04       		.byte	4
 607 0242 DA       		.byte	-38
 608 0243 04       		.byte	4
 609 0244 DB       		.byte	-37
 610 0245 04       		.byte	4
 611 0246 DC       		.byte	-36
 612 0247 11       		.byte	17
 613 0248 DD       		.byte	-35
 614 0249 11       		.byte	17
 615 024a DF       		.byte	-33
 616 024b 01       		.byte	1
 617 024c E0       		.byte	-32
 618 024d 40       		.byte	64
 619 024e E1       		.byte	-31
 620 024f A8       		.byte	-88
 621 0250 E2       		.byte	-30
 622 0251 40       		.byte	64
 623 0252 E3       		.byte	-29
 624 0253 20       		.byte	32
 625 0254 00       		.byte	0
 626 0255 14       		.byte	20
 627 0256 01       		.byte	1
ARM GAS  C:\Users\divya\AppData\Local\Temp\ccK8Fbro.s 			page 12


 628 0257 40       		.byte	64
 629 0258 04       		.byte	4
 630 0259 08       		.byte	8
 631 025a 05       		.byte	5
 632 025b 02       		.byte	2
 633 025c 07       		.byte	7
 634 025d 01       		.byte	1
 635 025e 08       		.byte	8
 636 025f 48       		.byte	72
 637 0260 09       		.byte	9
 638 0261 08       		.byte	8
 639 0262 0A       		.byte	10
 640 0263 8A       		.byte	-118
 641 0264 0E       		.byte	14
 642 0265 20       		.byte	32
 643 0266 10       		.byte	16
 644 0267 80       		.byte	-128
 645 0268 13       		.byte	19
 646 0269 58       		.byte	88
 647 026a 14       		.byte	20
 648 026b 20       		.byte	32
 649 026c 15       		.byte	21
 650 026d 01       		.byte	1
 651 026e 16       		.byte	22
 652 026f 04       		.byte	4
 653 0270 18       		.byte	24
 654 0271 04       		.byte	4
 655 0272 19       		.byte	25
 656 0273 11       		.byte	17
 657 0274 1A       		.byte	26
 658 0275 02       		.byte	2
 659 0276 1D       		.byte	29
 660 0277 04       		.byte	4
 661 0278 1E       		.byte	30
 662 0279 28       		.byte	40
 663 027a 1F       		.byte	31
 664 027b 80       		.byte	-128
 665 027c 20       		.byte	32
 666 027d 40       		.byte	64
 667 027e 21       		.byte	33
 668 027f 01       		.byte	1
 669 0280 22       		.byte	34
 670 0281 10       		.byte	16
 671 0282 29       		.byte	41
 672 0283 26       		.byte	38
 673 0284 30       		.byte	48
 674 0285 10       		.byte	16
 675 0286 32       		.byte	50
 676 0287 80       		.byte	-128
 677 0288 33       		.byte	51
 678 0289 02       		.byte	2
 679 028a 38       		.byte	56
 680 028b 48       		.byte	72
 681 028c 3A       		.byte	58
 682 028d 10       		.byte	16
 683 028e 43       		.byte	67
 684 028f 10       		.byte	16
ARM GAS  C:\Users\divya\AppData\Local\Temp\ccK8Fbro.s 			page 13


 685 0290 44       		.byte	68
 686 0291 30       		.byte	48
 687 0292 47       		.byte	71
 688 0293 01       		.byte	1
 689 0294 49       		.byte	73
 690 0295 02       		.byte	2
 691 0296 4D       		.byte	77
 692 0297 01       		.byte	1
 693 0298 4E       		.byte	78
 694 0299 08       		.byte	8
 695 029a 52       		.byte	82
 696 029b 0C       		.byte	12
 697 029c 56       		.byte	86
 698 029d 10       		.byte	16
 699 029e 57       		.byte	87
 700 029f 40       		.byte	64
 701 02a0 59       		.byte	89
 702 02a1 01       		.byte	1
 703 02a2 69       		.byte	105
 704 02a3 28       		.byte	40
 705 02a4 6A       		.byte	106
 706 02a5 40       		.byte	64
 707 02a6 70       		.byte	112
 708 02a7 80       		.byte	-128
 709 02a8 72       		.byte	114
 710 02a9 01       		.byte	1
 711 02aa 73       		.byte	115
 712 02ab 18       		.byte	24
 713 02ac 88       		.byte	-120
 714 02ad 20       		.byte	32
 715 02ae 8B       		.byte	-117
 716 02af 80       		.byte	-128
 717 02b0 8F       		.byte	-113
 718 02b1 10       		.byte	16
 719 02b2 A1       		.byte	-95
 720 02b3 08       		.byte	8
 721 02b4 A3       		.byte	-93
 722 02b5 02       		.byte	2
 723 02b6 AF       		.byte	-81
 724 02b7 02       		.byte	2
 725 02b8 C0       		.byte	-64
 726 02b9 B7       		.byte	-73
 727 02ba C2       		.byte	-62
 728 02bb 2F       		.byte	47
 729 02bc C4       		.byte	-60
 730 02bd 7F       		.byte	127
 731 02be CA       		.byte	-54
 732 02bf 07       		.byte	7
 733 02c0 CC       		.byte	-52
 734 02c1 0D       		.byte	13
 735 02c2 CE       		.byte	-50
 736 02c3 0E       		.byte	14
 737 02c4 D0       		.byte	-48
 738 02c5 C4       		.byte	-60
 739 02c6 D2       		.byte	-46
 740 02c7 20       		.byte	32
 741 02c8 D6       		.byte	-42
ARM GAS  C:\Users\divya\AppData\Local\Temp\ccK8Fbro.s 			page 14


 742 02c9 01       		.byte	1
 743 02ca A1       		.byte	-95
 744 02cb 08       		.byte	8
 745 02cc B5       		.byte	-75
 746 02cd 08       		.byte	8
 747 02ce EC       		.byte	-20
 748 02cf 10       		.byte	16
 749 02d0 EC       		.byte	-20
 750 02d1 01       		.byte	1
 751 02d2 EE       		.byte	-18
 752 02d3 04       		.byte	4
 753 02d4 04       		.byte	4
 754 02d5 67       		.byte	103
 755 02d6 06       		.byte	6
 756 02d7 18       		.byte	24
 757 02d8 0A       		.byte	10
 758 02d9 23       		.byte	35
 759 02da 0D       		.byte	13
 760 02db 03       		.byte	3
 761 02dc 0F       		.byte	15
 762 02dd 44       		.byte	68
 763 02de 10       		.byte	16
 764 02df 3C       		.byte	60
 765 02e0 12       		.byte	18
 766 02e1 42       		.byte	66
 767 02e2 13       		.byte	19
 768 02e3 80       		.byte	-128
 769 02e4 14       		.byte	20
 770 02e5 18       		.byte	24
 771 02e6 17       		.byte	23
 772 02e7 55       		.byte	85
 773 02e8 19       		.byte	25
 774 02e9 2A       		.byte	42
 775 02ea 1A       		.byte	26
 776 02eb 04       		.byte	4
 777 02ec 1B       		.byte	27
 778 02ed 44       		.byte	68
 779 02ee 1C       		.byte	28
 780 02ef 10       		.byte	16
 781 02f0 1D       		.byte	29
 782 02f1 73       		.byte	115
 783 02f2 1F       		.byte	31
 784 02f3 0C       		.byte	12
 785 02f4 20       		.byte	32
 786 02f5 1C       		.byte	28
 787 02f6 21       		.byte	33
 788 02f7 73       		.byte	115
 789 02f8 22       		.byte	34
 790 02f9 61       		.byte	97
 791 02fa 23       		.byte	35
 792 02fb 04       		.byte	4
 793 02fc 24       		.byte	36
 794 02fd 08       		.byte	8
 795 02fe 28       		.byte	40
 796 02ff 7F       		.byte	127
 797 0300 2B       		.byte	43
 798 0301 08       		.byte	8
ARM GAS  C:\Users\divya\AppData\Local\Temp\ccK8Fbro.s 			page 15


 799 0302 2C       		.byte	44
 800 0303 04       		.byte	4
 801 0304 2F       		.byte	47
 802 0305 80       		.byte	-128
 803 0306 30       		.byte	48
 804 0307 40       		.byte	64
 805 0308 31       		.byte	49
 806 0309 40       		.byte	64
 807 030a 32       		.byte	50
 808 030b 1F       		.byte	31
 809 030c 33       		.byte	51
 810 030d 30       		.byte	48
 811 030e 34       		.byte	52
 812 030f 38       		.byte	56
 813 0310 35       		.byte	53
 814 0311 80       		.byte	-128
 815 0312 37       		.byte	55
 816 0313 0F       		.byte	15
 817 0314 38       		.byte	56
 818 0315 02       		.byte	2
 819 0316 39       		.byte	57
 820 0317 08       		.byte	8
 821 0318 3A       		.byte	58
 822 0319 08       		.byte	8
 823 031a 3B       		.byte	59
 824 031b 80       		.byte	-128
 825 031c 3F       		.byte	63
 826 031d 15       		.byte	21
 827 031e 54       		.byte	84
 828 031f 01       		.byte	1
 829 0320 58       		.byte	88
 830 0321 04       		.byte	4
 831 0322 59       		.byte	89
 832 0323 04       		.byte	4
 833 0324 5B       		.byte	91
 834 0325 04       		.byte	4
 835 0326 5C       		.byte	92
 836 0327 11       		.byte	17
 837 0328 5D       		.byte	93
 838 0329 10       		.byte	16
 839 032a 5F       		.byte	95
 840 032b 01       		.byte	1
 841 032c 85       		.byte	-123
 842 032d 03       		.byte	3
 843 032e 89       		.byte	-119
 844 032f 03       		.byte	3
 845 0330 8A       		.byte	-118
 846 0331 01       		.byte	1
 847 0332 8D       		.byte	-115
 848 0333 01       		.byte	1
 849 0334 8E       		.byte	-114
 850 0335 02       		.byte	2
 851 0336 8F       		.byte	-113
 852 0337 02       		.byte	2
 853 0338 96       		.byte	-106
 854 0339 02       		.byte	2
 855 033a 9A       		.byte	-102
ARM GAS  C:\Users\divya\AppData\Local\Temp\ccK8Fbro.s 			page 16


 856 033b 01       		.byte	1
 857 033c 9D       		.byte	-99
 858 033d 02       		.byte	2
 859 033e 9F       		.byte	-97
 860 033f 01       		.byte	1
 861 0340 B0       		.byte	-80
 862 0341 01       		.byte	1
 863 0342 B4       		.byte	-76
 864 0343 02       		.byte	2
 865 0344 B7       		.byte	-73
 866 0345 03       		.byte	3
 867 0346 BE       		.byte	-66
 868 0347 01       		.byte	1
 869 0348 D4       		.byte	-44
 870 0349 18       		.byte	24
 871 034a D8       		.byte	-40
 872 034b 04       		.byte	4
 873 034c D9       		.byte	-39
 874 034d 04       		.byte	4
 875 034e DB       		.byte	-37
 876 034f 04       		.byte	4
 877 0350 DC       		.byte	-36
 878 0351 10       		.byte	16
 879 0352 DD       		.byte	-35
 880 0353 10       		.byte	16
 881 0354 DF       		.byte	-33
 882 0355 01       		.byte	1
 883 0356 00       		.byte	0
 884 0357 20       		.byte	32
 885 0358 02       		.byte	2
 886 0359 01       		.byte	1
 887 035a 04       		.byte	4
 888 035b 14       		.byte	20
 889 035c 09       		.byte	9
 890 035d 08       		.byte	8
 891 035e 0A       		.byte	10
 892 035f 04       		.byte	4
 893 0360 0E       		.byte	14
 894 0361 01       		.byte	1
 895 0362 0F       		.byte	15
 896 0363 54       		.byte	84
 897 0364 14       		.byte	20
 898 0365 48       		.byte	72
 899 0366 15       		.byte	21
 900 0367 40       		.byte	64
 901 0368 17       		.byte	23
 902 0369 08       		.byte	8
 903 036a 1B       		.byte	27
 904 036b 11       		.byte	17
 905 036c 1E       		.byte	30
 906 036d 04       		.byte	4
 907 036e 1F       		.byte	31
 908 036f 0A       		.byte	10
 909 0370 22       		.byte	34
 910 0371 40       		.byte	64
 911 0372 25       		.byte	37
 912 0373 20       		.byte	32
ARM GAS  C:\Users\divya\AppData\Local\Temp\ccK8Fbro.s 			page 17


 913 0374 26       		.byte	38
 914 0375 80       		.byte	-128
 915 0376 27       		.byte	39
 916 0377 91       		.byte	-111
 917 0378 2C       		.byte	44
 918 0379 08       		.byte	8
 919 037a 2F       		.byte	47
 920 037b 82       		.byte	-126
 921 037c 32       		.byte	50
 922 037d 40       		.byte	64
 923 037e 34       		.byte	52
 924 037f 04       		.byte	4
 925 0380 35       		.byte	53
 926 0381 21       		.byte	33
 927 0382 36       		.byte	54
 928 0383 98       		.byte	-104
 929 0384 39       		.byte	57
 930 0385 68       		.byte	104
 931 0386 3C       		.byte	60
 932 0387 80       		.byte	-128
 933 0388 3F       		.byte	63
 934 0389 80       		.byte	-128
 935 038a 4C       		.byte	76
 936 038b 0C       		.byte	12
 937 038c 5A       		.byte	90
 938 038d 02       		.byte	2
 939 038e 5D       		.byte	93
 940 038f 01       		.byte	1
 941 0390 5E       		.byte	94
 942 0391 08       		.byte	8
 943 0392 5F       		.byte	95
 944 0393 A0       		.byte	-96
 945 0394 61       		.byte	97
 946 0395 20       		.byte	32
 947 0396 63       		.byte	99
 948 0397 02       		.byte	2
 949 0398 68       		.byte	104
 950 0399 20       		.byte	32
 951 039a 69       		.byte	105
 952 039b 90       		.byte	-112
 953 039c 6B       		.byte	107
 954 039d 40       		.byte	64
 955 039e 70       		.byte	112
 956 039f 80       		.byte	-128
 957 03a0 71       		.byte	113
 958 03a1 06       		.byte	6
 959 03a2 72       		.byte	114
 960 03a3 08       		.byte	8
 961 03a4 85       		.byte	-123
 962 03a5 02       		.byte	2
 963 03a6 8D       		.byte	-115
 964 03a7 44       		.byte	68
 965 03a8 90       		.byte	-112
 966 03a9 04       		.byte	4
 967 03aa 91       		.byte	-111
 968 03ab 2B       		.byte	43
 969 03ac 92       		.byte	-110
ARM GAS  C:\Users\divya\AppData\Local\Temp\ccK8Fbro.s 			page 18


 970 03ad 41       		.byte	65
 971 03ae 93       		.byte	-109
 972 03af 10       		.byte	16
 973 03b0 94       		.byte	-108
 974 03b1 18       		.byte	24
 975 03b2 95       		.byte	-107
 976 03b3 40       		.byte	64
 977 03b4 96       		.byte	-106
 978 03b5 88       		.byte	-120
 979 03b6 97       		.byte	-105
 980 03b7 40       		.byte	64
 981 03b8 98       		.byte	-104
 982 03b9 48       		.byte	72
 983 03ba 99       		.byte	-103
 984 03bb 10       		.byte	16
 985 03bc 9B       		.byte	-101
 986 03bd 08       		.byte	8
 987 03be 9F       		.byte	-97
 988 03bf 11       		.byte	17
 989 03c0 A2       		.byte	-94
 990 03c1 1E       		.byte	30
 991 03c2 A3       		.byte	-93
 992 03c3 C0       		.byte	-64
 993 03c4 A6       		.byte	-90
 994 03c5 80       		.byte	-128
 995 03c6 A7       		.byte	-89
 996 03c7 10       		.byte	16
 997 03c8 A9       		.byte	-87
 998 03c9 20       		.byte	32
 999 03ca AA       		.byte	-86
 1000 03cb 10       		.byte	16
 1001 03cc B5       		.byte	-75
 1002 03cd 08       		.byte	8
 1003 03ce B6       		.byte	-74
 1004 03cf 02       		.byte	2
 1005 03d0 C0       		.byte	-64
 1006 03d1 63       		.byte	99
 1007 03d2 C2       		.byte	-62
 1008 03d3 F6       		.byte	-10
 1009 03d4 C4       		.byte	-60
 1010 03d5 F0       		.byte	-16
 1011 03d6 CA       		.byte	-54
 1012 03d7 B0       		.byte	-80
 1013 03d8 CC       		.byte	-52
 1014 03d9 F8       		.byte	-8
 1015 03da CE       		.byte	-50
 1016 03db 1E       		.byte	30
 1017 03dc D6       		.byte	-42
 1018 03dd F1       		.byte	-15
 1019 03de D8       		.byte	-40
 1020 03df 0C       		.byte	12
 1021 03e0 E0       		.byte	-32
 1022 03e1 02       		.byte	2
 1023 03e2 00       		.byte	0
 1024 03e3 01       		.byte	1
 1025 03e4 01       		.byte	1
 1026 03e5 09       		.byte	9
ARM GAS  C:\Users\divya\AppData\Local\Temp\ccK8Fbro.s 			page 19


 1027 03e6 03       		.byte	3
 1028 03e7 C4       		.byte	-60
 1029 03e8 05       		.byte	5
 1030 03e9 1C       		.byte	28
 1031 03ea 09       		.byte	9
 1032 03eb 1C       		.byte	28
 1033 03ec 0A       		.byte	10
 1034 03ed 01       		.byte	1
 1035 03ee 10       		.byte	16
 1036 03ef 04       		.byte	4
 1037 03f0 11       		.byte	17
 1038 03f1 03       		.byte	3
 1039 03f2 14       		.byte	20
 1040 03f3 02       		.byte	2
 1041 03f4 15       		.byte	21
 1042 03f5 07       		.byte	7
 1043 03f6 17       		.byte	23
 1044 03f7 38       		.byte	56
 1045 03f8 19       		.byte	25
 1046 03f9 03       		.byte	3
 1047 03fa 1D       		.byte	29
 1048 03fb 12       		.byte	18
 1049 03fc 1F       		.byte	31
 1050 03fd 44       		.byte	68
 1051 03fe 20       		.byte	32
 1052 03ff 01       		.byte	1
 1053 0400 23       		.byte	35
 1054 0401 03       		.byte	3
 1055 0402 24       		.byte	36
 1056 0403 04       		.byte	4
 1057 0404 27       		.byte	39
 1058 0405 03       		.byte	3
 1059 0406 28       		.byte	40
 1060 0407 04       		.byte	4
 1061 0408 2B       		.byte	43
 1062 0409 03       		.byte	3
 1063 040a 31       		.byte	49
 1064 040b 03       		.byte	3
 1065 040c 32       		.byte	50
 1066 040d 04       		.byte	4
 1067 040e 33       		.byte	51
 1068 040f 1C       		.byte	28
 1069 0410 34       		.byte	52
 1070 0411 03       		.byte	3
 1071 0412 35       		.byte	53
 1072 0413 80       		.byte	-128
 1073 0414 37       		.byte	55
 1074 0415 60       		.byte	96
 1075 0416 38       		.byte	56
 1076 0417 20       		.byte	32
 1077 0418 3F       		.byte	63
 1078 0419 40       		.byte	64
 1079 041a 40       		.byte	64
 1080 041b 63       		.byte	99
 1081 041c 41       		.byte	65
 1082 041d 05       		.byte	5
 1083 041e 42       		.byte	66
ARM GAS  C:\Users\divya\AppData\Local\Temp\ccK8Fbro.s 			page 20


 1084 041f 02       		.byte	2
 1085 0420 44       		.byte	68
 1086 0421 01       		.byte	1
 1087 0422 45       		.byte	69
 1088 0423 EC       		.byte	-20
 1089 0424 48       		.byte	72
 1090 0425 03       		.byte	3
 1091 0426 49       		.byte	73
 1092 0427 FF       		.byte	-1
 1093 0428 4A       		.byte	74
 1094 0429 FF       		.byte	-1
 1095 042a 4B       		.byte	75
 1096 042b FF       		.byte	-1
 1097 042c 4C       		.byte	76
 1098 042d 62       		.byte	98
 1099 042e 4D       		.byte	77
 1100 042f A0       		.byte	-96
 1101 0430 4E       		.byte	78
 1102 0431 F0       		.byte	-16
 1103 0432 4F       		.byte	79
 1104 0433 41       		.byte	65
 1105 0434 50       		.byte	80
 1106 0435 0C       		.byte	12
 1107 0436 58       		.byte	88
 1108 0437 04       		.byte	4
 1109 0438 59       		.byte	89
 1110 0439 04       		.byte	4
 1111 043a 5A       		.byte	90
 1112 043b 04       		.byte	4
 1113 043c 5C       		.byte	92
 1114 043d 11       		.byte	17
 1115 043e 5D       		.byte	93
 1116 043f 01       		.byte	1
 1117 0440 5F       		.byte	95
 1118 0441 01       		.byte	1
 1119 0442 66       		.byte	102
 1120 0443 40       		.byte	64
 1121 0444 67       		.byte	103
 1122 0445 02       		.byte	2
 1123 0446 69       		.byte	105
 1124 0447 10       		.byte	16
 1125 0448 6A       		.byte	106
 1126 0449 30       		.byte	48
 1127 044a 6B       		.byte	107
 1128 044b 10       		.byte	16
 1129 044c 6D       		.byte	109
 1130 044d 10       		.byte	16
 1131 044e 6E       		.byte	110
 1132 044f 10       		.byte	16
 1133 0450 6F       		.byte	111
 1134 0451 12       		.byte	18
 1135 0452 83       		.byte	-125
 1136 0453 03       		.byte	3
 1137 0454 86       		.byte	-122
 1138 0455 02       		.byte	2
 1139 0456 91       		.byte	-111
 1140 0457 01       		.byte	1
ARM GAS  C:\Users\divya\AppData\Local\Temp\ccK8Fbro.s 			page 21


 1141 0458 9A       		.byte	-102
 1142 0459 02       		.byte	2
 1143 045a A0       		.byte	-96
 1144 045b 01       		.byte	1
 1145 045c AF       		.byte	-81
 1146 045d 04       		.byte	4
 1147 045e B1       		.byte	-79
 1148 045f 01       		.byte	1
 1149 0460 B2       		.byte	-78
 1150 0461 01       		.byte	1
 1151 0462 B3       		.byte	-77
 1152 0463 04       		.byte	4
 1153 0464 B4       		.byte	-76
 1154 0465 02       		.byte	2
 1155 0466 B7       		.byte	-73
 1156 0467 02       		.byte	2
 1157 0468 BE       		.byte	-66
 1158 0469 14       		.byte	20
 1159 046a C0       		.byte	-64
 1160 046b 30       		.byte	48
 1161 046c C1       		.byte	-63
 1162 046d 02       		.byte	2
 1163 046e C5       		.byte	-59
 1164 046f D2       		.byte	-46
 1165 0470 C7       		.byte	-57
 1166 0471 10       		.byte	16
 1167 0472 C8       		.byte	-56
 1168 0473 23       		.byte	35
 1169 0474 C9       		.byte	-55
 1170 0475 FF       		.byte	-1
 1171 0476 CA       		.byte	-54
 1172 0477 FF       		.byte	-1
 1173 0478 CB       		.byte	-53
 1174 0479 FF       		.byte	-1
 1175 047a CD       		.byte	-51
 1176 047b A0       		.byte	-96
 1177 047c CF       		.byte	-49
 1178 047d 04       		.byte	4
 1179 047e D0       		.byte	-48
 1180 047f 18       		.byte	24
 1181 0480 D2       		.byte	-46
 1182 0481 80       		.byte	-128
 1183 0482 D4       		.byte	-44
 1184 0483 05       		.byte	5
 1185 0484 D8       		.byte	-40
 1186 0485 04       		.byte	4
 1187 0486 D9       		.byte	-39
 1188 0487 04       		.byte	4
 1189 0488 DA       		.byte	-38
 1190 0489 04       		.byte	4
 1191 048a DB       		.byte	-37
 1192 048b 04       		.byte	4
 1193 048c DF       		.byte	-33
 1194 048d 01       		.byte	1
 1195 048e E0       		.byte	-32
 1196 048f 40       		.byte	64
 1197 0490 E2       		.byte	-30
ARM GAS  C:\Users\divya\AppData\Local\Temp\ccK8Fbro.s 			page 22


 1198 0491 C0       		.byte	-64
 1199 0492 E4       		.byte	-28
 1200 0493 40       		.byte	64
 1201 0494 E5       		.byte	-27
 1202 0495 40       		.byte	64
 1203 0496 E6       		.byte	-26
 1204 0497 C0       		.byte	-64
 1205 0498 E8       		.byte	-24
 1206 0499 C0       		.byte	-64
 1207 049a EA       		.byte	-22
 1208 049b C0       		.byte	-64
 1209 049c EC       		.byte	-20
 1210 049d C0       		.byte	-64
 1211 049e EE       		.byte	-18
 1212 049f C0       		.byte	-64
 1213 04a0 01       		.byte	1
 1214 04a1 20       		.byte	32
 1215 04a2 03       		.byte	3
 1216 04a3 80       		.byte	-128
 1217 04a4 07       		.byte	7
 1218 04a5 20       		.byte	32
 1219 04a6 08       		.byte	8
 1220 04a7 04       		.byte	4
 1221 04a8 0A       		.byte	10
 1222 04a9 40       		.byte	64
 1223 04aa 0D       		.byte	13
 1224 04ab 20       		.byte	32
 1225 04ac 0F       		.byte	15
 1226 04ad 08       		.byte	8
 1227 04ae 11       		.byte	17
 1228 04af 14       		.byte	20
 1229 04b0 12       		.byte	18
 1230 04b1 80       		.byte	-128
 1231 04b2 15       		.byte	21
 1232 04b3 02       		.byte	2
 1233 04b4 18       		.byte	24
 1234 04b5 18       		.byte	24
 1235 04b6 19       		.byte	25
 1236 04b7 04       		.byte	4
 1237 04b8 1E       		.byte	30
 1238 04b9 18       		.byte	24
 1239 04ba 20       		.byte	32
 1240 04bb 01       		.byte	1
 1241 04bc 22       		.byte	34
 1242 04bd 05       		.byte	5
 1243 04be 23       		.byte	35
 1244 04bf 04       		.byte	4
 1245 04c0 25       		.byte	37
 1246 04c1 08       		.byte	8
 1247 04c2 27       		.byte	39
 1248 04c3 A1       		.byte	-95
 1249 04c4 28       		.byte	40
 1250 04c5 40       		.byte	64
 1251 04c6 29       		.byte	41
 1252 04c7 04       		.byte	4
 1253 04c8 2B       		.byte	43
 1254 04c9 08       		.byte	8
ARM GAS  C:\Users\divya\AppData\Local\Temp\ccK8Fbro.s 			page 23


 1255 04ca 2E       		.byte	46
 1256 04cb 80       		.byte	-128
 1257 04cc 31       		.byte	49
 1258 04cd 10       		.byte	16
 1259 04ce 32       		.byte	50
 1260 04cf 46       		.byte	70
 1261 04d0 37       		.byte	55
 1262 04d1 01       		.byte	1
 1263 04d2 38       		.byte	56
 1264 04d3 02       		.byte	2
 1265 04d4 39       		.byte	57
 1266 04d5 3C       		.byte	60
 1267 04d6 3F       		.byte	63
 1268 04d7 02       		.byte	2
 1269 04d8 40       		.byte	64
 1270 04d9 11       		.byte	17
 1271 04da 42       		.byte	66
 1272 04db 04       		.byte	4
 1273 04dc 45       		.byte	69
 1274 04dd 28       		.byte	40
 1275 04de 48       		.byte	72
 1276 04df 10       		.byte	16
 1277 04e0 49       		.byte	73
 1278 04e1 11       		.byte	17
 1279 04e2 4A       		.byte	74
 1280 04e3 02       		.byte	2
 1281 04e4 4F       		.byte	79
 1282 04e5 09       		.byte	9
 1283 04e6 56       		.byte	86
 1284 04e7 01       		.byte	1
 1285 04e8 57       		.byte	87
 1286 04e9 01       		.byte	1
 1287 04ea 5E       		.byte	94
 1288 04eb 08       		.byte	8
 1289 04ec 5F       		.byte	95
 1290 04ed 81       		.byte	-127
 1291 04ee 76       		.byte	118
 1292 04ef 80       		.byte	-128
 1293 04f0 82       		.byte	-126
 1294 04f1 10       		.byte	16
 1295 04f2 8C       		.byte	-116
 1296 04f3 01       		.byte	1
 1297 04f4 8D       		.byte	-115
 1298 04f5 40       		.byte	64
 1299 04f6 91       		.byte	-111
 1300 04f7 2A       		.byte	42
 1301 04f8 92       		.byte	-110
 1302 04f9 C4       		.byte	-60
 1303 04fa 94       		.byte	-108
 1304 04fb 18       		.byte	24
 1305 04fc 95       		.byte	-107
 1306 04fd 40       		.byte	64
 1307 04fe 96       		.byte	-106
 1308 04ff 0A       		.byte	10
 1309 0500 97       		.byte	-105
 1310 0501 04       		.byte	4
 1311 0502 98       		.byte	-104
ARM GAS  C:\Users\divya\AppData\Local\Temp\ccK8Fbro.s 			page 24


 1312 0503 44       		.byte	68
 1313 0504 99       		.byte	-103
 1314 0505 30       		.byte	48
 1315 0506 9D       		.byte	-99
 1316 0507 01       		.byte	1
 1317 0508 9E       		.byte	-98
 1318 0509 01       		.byte	1
 1319 050a A2       		.byte	-94
 1320 050b 82       		.byte	-126
 1321 050c A3       		.byte	-93
 1322 050d 88       		.byte	-120
 1323 050e A4       		.byte	-92
 1324 050f 10       		.byte	16
 1325 0510 A5       		.byte	-91
 1326 0511 08       		.byte	8
 1327 0512 A8       		.byte	-88
 1328 0513 20       		.byte	32
 1329 0514 AB       		.byte	-85
 1330 0515 40       		.byte	64
 1331 0516 AC       		.byte	-84
 1332 0517 80       		.byte	-128
 1333 0518 AD       		.byte	-83
 1334 0519 10       		.byte	16
 1335 051a AF       		.byte	-81
 1336 051b 48       		.byte	72
 1337 051c B0       		.byte	-80
 1338 051d 40       		.byte	64
 1339 051e B3       		.byte	-77
 1340 051f 20       		.byte	32
 1341 0520 B6       		.byte	-74
 1342 0521 08       		.byte	8
 1343 0522 C0       		.byte	-64
 1344 0523 2A       		.byte	42
 1345 0524 C2       		.byte	-62
 1346 0525 4C       		.byte	76
 1347 0526 C4       		.byte	-60
 1348 0527 1E       		.byte	30
 1349 0528 CA       		.byte	-54
 1350 0529 17       		.byte	23
 1351 052a CC       		.byte	-52
 1352 052b 8F       		.byte	-113
 1353 052c CE       		.byte	-50
 1354 052d 87       		.byte	-121
 1355 052e D0       		.byte	-48
 1356 052f 6E       		.byte	110
 1357 0530 D2       		.byte	-46
 1358 0531 0C       		.byte	12
 1359 0532 D6       		.byte	-42
 1360 0533 D0       		.byte	-48
 1361 0534 E0       		.byte	-32
 1362 0535 01       		.byte	1
 1363 0536 E8       		.byte	-24
 1364 0537 09       		.byte	9
 1365 0538 EC       		.byte	-20
 1366 0539 09       		.byte	9
 1367 053a 33       		.byte	51
 1368 053b 80       		.byte	-128
ARM GAS  C:\Users\divya\AppData\Local\Temp\ccK8Fbro.s 			page 25


 1369 053c CC       		.byte	-52
 1370 053d 10       		.byte	16
 1371 053e 05       		.byte	5
 1372 053f 20       		.byte	32
 1373 0540 08       		.byte	8
 1374 0541 04       		.byte	4
 1375 0542 64       		.byte	100
 1376 0543 10       		.byte	16
 1377 0544 66       		.byte	102
 1378 0545 80       		.byte	-128
 1379 0546 A7       		.byte	-89
 1380 0547 80       		.byte	-128
 1381 0548 C0       		.byte	-64
 1382 0549 80       		.byte	-128
 1383 054a C2       		.byte	-62
 1384 054b 10       		.byte	16
 1385 054c D6       		.byte	-42
 1386 054d 80       		.byte	-128
 1387 054e D8       		.byte	-40
 1388 054f 80       		.byte	-128
 1389 0550 98       		.byte	-104
 1390 0551 04       		.byte	4
 1391 0552 99       		.byte	-103
 1392 0553 20       		.byte	32
 1393 0554 A7       		.byte	-89
 1394 0555 80       		.byte	-128
 1395 0556 AA       		.byte	-86
 1396 0557 80       		.byte	-128
 1397 0558 B0       		.byte	-80
 1398 0559 10       		.byte	16
 1399 055a EA       		.byte	-22
 1400 055b 80       		.byte	-128
 1401 055c 99       		.byte	-103
 1402 055d 20       		.byte	32
 1403 055e A7       		.byte	-89
 1404 055f 80       		.byte	-128
 1405 0560 AC       		.byte	-84
 1406 0561 04       		.byte	4
 1407 0562 E8       		.byte	-24
 1408 0563 10       		.byte	16
 1409 0564 5B       		.byte	91
 1410 0565 40       		.byte	64
 1411 0566 D4       		.byte	-44
 1412 0567 01       		.byte	1
 1413 0568 9F       		.byte	-97
 1414 0569 40       		.byte	64
 1415 056a 8F       		.byte	-113
 1416 056b 40       		.byte	64
 1417 056c 9F       		.byte	-97
 1418 056d 40       		.byte	64
 1419 056e E0       		.byte	-32
 1420 056f 08       		.byte	8
 1421 0570 A9       		.byte	-87
 1422 0571 20       		.byte	32
 1423 0572 AB       		.byte	-85
 1424 0573 80       		.byte	-128
 1425 0574 EC       		.byte	-20
ARM GAS  C:\Users\divya\AppData\Local\Temp\ccK8Fbro.s 			page 26


 1426 0575 80       		.byte	-128
 1427 0576 EE       		.byte	-18
 1428 0577 20       		.byte	32
 1429 0578 50       		.byte	80
 1430 0579 04       		.byte	4
 1431 057a 56       		.byte	86
 1432 057b 20       		.byte	32
 1433 057c 5B       		.byte	91
 1434 057d 42       		.byte	66
 1435 057e 5F       		.byte	95
 1436 057f 81       		.byte	-127
 1437 0580 62       		.byte	98
 1438 0581 04       		.byte	4
 1439 0582 67       		.byte	103
 1440 0583 08       		.byte	8
 1441 0584 87       		.byte	-121
 1442 0585 80       		.byte	-128
 1443 0586 8C       		.byte	-116
 1444 0587 04       		.byte	4
 1445 0588 8E       		.byte	-114
 1446 0589 04       		.byte	4
 1447 058a D4       		.byte	-44
 1448 058b 07       		.byte	7
 1449 058c D6       		.byte	-42
 1450 058d 07       		.byte	7
 1451 058e D8       		.byte	-40
 1452 058f 03       		.byte	3
 1453 0590 E0       		.byte	-32
 1454 0591 08       		.byte	8
 1455 0592 E4       		.byte	-28
 1456 0593 08       		.byte	8
 1457 0594 12       		.byte	18
 1458 0595 80       		.byte	-128
 1459 0596 71       		.byte	113
 1460 0597 02       		.byte	2
 1461 0598 81       		.byte	-127
 1462 0599 02       		.byte	2
 1463 059a 8E       		.byte	-114
 1464 059b 80       		.byte	-128
 1465 059c AB       		.byte	-85
 1466 059d 03       		.byte	3
 1467 059e AE       		.byte	-82
 1468 059f 20       		.byte	32
 1469 05a0 AF       		.byte	-81
 1470 05a1 04       		.byte	4
 1471 05a2 B7       		.byte	-73
 1472 05a3 40       		.byte	64
 1473 05a4 C4       		.byte	-60
 1474 05a5 08       		.byte	8
 1475 05a6 DC       		.byte	-36
 1476 05a7 01       		.byte	1
 1477 05a8 E2       		.byte	-30
 1478 05a9 02       		.byte	2
 1479 05aa E8       		.byte	-24
 1480 05ab 08       		.byte	8
 1481 05ac 00       		.byte	0
 1482 05ad 03       		.byte	3
ARM GAS  C:\Users\divya\AppData\Local\Temp\ccK8Fbro.s 			page 27


 1483 05ae 08       		.byte	8
 1484 05af 03       		.byte	3
 1485 05b0 0C       		.byte	12
 1486 05b1 02       		.byte	2
 1487 05b2 10       		.byte	16
 1488 05b3 03       		.byte	3
 1489 05b4 1C       		.byte	28
 1490 05b5 03       		.byte	3
 1491 05b6 00       		.byte	0
 1492 05b7 03       		.byte	3
 1493 05b8 18       		.byte	24
 1494 05b9 C0       		.byte	-64
 1495 05ba C0       		.byte	-64
 1496 05bb 00       		.byte	0
 1497 05bc C0       		.byte	-64
 1498 05bd 00       		.byte	0
 1499 05be 00       		.byte	0
 1500 05bf 00       		.byte	0
 1501 05c0 80       		.byte	-128
 1502 05c1 00       		.byte	0
 1503 05c2 40       		.byte	64
 1504 05c3 80       		.byte	-128
 1505 05c4 80       		.byte	-128
 1506 05c5 00       		.byte	0
 1507 05c6 80       		.byte	-128
 1508 05c7 00       		.byte	0
 1509 05c8 00       		.byte	0
 1510 05c9 00       		.byte	0
 1511 05ca 00       		.byte	0
 1512 05cb 00       		.byte	0
 1513 05cc 00       		.byte	0
 1514 05cd FF       		.byte	-1
 1515 05ce FF       		.byte	-1
 1516 05cf 00       		.byte	0
 1517 05d0 FF       		.byte	-1
 1518 05d1 00       		.byte	0
 1519 05d2 00       		.byte	0
 1520 05d3 00       		.byte	0
 1521 05d4 00       		.byte	0
 1522 05d5 39       		.byte	57
 1523 05d6 39       		.byte	57
 1524 05d7 00       		.byte	0
 1525 05d8 01       		.byte	1
 1526 05d9 00       		.byte	0
 1527 05da 00       		.byte	0
 1528 05db 00       		.byte	0
 1529 05dc 00       		.byte	0
 1530 05dd 20       		.byte	32
 1531 05de 20       		.byte	32
 1532 05df 00       		.byte	0
 1533 05e0 00       		.byte	0
 1534 05e1 00       		.byte	0
 1535 05e2 00       		.byte	0
 1536 05e3 00       		.byte	0
 1537              		.section	.cywolatch,"a",%progbits
 1538              		.align	2
 1539              		.type	cy_meta_wonvl, %object
ARM GAS  C:\Users\divya\AppData\Local\Temp\ccK8Fbro.s 			page 28


 1540              		.size	cy_meta_wonvl, 4
 1541              	cy_meta_wonvl:
 1542 0000 BC       		.byte	-68
 1543 0001 90       		.byte	-112
 1544 0002 AC       		.byte	-84
 1545 0003 AF       		.byte	-81
 1546              		.section	.cycustnvl,"a",%progbits
 1547              		.align	2
 1548              		.type	cy_meta_custnvl, %object
 1549              		.size	cy_meta_custnvl, 4
 1550              	cy_meta_custnvl:
 1551 0000 00       		.byte	0
 1552 0001 00       		.byte	0
 1553 0002 40       		.byte	64
 1554 0003 07       		.byte	7
 1555              		.section	.cymeta,"a",%progbits
 1556              		.align	2
 1557              		.type	cy_metadata, %object
 1558              		.size	cy_metadata, 12
 1559              	cy_metadata:
 1560 0000 00       		.byte	0
 1561 0001 01       		.byte	1
 1562 0002 2E       		.byte	46
 1563 0003 16       		.byte	22
 1564 0004 10       		.byte	16
 1565 0005 69       		.byte	105
 1566 0006 00       		.byte	0
 1567 0007 01       		.byte	1
 1568 0008 00       		.byte	0
 1569 0009 00       		.byte	0
 1570 000a 00       		.byte	0
 1571 000b 00       		.byte	0
 1572              		.section	.cyflashprotect,"a",%progbits
 1573              		.align	2
 1574              		.type	cy_meta_flashprotect, %object
 1575              		.size	cy_meta_flashprotect, 256
 1576              	cy_meta_flashprotect:
 1577 0000 00000000 		.space	256
 1577      00000000 
 1577      00000000 
 1577      00000000 
 1577      00000000 
 1578              		.text
 1579              	.Letext0:
 1580              		.file 1 "c:\\program files (x86)\\cypress\\psoc creator\\4.4\\psoc creator\\import\\gnu\\arm\\5.4.
 1581              		.file 2 "c:\\program files (x86)\\cypress\\psoc creator\\4.4\\psoc creator\\import\\gnu\\arm\\5.4.
 1582              		.file 3 "Generated_Source\\PSoC5\\cymetadata.c"
 1583              		.section	.debug_info,"",%progbits
 1584              	.Ldebug_info0:
 1585 0000 33010000 		.4byte	0x133
 1586 0004 0400     		.2byte	0x4
 1587 0006 00000000 		.4byte	.Ldebug_abbrev0
 1588 000a 04       		.byte	0x4
 1589 000b 01       		.uleb128 0x1
 1590 000c 6B000000 		.4byte	.LASF17
 1591 0010 0C       		.byte	0xc
 1592 0011 C5010000 		.4byte	.LASF18
ARM GAS  C:\Users\divya\AppData\Local\Temp\ccK8Fbro.s 			page 29


 1593 0015 16000000 		.4byte	.LASF19
 1594 0019 00000000 		.4byte	.Ldebug_line0
 1595 001d 02       		.uleb128 0x2
 1596 001e 01       		.byte	0x1
 1597 001f 06       		.byte	0x6
 1598 0020 B9010000 		.4byte	.LASF0
 1599 0024 03       		.uleb128 0x3
 1600 0025 00000000 		.4byte	.LASF9
 1601 0029 01       		.byte	0x1
 1602 002a 1D       		.byte	0x1d
 1603 002b 2F000000 		.4byte	0x2f
 1604 002f 02       		.uleb128 0x2
 1605 0030 01       		.byte	0x1
 1606 0031 08       		.byte	0x8
 1607 0032 5D000000 		.4byte	.LASF1
 1608 0036 02       		.uleb128 0x2
 1609 0037 02       		.byte	0x2
 1610 0038 05       		.byte	0x5
 1611 0039 A6010000 		.4byte	.LASF2
 1612 003d 02       		.uleb128 0x2
 1613 003e 02       		.byte	0x2
 1614 003f 07       		.byte	0x7
 1615 0040 0B010000 		.4byte	.LASF3
 1616 0044 02       		.uleb128 0x2
 1617 0045 04       		.byte	0x4
 1618 0046 05       		.byte	0x5
 1619 0047 B0010000 		.4byte	.LASF4
 1620 004b 02       		.uleb128 0x2
 1621 004c 04       		.byte	0x4
 1622 004d 07       		.byte	0x7
 1623 004e F9000000 		.4byte	.LASF5
 1624 0052 02       		.uleb128 0x2
 1625 0053 08       		.byte	0x8
 1626 0054 05       		.byte	0x5
 1627 0055 98010000 		.4byte	.LASF6
 1628 0059 02       		.uleb128 0x2
 1629 005a 08       		.byte	0x8
 1630 005b 07       		.byte	0x7
 1631 005c 4D010000 		.4byte	.LASF7
 1632 0060 04       		.uleb128 0x4
 1633 0061 04       		.byte	0x4
 1634 0062 05       		.byte	0x5
 1635 0063 696E7400 		.ascii	"int\000"
 1636 0067 02       		.uleb128 0x2
 1637 0068 04       		.byte	0x4
 1638 0069 07       		.byte	0x7
 1639 006a 40010000 		.4byte	.LASF8
 1640 006e 03       		.uleb128 0x3
 1641 006f 64010000 		.4byte	.LASF10
 1642 0073 02       		.byte	0x2
 1643 0074 18       		.byte	0x18
 1644 0075 24000000 		.4byte	0x24
 1645 0079 05       		.uleb128 0x5
 1646 007a 91000000 		.4byte	0x91
 1647 007e 8A000000 		.4byte	0x8a
 1648 0082 06       		.uleb128 0x6
 1649 0083 8A000000 		.4byte	0x8a
ARM GAS  C:\Users\divya\AppData\Local\Temp\ccK8Fbro.s 			page 30


 1650 0087 E305     		.2byte	0x5e3
 1651 0089 00       		.byte	0
 1652 008a 02       		.uleb128 0x2
 1653 008b 04       		.byte	0x4
 1654 008c 07       		.byte	0x7
 1655 008d 8F010000 		.4byte	.LASF11
 1656 0091 07       		.uleb128 0x7
 1657 0092 6E000000 		.4byte	0x6e
 1658 0096 08       		.uleb128 0x8
 1659 0097 2E010000 		.4byte	.LASF12
 1660 009b 03       		.byte	0x3
 1661 009c 1F       		.byte	0x1f
 1662 009d A7000000 		.4byte	0xa7
 1663 00a1 05       		.uleb128 0x5
 1664 00a2 03       		.byte	0x3
 1665 00a3 00000000 		.4byte	cy_meta_configecc
 1666 00a7 07       		.uleb128 0x7
 1667 00a8 79000000 		.4byte	0x79
 1668 00ac 05       		.uleb128 0x5
 1669 00ad 91000000 		.4byte	0x91
 1670 00b1 BC000000 		.4byte	0xbc
 1671 00b5 09       		.uleb128 0x9
 1672 00b6 8A000000 		.4byte	0x8a
 1673 00ba 03       		.byte	0x3
 1674 00bb 00       		.byte	0
 1675 00bc 08       		.uleb128 0x8
 1676 00bd 1E010000 		.4byte	.LASF13
 1677 00c1 03       		.byte	0x3
 1678 00c2 E9       		.byte	0xe9
 1679 00c3 CD000000 		.4byte	0xcd
 1680 00c7 05       		.uleb128 0x5
 1681 00c8 03       		.byte	0x3
 1682 00c9 00000000 		.4byte	cy_meta_custnvl
 1683 00cd 07       		.uleb128 0x7
 1684 00ce AC000000 		.4byte	0xac
 1685 00d2 08       		.uleb128 0x8
 1686 00d3 81010000 		.4byte	.LASF14
 1687 00d7 03       		.byte	0x3
 1688 00d8 F7       		.byte	0xf7
 1689 00d9 E3000000 		.4byte	0xe3
 1690 00dd 05       		.uleb128 0x5
 1691 00de 03       		.byte	0x3
 1692 00df 00000000 		.4byte	cy_meta_wonvl
 1693 00e3 07       		.uleb128 0x7
 1694 00e4 AC000000 		.4byte	0xac
 1695 00e8 05       		.uleb128 0x5
 1696 00e9 91000000 		.4byte	0x91
 1697 00ed F8000000 		.4byte	0xf8
 1698 00f1 09       		.uleb128 0x9
 1699 00f2 8A000000 		.4byte	0x8a
 1700 00f6 FF       		.byte	0xff
 1701 00f7 00       		.byte	0
 1702 00f8 0A       		.uleb128 0xa
 1703 00f9 6C010000 		.4byte	.LASF15
 1704 00fd 03       		.byte	0x3
 1705 00fe 0501     		.2byte	0x105
 1706 0100 0A010000 		.4byte	0x10a
ARM GAS  C:\Users\divya\AppData\Local\Temp\ccK8Fbro.s 			page 31


 1707 0104 05       		.uleb128 0x5
 1708 0105 03       		.byte	0x3
 1709 0106 00000000 		.4byte	cy_meta_flashprotect
 1710 010a 07       		.uleb128 0x7
 1711 010b E8000000 		.4byte	0xe8
 1712 010f 05       		.uleb128 0x5
 1713 0110 91000000 		.4byte	0x91
 1714 0114 1F010000 		.4byte	0x11f
 1715 0118 09       		.uleb128 0x9
 1716 0119 8A000000 		.4byte	0x8a
 1717 011d 0B       		.byte	0xb
 1718 011e 00       		.byte	0
 1719 011f 0A       		.uleb128 0xa
 1720 0120 0A000000 		.4byte	.LASF16
 1721 0124 03       		.byte	0x3
 1722 0125 3201     		.2byte	0x132
 1723 0127 31010000 		.4byte	0x131
 1724 012b 05       		.uleb128 0x5
 1725 012c 03       		.byte	0x3
 1726 012d 00000000 		.4byte	cy_metadata
 1727 0131 07       		.uleb128 0x7
 1728 0132 0F010000 		.4byte	0x10f
 1729 0136 00       		.byte	0
 1730              		.section	.debug_abbrev,"",%progbits
 1731              	.Ldebug_abbrev0:
 1732 0000 01       		.uleb128 0x1
 1733 0001 11       		.uleb128 0x11
 1734 0002 01       		.byte	0x1
 1735 0003 25       		.uleb128 0x25
 1736 0004 0E       		.uleb128 0xe
 1737 0005 13       		.uleb128 0x13
 1738 0006 0B       		.uleb128 0xb
 1739 0007 03       		.uleb128 0x3
 1740 0008 0E       		.uleb128 0xe
 1741 0009 1B       		.uleb128 0x1b
 1742 000a 0E       		.uleb128 0xe
 1743 000b 10       		.uleb128 0x10
 1744 000c 17       		.uleb128 0x17
 1745 000d 00       		.byte	0
 1746 000e 00       		.byte	0
 1747 000f 02       		.uleb128 0x2
 1748 0010 24       		.uleb128 0x24
 1749 0011 00       		.byte	0
 1750 0012 0B       		.uleb128 0xb
 1751 0013 0B       		.uleb128 0xb
 1752 0014 3E       		.uleb128 0x3e
 1753 0015 0B       		.uleb128 0xb
 1754 0016 03       		.uleb128 0x3
 1755 0017 0E       		.uleb128 0xe
 1756 0018 00       		.byte	0
 1757 0019 00       		.byte	0
 1758 001a 03       		.uleb128 0x3
 1759 001b 16       		.uleb128 0x16
 1760 001c 00       		.byte	0
 1761 001d 03       		.uleb128 0x3
 1762 001e 0E       		.uleb128 0xe
 1763 001f 3A       		.uleb128 0x3a
ARM GAS  C:\Users\divya\AppData\Local\Temp\ccK8Fbro.s 			page 32


 1764 0020 0B       		.uleb128 0xb
 1765 0021 3B       		.uleb128 0x3b
 1766 0022 0B       		.uleb128 0xb
 1767 0023 49       		.uleb128 0x49
 1768 0024 13       		.uleb128 0x13
 1769 0025 00       		.byte	0
 1770 0026 00       		.byte	0
 1771 0027 04       		.uleb128 0x4
 1772 0028 24       		.uleb128 0x24
 1773 0029 00       		.byte	0
 1774 002a 0B       		.uleb128 0xb
 1775 002b 0B       		.uleb128 0xb
 1776 002c 3E       		.uleb128 0x3e
 1777 002d 0B       		.uleb128 0xb
 1778 002e 03       		.uleb128 0x3
 1779 002f 08       		.uleb128 0x8
 1780 0030 00       		.byte	0
 1781 0031 00       		.byte	0
 1782 0032 05       		.uleb128 0x5
 1783 0033 01       		.uleb128 0x1
 1784 0034 01       		.byte	0x1
 1785 0035 49       		.uleb128 0x49
 1786 0036 13       		.uleb128 0x13
 1787 0037 01       		.uleb128 0x1
 1788 0038 13       		.uleb128 0x13
 1789 0039 00       		.byte	0
 1790 003a 00       		.byte	0
 1791 003b 06       		.uleb128 0x6
 1792 003c 21       		.uleb128 0x21
 1793 003d 00       		.byte	0
 1794 003e 49       		.uleb128 0x49
 1795 003f 13       		.uleb128 0x13
 1796 0040 2F       		.uleb128 0x2f
 1797 0041 05       		.uleb128 0x5
 1798 0042 00       		.byte	0
 1799 0043 00       		.byte	0
 1800 0044 07       		.uleb128 0x7
 1801 0045 26       		.uleb128 0x26
 1802 0046 00       		.byte	0
 1803 0047 49       		.uleb128 0x49
 1804 0048 13       		.uleb128 0x13
 1805 0049 00       		.byte	0
 1806 004a 00       		.byte	0
 1807 004b 08       		.uleb128 0x8
 1808 004c 34       		.uleb128 0x34
 1809 004d 00       		.byte	0
 1810 004e 03       		.uleb128 0x3
 1811 004f 0E       		.uleb128 0xe
 1812 0050 3A       		.uleb128 0x3a
 1813 0051 0B       		.uleb128 0xb
 1814 0052 3B       		.uleb128 0x3b
 1815 0053 0B       		.uleb128 0xb
 1816 0054 49       		.uleb128 0x49
 1817 0055 13       		.uleb128 0x13
 1818 0056 3F       		.uleb128 0x3f
 1819 0057 19       		.uleb128 0x19
 1820 0058 02       		.uleb128 0x2
ARM GAS  C:\Users\divya\AppData\Local\Temp\ccK8Fbro.s 			page 33


 1821 0059 18       		.uleb128 0x18
 1822 005a 00       		.byte	0
 1823 005b 00       		.byte	0
 1824 005c 09       		.uleb128 0x9
 1825 005d 21       		.uleb128 0x21
 1826 005e 00       		.byte	0
 1827 005f 49       		.uleb128 0x49
 1828 0060 13       		.uleb128 0x13
 1829 0061 2F       		.uleb128 0x2f
 1830 0062 0B       		.uleb128 0xb
 1831 0063 00       		.byte	0
 1832 0064 00       		.byte	0
 1833 0065 0A       		.uleb128 0xa
 1834 0066 34       		.uleb128 0x34
 1835 0067 00       		.byte	0
 1836 0068 03       		.uleb128 0x3
 1837 0069 0E       		.uleb128 0xe
 1838 006a 3A       		.uleb128 0x3a
 1839 006b 0B       		.uleb128 0xb
 1840 006c 3B       		.uleb128 0x3b
 1841 006d 05       		.uleb128 0x5
 1842 006e 49       		.uleb128 0x49
 1843 006f 13       		.uleb128 0x13
 1844 0070 3F       		.uleb128 0x3f
 1845 0071 19       		.uleb128 0x19
 1846 0072 02       		.uleb128 0x2
 1847 0073 18       		.uleb128 0x18
 1848 0074 00       		.byte	0
 1849 0075 00       		.byte	0
 1850 0076 00       		.byte	0
 1851              		.section	.debug_aranges,"",%progbits
 1852 0000 14000000 		.4byte	0x14
 1853 0004 0200     		.2byte	0x2
 1854 0006 00000000 		.4byte	.Ldebug_info0
 1855 000a 04       		.byte	0x4
 1856 000b 00       		.byte	0
 1857 000c 0000     		.2byte	0
 1858 000e 0000     		.2byte	0
 1859 0010 00000000 		.4byte	0
 1860 0014 00000000 		.4byte	0
 1861              		.section	.debug_line,"",%progbits
 1862              	.Ldebug_line0:
 1863 0000 3D010000 		.section	.debug_str,"MS",%progbits,1
 1863      02003701 
 1863      00000201 
 1863      FB0E0D00 
 1863      01010101 
 1864              	.LASF9:
 1865 0000 5F5F7569 		.ascii	"__uint8_t\000"
 1865      6E74385F 
 1865      7400
 1866              	.LASF16:
 1867 000a 63795F6D 		.ascii	"cy_metadata\000"
 1867      65746164 
 1867      61746100 
 1868              	.LASF19:
 1869 0016 433A5C55 		.ascii	"C:\\Users\\divya\\Documents\\PSoC Creator\\LABASSIG"
ARM GAS  C:\Users\divya\AppData\Local\Temp\ccK8Fbro.s 			page 34


 1869      73657273 
 1869      5C646976 
 1869      79615C44 
 1869      6F63756D 
 1870 0044 4E4D454E 		.ascii	"NMENT\\ReactionGame.cydsn\000"
 1870      545C5265 
 1870      61637469 
 1870      6F6E4761 
 1870      6D652E63 
 1871              	.LASF1:
 1872 005d 756E7369 		.ascii	"unsigned char\000"
 1872      676E6564 
 1872      20636861 
 1872      7200
 1873              	.LASF17:
 1874 006b 474E5520 		.ascii	"GNU C11 5.4.1 20160609 (release) [ARM/embedded-5-br"
 1874      43313120 
 1874      352E342E 
 1874      31203230 
 1874      31363036 
 1875 009e 616E6368 		.ascii	"anch revision 237715] -mcpu=cortex-m3 -mthumb -g -O"
 1875      20726576 
 1875      6973696F 
 1875      6E203233 
 1875      37373135 
 1876 00d1 67202D66 		.ascii	"g -ffunction-sections -ffat-lto-objects\000"
 1876      66756E63 
 1876      74696F6E 
 1876      2D736563 
 1876      74696F6E 
 1877              	.LASF5:
 1878 00f9 6C6F6E67 		.ascii	"long unsigned int\000"
 1878      20756E73 
 1878      69676E65 
 1878      6420696E 
 1878      7400
 1879              	.LASF3:
 1880 010b 73686F72 		.ascii	"short unsigned int\000"
 1880      7420756E 
 1880      7369676E 
 1880      65642069 
 1880      6E7400
 1881              	.LASF13:
 1882 011e 63795F6D 		.ascii	"cy_meta_custnvl\000"
 1882      6574615F 
 1882      63757374 
 1882      6E766C00 
 1883              	.LASF12:
 1884 012e 63795F6D 		.ascii	"cy_meta_configecc\000"
 1884      6574615F 
 1884      636F6E66 
 1884      69676563 
 1884      6300
 1885              	.LASF8:
 1886 0140 756E7369 		.ascii	"unsigned int\000"
 1886      676E6564 
 1886      20696E74 
ARM GAS  C:\Users\divya\AppData\Local\Temp\ccK8Fbro.s 			page 35


 1886      00
 1887              	.LASF7:
 1888 014d 6C6F6E67 		.ascii	"long long unsigned int\000"
 1888      206C6F6E 
 1888      6720756E 
 1888      7369676E 
 1888      65642069 
 1889              	.LASF10:
 1890 0164 75696E74 		.ascii	"uint8_t\000"
 1890      385F7400 
 1891              	.LASF15:
 1892 016c 63795F6D 		.ascii	"cy_meta_flashprotect\000"
 1892      6574615F 
 1892      666C6173 
 1892      6870726F 
 1892      74656374 
 1893              	.LASF14:
 1894 0181 63795F6D 		.ascii	"cy_meta_wonvl\000"
 1894      6574615F 
 1894      776F6E76 
 1894      6C00
 1895              	.LASF11:
 1896 018f 73697A65 		.ascii	"sizetype\000"
 1896      74797065 
 1896      00
 1897              	.LASF6:
 1898 0198 6C6F6E67 		.ascii	"long long int\000"
 1898      206C6F6E 
 1898      6720696E 
 1898      7400
 1899              	.LASF2:
 1900 01a6 73686F72 		.ascii	"short int\000"
 1900      7420696E 
 1900      7400
 1901              	.LASF4:
 1902 01b0 6C6F6E67 		.ascii	"long int\000"
 1902      20696E74 
 1902      00
 1903              	.LASF0:
 1904 01b9 7369676E 		.ascii	"signed char\000"
 1904      65642063 
 1904      68617200 
 1905              	.LASF18:
 1906 01c5 47656E65 		.ascii	"Generated_Source\\PSoC5\\cymetadata.c\000"
 1906      72617465 
 1906      645F536F 
 1906      75726365 
 1906      5C50536F 
 1907              		.ident	"GCC: (GNU Tools for ARM Embedded Processors) 5.4.1 20160609 (release) [ARM/embedded-5-bran
