ARM GAS  C:\Users\divya\AppData\Local\Temp\ccqxeLRR.s 			page 1


   1              		.syntax unified
   2              		.cpu cortex-m3
   3              		.fpu softvfp
   4              		.eabi_attribute 20, 1
   5              		.eabi_attribute 21, 1
   6              		.eabi_attribute 23, 3
   7              		.eabi_attribute 24, 1
   8              		.eabi_attribute 25, 1
   9              		.eabi_attribute 26, 1
  10              		.eabi_attribute 30, 1
  11              		.eabi_attribute 34, 1
  12              		.eabi_attribute 18, 4
  13              		.thumb
  14              		.syntax unified
  15              		.file	"ErikaOS_1_eecfg.c"
  16              		.text
  17              	.Ltext0:
  18              		.cfi_sections	.debug_frame
  19              		.global	EE_oo_autostart_task_data
  20              		.comm	EE_ApplicationMode,4,4
  21              		.global	EE_oo_action_ROM
  22              		.comm	EE_oo_counter_object_RAM,80,4
  23              		.global	EE_oo_counter_object_ROM
  24              		.global	EE_ALARM_ID
  25              		.global	EE_ALARM_NAME
  26              		.global	EE_alarm_ROM
  27              		.global	EE_counter_RAM
  28              		.global	EE_counter_ROM
  29              		.global	EE_th_is_extended
  30              		.global	EE_th_waswaiting
  31              		.global	EE_th_event_waitmask
  32              		.global	EE_th_event_active
  33              		.global	EE_th_terminate_nextask
  34              		.global	EE_rq_free
  35              		.comm	EE_rq_pairs_tid,24,4
  36              		.global	EE_rq_pairs_next
  37              		.global	EE_rq_link
  38              		.global	EE_th_rnact_max
  39              		.global	EE_th_rnact
  40              		.global	EE_rq_bitmask
  41              		.global	EE_rq_queues_tail
  42              		.global	EE_rq_queues_head
  43              		.global	EE_sys_ceiling
  44              		.global	EE_stkfirst
  45              		.global	EE_th_next
  46              		.global	EE_th_status
  47              		.global	EE_th_dispatch_prio
  48              		.global	EE_EVENT_ID
  49              		.global	EE_EVENT_NAME
  50              		.global	EE_TASK_NAME
  51              		.global	EE_th_ready_prio
  52              		.global	EE_terminate_real_th_body
  53              		.comm	EE_terminate_data,24,4
  54              		.global	EE_hal_thread_body
  55              		.global	EE_cortex_mx_IRQ_tos
  56              		.global	EE_cortex_mx_active_tos
  57              		.global	EE_cortex_mx_system_tos
ARM GAS  C:\Users\divya\AppData\Local\Temp\ccqxeLRR.s 			page 2


  58              		.global	EE_std_thread_tos
  59              		.comm	EE_cortex_mx_stack_9,512,4
  60              		.comm	EE_cortex_mx_stack_3,4000,4
  61              		.section	.rodata
  62              		.align	2
  63              		.type	EE_oo_autostart_task_data, %object
  64              		.size	EE_oo_autostart_task_data, 8
  65              	EE_oo_autostart_task_data:
  66 0000 05000000 		.word	5
  67 0004 08000000 		.word	EE_oo_autostart_task_mode_OSDEFAULTAPPMODE
  68              		.type	EE_oo_autostart_task_mode_OSDEFAULTAPPMODE, %object
  69              		.size	EE_oo_autostart_task_mode_OSDEFAULTAPPMODE, 20
  70              	EE_oo_autostart_task_mode_OSDEFAULTAPPMODE:
  71 0008 00000000 		.word	0
  72 000c 01000000 		.word	1
  73 0010 03000000 		.word	3
  74 0014 04000000 		.word	4
  75 0018 05000000 		.word	5
  76              		.type	EE_oo_action_ROM, %object
  77              		.size	EE_oo_action_ROM, 100
  78              	EE_oo_action_ROM:
  79 001c 00       		.byte	0
  80 001d 000000   		.space	3
  81 0020 01000000 		.word	1
  82 0024 00000000 		.word	0
  83 0028 00000000 		.word	0
  84 002c FFFFFFFF 		.word	-1
  85 0030 01       		.byte	1
  86 0031 000000   		.space	3
  87 0034 02000000 		.word	2
  88 0038 02000000 		.word	2
  89 003c 00000000 		.word	0
  90 0040 FFFFFFFF 		.word	-1
  91 0044 01       		.byte	1
  92 0045 000000   		.space	3
  93 0048 02000000 		.word	2
  94 004c 04000000 		.word	4
  95 0050 00000000 		.word	0
  96 0054 FFFFFFFF 		.word	-1
  97 0058 00       		.byte	0
  98 0059 000000   		.space	3
  99 005c 03000000 		.word	3
 100 0060 00000000 		.word	0
 101 0064 00000000 		.word	0
 102 0068 FFFFFFFF 		.word	-1
 103 006c 00       		.byte	0
 104 006d 000000   		.space	3
 105 0070 04000000 		.word	4
 106 0074 00000000 		.word	0
 107 0078 00000000 		.word	0
 108 007c FFFFFFFF 		.word	-1
 109              		.type	EE_oo_counter_object_ROM, %object
 110              		.size	EE_oo_counter_object_ROM, 60
 111              	EE_oo_counter_object_ROM:
 112 0080 00000000 		.word	0
 113 0084 00000000 		.word	0
 114 0088 00       		.byte	0
ARM GAS  C:\Users\divya\AppData\Local\Temp\ccqxeLRR.s 			page 3


 115 0089 000000   		.space	3
 116 008c 00000000 		.word	0
 117 0090 01000000 		.word	1
 118 0094 00       		.byte	0
 119 0095 000000   		.space	3
 120 0098 00000000 		.word	0
 121 009c 02000000 		.word	2
 122 00a0 00       		.byte	0
 123 00a1 000000   		.space	3
 124 00a4 00000000 		.word	0
 125 00a8 03000000 		.word	3
 126 00ac 00       		.byte	0
 127 00ad 000000   		.space	3
 128 00b0 00000000 		.word	0
 129 00b4 04000000 		.word	4
 130 00b8 00       		.byte	0
 131 00b9 000000   		.space	3
 132              		.type	EE_ALARM_ID, %object
 133              		.size	EE_ALARM_ID, 20
 134              	EE_ALARM_ID:
 135 00bc 00000000 		.word	0
 136 00c0 01000000 		.word	1
 137 00c4 02000000 		.word	2
 138 00c8 03000000 		.word	3
 139 00cc 04000000 		.word	4
 140              		.type	EE_alarm_ROM, %object
 141              		.size	EE_alarm_ROM, 20
 142              	EE_alarm_ROM:
 143 00d0 00000000 		.word	0
 144 00d4 01000000 		.word	1
 145 00d8 02000000 		.word	2
 146 00dc 03000000 		.word	3
 147 00e0 04000000 		.word	4
 148              		.type	EE_counter_ROM, %object
 149              		.size	EE_counter_ROM, 12
 150              	EE_counter_ROM:
 151 00e4 10270000 		.word	10000
 152 00e8 00000000 		.word	0
 153 00ec 01000000 		.word	1
 154              		.type	EE_th_is_extended, %object
 155              		.size	EE_th_is_extended, 24
 156              	EE_th_is_extended:
 157 00f0 00000000 		.word	0
 158 00f4 00000000 		.word	0
 159 00f8 01000000 		.word	1
 160 00fc 00000000 		.word	0
 161 0100 00000000 		.word	0
 162 0104 00000000 		.word	0
 163              		.type	EE_th_rnact_max, %object
 164              		.size	EE_th_rnact_max, 24
 165              	EE_th_rnact_max:
 166 0108 01000000 		.word	1
 167 010c 01000000 		.word	1
 168 0110 01000000 		.word	1
 169 0114 01000000 		.word	1
 170 0118 01000000 		.word	1
 171 011c 01000000 		.word	1
ARM GAS  C:\Users\divya\AppData\Local\Temp\ccqxeLRR.s 			page 4


 172              		.type	EE_th_dispatch_prio, %object
 173              		.size	EE_th_dispatch_prio, 24
 174              	EE_th_dispatch_prio:
 175 0120 01000000 		.word	1
 176 0124 08000000 		.word	8
 177 0128 40000000 		.word	64
 178 012c 02000000 		.word	2
 179 0130 04000000 		.word	4
 180 0134 01000000 		.word	1
 181              		.type	EE_EVENT_ID, %object
 182              		.size	EE_EVENT_ID, 12
 183              	EE_EVENT_ID:
 184 0138 01000000 		.word	1
 185 013c 02000000 		.word	2
 186 0140 04000000 		.word	4
 187              		.type	EE_th_ready_prio, %object
 188              		.size	EE_th_ready_prio, 24
 189              	EE_th_ready_prio:
 190 0144 01000000 		.word	1
 191 0148 08000000 		.word	8
 192 014c 40000000 		.word	64
 193 0150 02000000 		.word	2
 194 0154 04000000 		.word	4
 195 0158 01000000 		.word	1
 196              		.type	EE_terminate_real_th_body, %object
 197              		.size	EE_terminate_real_th_body, 24
 198              	EE_terminate_real_th_body:
 199 015c 00000000 		.word	Functsk_init
 200 0160 00000000 		.word	Functsk_timer
 201 0164 00000000 		.word	Functsk_Game
 202 0168 00000000 		.word	Functsk_fader
 203 016c 00000000 		.word	Functsk_glower
 204 0170 00000000 		.word	Functsk_background
 205              		.type	EE_hal_thread_body, %object
 206              		.size	EE_hal_thread_body, 24
 207              	EE_hal_thread_body:
 208 0174 00000000 		.word	EE_oo_thread_stub
 209 0178 00000000 		.word	EE_oo_thread_stub
 210 017c 00000000 		.word	EE_oo_thread_stub
 211 0180 00000000 		.word	EE_oo_thread_stub
 212 0184 00000000 		.word	EE_oo_thread_stub
 213 0188 00000000 		.word	EE_oo_thread_stub
 214              		.type	EE_std_thread_tos, %object
 215              		.size	EE_std_thread_tos, 28
 216              	EE_std_thread_tos:
 217 018c 00000000 		.word	0
 218 0190 00000000 		.word	0
 219 0194 00000000 		.word	0
 220 0198 01000000 		.word	1
 221 019c 00000000 		.word	0
 222 01a0 00000000 		.word	0
 223 01a4 00000000 		.word	0
 224              		.data
 225              		.align	2
 226              		.type	EE_ALARM_NAME, %object
 227              		.size	EE_ALARM_NAME, 20
 228              	EE_ALARM_NAME:
ARM GAS  C:\Users\divya\AppData\Local\Temp\ccqxeLRR.s 			page 5


 229 0000 00000000 		.word	.LC0
 230 0004 0C000000 		.word	.LC1
 231 0008 20000000 		.word	.LC2
 232 000c 34000000 		.word	.LC3
 233 0010 40000000 		.word	.LC4
 234              		.type	EE_counter_RAM, %object
 235              		.size	EE_counter_RAM, 8
 236              	EE_counter_RAM:
 237 0014 00000000 		.word	0
 238 0018 FFFFFFFF 		.word	-1
 239              		.type	EE_th_terminate_nextask, %object
 240              		.size	EE_th_terminate_nextask, 24
 241              	EE_th_terminate_nextask:
 242 001c FFFFFFFF 		.word	-1
 243 0020 FFFFFFFF 		.word	-1
 244 0024 FFFFFFFF 		.word	-1
 245 0028 FFFFFFFF 		.word	-1
 246 002c FFFFFFFF 		.word	-1
 247 0030 FFFFFFFF 		.word	-1
 248              		.type	EE_rq_pairs_next, %object
 249              		.size	EE_rq_pairs_next, 24
 250              	EE_rq_pairs_next:
 251 0034 01000000 		.word	1
 252 0038 02000000 		.word	2
 253 003c 03000000 		.word	3
 254 0040 04000000 		.word	4
 255 0044 05000000 		.word	5
 256 0048 FFFFFFFF 		.word	-1
 257              		.type	EE_rq_link, %object
 258              		.size	EE_rq_link, 24
 259              	EE_rq_link:
 260 004c 00000000 		.word	0
 261 0050 03000000 		.word	3
 262 0054 06000000 		.word	6
 263 0058 01000000 		.word	1
 264 005c 02000000 		.word	2
 265 0060 00000000 		.word	0
 266              		.type	EE_th_rnact, %object
 267              		.size	EE_th_rnact, 24
 268              	EE_th_rnact:
 269 0064 01000000 		.word	1
 270 0068 01000000 		.word	1
 271 006c 01000000 		.word	1
 272 0070 01000000 		.word	1
 273 0074 01000000 		.word	1
 274 0078 01000000 		.word	1
 275              		.type	EE_rq_queues_tail, %object
 276              		.size	EE_rq_queues_tail, 64
 277              	EE_rq_queues_tail:
 278 007c FFFFFFFF 		.word	-1
 279 0080 FFFFFFFF 		.word	-1
 280 0084 FFFFFFFF 		.word	-1
 281 0088 FFFFFFFF 		.word	-1
 282 008c FFFFFFFF 		.word	-1
 283 0090 FFFFFFFF 		.word	-1
 284 0094 FFFFFFFF 		.word	-1
 285 0098 FFFFFFFF 		.word	-1
ARM GAS  C:\Users\divya\AppData\Local\Temp\ccqxeLRR.s 			page 6


 286 009c FFFFFFFF 		.word	-1
 287 00a0 FFFFFFFF 		.word	-1
 288 00a4 FFFFFFFF 		.word	-1
 289 00a8 FFFFFFFF 		.word	-1
 290 00ac FFFFFFFF 		.word	-1
 291 00b0 FFFFFFFF 		.word	-1
 292 00b4 FFFFFFFF 		.word	-1
 293 00b8 FFFFFFFF 		.word	-1
 294              		.type	EE_rq_queues_head, %object
 295              		.size	EE_rq_queues_head, 64
 296              	EE_rq_queues_head:
 297 00bc FFFFFFFF 		.word	-1
 298 00c0 FFFFFFFF 		.word	-1
 299 00c4 FFFFFFFF 		.word	-1
 300 00c8 FFFFFFFF 		.word	-1
 301 00cc FFFFFFFF 		.word	-1
 302 00d0 FFFFFFFF 		.word	-1
 303 00d4 FFFFFFFF 		.word	-1
 304 00d8 FFFFFFFF 		.word	-1
 305 00dc FFFFFFFF 		.word	-1
 306 00e0 FFFFFFFF 		.word	-1
 307 00e4 FFFFFFFF 		.word	-1
 308 00e8 FFFFFFFF 		.word	-1
 309 00ec FFFFFFFF 		.word	-1
 310 00f0 FFFFFFFF 		.word	-1
 311 00f4 FFFFFFFF 		.word	-1
 312 00f8 FFFFFFFF 		.word	-1
 313              		.type	EE_stkfirst, %object
 314              		.size	EE_stkfirst, 4
 315              	EE_stkfirst:
 316 00fc FFFFFFFF 		.word	-1
 317              		.type	EE_th_next, %object
 318              		.size	EE_th_next, 24
 319              	EE_th_next:
 320 0100 FFFFFFFF 		.word	-1
 321 0104 FFFFFFFF 		.word	-1
 322 0108 FFFFFFFF 		.word	-1
 323 010c FFFFFFFF 		.word	-1
 324 0110 FFFFFFFF 		.word	-1
 325 0114 FFFFFFFF 		.word	-1
 326              		.type	EE_th_status, %object
 327              		.size	EE_th_status, 24
 328              	EE_th_status:
 329 0118 03000000 		.word	3
 330 011c 03000000 		.word	3
 331 0120 03000000 		.word	3
 332 0124 03000000 		.word	3
 333 0128 03000000 		.word	3
 334 012c 03000000 		.word	3
 335              		.type	EE_EVENT_NAME, %object
 336              		.size	EE_EVENT_NAME, 12
 337              	EE_EVENT_NAME:
 338 0130 50000000 		.word	.LC5
 339 0134 5C000000 		.word	.LC6
 340 0138 6C000000 		.word	.LC7
 341              		.type	EE_TASK_NAME, %object
 342              		.size	EE_TASK_NAME, 24
ARM GAS  C:\Users\divya\AppData\Local\Temp\ccqxeLRR.s 			page 7


 343              	EE_TASK_NAME:
 344 013c 78000000 		.word	.LC8
 345 0140 84000000 		.word	.LC9
 346 0144 90000000 		.word	.LC10
 347 0148 9C000000 		.word	.LC11
 348 014c A8000000 		.word	.LC12
 349 0150 B4000000 		.word	.LC13
 350              		.type	EE_cortex_mx_IRQ_tos, %object
 351              		.size	EE_cortex_mx_IRQ_tos, 4
 352              	EE_cortex_mx_IRQ_tos:
 353 0154 00020000 		.word	EE_cortex_mx_stack_9+512
 354              		.type	EE_cortex_mx_system_tos, %object
 355              		.size	EE_cortex_mx_system_tos, 8
 356              	EE_cortex_mx_system_tos:
 357 0158 00000000 		.word	0
 358 015c 780F0000 		.word	EE_cortex_mx_stack_3+3960
 359              		.section	.rodata.str1.4,"aMS",%progbits,1
 360              		.align	2
 361              	.LC0:
 362 0000 616C6172 		.ascii	"alarm_timer\000"
 362      6D5F7469 
 362      6D657200 
 363              	.LC1:
 364 000c 616C6172 		.ascii	"alarm_randomwait\000"
 364      6D5F7261 
 364      6E646F6D 
 364      77616974 
 364      00
 365 001d 000000   		.space	3
 366              	.LC2:
 367 0020 616C6172 		.ascii	"alarm_1sectimeout\000"
 367      6D5F3173 
 367      65637469 
 367      6D656F75 
 367      7400
 368 0032 0000     		.space	2
 369              	.LC3:
 370 0034 616C6172 		.ascii	"alarm_fader\000"
 370      6D5F6661 
 370      64657200 
 371              	.LC4:
 372 0040 616C6172 		.ascii	"alarm_glower\000"
 372      6D5F676C 
 372      6F776572 
 372      00
 373 004d 000000   		.space	3
 374              	.LC5:
 375 0050 65765F62 		.ascii	"ev_button\000"
 375      7574746F 
 375      6E00
 376 005a 0000     		.space	2
 377              	.LC6:
 378 005c 65765F77 		.ascii	"ev_waitrandom\000"
 378      61697472 
 378      616E646F 
 378      6D00
 379 006a 0000     		.space	2
ARM GAS  C:\Users\divya\AppData\Local\Temp\ccqxeLRR.s 			page 8


 380              	.LC7:
 381 006c 65765F77 		.ascii	"ev_wait1s\000"
 381      61697431 
 381      7300
 382 0076 0000     		.space	2
 383              	.LC8:
 384 0078 74736B5F 		.ascii	"tsk_init\000"
 384      696E6974 
 384      00
 385 0081 000000   		.space	3
 386              	.LC9:
 387 0084 74736B5F 		.ascii	"tsk_timer\000"
 387      74696D65 
 387      7200
 388 008e 0000     		.space	2
 389              	.LC10:
 390 0090 74736B5F 		.ascii	"tsk_Game\000"
 390      47616D65 
 390      00
 391 0099 000000   		.space	3
 392              	.LC11:
 393 009c 74736B5F 		.ascii	"tsk_fader\000"
 393      66616465 
 393      7200
 394 00a6 0000     		.space	2
 395              	.LC12:
 396 00a8 74736B5F 		.ascii	"tsk_glower\000"
 396      676C6F77 
 396      657200
 397 00b3 00       		.space	1
 398              	.LC13:
 399 00b4 74736B5F 		.ascii	"tsk_background\000"
 399      6261636B 
 399      67726F75 
 399      6E6400
 400              		.bss
 401              		.align	2
 402              		.type	EE_th_waswaiting, %object
 403              		.size	EE_th_waswaiting, 24
 404              	EE_th_waswaiting:
 405 0000 00000000 		.space	24
 405      00000000 
 405      00000000 
 405      00000000 
 405      00000000 
 406              		.type	EE_th_event_waitmask, %object
 407              		.size	EE_th_event_waitmask, 24
 408              	EE_th_event_waitmask:
 409 0018 00000000 		.space	24
 409      00000000 
 409      00000000 
 409      00000000 
 409      00000000 
 410              		.type	EE_th_event_active, %object
 411              		.size	EE_th_event_active, 24
 412              	EE_th_event_active:
 413 0030 00000000 		.space	24
ARM GAS  C:\Users\divya\AppData\Local\Temp\ccqxeLRR.s 			page 9


 413      00000000 
 413      00000000 
 413      00000000 
 413      00000000 
 414              		.type	EE_rq_free, %object
 415              		.size	EE_rq_free, 4
 416              	EE_rq_free:
 417 0048 00000000 		.space	4
 418              		.type	EE_rq_bitmask, %object
 419              		.size	EE_rq_bitmask, 2
 420              	EE_rq_bitmask:
 421 004c 0000     		.space	2
 422 004e 0000     		.space	2
 423              		.type	EE_sys_ceiling, %object
 424              		.size	EE_sys_ceiling, 4
 425              	EE_sys_ceiling:
 426 0050 00000000 		.space	4
 427              		.type	EE_cortex_mx_active_tos, %object
 428              		.size	EE_cortex_mx_active_tos, 4
 429              	EE_cortex_mx_active_tos:
 430 0054 00000000 		.space	4
 431              		.text
 432              	.Letext0:
 433              		.file 1 "Generated_Source\\PSoC5\\ErikaOS_1_common_ee_types.inc"
 434              		.file 2 "Generated_Source\\PSoC5\\ErikaOS_1_cortex_mx_ee_cpu.inc"
 435              		.file 3 "Generated_Source\\PSoC5\\ErikaOS_1_ee_oo_common.inc"
 436              		.file 4 "Generated_Source\\PSoC5\\ErikaOS_1_common_ee_hal_structs.inc"
 437              		.file 5 "Generated_Source\\PSoC5\\ErikaOS_1_eecfg.c"
 438              		.file 6 "Generated_Source\\PSoC5\\ErikaOS_1_ee_oo_intfunc.inc"
 439              		.file 7 "Generated_Source\\PSoC5\\ErikaOS_1_cortex_mx_ee_context.inc"
 440              		.file 8 "Generated_Source\\PSoC5\\ErikaOS_1_common_ee_primitives.inc"
 441              		.section	.debug_info,"",%progbits
 442              	.Ldebug_info0:
 443 0000 B3080000 		.4byte	0x8b3
 444 0004 0400     		.2byte	0x4
 445 0006 00000000 		.4byte	.Ldebug_abbrev0
 446 000a 04       		.byte	0x4
 447 000b 01       		.uleb128 0x1
 448 000c 1C050000 		.4byte	.LASF112
 449 0010 0C       		.byte	0xc
 450 0011 40070000 		.4byte	.LASF113
 451 0015 32000000 		.4byte	.LASF114
 452 0019 00000000 		.4byte	.Ldebug_line0
 453 001d 02       		.uleb128 0x2
 454 001e 01       		.byte	0x1
 455 001f 06       		.byte	0x6
 456 0020 4B010000 		.4byte	.LASF0
 457 0024 02       		.uleb128 0x2
 458 0025 01       		.byte	0x1
 459 0026 08       		.byte	0x8
 460 0027 7F040000 		.4byte	.LASF1
 461 002b 02       		.uleb128 0x2
 462 002c 02       		.byte	0x2
 463 002d 05       		.byte	0x5
 464 002e C4040000 		.4byte	.LASF2
 465 0032 02       		.uleb128 0x2
 466 0033 02       		.byte	0x2
ARM GAS  C:\Users\divya\AppData\Local\Temp\ccqxeLRR.s 			page 10


 467 0034 07       		.byte	0x7
 468 0035 AF020000 		.4byte	.LASF3
 469 0039 02       		.uleb128 0x2
 470 003a 04       		.byte	0x4
 471 003b 05       		.byte	0x5
 472 003c D2010000 		.4byte	.LASF4
 473 0040 02       		.uleb128 0x2
 474 0041 04       		.byte	0x4
 475 0042 07       		.byte	0x7
 476 0043 6D020000 		.4byte	.LASF5
 477 0047 02       		.uleb128 0x2
 478 0048 08       		.byte	0x8
 479 0049 05       		.byte	0x5
 480 004a 3D010000 		.4byte	.LASF6
 481 004e 02       		.uleb128 0x2
 482 004f 08       		.byte	0x8
 483 0050 07       		.byte	0x7
 484 0051 9A000000 		.4byte	.LASF7
 485 0055 03       		.uleb128 0x3
 486 0056 04       		.byte	0x4
 487 0057 05       		.byte	0x5
 488 0058 696E7400 		.ascii	"int\000"
 489 005c 02       		.uleb128 0x2
 490 005d 04       		.byte	0x4
 491 005e 07       		.byte	0x7
 492 005f 35020000 		.4byte	.LASF8
 493 0063 02       		.uleb128 0x2
 494 0064 08       		.byte	0x8
 495 0065 04       		.byte	0x4
 496 0066 CD030000 		.4byte	.LASF9
 497 006a 04       		.uleb128 0x4
 498 006b 4C040000 		.4byte	.LASF10
 499 006f 01       		.byte	0x1
 500 0070 52       		.byte	0x52
 501 0071 32000000 		.4byte	0x32
 502 0075 04       		.uleb128 0x4
 503 0076 25070000 		.4byte	.LASF11
 504 007a 01       		.byte	0x1
 505 007b 53       		.byte	0x53
 506 007c 55000000 		.4byte	0x55
 507 0080 04       		.uleb128 0x4
 508 0081 1B070000 		.4byte	.LASF12
 509 0085 01       		.byte	0x1
 510 0086 54       		.byte	0x54
 511 0087 5C000000 		.4byte	0x5c
 512 008b 04       		.uleb128 0x4
 513 008c 99070000 		.4byte	.LASF13
 514 0090 01       		.byte	0x1
 515 0091 64       		.byte	0x64
 516 0092 96000000 		.4byte	0x96
 517 0096 05       		.uleb128 0x5
 518 0097 04       		.byte	0x4
 519 0098 06       		.uleb128 0x6
 520 0099 04       		.byte	0x4
 521 009a 9E000000 		.4byte	0x9e
 522 009e 07       		.uleb128 0x7
 523 009f 04       		.uleb128 0x4
ARM GAS  C:\Users\divya\AppData\Local\Temp\ccqxeLRR.s 			page 11


 524 00a0 45030000 		.4byte	.LASF14
 525 00a4 01       		.byte	0x1
 526 00a5 70       		.byte	0x70
 527 00a6 98000000 		.4byte	0x98
 528 00aa 04       		.uleb128 0x4
 529 00ab B6050000 		.4byte	.LASF15
 530 00af 01       		.byte	0x1
 531 00b0 73       		.byte	0x73
 532 00b1 98000000 		.4byte	0x98
 533 00b5 04       		.uleb128 0x4
 534 00b6 42020000 		.4byte	.LASF16
 535 00ba 02       		.byte	0x2
 536 00bb 4D       		.byte	0x4d
 537 00bc 80000000 		.4byte	0x80
 538 00c0 04       		.uleb128 0x4
 539 00c1 EF030000 		.4byte	.LASF17
 540 00c5 02       		.byte	0x2
 541 00c6 4E       		.byte	0x4e
 542 00c7 75000000 		.4byte	0x75
 543 00cb 04       		.uleb128 0x4
 544 00cc B3070000 		.4byte	.LASF18
 545 00d0 02       		.byte	0x2
 546 00d1 4F       		.byte	0x4f
 547 00d2 80000000 		.4byte	0x80
 548 00d6 04       		.uleb128 0x4
 549 00d7 79000000 		.4byte	.LASF19
 550 00db 02       		.byte	0x2
 551 00dc 54       		.byte	0x54
 552 00dd B5000000 		.4byte	0xb5
 553 00e1 04       		.uleb128 0x4
 554 00e2 28020000 		.4byte	.LASF20
 555 00e6 02       		.byte	0x2
 556 00e7 78       		.byte	0x78
 557 00e8 75000000 		.4byte	0x75
 558 00ec 08       		.uleb128 0x8
 559 00ed EF000000 		.4byte	.LASF61
 560 00f1 04       		.byte	0x4
 561 00f2 04       		.byte	0x4
 562 00f3 4D       		.byte	0x4d
 563 00f4 05010000 		.4byte	0x105
 564 00f8 09       		.uleb128 0x9
 565 00f9 85070000 		.4byte	.LASF28
 566 00fd 04       		.byte	0x4
 567 00fe 4E       		.byte	0x4e
 568 00ff 8B000000 		.4byte	0x8b
 569 0103 00       		.byte	0
 570 0104 00       		.byte	0
 571 0105 0A       		.uleb128 0xa
 572 0106 A9030000 		.4byte	.LASF21
 573 010a 03       		.byte	0x3
 574 010b 1101     		.2byte	0x111
 575 010d 6A000000 		.4byte	0x6a
 576 0111 0A       		.uleb128 0xa
 577 0112 E6000000 		.4byte	.LASF22
 578 0116 03       		.byte	0x3
 579 0117 F701     		.2byte	0x1f7
 580 0119 E1000000 		.4byte	0xe1
ARM GAS  C:\Users\divya\AppData\Local\Temp\ccqxeLRR.s 			page 12


 581 011d 0A       		.uleb128 0xa
 582 011e 6E010000 		.4byte	.LASF23
 583 0122 03       		.byte	0x3
 584 0123 2C02     		.2byte	0x22c
 585 0125 B5000000 		.4byte	0xb5
 586 0129 0A       		.uleb128 0xa
 587 012a 1D000000 		.4byte	.LASF24
 588 012e 03       		.byte	0x3
 589 012f 3502     		.2byte	0x235
 590 0131 B5000000 		.4byte	0xb5
 591 0135 0A       		.uleb128 0xa
 592 0136 0F060000 		.4byte	.LASF25
 593 013a 03       		.byte	0x3
 594 013b 5D02     		.2byte	0x25d
 595 013d B5000000 		.4byte	0xb5
 596 0141 0A       		.uleb128 0xa
 597 0142 B9030000 		.4byte	.LASF26
 598 0146 03       		.byte	0x3
 599 0147 6302     		.2byte	0x263
 600 0149 B5000000 		.4byte	0xb5
 601 014d 0A       		.uleb128 0xa
 602 014e 56030000 		.4byte	.LASF27
 603 0152 03       		.byte	0x3
 604 0153 6C02     		.2byte	0x26c
 605 0155 B5000000 		.4byte	0xb5
 606 0159 0B       		.uleb128 0xb
 607 015a 0C       		.byte	0xc
 608 015b 03       		.byte	0x3
 609 015c 7202     		.2byte	0x272
 610 015e 8A010000 		.4byte	0x18a
 611 0162 0C       		.uleb128 0xc
 612 0163 F6000000 		.4byte	.LASF29
 613 0167 03       		.byte	0x3
 614 0168 7302     		.2byte	0x273
 615 016a 29010000 		.4byte	0x129
 616 016e 00       		.byte	0
 617 016f 0C       		.uleb128 0xc
 618 0170 F7030000 		.4byte	.LASF30
 619 0174 03       		.byte	0x3
 620 0175 7402     		.2byte	0x274
 621 0177 29010000 		.4byte	0x129
 622 017b 04       		.byte	0x4
 623 017c 0C       		.uleb128 0xc
 624 017d 1F020000 		.4byte	.LASF31
 625 0181 03       		.byte	0x3
 626 0182 7502     		.2byte	0x275
 627 0184 29010000 		.4byte	0x129
 628 0188 08       		.byte	0x8
 629 0189 00       		.byte	0
 630 018a 0A       		.uleb128 0xa
 631 018b 05050000 		.4byte	.LASF32
 632 018f 03       		.byte	0x3
 633 0190 7A02     		.2byte	0x27a
 634 0192 59010000 		.4byte	0x159
 635 0196 0B       		.uleb128 0xb
 636 0197 08       		.byte	0x8
 637 0198 03       		.byte	0x3
ARM GAS  C:\Users\divya\AppData\Local\Temp\ccqxeLRR.s 			page 13


 638 0199 7D02     		.2byte	0x27d
 639 019b BA010000 		.4byte	0x1ba
 640 019f 0C       		.uleb128 0xc
 641 01a0 2F020000 		.4byte	.LASF33
 642 01a4 03       		.byte	0x3
 643 01a5 7E02     		.2byte	0x27e
 644 01a7 29010000 		.4byte	0x129
 645 01ab 00       		.byte	0
 646 01ac 0C       		.uleb128 0xc
 647 01ad 09060000 		.4byte	.LASF34
 648 01b1 03       		.byte	0x3
 649 01b2 7F02     		.2byte	0x27f
 650 01b4 35010000 		.4byte	0x135
 651 01b8 04       		.byte	0x4
 652 01b9 00       		.byte	0
 653 01ba 0A       		.uleb128 0xa
 654 01bb AF010000 		.4byte	.LASF35
 655 01bf 03       		.byte	0x3
 656 01c0 8002     		.2byte	0x280
 657 01c2 96010000 		.4byte	0x196
 658 01c6 0D       		.uleb128 0xd
 659 01c7 01       		.byte	0x1
 660 01c8 24000000 		.4byte	0x24
 661 01cc 03       		.byte	0x3
 662 01cd 8A02     		.2byte	0x28a
 663 01cf E0010000 		.4byte	0x1e0
 664 01d3 0E       		.uleb128 0xe
 665 01d4 8D040000 		.4byte	.LASF36
 666 01d8 00       		.byte	0
 667 01d9 0E       		.uleb128 0xe
 668 01da 56040000 		.4byte	.LASF37
 669 01de 01       		.byte	0x1
 670 01df 00       		.byte	0
 671 01e0 0A       		.uleb128 0xa
 672 01e1 DA020000 		.4byte	.LASF38
 673 01e5 03       		.byte	0x3
 674 01e6 8D02     		.2byte	0x28d
 675 01e8 C6010000 		.4byte	0x1c6
 676 01ec 0A       		.uleb128 0xa
 677 01ed 06030000 		.4byte	.LASF39
 678 01f1 03       		.byte	0x3
 679 01f2 9002     		.2byte	0x290
 680 01f4 E0010000 		.4byte	0x1e0
 681 01f8 0B       		.uleb128 0xb
 682 01f9 0C       		.byte	0xc
 683 01fa 03       		.byte	0x3
 684 01fb 9402     		.2byte	0x294
 685 01fd 27020000 		.4byte	0x227
 686 0201 0F       		.uleb128 0xf
 687 0202 6300     		.ascii	"c\000"
 688 0204 03       		.byte	0x3
 689 0205 9602     		.2byte	0x296
 690 0207 4D010000 		.4byte	0x14d
 691 020b 00       		.byte	0
 692 020c 0C       		.uleb128 0xc
 693 020d 66060000 		.4byte	.LASF40
 694 0211 03       		.byte	0x3
ARM GAS  C:\Users\divya\AppData\Local\Temp\ccqxeLRR.s 			page 14


 695 0212 9802     		.2byte	0x298
 696 0214 35010000 		.4byte	0x135
 697 0218 04       		.byte	0x4
 698 0219 0C       		.uleb128 0xc
 699 021a AA020000 		.4byte	.LASF41
 700 021e 03       		.byte	0x3
 701 021f 9A02     		.2byte	0x29a
 702 0221 EC010000 		.4byte	0x1ec
 703 0225 08       		.byte	0x8
 704 0226 00       		.byte	0
 705 0227 0A       		.uleb128 0xa
 706 0228 B7000000 		.4byte	.LASF42
 707 022c 03       		.byte	0x3
 708 022d 9B02     		.2byte	0x29b
 709 022f F8010000 		.4byte	0x1f8
 710 0233 0B       		.uleb128 0xb
 711 0234 10       		.byte	0x10
 712 0235 03       		.byte	0x3
 713 0236 9F02     		.2byte	0x29f
 714 0238 71020000 		.4byte	0x271
 715 023c 0C       		.uleb128 0xc
 716 023d 04040000 		.4byte	.LASF43
 717 0241 03       		.byte	0x3
 718 0242 A002     		.2byte	0x2a0
 719 0244 D6000000 		.4byte	0xd6
 720 0248 00       		.byte	0
 721 0249 0C       		.uleb128 0xc
 722 024a 7C070000 		.4byte	.LASF44
 723 024e 03       		.byte	0x3
 724 024f A102     		.2byte	0x2a1
 725 0251 29010000 		.4byte	0x129
 726 0255 04       		.byte	0x4
 727 0256 0C       		.uleb128 0xc
 728 0257 B1000000 		.4byte	.LASF45
 729 025b 03       		.byte	0x3
 730 025c A202     		.2byte	0x2a2
 731 025e 29010000 		.4byte	0x129
 732 0262 08       		.byte	0x8
 733 0263 0C       		.uleb128 0xc
 734 0264 00000000 		.4byte	.LASF46
 735 0268 03       		.byte	0x3
 736 0269 A302     		.2byte	0x2a3
 737 026b 35010000 		.4byte	0x135
 738 026f 0C       		.byte	0xc
 739 0270 00       		.byte	0
 740 0271 0A       		.uleb128 0xa
 741 0272 09040000 		.4byte	.LASF47
 742 0276 03       		.byte	0x3
 743 0277 A402     		.2byte	0x2a4
 744 0279 33020000 		.4byte	0x233
 745 027d 0D       		.uleb128 0xd
 746 027e 01       		.byte	0x1
 747 027f 24000000 		.4byte	0x24
 748 0283 03       		.byte	0x3
 749 0284 A702     		.2byte	0x2a7
 750 0286 A3020000 		.4byte	0x2a3
 751 028a 0E       		.uleb128 0xe
ARM GAS  C:\Users\divya\AppData\Local\Temp\ccqxeLRR.s 			page 15


 752 028b 26060000 		.4byte	.LASF48
 753 028f 00       		.byte	0
 754 0290 0E       		.uleb128 0xe
 755 0291 6E060000 		.4byte	.LASF49
 756 0295 01       		.byte	0x1
 757 0296 0E       		.uleb128 0xe
 758 0297 45060000 		.4byte	.LASF50
 759 029b 02       		.byte	0x2
 760 029c 0E       		.uleb128 0xe
 761 029d E8050000 		.4byte	.LASF51
 762 02a1 03       		.byte	0x3
 763 02a2 00       		.byte	0
 764 02a3 0A       		.uleb128 0xa
 765 02a4 57010000 		.4byte	.LASF52
 766 02a8 03       		.byte	0x3
 767 02a9 AC02     		.2byte	0x2ac
 768 02ab 7D020000 		.4byte	0x27d
 769 02af 0A       		.uleb128 0xa
 770 02b0 CA060000 		.4byte	.LASF53
 771 02b4 03       		.byte	0x3
 772 02b5 AF02     		.2byte	0x2af
 773 02b7 A3020000 		.4byte	0x2a3
 774 02bb 0B       		.uleb128 0xb
 775 02bc 14       		.byte	0x14
 776 02bd 03       		.byte	0x3
 777 02be B202     		.2byte	0x2b2
 778 02c0 04030000 		.4byte	0x304
 779 02c4 0C       		.uleb128 0xc
 780 02c5 A0060000 		.4byte	.LASF54
 781 02c9 03       		.byte	0x3
 782 02ca B302     		.2byte	0x2b3
 783 02cc AF020000 		.4byte	0x2af
 784 02d0 00       		.byte	0
 785 02d1 0C       		.uleb128 0xc
 786 02d2 8D070000 		.4byte	.LASF55
 787 02d6 03       		.byte	0x3
 788 02d7 B402     		.2byte	0x2b4
 789 02d9 11010000 		.4byte	0x111
 790 02dd 04       		.byte	0x4
 791 02de 0C       		.uleb128 0xc
 792 02df AA050000 		.4byte	.LASF56
 793 02e3 03       		.byte	0x3
 794 02e4 B602     		.2byte	0x2b6
 795 02e6 1D010000 		.4byte	0x11d
 796 02ea 08       		.byte	0x8
 797 02eb 0F       		.uleb128 0xf
 798 02ec 6600     		.ascii	"f\000"
 799 02ee 03       		.byte	0x3
 800 02ef B802     		.2byte	0x2b8
 801 02f1 9F000000 		.4byte	0x9f
 802 02f5 0C       		.byte	0xc
 803 02f6 0C       		.uleb128 0xc
 804 02f7 BB040000 		.4byte	.LASF57
 805 02fb 03       		.byte	0x3
 806 02fc BA02     		.2byte	0x2ba
 807 02fe 4D010000 		.4byte	0x14d
 808 0302 10       		.byte	0x10
ARM GAS  C:\Users\divya\AppData\Local\Temp\ccqxeLRR.s 			page 16


 809 0303 00       		.byte	0
 810 0304 0A       		.uleb128 0xa
 811 0305 36040000 		.4byte	.LASF58
 812 0309 03       		.byte	0x3
 813 030a BB02     		.2byte	0x2bb
 814 030c BB020000 		.4byte	0x2bb
 815 0310 0B       		.uleb128 0xb
 816 0311 04       		.byte	0x4
 817 0312 03       		.byte	0x3
 818 0313 BD02     		.2byte	0x2bd
 819 0315 27030000 		.4byte	0x327
 820 0319 0C       		.uleb128 0xc
 821 031a 7B030000 		.4byte	.LASF59
 822 031e 03       		.byte	0x3
 823 031f BF02     		.2byte	0x2bf
 824 0321 41010000 		.4byte	0x141
 825 0325 00       		.byte	0
 826 0326 00       		.byte	0
 827 0327 0A       		.uleb128 0xa
 828 0328 4A020000 		.4byte	.LASF60
 829 032c 03       		.byte	0x3
 830 032d C402     		.2byte	0x2c4
 831 032f 10030000 		.4byte	0x310
 832 0333 10       		.uleb128 0x10
 833 0334 90020000 		.4byte	.LASF62
 834 0338 08       		.byte	0x8
 835 0339 03       		.byte	0x3
 836 033a 0E04     		.2byte	0x40e
 837 033c 5A030000 		.4byte	0x35a
 838 0340 0F       		.uleb128 0xf
 839 0341 6E7400   		.ascii	"nt\000"
 840 0344 03       		.byte	0x3
 841 0345 0F04     		.2byte	0x40f
 842 0347 B5000000 		.4byte	0xb5
 843 034b 00       		.byte	0
 844 034c 0C       		.uleb128 0xc
 845 034d AC060000 		.4byte	.LASF63
 846 0351 03       		.byte	0x3
 847 0352 1004     		.2byte	0x410
 848 0354 6A030000 		.4byte	0x36a
 849 0358 04       		.byte	0x4
 850 0359 00       		.byte	0
 851 035a 11       		.uleb128 0x11
 852 035b 65030000 		.4byte	0x365
 853 035f 65030000 		.4byte	0x365
 854 0363 12       		.uleb128 0x12
 855 0364 00       		.byte	0
 856 0365 13       		.uleb128 0x13
 857 0366 E1000000 		.4byte	0xe1
 858 036a 06       		.uleb128 0x6
 859 036b 04       		.byte	0x4
 860 036c 5A030000 		.4byte	0x35a
 861 0370 11       		.uleb128 0x11
 862 0371 65030000 		.4byte	0x365
 863 0375 80030000 		.4byte	0x380
 864 0379 14       		.uleb128 0x14
 865 037a 80030000 		.4byte	0x380
ARM GAS  C:\Users\divya\AppData\Local\Temp\ccqxeLRR.s 			page 17


 866 037e 04       		.byte	0x4
 867 037f 00       		.byte	0
 868 0380 02       		.uleb128 0x2
 869 0381 04       		.byte	0x4
 870 0382 07       		.byte	0x7
 871 0383 C4030000 		.4byte	.LASF64
 872 0387 15       		.uleb128 0x15
 873 0388 06010000 		.4byte	.LASF115
 874 038c 05       		.byte	0x5
 875 038d 6507     		.2byte	0x765
 876 038f 99030000 		.4byte	0x399
 877 0393 05       		.uleb128 0x5
 878 0394 03       		.byte	0x3
 879 0395 08000000 		.4byte	EE_oo_autostart_task_mode_OSDEFAULTAPPMODE
 880 0399 13       		.uleb128 0x13
 881 039a 70030000 		.4byte	0x370
 882 039e 11       		.uleb128 0x11
 883 039f AE030000 		.4byte	0x3ae
 884 03a3 AE030000 		.4byte	0x3ae
 885 03a7 14       		.uleb128 0x14
 886 03a8 80030000 		.4byte	0x380
 887 03ac 05       		.byte	0x5
 888 03ad 00       		.byte	0
 889 03ae 13       		.uleb128 0x13
 890 03af AA000000 		.4byte	0xaa
 891 03b3 16       		.uleb128 0x16
 892 03b4 7E060000 		.4byte	.LASF65
 893 03b8 05       		.byte	0x5
 894 03b9 D2       		.byte	0xd2
 895 03ba C4030000 		.4byte	0x3c4
 896 03be 05       		.uleb128 0x5
 897 03bf 03       		.byte	0x3
 898 03c0 00000000 		.4byte	EE_hal_thread_body
 899 03c4 13       		.uleb128 0x13
 900 03c5 9E030000 		.4byte	0x39e
 901 03c9 11       		.uleb128 0x11
 902 03ca D9030000 		.4byte	0x3d9
 903 03ce D9030000 		.4byte	0x3d9
 904 03d2 14       		.uleb128 0x14
 905 03d3 80030000 		.4byte	0x380
 906 03d7 06       		.byte	0x6
 907 03d8 00       		.byte	0
 908 03d9 13       		.uleb128 0x13
 909 03da B5000000 		.4byte	0xb5
 910 03de 16       		.uleb128 0x16
 911 03df D6050000 		.4byte	.LASF66
 912 03e3 05       		.byte	0x5
 913 03e4 71       		.byte	0x71
 914 03e5 EF030000 		.4byte	0x3ef
 915 03e9 05       		.uleb128 0x5
 916 03ea 03       		.byte	0x3
 917 03eb 00000000 		.4byte	EE_std_thread_tos
 918 03ef 13       		.uleb128 0x13
 919 03f0 C9030000 		.4byte	0x3c9
 920 03f4 11       		.uleb128 0x11
 921 03f5 80000000 		.4byte	0x80
 922 03f9 04040000 		.4byte	0x404
ARM GAS  C:\Users\divya\AppData\Local\Temp\ccqxeLRR.s 			page 18


 923 03fd 14       		.uleb128 0x14
 924 03fe 80030000 		.4byte	0x380
 925 0402 05       		.byte	0x5
 926 0403 00       		.byte	0
 927 0404 16       		.uleb128 0x16
 928 0405 2E070000 		.4byte	.LASF67
 929 0409 05       		.byte	0x5
 930 040a ED       		.byte	0xed
 931 040b F4030000 		.4byte	0x3f4
 932 040f 05       		.uleb128 0x5
 933 0410 03       		.byte	0x3
 934 0411 00000000 		.4byte	EE_terminate_data
 935 0415 16       		.uleb128 0x16
 936 0416 A1040000 		.4byte	.LASF68
 937 041a 05       		.byte	0x5
 938 041b F0       		.byte	0xf0
 939 041c 26040000 		.4byte	0x426
 940 0420 05       		.uleb128 0x5
 941 0421 03       		.byte	0x3
 942 0422 00000000 		.4byte	EE_terminate_real_th_body
 943 0426 13       		.uleb128 0x13
 944 0427 9E030000 		.4byte	0x39e
 945 042b 11       		.uleb128 0x11
 946 042c EC000000 		.4byte	0xec
 947 0430 3B040000 		.4byte	0x43b
 948 0434 14       		.uleb128 0x14
 949 0435 80030000 		.4byte	0x380
 950 0439 01       		.byte	0x1
 951 043a 00       		.byte	0
 952 043b 16       		.uleb128 0x16
 953 043c 67040000 		.4byte	.LASF69
 954 0440 05       		.byte	0x5
 955 0441 8D       		.byte	0x8d
 956 0442 2B040000 		.4byte	0x42b
 957 0446 05       		.uleb128 0x5
 958 0447 03       		.byte	0x3
 959 0448 00000000 		.4byte	EE_cortex_mx_system_tos
 960 044c 16       		.uleb128 0x16
 961 044d 97010000 		.4byte	.LASF70
 962 0451 05       		.byte	0x5
 963 0452 A9       		.byte	0xa9
 964 0453 B5000000 		.4byte	0xb5
 965 0457 05       		.uleb128 0x5
 966 0458 03       		.byte	0x3
 967 0459 00000000 		.4byte	EE_cortex_mx_active_tos
 968 045d 11       		.uleb128 0x11
 969 045e D9030000 		.4byte	0x3d9
 970 0462 6D040000 		.4byte	0x46d
 971 0466 14       		.uleb128 0x14
 972 0467 80030000 		.4byte	0x380
 973 046b 05       		.byte	0x5
 974 046c 00       		.byte	0
 975 046d 17       		.uleb128 0x17
 976 046e 35060000 		.4byte	.LASF71
 977 0472 05       		.byte	0x5
 978 0473 E202     		.2byte	0x2e2
 979 0475 7F040000 		.4byte	0x47f
ARM GAS  C:\Users\divya\AppData\Local\Temp\ccqxeLRR.s 			page 19


 980 0479 05       		.uleb128 0x5
 981 047a 03       		.byte	0x3
 982 047b 00000000 		.4byte	EE_th_rnact_max
 983 047f 13       		.uleb128 0x13
 984 0480 5D040000 		.4byte	0x45d
 985 0484 17       		.uleb128 0x17
 986 0485 D9060000 		.4byte	.LASF72
 987 0489 05       		.byte	0x5
 988 048a 0C01     		.2byte	0x10c
 989 048c 96040000 		.4byte	0x496
 990 0490 05       		.uleb128 0x5
 991 0491 03       		.byte	0x3
 992 0492 00000000 		.4byte	EE_th_ready_prio
 993 0496 13       		.uleb128 0x13
 994 0497 5D040000 		.4byte	0x45d
 995 049b 17       		.uleb128 0x17
 996 049c 1C030000 		.4byte	.LASF73
 997 04a0 05       		.byte	0x5
 998 04a1 4502     		.2byte	0x245
 999 04a3 AD040000 		.4byte	0x4ad
 1000 04a7 05       		.uleb128 0x5
 1001 04a8 03       		.byte	0x3
 1002 04a9 00000000 		.4byte	EE_th_dispatch_prio
 1003 04ad 13       		.uleb128 0x13
 1004 04ae 5D040000 		.4byte	0x45d
 1005 04b2 11       		.uleb128 0x11
 1006 04b3 C2040000 		.4byte	0x4c2
 1007 04b7 C2040000 		.4byte	0x4c2
 1008 04bb 14       		.uleb128 0x14
 1009 04bc 80030000 		.4byte	0x380
 1010 04c0 05       		.byte	0x5
 1011 04c1 00       		.byte	0
 1012 04c2 06       		.uleb128 0x6
 1013 04c3 04       		.byte	0x4
 1014 04c4 CF040000 		.4byte	0x4cf
 1015 04c8 02       		.uleb128 0x2
 1016 04c9 01       		.byte	0x1
 1017 04ca 08       		.byte	0x8
 1018 04cb 21060000 		.4byte	.LASF74
 1019 04cf 13       		.uleb128 0x13
 1020 04d0 C8040000 		.4byte	0x4c8
 1021 04d4 17       		.uleb128 0x17
 1022 04d5 F8040000 		.4byte	.LASF75
 1023 04d9 05       		.byte	0x5
 1024 04da 2801     		.2byte	0x128
 1025 04dc B2040000 		.4byte	0x4b2
 1026 04e0 05       		.uleb128 0x5
 1027 04e1 03       		.byte	0x3
 1028 04e2 00000000 		.4byte	EE_TASK_NAME
 1029 04e6 11       		.uleb128 0x11
 1030 04e7 C2040000 		.4byte	0x4c2
 1031 04eb F6040000 		.4byte	0x4f6
 1032 04ef 14       		.uleb128 0x14
 1033 04f0 80030000 		.4byte	0x380
 1034 04f4 02       		.byte	0x2
 1035 04f5 00       		.byte	0
 1036 04f6 17       		.uleb128 0x17
ARM GAS  C:\Users\divya\AppData\Local\Temp\ccqxeLRR.s 			page 20


 1037 04f7 7C010000 		.4byte	.LASF76
 1038 04fb 05       		.byte	0x5
 1039 04fc 8101     		.2byte	0x181
 1040 04fe E6040000 		.4byte	0x4e6
 1041 0502 05       		.uleb128 0x5
 1042 0503 03       		.byte	0x3
 1043 0504 00000000 		.4byte	EE_EVENT_NAME
 1044 0508 11       		.uleb128 0x11
 1045 0509 C2040000 		.4byte	0x4c2
 1046 050d 18050000 		.4byte	0x518
 1047 0511 14       		.uleb128 0x14
 1048 0512 80030000 		.4byte	0x380
 1049 0516 04       		.byte	0x4
 1050 0517 00       		.byte	0
 1051 0518 17       		.uleb128 0x17
 1052 0519 5F020000 		.4byte	.LASF77
 1053 051d 05       		.byte	0x5
 1054 051e 3D06     		.2byte	0x63d
 1055 0520 08050000 		.4byte	0x508
 1056 0524 05       		.uleb128 0x5
 1057 0525 03       		.byte	0x3
 1058 0526 00000000 		.4byte	EE_ALARM_NAME
 1059 052a 11       		.uleb128 0x11
 1060 052b 3A050000 		.4byte	0x53a
 1061 052f 3A050000 		.4byte	0x53a
 1062 0533 14       		.uleb128 0x14
 1063 0534 80030000 		.4byte	0x380
 1064 0538 02       		.byte	0x2
 1065 0539 00       		.byte	0
 1066 053a 13       		.uleb128 0x13
 1067 053b 40000000 		.4byte	0x40
 1068 053f 17       		.uleb128 0x17
 1069 0540 C6010000 		.4byte	.LASF78
 1070 0544 05       		.byte	0x5
 1071 0545 E201     		.2byte	0x1e2
 1072 0547 51050000 		.4byte	0x551
 1073 054b 05       		.uleb128 0x5
 1074 054c 03       		.byte	0x3
 1075 054d 00000000 		.4byte	EE_EVENT_ID
 1076 0551 13       		.uleb128 0x13
 1077 0552 2A050000 		.4byte	0x52a
 1078 0556 11       		.uleb128 0x11
 1079 0557 3A050000 		.4byte	0x53a
 1080 055b 66050000 		.4byte	0x566
 1081 055f 14       		.uleb128 0x14
 1082 0560 80030000 		.4byte	0x380
 1083 0564 04       		.byte	0x4
 1084 0565 00       		.byte	0
 1085 0566 17       		.uleb128 0x17
 1086 0567 31010000 		.4byte	.LASF79
 1087 056b 05       		.byte	0x5
 1088 056c 5906     		.2byte	0x659
 1089 056e 78050000 		.4byte	0x578
 1090 0572 05       		.uleb128 0x5
 1091 0573 03       		.byte	0x3
 1092 0574 00000000 		.4byte	EE_ALARM_ID
 1093 0578 13       		.uleb128 0x13
ARM GAS  C:\Users\divya\AppData\Local\Temp\ccqxeLRR.s 			page 21


 1094 0579 56050000 		.4byte	0x556
 1095 057d 11       		.uleb128 0x11
 1096 057e B5000000 		.4byte	0xb5
 1097 0582 8D050000 		.4byte	0x58d
 1098 0586 14       		.uleb128 0x14
 1099 0587 80030000 		.4byte	0x380
 1100 058b 05       		.byte	0x5
 1101 058c 00       		.byte	0
 1102 058d 17       		.uleb128 0x17
 1103 058e F9020000 		.4byte	.LASF80
 1104 0592 05       		.byte	0x5
 1105 0593 8102     		.2byte	0x281
 1106 0595 7D050000 		.4byte	0x57d
 1107 0599 05       		.uleb128 0x5
 1108 059a 03       		.byte	0x3
 1109 059b 00000000 		.4byte	EE_th_status
 1110 059f 11       		.uleb128 0x11
 1111 05a0 E1000000 		.4byte	0xe1
 1112 05a4 AF050000 		.4byte	0x5af
 1113 05a8 14       		.uleb128 0x14
 1114 05a9 80030000 		.4byte	0x380
 1115 05ad 05       		.byte	0x5
 1116 05ae 00       		.byte	0
 1117 05af 17       		.uleb128 0x17
 1118 05b0 96040000 		.4byte	.LASF81
 1119 05b4 05       		.byte	0x5
 1120 05b5 9D02     		.2byte	0x29d
 1121 05b7 9F050000 		.4byte	0x59f
 1122 05bb 05       		.uleb128 0x5
 1123 05bc 03       		.byte	0x3
 1124 05bd 00000000 		.4byte	EE_th_next
 1125 05c1 17       		.uleb128 0x17
 1126 05c2 EA060000 		.4byte	.LASF82
 1127 05c6 05       		.byte	0x5
 1128 05c7 C702     		.2byte	0x2c7
 1129 05c9 7D050000 		.4byte	0x57d
 1130 05cd 05       		.uleb128 0x5
 1131 05ce 03       		.byte	0x3
 1132 05cf 00000000 		.4byte	EE_th_rnact
 1133 05d3 17       		.uleb128 0x17
 1134 05d4 05000000 		.4byte	.LASF83
 1135 05d8 05       		.byte	0x5
 1136 05d9 7703     		.2byte	0x377
 1137 05db 9F050000 		.4byte	0x59f
 1138 05df 05       		.uleb128 0x5
 1139 05e0 03       		.byte	0x3
 1140 05e1 00000000 		.4byte	EE_th_terminate_nextask
 1141 05e5 17       		.uleb128 0x17
 1142 05e6 26000000 		.4byte	.LASF84
 1143 05ea 05       		.byte	0x5
 1144 05eb B902     		.2byte	0x2b9
 1145 05ed E1000000 		.4byte	0xe1
 1146 05f1 05       		.uleb128 0x5
 1147 05f2 03       		.byte	0x3
 1148 05f3 00000000 		.4byte	EE_stkfirst
 1149 05f7 17       		.uleb128 0x17
 1150 05f8 91060000 		.4byte	.LASF85
ARM GAS  C:\Users\divya\AppData\Local\Temp\ccqxeLRR.s 			page 22


 1151 05fc 05       		.byte	0x5
 1152 05fd BC02     		.2byte	0x2bc
 1153 05ff B5000000 		.4byte	0xb5
 1154 0603 05       		.uleb128 0x5
 1155 0604 03       		.byte	0x3
 1156 0605 00000000 		.4byte	EE_sys_ceiling
 1157 0609 17       		.uleb128 0x17
 1158 060a E4030000 		.4byte	.LASF86
 1159 060e 05       		.byte	0x5
 1160 060f FD02     		.2byte	0x2fd
 1161 0611 7D050000 		.4byte	0x57d
 1162 0615 05       		.uleb128 0x5
 1163 0616 03       		.byte	0x3
 1164 0617 00000000 		.4byte	EE_rq_link
 1165 061b 11       		.uleb128 0x11
 1166 061c C0000000 		.4byte	0xc0
 1167 0620 2B060000 		.4byte	0x62b
 1168 0624 14       		.uleb128 0x14
 1169 0625 80030000 		.4byte	0x380
 1170 0629 0F       		.byte	0xf
 1171 062a 00       		.byte	0
 1172 062b 17       		.uleb128 0x17
 1173 062c DB010000 		.4byte	.LASF87
 1174 0630 05       		.byte	0x5
 1175 0631 BF02     		.2byte	0x2bf
 1176 0633 1B060000 		.4byte	0x61b
 1177 0637 05       		.uleb128 0x5
 1178 0638 03       		.byte	0x3
 1179 0639 00000000 		.4byte	EE_rq_queues_head
 1180 063d 17       		.uleb128 0x17
 1181 063e C4050000 		.4byte	.LASF88
 1182 0642 05       		.byte	0x5
 1183 0643 C102     		.2byte	0x2c1
 1184 0645 1B060000 		.4byte	0x61b
 1185 0649 05       		.uleb128 0x5
 1186 064a 03       		.byte	0x3
 1187 064b 00000000 		.4byte	EE_rq_queues_tail
 1188 064f 11       		.uleb128 0x11
 1189 0650 C0000000 		.4byte	0xc0
 1190 0654 5F060000 		.4byte	0x65f
 1191 0658 14       		.uleb128 0x14
 1192 0659 80030000 		.4byte	0x380
 1193 065d 05       		.byte	0x5
 1194 065e 00       		.byte	0
 1195 065f 17       		.uleb128 0x17
 1196 0660 D5000000 		.4byte	.LASF89
 1197 0664 05       		.byte	0x5
 1198 0665 1B03     		.2byte	0x31b
 1199 0667 4F060000 		.4byte	0x64f
 1200 066b 05       		.uleb128 0x5
 1201 066c 03       		.byte	0x3
 1202 066d 00000000 		.4byte	EE_rq_pairs_next
 1203 0671 17       		.uleb128 0x17
 1204 0672 F6060000 		.4byte	.LASF90
 1205 0676 05       		.byte	0x5
 1206 0677 7003     		.2byte	0x370
 1207 0679 9F050000 		.4byte	0x59f
ARM GAS  C:\Users\divya\AppData\Local\Temp\ccqxeLRR.s 			page 23


 1208 067d 05       		.uleb128 0x5
 1209 067e 03       		.byte	0x3
 1210 067f 00000000 		.4byte	EE_rq_pairs_tid
 1211 0683 17       		.uleb128 0x17
 1212 0684 FB050000 		.4byte	.LASF91
 1213 0688 05       		.byte	0x5
 1214 0689 C402     		.2byte	0x2c4
 1215 068b 05010000 		.4byte	0x105
 1216 068f 05       		.uleb128 0x5
 1217 0690 03       		.byte	0x3
 1218 0691 00000000 		.4byte	EE_rq_bitmask
 1219 0695 17       		.uleb128 0x17
 1220 0696 D9030000 		.4byte	.LASF92
 1221 069a 05       		.byte	0x5
 1222 069b 7303     		.2byte	0x373
 1223 069d C0000000 		.4byte	0xc0
 1224 06a1 05       		.uleb128 0x5
 1225 06a2 03       		.byte	0x3
 1226 06a3 00000000 		.4byte	EE_rq_free
 1227 06a7 17       		.uleb128 0x17
 1228 06a8 69070000 		.4byte	.LASF93
 1229 06ac 05       		.byte	0x5
 1230 06ad 9A03     		.2byte	0x39a
 1231 06af 7D050000 		.4byte	0x57d
 1232 06b3 05       		.uleb128 0x5
 1233 06b4 03       		.byte	0x3
 1234 06b5 00000000 		.4byte	EE_th_event_active
 1235 06b9 17       		.uleb128 0x17
 1236 06ba CE040000 		.4byte	.LASF94
 1237 06be 05       		.byte	0x5
 1238 06bf B603     		.2byte	0x3b6
 1239 06c1 7D050000 		.4byte	0x57d
 1240 06c5 05       		.uleb128 0x5
 1241 06c6 03       		.byte	0x3
 1242 06c7 00000000 		.4byte	EE_th_event_waitmask
 1243 06cb 11       		.uleb128 0x11
 1244 06cc D6000000 		.4byte	0xd6
 1245 06d0 DB060000 		.4byte	0x6db
 1246 06d4 14       		.uleb128 0x14
 1247 06d5 80030000 		.4byte	0x380
 1248 06d9 05       		.byte	0x5
 1249 06da 00       		.byte	0
 1250 06db 17       		.uleb128 0x17
 1251 06dc 7F020000 		.4byte	.LASF95
 1252 06e0 05       		.byte	0x5
 1253 06e1 D203     		.2byte	0x3d2
 1254 06e3 CB060000 		.4byte	0x6cb
 1255 06e7 05       		.uleb128 0x5
 1256 06e8 03       		.byte	0x3
 1257 06e9 00000000 		.4byte	EE_th_waswaiting
 1258 06ed 17       		.uleb128 0x17
 1259 06ee A1070000 		.4byte	.LASF96
 1260 06f2 05       		.byte	0x5
 1261 06f3 EE03     		.2byte	0x3ee
 1262 06f5 FF060000 		.4byte	0x6ff
 1263 06f9 05       		.uleb128 0x5
 1264 06fa 03       		.byte	0x3
ARM GAS  C:\Users\divya\AppData\Local\Temp\ccqxeLRR.s 			page 24


 1265 06fb 00000000 		.4byte	EE_th_is_extended
 1266 06ff 13       		.uleb128 0x13
 1267 0700 5D040000 		.4byte	0x45d
 1268 0704 11       		.uleb128 0x11
 1269 0705 14070000 		.4byte	0x714
 1270 0709 14070000 		.4byte	0x714
 1271 070d 14       		.uleb128 0x14
 1272 070e 80030000 		.4byte	0x380
 1273 0712 00       		.byte	0
 1274 0713 00       		.byte	0
 1275 0714 13       		.uleb128 0x13
 1276 0715 8A010000 		.4byte	0x18a
 1277 0719 17       		.uleb128 0x17
 1278 071a 27040000 		.4byte	.LASF97
 1279 071e 05       		.byte	0x5
 1280 071f FF05     		.2byte	0x5ff
 1281 0721 2B070000 		.4byte	0x72b
 1282 0725 05       		.uleb128 0x5
 1283 0726 03       		.byte	0x3
 1284 0727 00000000 		.4byte	EE_counter_ROM
 1285 072b 13       		.uleb128 0x13
 1286 072c 04070000 		.4byte	0x704
 1287 0730 11       		.uleb128 0x11
 1288 0731 40070000 		.4byte	0x740
 1289 0735 40070000 		.4byte	0x740
 1290 0739 14       		.uleb128 0x14
 1291 073a 80030000 		.4byte	0x380
 1292 073e 04       		.byte	0x4
 1293 073f 00       		.byte	0
 1294 0740 13       		.uleb128 0x13
 1295 0741 27020000 		.4byte	0x227
 1296 0745 17       		.uleb128 0x17
 1297 0746 62030000 		.4byte	.LASF98
 1298 074a 05       		.byte	0x5
 1299 074b 9606     		.2byte	0x696
 1300 074d 57070000 		.4byte	0x757
 1301 0751 05       		.uleb128 0x5
 1302 0752 03       		.byte	0x3
 1303 0753 00000000 		.4byte	EE_oo_counter_object_ROM
 1304 0757 13       		.uleb128 0x13
 1305 0758 30070000 		.4byte	0x730
 1306 075c 11       		.uleb128 0x11
 1307 075d 6C070000 		.4byte	0x76c
 1308 0761 6C070000 		.4byte	0x76c
 1309 0765 14       		.uleb128 0x14
 1310 0766 80030000 		.4byte	0x380
 1311 076a 04       		.byte	0x4
 1312 076b 00       		.byte	0
 1313 076c 13       		.uleb128 0x13
 1314 076d 04030000 		.4byte	0x304
 1315 0771 17       		.uleb128 0x17
 1316 0772 98030000 		.4byte	.LASF99
 1317 0776 05       		.byte	0x5
 1318 0777 BA06     		.2byte	0x6ba
 1319 0779 83070000 		.4byte	0x783
 1320 077d 05       		.uleb128 0x5
 1321 077e 03       		.byte	0x3
ARM GAS  C:\Users\divya\AppData\Local\Temp\ccqxeLRR.s 			page 25


 1322 077f 00000000 		.4byte	EE_oo_action_ROM
 1323 0783 13       		.uleb128 0x13
 1324 0784 5C070000 		.4byte	0x75c
 1325 0788 11       		.uleb128 0x11
 1326 0789 98070000 		.4byte	0x798
 1327 078d 98070000 		.4byte	0x798
 1328 0791 14       		.uleb128 0x14
 1329 0792 80030000 		.4byte	0x380
 1330 0796 04       		.byte	0x4
 1331 0797 00       		.byte	0
 1332 0798 13       		.uleb128 0x13
 1333 0799 27030000 		.4byte	0x327
 1334 079d 17       		.uleb128 0x17
 1335 079e 8A010000 		.4byte	.LASF100
 1336 07a2 05       		.byte	0x5
 1337 07a3 2006     		.2byte	0x620
 1338 07a5 AF070000 		.4byte	0x7af
 1339 07a9 05       		.uleb128 0x5
 1340 07aa 03       		.byte	0x3
 1341 07ab 00000000 		.4byte	EE_alarm_ROM
 1342 07af 13       		.uleb128 0x13
 1343 07b0 88070000 		.4byte	0x788
 1344 07b4 11       		.uleb128 0x11
 1345 07b5 BA010000 		.4byte	0x1ba
 1346 07b9 C4070000 		.4byte	0x7c4
 1347 07bd 14       		.uleb128 0x14
 1348 07be 80030000 		.4byte	0x380
 1349 07c2 00       		.byte	0
 1350 07c3 00       		.byte	0
 1351 07c4 17       		.uleb128 0x17
 1352 07c5 57060000 		.4byte	.LASF101
 1353 07c9 05       		.byte	0x5
 1354 07ca 0C06     		.2byte	0x60c
 1355 07cc B4070000 		.4byte	0x7b4
 1356 07d0 05       		.uleb128 0x5
 1357 07d1 03       		.byte	0x3
 1358 07d2 00000000 		.4byte	EE_counter_RAM
 1359 07d6 11       		.uleb128 0x11
 1360 07d7 71020000 		.4byte	0x271
 1361 07db E6070000 		.4byte	0x7e6
 1362 07df 14       		.uleb128 0x14
 1363 07e0 80030000 		.4byte	0x380
 1364 07e4 04       		.byte	0x4
 1365 07e5 00       		.byte	0
 1366 07e6 17       		.uleb128 0x17
 1367 07e7 B1060000 		.4byte	.LASF102
 1368 07eb 05       		.byte	0x5
 1369 07ec B106     		.2byte	0x6b1
 1370 07ee D6070000 		.4byte	0x7d6
 1371 07f2 05       		.uleb128 0x5
 1372 07f3 03       		.byte	0x3
 1373 07f4 00000000 		.4byte	EE_oo_counter_object_RAM
 1374 07f8 11       		.uleb128 0x11
 1375 07f9 08080000 		.4byte	0x808
 1376 07fd 08080000 		.4byte	0x808
 1377 0801 14       		.uleb128 0x14
 1378 0802 80030000 		.4byte	0x380
ARM GAS  C:\Users\divya\AppData\Local\Temp\ccqxeLRR.s 			page 26


 1379 0806 00       		.byte	0
 1380 0807 00       		.byte	0
 1381 0808 13       		.uleb128 0x13
 1382 0809 33030000 		.4byte	0x333
 1383 080d 17       		.uleb128 0x17
 1384 080e BB070000 		.4byte	.LASF103
 1385 0812 05       		.byte	0x5
 1386 0813 9607     		.2byte	0x796
 1387 0815 1F080000 		.4byte	0x81f
 1388 0819 05       		.uleb128 0x5
 1389 081a 03       		.byte	0x3
 1390 081b 00000000 		.4byte	EE_oo_autostart_task_data
 1391 081f 13       		.uleb128 0x13
 1392 0820 F8070000 		.4byte	0x7f8
 1393 0824 18       		.uleb128 0x18
 1394 0825 C2020000 		.4byte	.LASF104
 1395 0829 06       		.byte	0x6
 1396 082a 40       		.byte	0x40
 1397 082b B5000000 		.4byte	0xb5
 1398 082f 18       		.uleb128 0x18
 1399 0830 ED010000 		.4byte	.LASF105
 1400 0834 06       		.byte	0x6
 1401 0835 47       		.byte	0x47
 1402 0836 CB000000 		.4byte	0xcb
 1403 083a 17       		.uleb128 0x17
 1404 083b 85030000 		.4byte	.LASF106
 1405 083f 05       		.byte	0x5
 1406 0840 5C07     		.2byte	0x75c
 1407 0842 B5000000 		.4byte	0xb5
 1408 0846 05       		.uleb128 0x5
 1409 0847 03       		.byte	0x3
 1410 0848 00000000 		.4byte	EE_ApplicationMode
 1411 084c 18       		.uleb128 0x18
 1412 084d 06020000 		.4byte	.LASF107
 1413 0851 07       		.byte	0x7
 1414 0852 48       		.byte	0x48
 1415 0853 E1000000 		.4byte	0xe1
 1416 0857 18       		.uleb128 0x18
 1417 0858 06070000 		.4byte	.LASF108
 1418 085c 08       		.byte	0x8
 1419 085d 44       		.byte	0x44
 1420 085e B5000000 		.4byte	0xb5
 1421 0862 16       		.uleb128 0x16
 1422 0863 85000000 		.4byte	.LASF109
 1423 0867 05       		.byte	0x5
 1424 0868 AD       		.byte	0xad
 1425 0869 EC000000 		.4byte	0xec
 1426 086d 05       		.uleb128 0x5
 1427 086e 03       		.byte	0x3
 1428 086f 00000000 		.4byte	EE_cortex_mx_IRQ_tos
 1429 0873 11       		.uleb128 0x11
 1430 0874 55000000 		.4byte	0x55
 1431 0878 84080000 		.4byte	0x884
 1432 087c 19       		.uleb128 0x19
 1433 087d 80030000 		.4byte	0x380
 1434 0881 E703     		.2byte	0x3e7
 1435 0883 00       		.byte	0
ARM GAS  C:\Users\divya\AppData\Local\Temp\ccqxeLRR.s 			page 27


 1436 0884 16       		.uleb128 0x16
 1437 0885 E3040000 		.4byte	.LASF110
 1438 0889 05       		.byte	0x5
 1439 088a 19       		.byte	0x19
 1440 088b 73080000 		.4byte	0x873
 1441 088f 05       		.uleb128 0x5
 1442 0890 03       		.byte	0x3
 1443 0891 00000000 		.4byte	EE_cortex_mx_stack_3
 1444 0895 11       		.uleb128 0x11
 1445 0896 55000000 		.4byte	0x55
 1446 089a A5080000 		.4byte	0x8a5
 1447 089e 14       		.uleb128 0x14
 1448 089f 80030000 		.4byte	0x380
 1449 08a3 7F       		.byte	0x7f
 1450 08a4 00       		.byte	0
 1451 08a5 16       		.uleb128 0x16
 1452 08a6 30030000 		.4byte	.LASF111
 1453 08aa 05       		.byte	0x5
 1454 08ab 32       		.byte	0x32
 1455 08ac 95080000 		.4byte	0x895
 1456 08b0 05       		.uleb128 0x5
 1457 08b1 03       		.byte	0x3
 1458 08b2 00000000 		.4byte	EE_cortex_mx_stack_9
 1459 08b6 00       		.byte	0
 1460              		.section	.debug_abbrev,"",%progbits
 1461              	.Ldebug_abbrev0:
 1462 0000 01       		.uleb128 0x1
 1463 0001 11       		.uleb128 0x11
 1464 0002 01       		.byte	0x1
 1465 0003 25       		.uleb128 0x25
 1466 0004 0E       		.uleb128 0xe
 1467 0005 13       		.uleb128 0x13
 1468 0006 0B       		.uleb128 0xb
 1469 0007 03       		.uleb128 0x3
 1470 0008 0E       		.uleb128 0xe
 1471 0009 1B       		.uleb128 0x1b
 1472 000a 0E       		.uleb128 0xe
 1473 000b 10       		.uleb128 0x10
 1474 000c 17       		.uleb128 0x17
 1475 000d 00       		.byte	0
 1476 000e 00       		.byte	0
 1477 000f 02       		.uleb128 0x2
 1478 0010 24       		.uleb128 0x24
 1479 0011 00       		.byte	0
 1480 0012 0B       		.uleb128 0xb
 1481 0013 0B       		.uleb128 0xb
 1482 0014 3E       		.uleb128 0x3e
 1483 0015 0B       		.uleb128 0xb
 1484 0016 03       		.uleb128 0x3
 1485 0017 0E       		.uleb128 0xe
 1486 0018 00       		.byte	0
 1487 0019 00       		.byte	0
 1488 001a 03       		.uleb128 0x3
 1489 001b 24       		.uleb128 0x24
 1490 001c 00       		.byte	0
 1491 001d 0B       		.uleb128 0xb
 1492 001e 0B       		.uleb128 0xb
ARM GAS  C:\Users\divya\AppData\Local\Temp\ccqxeLRR.s 			page 28


 1493 001f 3E       		.uleb128 0x3e
 1494 0020 0B       		.uleb128 0xb
 1495 0021 03       		.uleb128 0x3
 1496 0022 08       		.uleb128 0x8
 1497 0023 00       		.byte	0
 1498 0024 00       		.byte	0
 1499 0025 04       		.uleb128 0x4
 1500 0026 16       		.uleb128 0x16
 1501 0027 00       		.byte	0
 1502 0028 03       		.uleb128 0x3
 1503 0029 0E       		.uleb128 0xe
 1504 002a 3A       		.uleb128 0x3a
 1505 002b 0B       		.uleb128 0xb
 1506 002c 3B       		.uleb128 0x3b
 1507 002d 0B       		.uleb128 0xb
 1508 002e 49       		.uleb128 0x49
 1509 002f 13       		.uleb128 0x13
 1510 0030 00       		.byte	0
 1511 0031 00       		.byte	0
 1512 0032 05       		.uleb128 0x5
 1513 0033 0F       		.uleb128 0xf
 1514 0034 00       		.byte	0
 1515 0035 0B       		.uleb128 0xb
 1516 0036 0B       		.uleb128 0xb
 1517 0037 00       		.byte	0
 1518 0038 00       		.byte	0
 1519 0039 06       		.uleb128 0x6
 1520 003a 0F       		.uleb128 0xf
 1521 003b 00       		.byte	0
 1522 003c 0B       		.uleb128 0xb
 1523 003d 0B       		.uleb128 0xb
 1524 003e 49       		.uleb128 0x49
 1525 003f 13       		.uleb128 0x13
 1526 0040 00       		.byte	0
 1527 0041 00       		.byte	0
 1528 0042 07       		.uleb128 0x7
 1529 0043 15       		.uleb128 0x15
 1530 0044 00       		.byte	0
 1531 0045 27       		.uleb128 0x27
 1532 0046 19       		.uleb128 0x19
 1533 0047 00       		.byte	0
 1534 0048 00       		.byte	0
 1535 0049 08       		.uleb128 0x8
 1536 004a 13       		.uleb128 0x13
 1537 004b 01       		.byte	0x1
 1538 004c 03       		.uleb128 0x3
 1539 004d 0E       		.uleb128 0xe
 1540 004e 0B       		.uleb128 0xb
 1541 004f 0B       		.uleb128 0xb
 1542 0050 3A       		.uleb128 0x3a
 1543 0051 0B       		.uleb128 0xb
 1544 0052 3B       		.uleb128 0x3b
 1545 0053 0B       		.uleb128 0xb
 1546 0054 01       		.uleb128 0x1
 1547 0055 13       		.uleb128 0x13
 1548 0056 00       		.byte	0
 1549 0057 00       		.byte	0
ARM GAS  C:\Users\divya\AppData\Local\Temp\ccqxeLRR.s 			page 29


 1550 0058 09       		.uleb128 0x9
 1551 0059 0D       		.uleb128 0xd
 1552 005a 00       		.byte	0
 1553 005b 03       		.uleb128 0x3
 1554 005c 0E       		.uleb128 0xe
 1555 005d 3A       		.uleb128 0x3a
 1556 005e 0B       		.uleb128 0xb
 1557 005f 3B       		.uleb128 0x3b
 1558 0060 0B       		.uleb128 0xb
 1559 0061 49       		.uleb128 0x49
 1560 0062 13       		.uleb128 0x13
 1561 0063 38       		.uleb128 0x38
 1562 0064 0B       		.uleb128 0xb
 1563 0065 00       		.byte	0
 1564 0066 00       		.byte	0
 1565 0067 0A       		.uleb128 0xa
 1566 0068 16       		.uleb128 0x16
 1567 0069 00       		.byte	0
 1568 006a 03       		.uleb128 0x3
 1569 006b 0E       		.uleb128 0xe
 1570 006c 3A       		.uleb128 0x3a
 1571 006d 0B       		.uleb128 0xb
 1572 006e 3B       		.uleb128 0x3b
 1573 006f 05       		.uleb128 0x5
 1574 0070 49       		.uleb128 0x49
 1575 0071 13       		.uleb128 0x13
 1576 0072 00       		.byte	0
 1577 0073 00       		.byte	0
 1578 0074 0B       		.uleb128 0xb
 1579 0075 13       		.uleb128 0x13
 1580 0076 01       		.byte	0x1
 1581 0077 0B       		.uleb128 0xb
 1582 0078 0B       		.uleb128 0xb
 1583 0079 3A       		.uleb128 0x3a
 1584 007a 0B       		.uleb128 0xb
 1585 007b 3B       		.uleb128 0x3b
 1586 007c 05       		.uleb128 0x5
 1587 007d 01       		.uleb128 0x1
 1588 007e 13       		.uleb128 0x13
 1589 007f 00       		.byte	0
 1590 0080 00       		.byte	0
 1591 0081 0C       		.uleb128 0xc
 1592 0082 0D       		.uleb128 0xd
 1593 0083 00       		.byte	0
 1594 0084 03       		.uleb128 0x3
 1595 0085 0E       		.uleb128 0xe
 1596 0086 3A       		.uleb128 0x3a
 1597 0087 0B       		.uleb128 0xb
 1598 0088 3B       		.uleb128 0x3b
 1599 0089 05       		.uleb128 0x5
 1600 008a 49       		.uleb128 0x49
 1601 008b 13       		.uleb128 0x13
 1602 008c 38       		.uleb128 0x38
 1603 008d 0B       		.uleb128 0xb
 1604 008e 00       		.byte	0
 1605 008f 00       		.byte	0
 1606 0090 0D       		.uleb128 0xd
ARM GAS  C:\Users\divya\AppData\Local\Temp\ccqxeLRR.s 			page 30


 1607 0091 04       		.uleb128 0x4
 1608 0092 01       		.byte	0x1
 1609 0093 0B       		.uleb128 0xb
 1610 0094 0B       		.uleb128 0xb
 1611 0095 49       		.uleb128 0x49
 1612 0096 13       		.uleb128 0x13
 1613 0097 3A       		.uleb128 0x3a
 1614 0098 0B       		.uleb128 0xb
 1615 0099 3B       		.uleb128 0x3b
 1616 009a 05       		.uleb128 0x5
 1617 009b 01       		.uleb128 0x1
 1618 009c 13       		.uleb128 0x13
 1619 009d 00       		.byte	0
 1620 009e 00       		.byte	0
 1621 009f 0E       		.uleb128 0xe
 1622 00a0 28       		.uleb128 0x28
 1623 00a1 00       		.byte	0
 1624 00a2 03       		.uleb128 0x3
 1625 00a3 0E       		.uleb128 0xe
 1626 00a4 1C       		.uleb128 0x1c
 1627 00a5 0B       		.uleb128 0xb
 1628 00a6 00       		.byte	0
 1629 00a7 00       		.byte	0
 1630 00a8 0F       		.uleb128 0xf
 1631 00a9 0D       		.uleb128 0xd
 1632 00aa 00       		.byte	0
 1633 00ab 03       		.uleb128 0x3
 1634 00ac 08       		.uleb128 0x8
 1635 00ad 3A       		.uleb128 0x3a
 1636 00ae 0B       		.uleb128 0xb
 1637 00af 3B       		.uleb128 0x3b
 1638 00b0 05       		.uleb128 0x5
 1639 00b1 49       		.uleb128 0x49
 1640 00b2 13       		.uleb128 0x13
 1641 00b3 38       		.uleb128 0x38
 1642 00b4 0B       		.uleb128 0xb
 1643 00b5 00       		.byte	0
 1644 00b6 00       		.byte	0
 1645 00b7 10       		.uleb128 0x10
 1646 00b8 13       		.uleb128 0x13
 1647 00b9 01       		.byte	0x1
 1648 00ba 03       		.uleb128 0x3
 1649 00bb 0E       		.uleb128 0xe
 1650 00bc 0B       		.uleb128 0xb
 1651 00bd 0B       		.uleb128 0xb
 1652 00be 3A       		.uleb128 0x3a
 1653 00bf 0B       		.uleb128 0xb
 1654 00c0 3B       		.uleb128 0x3b
 1655 00c1 05       		.uleb128 0x5
 1656 00c2 01       		.uleb128 0x1
 1657 00c3 13       		.uleb128 0x13
 1658 00c4 00       		.byte	0
 1659 00c5 00       		.byte	0
 1660 00c6 11       		.uleb128 0x11
 1661 00c7 01       		.uleb128 0x1
 1662 00c8 01       		.byte	0x1
 1663 00c9 49       		.uleb128 0x49
ARM GAS  C:\Users\divya\AppData\Local\Temp\ccqxeLRR.s 			page 31


 1664 00ca 13       		.uleb128 0x13
 1665 00cb 01       		.uleb128 0x1
 1666 00cc 13       		.uleb128 0x13
 1667 00cd 00       		.byte	0
 1668 00ce 00       		.byte	0
 1669 00cf 12       		.uleb128 0x12
 1670 00d0 21       		.uleb128 0x21
 1671 00d1 00       		.byte	0
 1672 00d2 00       		.byte	0
 1673 00d3 00       		.byte	0
 1674 00d4 13       		.uleb128 0x13
 1675 00d5 26       		.uleb128 0x26
 1676 00d6 00       		.byte	0
 1677 00d7 49       		.uleb128 0x49
 1678 00d8 13       		.uleb128 0x13
 1679 00d9 00       		.byte	0
 1680 00da 00       		.byte	0
 1681 00db 14       		.uleb128 0x14
 1682 00dc 21       		.uleb128 0x21
 1683 00dd 00       		.byte	0
 1684 00de 49       		.uleb128 0x49
 1685 00df 13       		.uleb128 0x13
 1686 00e0 2F       		.uleb128 0x2f
 1687 00e1 0B       		.uleb128 0xb
 1688 00e2 00       		.byte	0
 1689 00e3 00       		.byte	0
 1690 00e4 15       		.uleb128 0x15
 1691 00e5 34       		.uleb128 0x34
 1692 00e6 00       		.byte	0
 1693 00e7 03       		.uleb128 0x3
 1694 00e8 0E       		.uleb128 0xe
 1695 00e9 3A       		.uleb128 0x3a
 1696 00ea 0B       		.uleb128 0xb
 1697 00eb 3B       		.uleb128 0x3b
 1698 00ec 05       		.uleb128 0x5
 1699 00ed 49       		.uleb128 0x49
 1700 00ee 13       		.uleb128 0x13
 1701 00ef 02       		.uleb128 0x2
 1702 00f0 18       		.uleb128 0x18
 1703 00f1 00       		.byte	0
 1704 00f2 00       		.byte	0
 1705 00f3 16       		.uleb128 0x16
 1706 00f4 34       		.uleb128 0x34
 1707 00f5 00       		.byte	0
 1708 00f6 03       		.uleb128 0x3
 1709 00f7 0E       		.uleb128 0xe
 1710 00f8 3A       		.uleb128 0x3a
 1711 00f9 0B       		.uleb128 0xb
 1712 00fa 3B       		.uleb128 0x3b
 1713 00fb 0B       		.uleb128 0xb
 1714 00fc 49       		.uleb128 0x49
 1715 00fd 13       		.uleb128 0x13
 1716 00fe 3F       		.uleb128 0x3f
 1717 00ff 19       		.uleb128 0x19
 1718 0100 02       		.uleb128 0x2
 1719 0101 18       		.uleb128 0x18
 1720 0102 00       		.byte	0
ARM GAS  C:\Users\divya\AppData\Local\Temp\ccqxeLRR.s 			page 32


 1721 0103 00       		.byte	0
 1722 0104 17       		.uleb128 0x17
 1723 0105 34       		.uleb128 0x34
 1724 0106 00       		.byte	0
 1725 0107 03       		.uleb128 0x3
 1726 0108 0E       		.uleb128 0xe
 1727 0109 3A       		.uleb128 0x3a
 1728 010a 0B       		.uleb128 0xb
 1729 010b 3B       		.uleb128 0x3b
 1730 010c 05       		.uleb128 0x5
 1731 010d 49       		.uleb128 0x49
 1732 010e 13       		.uleb128 0x13
 1733 010f 3F       		.uleb128 0x3f
 1734 0110 19       		.uleb128 0x19
 1735 0111 02       		.uleb128 0x2
 1736 0112 18       		.uleb128 0x18
 1737 0113 00       		.byte	0
 1738 0114 00       		.byte	0
 1739 0115 18       		.uleb128 0x18
 1740 0116 34       		.uleb128 0x34
 1741 0117 00       		.byte	0
 1742 0118 03       		.uleb128 0x3
 1743 0119 0E       		.uleb128 0xe
 1744 011a 3A       		.uleb128 0x3a
 1745 011b 0B       		.uleb128 0xb
 1746 011c 3B       		.uleb128 0x3b
 1747 011d 0B       		.uleb128 0xb
 1748 011e 49       		.uleb128 0x49
 1749 011f 13       		.uleb128 0x13
 1750 0120 3F       		.uleb128 0x3f
 1751 0121 19       		.uleb128 0x19
 1752 0122 3C       		.uleb128 0x3c
 1753 0123 19       		.uleb128 0x19
 1754 0124 00       		.byte	0
 1755 0125 00       		.byte	0
 1756 0126 19       		.uleb128 0x19
 1757 0127 21       		.uleb128 0x21
 1758 0128 00       		.byte	0
 1759 0129 49       		.uleb128 0x49
 1760 012a 13       		.uleb128 0x13
 1761 012b 2F       		.uleb128 0x2f
 1762 012c 05       		.uleb128 0x5
 1763 012d 00       		.byte	0
 1764 012e 00       		.byte	0
 1765 012f 00       		.byte	0
 1766              		.section	.debug_aranges,"",%progbits
 1767 0000 14000000 		.4byte	0x14
 1768 0004 0200     		.2byte	0x2
 1769 0006 00000000 		.4byte	.Ldebug_info0
 1770 000a 04       		.byte	0x4
 1771 000b 00       		.byte	0
 1772 000c 0000     		.2byte	0
 1773 000e 0000     		.2byte	0
 1774 0010 00000000 		.4byte	0
 1775 0014 00000000 		.4byte	0
 1776              		.section	.debug_line,"",%progbits
 1777              	.Ldebug_line0:
ARM GAS  C:\Users\divya\AppData\Local\Temp\ccqxeLRR.s 			page 33


 1778 0000 38010000 		.section	.debug_str,"MS",%progbits,1
 1778      02003201 
 1778      00000201 
 1778      FB0E0D00 
 1778      01010101 
 1779              	.LASF46:
 1780 0000 6E657874 		.ascii	"next\000"
 1780      00
 1781              	.LASF83:
 1782 0005 45455F74 		.ascii	"EE_th_terminate_nextask\000"
 1782      685F7465 
 1782      726D696E 
 1782      6174655F 
 1782      6E657874 
 1783              	.LASF24:
 1784 001d 5469636B 		.ascii	"TickType\000"
 1784      54797065 
 1784      00
 1785              	.LASF84:
 1786 0026 45455F73 		.ascii	"EE_stkfirst\000"
 1786      746B6669 
 1786      72737400 
 1787              	.LASF114:
 1788 0032 433A5C55 		.ascii	"C:\\Users\\divya\\Documents\\PSoC Creator\\LABASSIG"
 1788      73657273 
 1788      5C646976 
 1788      79615C44 
 1788      6F63756D 
 1789 0060 4E4D454E 		.ascii	"NMENT\\ReactionGame.cydsn\000"
 1789      545C5265 
 1789      61637469 
 1789      6F6E4761 
 1789      6D652E63 
 1790              	.LASF19:
 1791 0079 45455F54 		.ascii	"EE_TYPEBOOL\000"
 1791      59504542 
 1791      4F4F4C00 
 1792              	.LASF109:
 1793 0085 45455F63 		.ascii	"EE_cortex_mx_IRQ_tos\000"
 1793      6F727465 
 1793      785F6D78 
 1793      5F495251 
 1793      5F746F73 
 1794              	.LASF7:
 1795 009a 6C6F6E67 		.ascii	"long long unsigned int\000"
 1795      206C6F6E 
 1795      6720756E 
 1795      7369676E 
 1795      65642069 
 1796              	.LASF45:
 1797 00b1 64656C74 		.ascii	"delta\000"
 1797      6100
 1798              	.LASF42:
 1799 00b7 45455F6F 		.ascii	"EE_oo_counter_object_ROM_type\000"
 1799      6F5F636F 
 1799      756E7465 
 1799      725F6F62 
ARM GAS  C:\Users\divya\AppData\Local\Temp\ccqxeLRR.s 			page 34


 1799      6A656374 
 1800              	.LASF89:
 1801 00d5 45455F72 		.ascii	"EE_rq_pairs_next\000"
 1801      715F7061 
 1801      6972735F 
 1801      6E657874 
 1801      00
 1802              	.LASF22:
 1803 00e6 5461736B 		.ascii	"TaskType\000"
 1803      54797065 
 1803      00
 1804              	.LASF61:
 1805 00ef 45455F54 		.ascii	"EE_TOS\000"
 1805      4F5300
 1806              	.LASF29:
 1807 00f6 6D617861 		.ascii	"maxallowedvalue\000"
 1807      6C6C6F77 
 1807      65647661 
 1807      6C756500 
 1808              	.LASF115:
 1809 0106 45455F6F 		.ascii	"EE_oo_autostart_task_mode_OSDEFAULTAPPMODE\000"
 1809      6F5F6175 
 1809      746F7374 
 1809      6172745F 
 1809      7461736B 
 1810              	.LASF79:
 1811 0131 45455F41 		.ascii	"EE_ALARM_ID\000"
 1811      4C41524D 
 1811      5F494400 
 1812              	.LASF6:
 1813 013d 6C6F6E67 		.ascii	"long long int\000"
 1813      206C6F6E 
 1813      6720696E 
 1813      7400
 1814              	.LASF0:
 1815 014b 7369676E 		.ascii	"signed char\000"
 1815      65642063 
 1815      68617200 
 1816              	.LASF52:
 1817 0157 45455F6F 		.ascii	"EE_oo_action_kind_type\000"
 1817      6F5F6163 
 1817      74696F6E 
 1817      5F6B696E 
 1817      645F7479 
 1818              	.LASF23:
 1819 016e 4576656E 		.ascii	"EventMaskType\000"
 1819      744D6173 
 1819      6B547970 
 1819      6500
 1820              	.LASF76:
 1821 017c 45455F45 		.ascii	"EE_EVENT_NAME\000"
 1821      56454E54 
 1821      5F4E414D 
 1821      4500
 1822              	.LASF100:
 1823 018a 45455F61 		.ascii	"EE_alarm_ROM\000"
 1823      6C61726D 
ARM GAS  C:\Users\divya\AppData\Local\Temp\ccqxeLRR.s 			page 35


 1823      5F524F4D 
 1823      00
 1824              	.LASF70:
 1825 0197 45455F63 		.ascii	"EE_cortex_mx_active_tos\000"
 1825      6F727465 
 1825      785F6D78 
 1825      5F616374 
 1825      6976655F 
 1826              	.LASF35:
 1827 01af 45455F6F 		.ascii	"EE_oo_counter_RAM_type\000"
 1827      6F5F636F 
 1827      756E7465 
 1827      725F5241 
 1827      4D5F7479 
 1828              	.LASF78:
 1829 01c6 45455F45 		.ascii	"EE_EVENT_ID\000"
 1829      56454E54 
 1829      5F494400 
 1830              	.LASF4:
 1831 01d2 6C6F6E67 		.ascii	"long int\000"
 1831      20696E74 
 1831      00
 1832              	.LASF87:
 1833 01db 45455F72 		.ascii	"EE_rq_queues_head\000"
 1833      715F7175 
 1833      65756573 
 1833      5F686561 
 1833      6400
 1834              	.LASF105:
 1835 01ed 45455F6F 		.ascii	"EE_oo_IRQ_suspend_status\000"
 1835      6F5F4952 
 1835      515F7375 
 1835      7370656E 
 1835      645F7374 
 1836              	.LASF107:
 1837 0206 45455F73 		.ascii	"EE_std_endcycle_next_tid\000"
 1837      74645F65 
 1837      6E646379 
 1837      636C655F 
 1837      6E657874 
 1838              	.LASF31:
 1839 021f 6D696E63 		.ascii	"mincycle\000"
 1839      79636C65 
 1839      00
 1840              	.LASF20:
 1841 0228 45455F54 		.ascii	"EE_TID\000"
 1841      494400
 1842              	.LASF33:
 1843 022f 76616C75 		.ascii	"value\000"
 1843      6500
 1844              	.LASF8:
 1845 0235 756E7369 		.ascii	"unsigned int\000"
 1845      676E6564 
 1845      20696E74 
 1845      00
 1846              	.LASF16:
 1847 0242 45455F55 		.ascii	"EE_UREG\000"
ARM GAS  C:\Users\divya\AppData\Local\Temp\ccqxeLRR.s 			page 36


 1847      52454700 
 1848              	.LASF60:
 1849 024a 45455F6F 		.ascii	"EE_oo_alarm_ROM_type\000"
 1849      6F5F616C 
 1849      61726D5F 
 1849      524F4D5F 
 1849      74797065 
 1850              	.LASF77:
 1851 025f 45455F41 		.ascii	"EE_ALARM_NAME\000"
 1851      4C41524D 
 1851      5F4E414D 
 1851      4500
 1852              	.LASF5:
 1853 026d 6C6F6E67 		.ascii	"long unsigned int\000"
 1853      20756E73 
 1853      69676E65 
 1853      6420696E 
 1853      7400
 1854              	.LASF95:
 1855 027f 45455F74 		.ascii	"EE_th_waswaiting\000"
 1855      685F7761 
 1855      73776169 
 1855      74696E67 
 1855      00
 1856              	.LASF62:
 1857 0290 45455F6F 		.ascii	"EE_oo_autostart_task_type\000"
 1857      6F5F6175 
 1857      746F7374 
 1857      6172745F 
 1857      7461736B 
 1858              	.LASF41:
 1859 02aa 6B696E64 		.ascii	"kind\000"
 1859      00
 1860              	.LASF3:
 1861 02af 73686F72 		.ascii	"short unsigned int\000"
 1861      7420756E 
 1861      7369676E 
 1861      65642069 
 1861      6E7400
 1862              	.LASF104:
 1863 02c2 45455F6F 		.ascii	"EE_oo_IRQ_disable_count\000"
 1863      6F5F4952 
 1863      515F6469 
 1863      7361626C 
 1863      655F636F 
 1864              	.LASF38:
 1865 02da 45455F6F 		.ascii	"EE_oo_counter_object_kind_type\000"
 1865      6F5F636F 
 1865      756E7465 
 1865      725F6F62 
 1865      6A656374 
 1866              	.LASF80:
 1867 02f9 45455F74 		.ascii	"EE_th_status\000"
 1867      685F7374 
 1867      61747573 
 1867      00
 1868              	.LASF39:
ARM GAS  C:\Users\divya\AppData\Local\Temp\ccqxeLRR.s 			page 37


 1869 0306 436F756E 		.ascii	"CounterObjectKindType\000"
 1869      7465724F 
 1869      626A6563 
 1869      744B696E 
 1869      64547970 
 1870              	.LASF73:
 1871 031c 45455F74 		.ascii	"EE_th_dispatch_prio\000"
 1871      685F6469 
 1871      73706174 
 1871      63685F70 
 1871      72696F00 
 1872              	.LASF111:
 1873 0330 45455F63 		.ascii	"EE_cortex_mx_stack_9\000"
 1873      6F727465 
 1873      785F6D78 
 1873      5F737461 
 1873      636B5F39 
 1874              	.LASF14:
 1875 0345 45455F56 		.ascii	"EE_VOID_CALLBACK\000"
 1875      4F49445F 
 1875      43414C4C 
 1875      4241434B 
 1875      00
 1876              	.LASF27:
 1877 0356 436F756E 		.ascii	"CounterType\000"
 1877      74657254 
 1877      79706500 
 1878              	.LASF98:
 1879 0362 45455F6F 		.ascii	"EE_oo_counter_object_ROM\000"
 1879      6F5F636F 
 1879      756E7465 
 1879      725F6F62 
 1879      6A656374 
 1880              	.LASF59:
 1881 037b 61637469 		.ascii	"action_id\000"
 1881      6F6E5F69 
 1881      6400
 1882              	.LASF106:
 1883 0385 45455F41 		.ascii	"EE_ApplicationMode\000"
 1883      70706C69 
 1883      63617469 
 1883      6F6E4D6F 
 1883      646500
 1884              	.LASF99:
 1885 0398 45455F6F 		.ascii	"EE_oo_action_ROM\000"
 1885      6F5F6163 
 1885      74696F6E 
 1885      5F524F4D 
 1885      00
 1886              	.LASF21:
 1887 03a9 45455F54 		.ascii	"EE_TYPE_RQ_MASK\000"
 1887      5950455F 
 1887      52515F4D 
 1887      41534B00 
 1888              	.LASF26:
 1889 03b9 41637469 		.ascii	"ActionType\000"
 1889      6F6E5479 
ARM GAS  C:\Users\divya\AppData\Local\Temp\ccqxeLRR.s 			page 38


 1889      706500
 1890              	.LASF64:
 1891 03c4 73697A65 		.ascii	"sizetype\000"
 1891      74797065 
 1891      00
 1892              	.LASF9:
 1893 03cd 6C6F6E67 		.ascii	"long double\000"
 1893      20646F75 
 1893      626C6500 
 1894              	.LASF92:
 1895 03d9 45455F72 		.ascii	"EE_rq_free\000"
 1895      715F6672 
 1895      656500
 1896              	.LASF86:
 1897 03e4 45455F72 		.ascii	"EE_rq_link\000"
 1897      715F6C69 
 1897      6E6B00
 1898              	.LASF17:
 1899 03ef 45455F53 		.ascii	"EE_SREG\000"
 1899      52454700 
 1900              	.LASF30:
 1901 03f7 7469636B 		.ascii	"ticksperbase\000"
 1901      73706572 
 1901      62617365 
 1901      00
 1902              	.LASF43:
 1903 0404 75736564 		.ascii	"used\000"
 1903      00
 1904              	.LASF47:
 1905 0409 45455F6F 		.ascii	"EE_oo_counter_object_RAM_type\000"
 1905      6F5F636F 
 1905      756E7465 
 1905      725F6F62 
 1905      6A656374 
 1906              	.LASF97:
 1907 0427 45455F63 		.ascii	"EE_counter_ROM\000"
 1907      6F756E74 
 1907      65725F52 
 1907      4F4D00
 1908              	.LASF58:
 1909 0436 45455F6F 		.ascii	"EE_oo_action_ROM_type\000"
 1909      6F5F6163 
 1909      74696F6E 
 1909      5F524F4D 
 1909      5F747970 
 1910              	.LASF10:
 1911 044c 45455F55 		.ascii	"EE_UINT16\000"
 1911      494E5431 
 1911      3600
 1912              	.LASF37:
 1913 0456 45455F53 		.ascii	"EE_SCHEDULETABLE\000"
 1913      43484544 
 1913      554C4554 
 1913      41424C45 
 1913      00
 1914              	.LASF69:
 1915 0467 45455F63 		.ascii	"EE_cortex_mx_system_tos\000"
ARM GAS  C:\Users\divya\AppData\Local\Temp\ccqxeLRR.s 			page 39


 1915      6F727465 
 1915      785F6D78 
 1915      5F737973 
 1915      74656D5F 
 1916              	.LASF1:
 1917 047f 756E7369 		.ascii	"unsigned char\000"
 1917      676E6564 
 1917      20636861 
 1917      7200
 1918              	.LASF36:
 1919 048d 45455F41 		.ascii	"EE_ALARM\000"
 1919      4C41524D 
 1919      00
 1920              	.LASF81:
 1921 0496 45455F74 		.ascii	"EE_th_next\000"
 1921      685F6E65 
 1921      787400
 1922              	.LASF68:
 1923 04a1 45455F74 		.ascii	"EE_terminate_real_th_body\000"
 1923      65726D69 
 1923      6E617465 
 1923      5F726561 
 1923      6C5F7468 
 1924              	.LASF57:
 1925 04bb 696E6363 		.ascii	"inccount\000"
 1925      6F756E74 
 1925      00
 1926              	.LASF2:
 1927 04c4 73686F72 		.ascii	"short int\000"
 1927      7420696E 
 1927      7400
 1928              	.LASF94:
 1929 04ce 45455F74 		.ascii	"EE_th_event_waitmask\000"
 1929      685F6576 
 1929      656E745F 
 1929      77616974 
 1929      6D61736B 
 1930              	.LASF110:
 1931 04e3 45455F63 		.ascii	"EE_cortex_mx_stack_3\000"
 1931      6F727465 
 1931      785F6D78 
 1931      5F737461 
 1931      636B5F33 
 1932              	.LASF75:
 1933 04f8 45455F54 		.ascii	"EE_TASK_NAME\000"
 1933      41534B5F 
 1933      4E414D45 
 1933      00
 1934              	.LASF32:
 1935 0505 45455F6F 		.ascii	"EE_oo_counter_ROM_type\000"
 1935      6F5F636F 
 1935      756E7465 
 1935      725F524F 
 1935      4D5F7479 
 1936              	.LASF112:
 1937 051c 474E5520 		.ascii	"GNU C11 5.4.1 20160609 (release) [ARM/embedded-5-br"
 1937      43313120 
ARM GAS  C:\Users\divya\AppData\Local\Temp\ccqxeLRR.s 			page 40


 1937      352E342E 
 1937      31203230 
 1937      31363036 
 1938 054f 616E6368 		.ascii	"anch revision 237715] -mcpu=cortex-m3 -mthumb -g -O"
 1938      20726576 
 1938      6973696F 
 1938      6E203233 
 1938      37373135 
 1939 0582 67202D66 		.ascii	"g -ffunction-sections -ffat-lto-objects\000"
 1939      66756E63 
 1939      74696F6E 
 1939      2D736563 
 1939      74696F6E 
 1940              	.LASF56:
 1941 05aa 61637469 		.ascii	"action_mask\000"
 1941      6F6E5F6D 
 1941      61736B00 
 1942              	.LASF15:
 1943 05b6 45455F54 		.ascii	"EE_THREAD_PTR\000"
 1943      48524541 
 1943      445F5054 
 1943      5200
 1944              	.LASF88:
 1945 05c4 45455F72 		.ascii	"EE_rq_queues_tail\000"
 1945      715F7175 
 1945      65756573 
 1945      5F746169 
 1945      6C00
 1946              	.LASF66:
 1947 05d6 45455F73 		.ascii	"EE_std_thread_tos\000"
 1947      74645F74 
 1947      68726561 
 1947      645F746F 
 1947      7300
 1948              	.LASF51:
 1949 05e8 45455F41 		.ascii	"EE_ACTION_CALLBACK\000"
 1949      4354494F 
 1949      4E5F4341 
 1949      4C4C4241 
 1949      434B00
 1950              	.LASF91:
 1951 05fb 45455F72 		.ascii	"EE_rq_bitmask\000"
 1951      715F6269 
 1951      746D6173 
 1951      6B00
 1952              	.LASF34:
 1953 0609 66697273 		.ascii	"first\000"
 1953      7400
 1954              	.LASF25:
 1955 060f 436F756E 		.ascii	"CounterObjectType\000"
 1955      7465724F 
 1955      626A6563 
 1955      74547970 
 1955      6500
 1956              	.LASF74:
 1957 0621 63686172 		.ascii	"char\000"
 1957      00
ARM GAS  C:\Users\divya\AppData\Local\Temp\ccqxeLRR.s 			page 41


 1958              	.LASF48:
 1959 0626 45455F41 		.ascii	"EE_ACTION_TASK\000"
 1959      4354494F 
 1959      4E5F5441 
 1959      534B00
 1960              	.LASF71:
 1961 0635 45455F74 		.ascii	"EE_th_rnact_max\000"
 1961      685F726E 
 1961      6163745F 
 1961      6D617800 
 1962              	.LASF50:
 1963 0645 45455F41 		.ascii	"EE_ACTION_COUNTER\000"
 1963      4354494F 
 1963      4E5F434F 
 1963      554E5445 
 1963      5200
 1964              	.LASF101:
 1965 0657 45455F63 		.ascii	"EE_counter_RAM\000"
 1965      6F756E74 
 1965      65725F52 
 1965      414D00
 1966              	.LASF40:
 1967 0666 73706563 		.ascii	"spec_id\000"
 1967      5F696400 
 1968              	.LASF49:
 1969 066e 45455F41 		.ascii	"EE_ACTION_EVENT\000"
 1969      4354494F 
 1969      4E5F4556 
 1969      454E5400 
 1970              	.LASF65:
 1971 067e 45455F68 		.ascii	"EE_hal_thread_body\000"
 1971      616C5F74 
 1971      68726561 
 1971      645F626F 
 1971      647900
 1972              	.LASF85:
 1973 0691 45455F73 		.ascii	"EE_sys_ceiling\000"
 1973      79735F63 
 1973      65696C69 
 1973      6E6700
 1974              	.LASF54:
 1975 06a0 61637469 		.ascii	"action_kind\000"
 1975      6F6E5F6B 
 1975      696E6400 
 1976              	.LASF63:
 1977 06ac 7461736B 		.ascii	"task\000"
 1977      00
 1978              	.LASF102:
 1979 06b1 45455F6F 		.ascii	"EE_oo_counter_object_RAM\000"
 1979      6F5F636F 
 1979      756E7465 
 1979      725F6F62 
 1979      6A656374 
 1980              	.LASF53:
 1981 06ca 41637469 		.ascii	"ActionKindType\000"
 1981      6F6E4B69 
 1981      6E645479 
ARM GAS  C:\Users\divya\AppData\Local\Temp\ccqxeLRR.s 			page 42


 1981      706500
 1982              	.LASF72:
 1983 06d9 45455F74 		.ascii	"EE_th_ready_prio\000"
 1983      685F7265 
 1983      6164795F 
 1983      7072696F 
 1983      00
 1984              	.LASF82:
 1985 06ea 45455F74 		.ascii	"EE_th_rnact\000"
 1985      685F726E 
 1985      61637400 
 1986              	.LASF90:
 1987 06f6 45455F72 		.ascii	"EE_rq_pairs_tid\000"
 1987      715F7061 
 1987      6972735F 
 1987      74696400 
 1988              	.LASF108:
 1989 0706 45455F49 		.ascii	"EE_IRQ_nesting_level\000"
 1989      52515F6E 
 1989      65737469 
 1989      6E675F6C 
 1989      6576656C 
 1990              	.LASF12:
 1991 071b 45455F55 		.ascii	"EE_UINT32\000"
 1991      494E5433 
 1991      3200
 1992              	.LASF11:
 1993 0725 45455F49 		.ascii	"EE_INT32\000"
 1993      4E543332 
 1993      00
 1994              	.LASF67:
 1995 072e 45455F74 		.ascii	"EE_terminate_data\000"
 1995      65726D69 
 1995      6E617465 
 1995      5F646174 
 1995      6100
 1996              	.LASF113:
 1997 0740 47656E65 		.ascii	"Generated_Source\\PSoC5\\ErikaOS_1_eecfg.c\000"
 1997      72617465 
 1997      645F536F 
 1997      75726365 
 1997      5C50536F 
 1998              	.LASF93:
 1999 0769 45455F74 		.ascii	"EE_th_event_active\000"
 1999      685F6576 
 1999      656E745F 
 1999      61637469 
 1999      766500
 2000              	.LASF44:
 2001 077c 636E7463 		.ascii	"cntcycle\000"
 2001      79636C65 
 2001      00
 2002              	.LASF28:
 2003 0785 5359535F 		.ascii	"SYS_tos\000"
 2003      746F7300 
 2004              	.LASF55:
 2005 078d 61637469 		.ascii	"action_task\000"
ARM GAS  C:\Users\divya\AppData\Local\Temp\ccqxeLRR.s 			page 43


 2005      6F6E5F74 
 2005      61736B00 
 2006              	.LASF13:
 2007 0799 45455F41 		.ascii	"EE_ADDR\000"
 2007      44445200 
 2008              	.LASF96:
 2009 07a1 45455F74 		.ascii	"EE_th_is_extended\000"
 2009      685F6973 
 2009      5F657874 
 2009      656E6465 
 2009      6400
 2010              	.LASF18:
 2011 07b3 45455F46 		.ascii	"EE_FREG\000"
 2011      52454700 
 2012              	.LASF103:
 2013 07bb 45455F6F 		.ascii	"EE_oo_autostart_task_data\000"
 2013      6F5F6175 
 2013      746F7374 
 2013      6172745F 
 2013      7461736B 
 2014              		.ident	"GCC: (GNU Tools for ARM Embedded Processors) 5.4.1 20160609 (release) [ARM/embedded-5-bran
