ARM GAS  C:\Users\divya\AppData\Local\Temp\ccF88moI.s 			page 1


   1              		.syntax unified
   2              		.cpu cortex-m3
   3              		.fpu softvfp
   4              		.eabi_attribute 20, 1
   5              		.eabi_attribute 21, 1
   6              		.eabi_attribute 23, 3
   7              		.eabi_attribute 24, 1
   8              		.eabi_attribute 25, 1
   9              		.eabi_attribute 26, 1
  10              		.eabi_attribute 30, 1
  11              		.eabi_attribute 34, 1
  12              		.eabi_attribute 18, 4
  13              		.thumb
  14              		.syntax unified
  15              		.file	"Glower.c"
  16              		.text
  17              	.Ltext0:
  18              		.cfi_sections	.debug_frame
  19              		.section	.text.RGB_GLOW_t,"ax",%progbits
  20              		.align	2
  21              		.global	RGB_GLOW_t
  22              		.thumb
  23              		.thumb_func
  24              		.type	RGB_GLOW_t, %function
  25              	RGB_GLOW_t:
  26              	.LFB110:
  27              		.file 1 "source\\asw\\Glower.c"
   1:source\asw/Glower.c **** /**
   2:source\asw/Glower.c **** * \file <filename>
   3:source\asw/Glower.c **** * \author <author-name>
   4:source\asw/Glower.c **** * \date <date>
   5:source\asw/Glower.c **** *
   6:source\asw/Glower.c **** * \brief <Symbolic File name>
   7:source\asw/Glower.c **** *
   8:source\asw/Glower.c **** * \copyright Copyright ©2016
   9:source\asw/Glower.c **** * Department of electrical engineering and information technology, Hochschule Darmstadt - Universit
  10:source\asw/Glower.c **** * Permission to use, copy, modify, and distribute this software and its documentation for education
  11:source\asw/Glower.c **** * (unless permitted by h_da) and official h_da projects, is hereby granted for enrolled students of
  12:source\asw/Glower.c **** * this paragraph and the following paragraph appear in all copies, modifications, and distributions
  13:source\asw/Glower.c **** * Contact Prof.Dr.-Ing. Peter Fromm, peter.fromm@h-da.de, Birkenweg 8 64295 Darmstadt - GERMANY for
  14:source\asw/Glower.c **** *
  15:source\asw/Glower.c **** * \warning This software is a PROTOTYPE version and is not designed or intended for use in producti
  16:source\asw/Glower.c **** * The user represents and warrants that it will NOT use or redistribute the Software for such purpo
  17:source\asw/Glower.c **** * This prototype is for research purposes only. This software is provided "AS IS," without a warran
  18:source\asw/Glower.c **** */
  19:source\asw/Glower.c **** 
  20:source\asw/Glower.c **** /*****************************************************************************/
  21:source\asw/Glower.c **** /* Include files                                                             */
  22:source\asw/Glower.c **** /*****************************************************************************/
  23:source\asw/Glower.c **** 
  24:source\asw/Glower.c **** #include "Glower.h"
  25:source\asw/Glower.c **** #include "project.h"
  26:source\asw/Glower.c **** #include "led.h"
  27:source\asw/Glower.c **** 
  28:source\asw/Glower.c **** /*****************************************************************************/
  29:source\asw/Glower.c **** /* Local pre-processor symbols/macros ('#define')                            */
  30:source\asw/Glower.c **** /*****************************************************************************/
ARM GAS  C:\Users\divya\AppData\Local\Temp\ccF88moI.s 			page 2


  31:source\asw/Glower.c **** 
  32:source\asw/Glower.c **** /*****************************************************************************/
  33:source\asw/Glower.c **** /* Global variable definitions (declared in header file with 'extern')       */
  34:source\asw/Glower.c **** /*****************************************************************************/
  35:source\asw/Glower.c **** //Red Green Blue TimeInMS 
  36:source\asw/Glower.c **** 
  37:source\asw/Glower.c **** const Glower_t RG_glowtable_1[] = {
  38:source\asw/Glower.c ****     {255, 0,   0,   500},  // 500ms red
  39:source\asw/Glower.c ****     {0,   255, 0,   500},  // 500ms green
  40:source\asw/Glower.c ****     {0,   0,   255, 500},  // 500ms blue
  41:source\asw/Glower.c ****     {0,   0,   0,   100},  // 100ms off
  42:source\asw/Glower.c ****     {255, 255, 255, 100},  // 100ms white
  43:source\asw/Glower.c ****     {0,   0,   0,   100},  // 100ms off
  44:source\asw/Glower.c ****     {255, 255, 255, 100},  // 100ms white
  45:source\asw/Glower.c ****     {255, 0,   255, 100}   // 100ms magenta
  46:source\asw/Glower.c **** };
  47:source\asw/Glower.c **** /*****************************************************************************/
  48:source\asw/Glower.c **** /* Local type definitions ('typedef')                                        */
  49:source\asw/Glower.c **** /*****************************************************************************/
  50:source\asw/Glower.c **** 
  51:source\asw/Glower.c **** /*****************************************************************************/
  52:source\asw/Glower.c **** /* Local variable definitions ('static')                                     */
  53:source\asw/Glower.c **** /*****************************************************************************/
  54:source\asw/Glower.c **** 
  55:source\asw/Glower.c **** 
  56:source\asw/Glower.c **** 
  57:source\asw/Glower.c **** /*****************************************************************************/
  58:source\asw/Glower.c **** /* Local function prototypes ('static')                                      */
  59:source\asw/Glower.c **** /*****************************************************************************/
  60:source\asw/Glower.c **** 
  61:source\asw/Glower.c **** 
  62:source\asw/Glower.c **** /*****************************************************************************/
  63:source\asw/Glower.c **** /* Function implementation - global ('extern') and local ('static')          */
  64:source\asw/Glower.c **** /*****************************************************************************/
  65:source\asw/Glower.c **** /**
  66:source\asw/Glower.c **** RC_t RG_GLOW_t()
  67:source\asw/Glower.c **** {
  68:source\asw/Glower.c ****    uint8_t index=0;
  69:source\asw/Glower.c ****     while(1)
  70:source\asw/Glower.c ****     {
  71:source\asw/Glower.c ****         Pin_RGB_RED_Write(RG_glowtable_1[index].red);
  72:source\asw/Glower.c ****         Pin_RGB_GREEN_Write(RG_glowtable_1[index].green);
  73:source\asw/Glower.c ****         Pin_RGB_BLUE_Write(RG_glowtable_1[index].blue);
  74:source\asw/Glower.c ****         CyDelay(RG_glowtable_1[index].TimeInMS);
  75:source\asw/Glower.c ****         
  76:source\asw/Glower.c ****         index++;
  77:source\asw/Glower.c ****         if(index>sizeof(RG_glowtable_1)/sizeof(Glower_t))
  78:source\asw/Glower.c ****         index = 0;
  79:source\asw/Glower.c ****     }
  80:source\asw/Glower.c ****     return RC_SUCCESS;
  81:source\asw/Glower.c ****         
  82:source\asw/Glower.c **** }
  83:source\asw/Glower.c **** **/
  84:source\asw/Glower.c **** /**
  85:source\asw/Glower.c ****  * <RGB_Glower is the function which defines the colour of RGB LED with pre defined values declared
  86:source\asw/Glower.c ****  * \return <return RC_SUCCESS after successful execution of the program>
  87:source\asw/Glower.c ****  */
ARM GAS  C:\Users\divya\AppData\Local\Temp\ccF88moI.s 			page 3


  88:source\asw/Glower.c **** //RC_t FILE_function(type para)
  89:source\asw/Glower.c **** RC_t RGB_GLOW_t()
  90:source\asw/Glower.c **** {
  28              		.loc 1 90 0
  29              		.cfi_startproc
  30              		@ args = 0, pretend = 0, frame = 0
  31              		@ frame_needed = 0, uses_anonymous_args = 0
  32 0000 38B5     		push	{r3, r4, r5, lr}
  33              		.cfi_def_cfa_offset 16
  34              		.cfi_offset 3, -16
  35              		.cfi_offset 4, -12
  36              		.cfi_offset 5, -8
  37              		.cfi_offset 14, -4
  91:source\asw/Glower.c ****   static uint8_t index=0;
  92:source\asw/Glower.c ****     //while(1)
  93:source\asw/Glower.c ****     {
  94:source\asw/Glower.c ****         Pin_RGB_RED_Write(RG_glowtable_1[index].red);
  38              		.loc 1 94 0
  39 0002 164D     		ldr	r5, .L4
  40 0004 164C     		ldr	r4, .L4+4
  41 0006 2378     		ldrb	r3, [r4]	@ zero_extendqisi2
  42 0008 03EB4303 		add	r3, r3, r3, lsl #1
  43 000c 5A00     		lsls	r2, r3, #1
  44 000e A85C     		ldrb	r0, [r5, r2]	@ zero_extendqisi2
  45 0010 FFF7FEFF 		bl	Pin_RGB_RED_Write
  46              	.LVL0:
  95:source\asw/Glower.c ****         Pin_RGB_GREEN_Write(RG_glowtable_1[index].green);
  47              		.loc 1 95 0
  48 0014 2378     		ldrb	r3, [r4]	@ zero_extendqisi2
  49 0016 03EB4303 		add	r3, r3, r3, lsl #1
  50 001a 5A00     		lsls	r2, r3, #1
  51 001c 2A44     		add	r2, r2, r5
  52 001e 5078     		ldrb	r0, [r2, #1]	@ zero_extendqisi2
  53 0020 FFF7FEFF 		bl	Pin_RGB_GREEN_Write
  54              	.LVL1:
  96:source\asw/Glower.c ****         Pin_RGB_BLUE_Write(RG_glowtable_1[index].blue);
  55              		.loc 1 96 0
  56 0024 2378     		ldrb	r3, [r4]	@ zero_extendqisi2
  57 0026 03EB4303 		add	r3, r3, r3, lsl #1
  58 002a 5A00     		lsls	r2, r3, #1
  59 002c 2A44     		add	r2, r2, r5
  60 002e 9078     		ldrb	r0, [r2, #2]	@ zero_extendqisi2
  61 0030 FFF7FEFF 		bl	Pin_RGB_BLUE_Write
  62              	.LVL2:
  97:source\asw/Glower.c ****         //CyDelay(RG_glowtable_1[index].TimeInMS);
  98:source\asw/Glower.c ****         SetRelAlarm(alarm_glower,RG_glowtable_1[index].TimeInMS,0);
  63              		.loc 1 98 0
  64 0034 2378     		ldrb	r3, [r4]	@ zero_extendqisi2
  65 0036 03EB4303 		add	r3, r3, r3, lsl #1
  66 003a 5A00     		lsls	r2, r3, #1
  67 003c 1544     		add	r5, r5, r2
  68 003e 0022     		movs	r2, #0
  69 0040 A988     		ldrh	r1, [r5, #4]
  70 0042 0420     		movs	r0, #4
  71 0044 FFF7FEFF 		bl	EE_oo_SetRelAlarm
  72              	.LVL3:
  99:source\asw/Glower.c ****         
ARM GAS  C:\Users\divya\AppData\Local\Temp\ccF88moI.s 			page 4


 100:source\asw/Glower.c ****         index++;
  73              		.loc 1 100 0
  74 0048 2378     		ldrb	r3, [r4]	@ zero_extendqisi2
  75 004a 0133     		adds	r3, r3, #1
  76 004c DBB2     		uxtb	r3, r3
  77 004e 2370     		strb	r3, [r4]
 101:source\asw/Glower.c ****         if(index>=8)
  78              		.loc 1 101 0
  79 0050 072B     		cmp	r3, #7
  80 0052 01D9     		bls	.L2
 102:source\asw/Glower.c ****         index = 0;
  81              		.loc 1 102 0
  82 0054 0022     		movs	r2, #0
  83 0056 2270     		strb	r2, [r4]
  84              	.L2:
 103:source\asw/Glower.c ****     }
 104:source\asw/Glower.c ****     return RC_SUCCESS;
 105:source\asw/Glower.c ****         
 106:source\asw/Glower.c **** }
  85              		.loc 1 106 0
  86 0058 0020     		movs	r0, #0
  87 005a 38BD     		pop	{r3, r4, r5, pc}
  88              	.L5:
  89              		.align	2
  90              	.L4:
  91 005c 00000000 		.word	.LANCHOR0
  92 0060 00000000 		.word	.LANCHOR1
  93              		.cfi_endproc
  94              	.LFE110:
  95              		.size	RGB_GLOW_t, .-RGB_GLOW_t
  96              		.global	RG_glowtable_1
  97              		.section	.rodata
  98              		.align	2
  99              		.set	.LANCHOR0,. + 0
 100              		.type	RG_glowtable_1, %object
 101              		.size	RG_glowtable_1, 48
 102              	RG_glowtable_1:
 103 0000 FF       		.byte	-1
 104 0001 00       		.byte	0
 105 0002 00       		.byte	0
 106 0003 00       		.space	1
 107 0004 F401     		.short	500
 108 0006 00       		.byte	0
 109 0007 FF       		.byte	-1
 110 0008 00       		.byte	0
 111 0009 00       		.space	1
 112 000a F401     		.short	500
 113 000c 00       		.byte	0
 114 000d 00       		.byte	0
 115 000e FF       		.byte	-1
 116 000f 00       		.space	1
 117 0010 F401     		.short	500
 118 0012 00       		.byte	0
 119 0013 00       		.byte	0
 120 0014 00       		.byte	0
 121 0015 00       		.space	1
 122 0016 6400     		.short	100
ARM GAS  C:\Users\divya\AppData\Local\Temp\ccF88moI.s 			page 5


 123 0018 FF       		.byte	-1
 124 0019 FF       		.byte	-1
 125 001a FF       		.byte	-1
 126 001b 00       		.space	1
 127 001c 6400     		.short	100
 128 001e 00       		.byte	0
 129 001f 00       		.byte	0
 130 0020 00       		.byte	0
 131 0021 00       		.space	1
 132 0022 6400     		.short	100
 133 0024 FF       		.byte	-1
 134 0025 FF       		.byte	-1
 135 0026 FF       		.byte	-1
 136 0027 00       		.space	1
 137 0028 6400     		.short	100
 138 002a FF       		.byte	-1
 139 002b 00       		.byte	0
 140 002c FF       		.byte	-1
 141 002d 00       		.space	1
 142 002e 6400     		.short	100
 143              		.bss
 144              		.set	.LANCHOR1,. + 0
 145              		.type	index.6529, %object
 146              		.size	index.6529, 1
 147              	index.6529:
 148 0000 00       		.space	1
 149              		.text
 150              	.Letext0:
 151              		.file 2 "c:\\program files (x86)\\cypress\\psoc creator\\4.4\\psoc creator\\import\\gnu\\arm\\5.4.
 152              		.file 3 "c:\\program files (x86)\\cypress\\psoc creator\\4.4\\psoc creator\\import\\gnu\\arm\\5.4.
 153              		.file 4 "Generated_Source\\PSoC5/ErikaOS_1_common_ee_types.inc"
 154              		.file 5 "Generated_Source\\PSoC5/ErikaOS_1_cortex_mx_ee_cpu.inc"
 155              		.file 6 ".\\source\\bsw/global.h"
 156              		.file 7 ".\\source\\bsw/led.h"
 157              		.file 8 "source\\asw\\Glower.h"
 158              		.file 9 "Generated_Source\\PSoC5/ErikaOS_1_ee_oo_intfunc.inc"
 159              		.file 10 "Generated_Source\\PSoC5/ErikaOS_1_cortex_mx_ee_context.inc"
 160              		.file 11 "Generated_Source\\PSoC5/ErikaOS_1_common_ee_primitives.inc"
 161              		.file 12 "Generated_Source\\PSoC5/core_cm3.h"
 162              		.file 13 "Generated_Source\\PSoC5/Pin_RGB_RED.h"
 163              		.file 14 "Generated_Source\\PSoC5/Pin_RGB_GREEN.h"
 164              		.file 15 "Generated_Source\\PSoC5/Pin_RGB_BLUE.h"
 165              		.file 16 "Generated_Source\\PSoC5/ErikaOS_1_ee_oo_kernel.inc"
 166              		.section	.debug_info,"",%progbits
 167              	.Ldebug_info0:
 168 0000 4D030000 		.4byte	0x34d
 169 0004 0400     		.2byte	0x4
 170 0006 00000000 		.4byte	.Ldebug_abbrev0
 171 000a 04       		.byte	0x4
 172 000b 01       		.uleb128 0x1
 173 000c 2D030000 		.4byte	.LASF72
 174 0010 0C       		.byte	0xc
 175 0011 C6010000 		.4byte	.LASF73
 176 0015 C1020000 		.4byte	.LASF74
 177 0019 00000000 		.4byte	.Ldebug_ranges0+0
 178 001d 00000000 		.4byte	0
 179 0021 00000000 		.4byte	.Ldebug_line0
ARM GAS  C:\Users\divya\AppData\Local\Temp\ccF88moI.s 			page 6


 180 0025 02       		.uleb128 0x2
 181 0026 01       		.byte	0x1
 182 0027 06       		.byte	0x6
 183 0028 47020000 		.4byte	.LASF0
 184 002c 03       		.uleb128 0x3
 185 002d E8010000 		.4byte	.LASF3
 186 0031 02       		.byte	0x2
 187 0032 1D       		.byte	0x1d
 188 0033 37000000 		.4byte	0x37
 189 0037 02       		.uleb128 0x2
 190 0038 01       		.byte	0x1
 191 0039 08       		.byte	0x8
 192 003a 39020000 		.4byte	.LASF1
 193 003e 02       		.uleb128 0x2
 194 003f 02       		.byte	0x2
 195 0040 05       		.byte	0x5
 196 0041 44000000 		.4byte	.LASF2
 197 0045 03       		.uleb128 0x3
 198 0046 C7000000 		.4byte	.LASF4
 199 004a 02       		.byte	0x2
 200 004b 2B       		.byte	0x2b
 201 004c 50000000 		.4byte	0x50
 202 0050 02       		.uleb128 0x2
 203 0051 02       		.byte	0x2
 204 0052 07       		.byte	0x7
 205 0053 1A030000 		.4byte	.LASF5
 206 0057 03       		.uleb128 0x3
 207 0058 52040000 		.4byte	.LASF6
 208 005c 02       		.byte	0x2
 209 005d 3F       		.byte	0x3f
 210 005e 62000000 		.4byte	0x62
 211 0062 02       		.uleb128 0x2
 212 0063 04       		.byte	0x4
 213 0064 05       		.byte	0x5
 214 0065 AB010000 		.4byte	.LASF7
 215 0069 02       		.uleb128 0x2
 216 006a 04       		.byte	0x4
 217 006b 07       		.byte	0x7
 218 006c 16040000 		.4byte	.LASF8
 219 0070 02       		.uleb128 0x2
 220 0071 08       		.byte	0x8
 221 0072 05       		.byte	0x5
 222 0073 60010000 		.4byte	.LASF9
 223 0077 02       		.uleb128 0x2
 224 0078 08       		.byte	0x8
 225 0079 07       		.byte	0x7
 226 007a 53020000 		.4byte	.LASF10
 227 007e 04       		.uleb128 0x4
 228 007f 04       		.byte	0x4
 229 0080 05       		.byte	0x5
 230 0081 696E7400 		.ascii	"int\000"
 231 0085 02       		.uleb128 0x2
 232 0086 04       		.byte	0x4
 233 0087 07       		.byte	0x7
 234 0088 71020000 		.4byte	.LASF11
 235 008c 03       		.uleb128 0x3
 236 008d 67040000 		.4byte	.LASF12
ARM GAS  C:\Users\divya\AppData\Local\Temp\ccF88moI.s 			page 7


 237 0091 03       		.byte	0x3
 238 0092 18       		.byte	0x18
 239 0093 2C000000 		.4byte	0x2c
 240 0097 03       		.uleb128 0x3
 241 0098 8C020000 		.4byte	.LASF13
 242 009c 03       		.byte	0x3
 243 009d 24       		.byte	0x24
 244 009e 45000000 		.4byte	0x45
 245 00a2 03       		.uleb128 0x3
 246 00a3 D5030000 		.4byte	.LASF14
 247 00a7 03       		.byte	0x3
 248 00a8 2C       		.byte	0x2c
 249 00a9 57000000 		.4byte	0x57
 250 00ad 02       		.uleb128 0x2
 251 00ae 04       		.byte	0x4
 252 00af 04       		.byte	0x4
 253 00b0 41010000 		.4byte	.LASF15
 254 00b4 02       		.uleb128 0x2
 255 00b5 08       		.byte	0x8
 256 00b6 04       		.byte	0x4
 257 00b7 31040000 		.4byte	.LASF16
 258 00bb 02       		.uleb128 0x2
 259 00bc 01       		.byte	0x1
 260 00bd 08       		.byte	0x8
 261 00be BB030000 		.4byte	.LASF17
 262 00c2 02       		.uleb128 0x2
 263 00c3 08       		.byte	0x8
 264 00c4 04       		.byte	0x4
 265 00c5 24020000 		.4byte	.LASF18
 266 00c9 03       		.uleb128 0x3
 267 00ca 10010000 		.4byte	.LASF19
 268 00ce 04       		.byte	0x4
 269 00cf 53       		.byte	0x53
 270 00d0 7E000000 		.4byte	0x7e
 271 00d4 03       		.uleb128 0x3
 272 00d5 BD000000 		.4byte	.LASF20
 273 00d9 04       		.byte	0x4
 274 00da 54       		.byte	0x54
 275 00db 85000000 		.4byte	0x85
 276 00df 03       		.uleb128 0x3
 277 00e0 4A040000 		.4byte	.LASF21
 278 00e4 05       		.byte	0x5
 279 00e5 4D       		.byte	0x4d
 280 00e6 D4000000 		.4byte	0xd4
 281 00ea 03       		.uleb128 0x3
 282 00eb 92000000 		.4byte	.LASF22
 283 00ef 05       		.byte	0x5
 284 00f0 4F       		.byte	0x4f
 285 00f1 D4000000 		.4byte	0xd4
 286 00f5 03       		.uleb128 0x3
 287 00f6 D2000000 		.4byte	.LASF23
 288 00fa 05       		.byte	0x5
 289 00fb 78       		.byte	0x78
 290 00fc C9000000 		.4byte	0xc9
 291 0100 02       		.uleb128 0x2
 292 0101 04       		.byte	0x4
 293 0102 07       		.byte	0x7
ARM GAS  C:\Users\divya\AppData\Local\Temp\ccF88moI.s 			page 8


 294 0103 74000000 		.4byte	.LASF24
 295 0107 05       		.uleb128 0x5
 296 0108 01       		.byte	0x1
 297 0109 25000000 		.4byte	0x25
 298 010d 06       		.byte	0x6
 299 010e CF       		.byte	0xcf
 300 010f B0010000 		.4byte	0x1b0
 301 0113 06       		.uleb128 0x6
 302 0114 25000000 		.4byte	.LASF25
 303 0118 00       		.byte	0
 304 0119 07       		.uleb128 0x7
 305 011a B7040000 		.4byte	.LASF26
 306 011e 7F       		.sleb128 -1
 307 011f 07       		.uleb128 0x7
 308 0120 9D020000 		.4byte	.LASF27
 309 0124 7E       		.sleb128 -2
 310 0125 07       		.uleb128 0x7
 311 0126 84000000 		.4byte	.LASF28
 312 012a 7D       		.sleb128 -3
 313 012b 07       		.uleb128 0x7
 314 012c C0040000 		.4byte	.LASF29
 315 0130 7C       		.sleb128 -4
 316 0131 07       		.uleb128 0x7
 317 0132 32010000 		.4byte	.LASF30
 318 0136 7B       		.sleb128 -5
 319 0137 07       		.uleb128 0x7
 320 0138 4E000000 		.4byte	.LASF31
 321 013c 7A       		.sleb128 -6
 322 013d 07       		.uleb128 0x7
 323 013e B4010000 		.4byte	.LASF32
 324 0142 79       		.sleb128 -7
 325 0143 07       		.uleb128 0x7
 326 0144 C0030000 		.4byte	.LASF33
 327 0148 78       		.sleb128 -8
 328 0149 07       		.uleb128 0x7
 329 014a AB020000 		.4byte	.LASF34
 330 014e 77       		.sleb128 -9
 331 014f 07       		.uleb128 0x7
 332 0150 DA010000 		.4byte	.LASF35
 333 0154 76       		.sleb128 -10
 334 0155 07       		.uleb128 0x7
 335 0156 ED040000 		.4byte	.LASF36
 336 015a 75       		.sleb128 -11
 337 015b 07       		.uleb128 0x7
 338 015c 7E020000 		.4byte	.LASF37
 339 0160 74       		.sleb128 -12
 340 0161 07       		.uleb128 0x7
 341 0162 38040000 		.4byte	.LASF38
 342 0166 73       		.sleb128 -13
 343 0167 07       		.uleb128 0x7
 344 0168 12000000 		.4byte	.LASF39
 345 016c 72       		.sleb128 -14
 346 016d 07       		.uleb128 0x7
 347 016e 30000000 		.4byte	.LASF40
 348 0172 71       		.sleb128 -15
 349 0173 07       		.uleb128 0x7
 350 0174 F2010000 		.4byte	.LASF41
ARM GAS  C:\Users\divya\AppData\Local\Temp\ccF88moI.s 			page 9


 351 0178 70       		.sleb128 -16
 352 0179 07       		.uleb128 0x7
 353 017a 9A000000 		.4byte	.LASF42
 354 017e 6F       		.sleb128 -17
 355 017f 07       		.uleb128 0x7
 356 0180 5F000000 		.4byte	.LASF43
 357 0184 6E       		.sleb128 -18
 358 0185 07       		.uleb128 0x7
 359 0186 87010000 		.4byte	.LASF44
 360 018a 6D       		.sleb128 -19
 361 018b 07       		.uleb128 0x7
 362 018c F0030000 		.4byte	.LASF45
 363 0190 6C       		.sleb128 -20
 364 0191 07       		.uleb128 0x7
 365 0192 09020000 		.4byte	.LASF46
 366 0196 6B       		.sleb128 -21
 367 0197 07       		.uleb128 0x7
 368 0198 84040000 		.4byte	.LASF47
 369 019c 6A       		.sleb128 -22
 370 019d 07       		.uleb128 0x7
 371 019e E4000000 		.4byte	.LASF48
 372 01a2 69       		.sleb128 -23
 373 01a3 07       		.uleb128 0x7
 374 01a4 9A010000 		.4byte	.LASF49
 375 01a8 68       		.sleb128 -24
 376 01a9 07       		.uleb128 0x7
 377 01aa 47010000 		.4byte	.LASF50
 378 01ae 67       		.sleb128 -25
 379 01af 00       		.byte	0
 380 01b0 03       		.uleb128 0x3
 381 01b1 E8040000 		.4byte	.LASF51
 382 01b5 06       		.byte	0x6
 383 01b6 EA       		.byte	0xea
 384 01b7 07010000 		.4byte	0x107
 385 01bb 08       		.uleb128 0x8
 386 01bc 1B020000 		.4byte	.LASF75
 387 01c0 01       		.byte	0x1
 388 01c1 37000000 		.4byte	0x37
 389 01c5 07       		.byte	0x7
 390 01c6 62       		.byte	0x62
 391 01c7 D8010000 		.4byte	0x1d8
 392 01cb 06       		.uleb128 0x6
 393 01cc 95020000 		.4byte	.LASF52
 394 01d0 00       		.byte	0
 395 01d1 06       		.uleb128 0x6
 396 01d2 6A020000 		.4byte	.LASF53
 397 01d6 01       		.byte	0x1
 398 01d7 00       		.byte	0
 399 01d8 03       		.uleb128 0x3
 400 01d9 79040000 		.4byte	.LASF54
 401 01dd 07       		.byte	0x7
 402 01de 67       		.byte	0x67
 403 01df BB010000 		.4byte	0x1bb
 404 01e3 09       		.uleb128 0x9
 405 01e4 7D000000 		.4byte	.LASF76
 406 01e8 06       		.byte	0x6
 407 01e9 08       		.byte	0x8
ARM GAS  C:\Users\divya\AppData\Local\Temp\ccF88moI.s 			page 10


 408 01ea 6D       		.byte	0x6d
 409 01eb 20020000 		.4byte	0x220
 410 01ef 0A       		.uleb128 0xa
 411 01f0 72656400 		.ascii	"red\000"
 412 01f4 08       		.byte	0x8
 413 01f5 6F       		.byte	0x6f
 414 01f6 8C000000 		.4byte	0x8c
 415 01fa 00       		.byte	0
 416 01fb 0B       		.uleb128 0xb
 417 01fc 03020000 		.4byte	.LASF55
 418 0200 08       		.byte	0x8
 419 0201 70       		.byte	0x70
 420 0202 8C000000 		.4byte	0x8c
 421 0206 01       		.byte	0x1
 422 0207 0B       		.uleb128 0xb
 423 0208 D9000000 		.4byte	.LASF56
 424 020c 08       		.byte	0x8
 425 020d 71       		.byte	0x71
 426 020e 8C000000 		.4byte	0x8c
 427 0212 02       		.byte	0x2
 428 0213 0B       		.uleb128 0xb
 429 0214 28040000 		.4byte	.LASF57
 430 0218 08       		.byte	0x8
 431 0219 72       		.byte	0x72
 432 021a 97000000 		.4byte	0x97
 433 021e 04       		.byte	0x4
 434 021f 00       		.byte	0
 435 0220 03       		.uleb128 0x3
 436 0221 30020000 		.4byte	.LASF58
 437 0225 08       		.byte	0x8
 438 0226 75       		.byte	0x75
 439 0227 E3010000 		.4byte	0x1e3
 440 022b 0C       		.uleb128 0xc
 441 022c 5C040000 		.4byte	.LASF77
 442 0230 01       		.byte	0x1
 443 0231 59       		.byte	0x59
 444 0232 B0010000 		.4byte	0x1b0
 445 0236 00000000 		.4byte	.LFB110
 446 023a 64000000 		.4byte	.LFE110-.LFB110
 447 023e 01       		.uleb128 0x1
 448 023f 9C       		.byte	0x9c
 449 0240 91020000 		.4byte	0x291
 450 0244 0D       		.uleb128 0xd
 451 0245 DE000000 		.4byte	.LASF59
 452 0249 01       		.byte	0x1
 453 024a 5B       		.byte	0x5b
 454 024b 8C000000 		.4byte	0x8c
 455 024f 05       		.uleb128 0x5
 456 0250 03       		.byte	0x3
 457 0251 00000000 		.4byte	index.6529
 458 0255 0E       		.uleb128 0xe
 459 0256 14000000 		.4byte	.LVL0
 460 025a 23030000 		.4byte	0x323
 461 025e 0E       		.uleb128 0xe
 462 025f 24000000 		.4byte	.LVL1
 463 0263 2E030000 		.4byte	0x32e
 464 0267 0E       		.uleb128 0xe
ARM GAS  C:\Users\divya\AppData\Local\Temp\ccF88moI.s 			page 11


 465 0268 34000000 		.4byte	.LVL2
 466 026c 39030000 		.4byte	0x339
 467 0270 0F       		.uleb128 0xf
 468 0271 48000000 		.4byte	.LVL3
 469 0275 44030000 		.4byte	0x344
 470 0279 10       		.uleb128 0x10
 471 027a 01       		.uleb128 0x1
 472 027b 50       		.byte	0x50
 473 027c 01       		.uleb128 0x1
 474 027d 34       		.byte	0x34
 475 027e 10       		.uleb128 0x10
 476 027f 01       		.uleb128 0x1
 477 0280 51       		.byte	0x51
 478 0281 08       		.uleb128 0x8
 479 0282 75       		.byte	0x75
 480 0283 04       		.sleb128 4
 481 0284 94       		.byte	0x94
 482 0285 02       		.byte	0x2
 483 0286 0A       		.byte	0xa
 484 0287 FFFF     		.2byte	0xffff
 485 0289 1A       		.byte	0x1a
 486 028a 10       		.uleb128 0x10
 487 028b 01       		.uleb128 0x1
 488 028c 52       		.byte	0x52
 489 028d 01       		.uleb128 0x1
 490 028e 30       		.byte	0x30
 491 028f 00       		.byte	0
 492 0290 00       		.byte	0
 493 0291 11       		.uleb128 0x11
 494 0292 D8010000 		.4byte	0x1d8
 495 0296 A1020000 		.4byte	0x2a1
 496 029a 12       		.uleb128 0x12
 497 029b 00010000 		.4byte	0x100
 498 029f 02       		.byte	0x2
 499 02a0 00       		.byte	0
 500 02a1 13       		.uleb128 0x13
 501 02a2 6F040000 		.4byte	.LASF60
 502 02a6 07       		.byte	0x7
 503 02a7 87       		.byte	0x87
 504 02a8 91020000 		.4byte	0x291
 505 02ac 03       		.byte	0x3
 506 02ad 00       		.byte	0
 507 02ae 00       		.byte	0
 508 02af 00       		.byte	0
 509 02b0 14       		.uleb128 0x14
 510 02b1 D0040000 		.4byte	.LASF61
 511 02b5 09       		.byte	0x9
 512 02b6 40       		.byte	0x40
 513 02b7 DF000000 		.4byte	0xdf
 514 02bb 14       		.uleb128 0x14
 515 02bc 6E010000 		.4byte	.LASF62
 516 02c0 09       		.byte	0x9
 517 02c1 47       		.byte	0x47
 518 02c2 EA000000 		.4byte	0xea
 519 02c6 14       		.uleb128 0x14
 520 02c7 03040000 		.4byte	.LASF63
 521 02cb 09       		.byte	0x9
ARM GAS  C:\Users\divya\AppData\Local\Temp\ccF88moI.s 			page 12


 522 02cc 4A       		.byte	0x4a
 523 02cd DF000000 		.4byte	0xdf
 524 02d1 14       		.uleb128 0x14
 525 02d2 19010000 		.4byte	.LASF64
 526 02d6 0A       		.byte	0xa
 527 02d7 48       		.byte	0x48
 528 02d8 F5000000 		.4byte	0xf5
 529 02dc 14       		.uleb128 0x14
 530 02dd FB000000 		.4byte	.LASF65
 531 02e1 0B       		.byte	0xb
 532 02e2 44       		.byte	0x44
 533 02e3 DF000000 		.4byte	0xdf
 534 02e7 15       		.uleb128 0x15
 535 02e8 AA040000 		.4byte	.LASF66
 536 02ec 0C       		.byte	0xc
 537 02ed 1207     		.2byte	0x712
 538 02ef F3020000 		.4byte	0x2f3
 539 02f3 16       		.uleb128 0x16
 540 02f4 A2000000 		.4byte	0xa2
 541 02f8 11       		.uleb128 0x11
 542 02f9 08030000 		.4byte	0x308
 543 02fd 08030000 		.4byte	0x308
 544 0301 12       		.uleb128 0x12
 545 0302 00010000 		.4byte	0x100
 546 0306 07       		.byte	0x7
 547 0307 00       		.byte	0
 548 0308 17       		.uleb128 0x17
 549 0309 20020000 		.4byte	0x220
 550 030d 18       		.uleb128 0x18
 551 030e AE000000 		.4byte	.LASF67
 552 0312 01       		.byte	0x1
 553 0313 25       		.byte	0x25
 554 0314 1E030000 		.4byte	0x31e
 555 0318 05       		.uleb128 0x5
 556 0319 03       		.byte	0x3
 557 031a 00000000 		.4byte	RG_glowtable_1
 558 031e 17       		.uleb128 0x17
 559 031f F8020000 		.4byte	0x2f8
 560 0323 19       		.uleb128 0x19
 561 0324 08030000 		.4byte	.LASF68
 562 0328 08030000 		.4byte	.LASF68
 563 032c 0D       		.byte	0xd
 564 032d 26       		.byte	0x26
 565 032e 19       		.uleb128 0x19
 566 032f 96040000 		.4byte	.LASF69
 567 0333 96040000 		.4byte	.LASF69
 568 0337 0E       		.byte	0xe
 569 0338 26       		.byte	0x26
 570 0339 19       		.uleb128 0x19
 571 033a DD030000 		.4byte	.LASF70
 572 033e DD030000 		.4byte	.LASF70
 573 0342 0F       		.byte	0xf
 574 0343 26       		.byte	0x26
 575 0344 1A       		.uleb128 0x1a
 576 0345 00000000 		.4byte	.LASF71
 577 0349 00000000 		.4byte	.LASF71
 578 034d 10       		.byte	0x10
ARM GAS  C:\Users\divya\AppData\Local\Temp\ccF88moI.s 			page 13


 579 034e EF01     		.2byte	0x1ef
 580 0350 00       		.byte	0
 581              		.section	.debug_abbrev,"",%progbits
 582              	.Ldebug_abbrev0:
 583 0000 01       		.uleb128 0x1
 584 0001 11       		.uleb128 0x11
 585 0002 01       		.byte	0x1
 586 0003 25       		.uleb128 0x25
 587 0004 0E       		.uleb128 0xe
 588 0005 13       		.uleb128 0x13
 589 0006 0B       		.uleb128 0xb
 590 0007 03       		.uleb128 0x3
 591 0008 0E       		.uleb128 0xe
 592 0009 1B       		.uleb128 0x1b
 593 000a 0E       		.uleb128 0xe
 594 000b 55       		.uleb128 0x55
 595 000c 17       		.uleb128 0x17
 596 000d 11       		.uleb128 0x11
 597 000e 01       		.uleb128 0x1
 598 000f 10       		.uleb128 0x10
 599 0010 17       		.uleb128 0x17
 600 0011 00       		.byte	0
 601 0012 00       		.byte	0
 602 0013 02       		.uleb128 0x2
 603 0014 24       		.uleb128 0x24
 604 0015 00       		.byte	0
 605 0016 0B       		.uleb128 0xb
 606 0017 0B       		.uleb128 0xb
 607 0018 3E       		.uleb128 0x3e
 608 0019 0B       		.uleb128 0xb
 609 001a 03       		.uleb128 0x3
 610 001b 0E       		.uleb128 0xe
 611 001c 00       		.byte	0
 612 001d 00       		.byte	0
 613 001e 03       		.uleb128 0x3
 614 001f 16       		.uleb128 0x16
 615 0020 00       		.byte	0
 616 0021 03       		.uleb128 0x3
 617 0022 0E       		.uleb128 0xe
 618 0023 3A       		.uleb128 0x3a
 619 0024 0B       		.uleb128 0xb
 620 0025 3B       		.uleb128 0x3b
 621 0026 0B       		.uleb128 0xb
 622 0027 49       		.uleb128 0x49
 623 0028 13       		.uleb128 0x13
 624 0029 00       		.byte	0
 625 002a 00       		.byte	0
 626 002b 04       		.uleb128 0x4
 627 002c 24       		.uleb128 0x24
 628 002d 00       		.byte	0
 629 002e 0B       		.uleb128 0xb
 630 002f 0B       		.uleb128 0xb
 631 0030 3E       		.uleb128 0x3e
 632 0031 0B       		.uleb128 0xb
 633 0032 03       		.uleb128 0x3
 634 0033 08       		.uleb128 0x8
 635 0034 00       		.byte	0
ARM GAS  C:\Users\divya\AppData\Local\Temp\ccF88moI.s 			page 14


 636 0035 00       		.byte	0
 637 0036 05       		.uleb128 0x5
 638 0037 04       		.uleb128 0x4
 639 0038 01       		.byte	0x1
 640 0039 0B       		.uleb128 0xb
 641 003a 0B       		.uleb128 0xb
 642 003b 49       		.uleb128 0x49
 643 003c 13       		.uleb128 0x13
 644 003d 3A       		.uleb128 0x3a
 645 003e 0B       		.uleb128 0xb
 646 003f 3B       		.uleb128 0x3b
 647 0040 0B       		.uleb128 0xb
 648 0041 01       		.uleb128 0x1
 649 0042 13       		.uleb128 0x13
 650 0043 00       		.byte	0
 651 0044 00       		.byte	0
 652 0045 06       		.uleb128 0x6
 653 0046 28       		.uleb128 0x28
 654 0047 00       		.byte	0
 655 0048 03       		.uleb128 0x3
 656 0049 0E       		.uleb128 0xe
 657 004a 1C       		.uleb128 0x1c
 658 004b 0B       		.uleb128 0xb
 659 004c 00       		.byte	0
 660 004d 00       		.byte	0
 661 004e 07       		.uleb128 0x7
 662 004f 28       		.uleb128 0x28
 663 0050 00       		.byte	0
 664 0051 03       		.uleb128 0x3
 665 0052 0E       		.uleb128 0xe
 666 0053 1C       		.uleb128 0x1c
 667 0054 0D       		.uleb128 0xd
 668 0055 00       		.byte	0
 669 0056 00       		.byte	0
 670 0057 08       		.uleb128 0x8
 671 0058 04       		.uleb128 0x4
 672 0059 01       		.byte	0x1
 673 005a 03       		.uleb128 0x3
 674 005b 0E       		.uleb128 0xe
 675 005c 0B       		.uleb128 0xb
 676 005d 0B       		.uleb128 0xb
 677 005e 49       		.uleb128 0x49
 678 005f 13       		.uleb128 0x13
 679 0060 3A       		.uleb128 0x3a
 680 0061 0B       		.uleb128 0xb
 681 0062 3B       		.uleb128 0x3b
 682 0063 0B       		.uleb128 0xb
 683 0064 01       		.uleb128 0x1
 684 0065 13       		.uleb128 0x13
 685 0066 00       		.byte	0
 686 0067 00       		.byte	0
 687 0068 09       		.uleb128 0x9
 688 0069 13       		.uleb128 0x13
 689 006a 01       		.byte	0x1
 690 006b 03       		.uleb128 0x3
 691 006c 0E       		.uleb128 0xe
 692 006d 0B       		.uleb128 0xb
ARM GAS  C:\Users\divya\AppData\Local\Temp\ccF88moI.s 			page 15


 693 006e 0B       		.uleb128 0xb
 694 006f 3A       		.uleb128 0x3a
 695 0070 0B       		.uleb128 0xb
 696 0071 3B       		.uleb128 0x3b
 697 0072 0B       		.uleb128 0xb
 698 0073 01       		.uleb128 0x1
 699 0074 13       		.uleb128 0x13
 700 0075 00       		.byte	0
 701 0076 00       		.byte	0
 702 0077 0A       		.uleb128 0xa
 703 0078 0D       		.uleb128 0xd
 704 0079 00       		.byte	0
 705 007a 03       		.uleb128 0x3
 706 007b 08       		.uleb128 0x8
 707 007c 3A       		.uleb128 0x3a
 708 007d 0B       		.uleb128 0xb
 709 007e 3B       		.uleb128 0x3b
 710 007f 0B       		.uleb128 0xb
 711 0080 49       		.uleb128 0x49
 712 0081 13       		.uleb128 0x13
 713 0082 38       		.uleb128 0x38
 714 0083 0B       		.uleb128 0xb
 715 0084 00       		.byte	0
 716 0085 00       		.byte	0
 717 0086 0B       		.uleb128 0xb
 718 0087 0D       		.uleb128 0xd
 719 0088 00       		.byte	0
 720 0089 03       		.uleb128 0x3
 721 008a 0E       		.uleb128 0xe
 722 008b 3A       		.uleb128 0x3a
 723 008c 0B       		.uleb128 0xb
 724 008d 3B       		.uleb128 0x3b
 725 008e 0B       		.uleb128 0xb
 726 008f 49       		.uleb128 0x49
 727 0090 13       		.uleb128 0x13
 728 0091 38       		.uleb128 0x38
 729 0092 0B       		.uleb128 0xb
 730 0093 00       		.byte	0
 731 0094 00       		.byte	0
 732 0095 0C       		.uleb128 0xc
 733 0096 2E       		.uleb128 0x2e
 734 0097 01       		.byte	0x1
 735 0098 3F       		.uleb128 0x3f
 736 0099 19       		.uleb128 0x19
 737 009a 03       		.uleb128 0x3
 738 009b 0E       		.uleb128 0xe
 739 009c 3A       		.uleb128 0x3a
 740 009d 0B       		.uleb128 0xb
 741 009e 3B       		.uleb128 0x3b
 742 009f 0B       		.uleb128 0xb
 743 00a0 49       		.uleb128 0x49
 744 00a1 13       		.uleb128 0x13
 745 00a2 11       		.uleb128 0x11
 746 00a3 01       		.uleb128 0x1
 747 00a4 12       		.uleb128 0x12
 748 00a5 06       		.uleb128 0x6
 749 00a6 40       		.uleb128 0x40
ARM GAS  C:\Users\divya\AppData\Local\Temp\ccF88moI.s 			page 16


 750 00a7 18       		.uleb128 0x18
 751 00a8 9742     		.uleb128 0x2117
 752 00aa 19       		.uleb128 0x19
 753 00ab 01       		.uleb128 0x1
 754 00ac 13       		.uleb128 0x13
 755 00ad 00       		.byte	0
 756 00ae 00       		.byte	0
 757 00af 0D       		.uleb128 0xd
 758 00b0 34       		.uleb128 0x34
 759 00b1 00       		.byte	0
 760 00b2 03       		.uleb128 0x3
 761 00b3 0E       		.uleb128 0xe
 762 00b4 3A       		.uleb128 0x3a
 763 00b5 0B       		.uleb128 0xb
 764 00b6 3B       		.uleb128 0x3b
 765 00b7 0B       		.uleb128 0xb
 766 00b8 49       		.uleb128 0x49
 767 00b9 13       		.uleb128 0x13
 768 00ba 02       		.uleb128 0x2
 769 00bb 18       		.uleb128 0x18
 770 00bc 00       		.byte	0
 771 00bd 00       		.byte	0
 772 00be 0E       		.uleb128 0xe
 773 00bf 898201   		.uleb128 0x4109
 774 00c2 00       		.byte	0
 775 00c3 11       		.uleb128 0x11
 776 00c4 01       		.uleb128 0x1
 777 00c5 31       		.uleb128 0x31
 778 00c6 13       		.uleb128 0x13
 779 00c7 00       		.byte	0
 780 00c8 00       		.byte	0
 781 00c9 0F       		.uleb128 0xf
 782 00ca 898201   		.uleb128 0x4109
 783 00cd 01       		.byte	0x1
 784 00ce 11       		.uleb128 0x11
 785 00cf 01       		.uleb128 0x1
 786 00d0 31       		.uleb128 0x31
 787 00d1 13       		.uleb128 0x13
 788 00d2 00       		.byte	0
 789 00d3 00       		.byte	0
 790 00d4 10       		.uleb128 0x10
 791 00d5 8A8201   		.uleb128 0x410a
 792 00d8 00       		.byte	0
 793 00d9 02       		.uleb128 0x2
 794 00da 18       		.uleb128 0x18
 795 00db 9142     		.uleb128 0x2111
 796 00dd 18       		.uleb128 0x18
 797 00de 00       		.byte	0
 798 00df 00       		.byte	0
 799 00e0 11       		.uleb128 0x11
 800 00e1 01       		.uleb128 0x1
 801 00e2 01       		.byte	0x1
 802 00e3 49       		.uleb128 0x49
 803 00e4 13       		.uleb128 0x13
 804 00e5 01       		.uleb128 0x1
 805 00e6 13       		.uleb128 0x13
 806 00e7 00       		.byte	0
ARM GAS  C:\Users\divya\AppData\Local\Temp\ccF88moI.s 			page 17


 807 00e8 00       		.byte	0
 808 00e9 12       		.uleb128 0x12
 809 00ea 21       		.uleb128 0x21
 810 00eb 00       		.byte	0
 811 00ec 49       		.uleb128 0x49
 812 00ed 13       		.uleb128 0x13
 813 00ee 2F       		.uleb128 0x2f
 814 00ef 0B       		.uleb128 0xb
 815 00f0 00       		.byte	0
 816 00f1 00       		.byte	0
 817 00f2 13       		.uleb128 0x13
 818 00f3 34       		.uleb128 0x34
 819 00f4 00       		.byte	0
 820 00f5 03       		.uleb128 0x3
 821 00f6 0E       		.uleb128 0xe
 822 00f7 3A       		.uleb128 0x3a
 823 00f8 0B       		.uleb128 0xb
 824 00f9 3B       		.uleb128 0x3b
 825 00fa 0B       		.uleb128 0xb
 826 00fb 49       		.uleb128 0x49
 827 00fc 13       		.uleb128 0x13
 828 00fd 1C       		.uleb128 0x1c
 829 00fe 0A       		.uleb128 0xa
 830 00ff 00       		.byte	0
 831 0100 00       		.byte	0
 832 0101 14       		.uleb128 0x14
 833 0102 34       		.uleb128 0x34
 834 0103 00       		.byte	0
 835 0104 03       		.uleb128 0x3
 836 0105 0E       		.uleb128 0xe
 837 0106 3A       		.uleb128 0x3a
 838 0107 0B       		.uleb128 0xb
 839 0108 3B       		.uleb128 0x3b
 840 0109 0B       		.uleb128 0xb
 841 010a 49       		.uleb128 0x49
 842 010b 13       		.uleb128 0x13
 843 010c 3F       		.uleb128 0x3f
 844 010d 19       		.uleb128 0x19
 845 010e 3C       		.uleb128 0x3c
 846 010f 19       		.uleb128 0x19
 847 0110 00       		.byte	0
 848 0111 00       		.byte	0
 849 0112 15       		.uleb128 0x15
 850 0113 34       		.uleb128 0x34
 851 0114 00       		.byte	0
 852 0115 03       		.uleb128 0x3
 853 0116 0E       		.uleb128 0xe
 854 0117 3A       		.uleb128 0x3a
 855 0118 0B       		.uleb128 0xb
 856 0119 3B       		.uleb128 0x3b
 857 011a 05       		.uleb128 0x5
 858 011b 49       		.uleb128 0x49
 859 011c 13       		.uleb128 0x13
 860 011d 3F       		.uleb128 0x3f
 861 011e 19       		.uleb128 0x19
 862 011f 3C       		.uleb128 0x3c
 863 0120 19       		.uleb128 0x19
ARM GAS  C:\Users\divya\AppData\Local\Temp\ccF88moI.s 			page 18


 864 0121 00       		.byte	0
 865 0122 00       		.byte	0
 866 0123 16       		.uleb128 0x16
 867 0124 35       		.uleb128 0x35
 868 0125 00       		.byte	0
 869 0126 49       		.uleb128 0x49
 870 0127 13       		.uleb128 0x13
 871 0128 00       		.byte	0
 872 0129 00       		.byte	0
 873 012a 17       		.uleb128 0x17
 874 012b 26       		.uleb128 0x26
 875 012c 00       		.byte	0
 876 012d 49       		.uleb128 0x49
 877 012e 13       		.uleb128 0x13
 878 012f 00       		.byte	0
 879 0130 00       		.byte	0
 880 0131 18       		.uleb128 0x18
 881 0132 34       		.uleb128 0x34
 882 0133 00       		.byte	0
 883 0134 03       		.uleb128 0x3
 884 0135 0E       		.uleb128 0xe
 885 0136 3A       		.uleb128 0x3a
 886 0137 0B       		.uleb128 0xb
 887 0138 3B       		.uleb128 0x3b
 888 0139 0B       		.uleb128 0xb
 889 013a 49       		.uleb128 0x49
 890 013b 13       		.uleb128 0x13
 891 013c 3F       		.uleb128 0x3f
 892 013d 19       		.uleb128 0x19
 893 013e 02       		.uleb128 0x2
 894 013f 18       		.uleb128 0x18
 895 0140 00       		.byte	0
 896 0141 00       		.byte	0
 897 0142 19       		.uleb128 0x19
 898 0143 2E       		.uleb128 0x2e
 899 0144 00       		.byte	0
 900 0145 3F       		.uleb128 0x3f
 901 0146 19       		.uleb128 0x19
 902 0147 3C       		.uleb128 0x3c
 903 0148 19       		.uleb128 0x19
 904 0149 6E       		.uleb128 0x6e
 905 014a 0E       		.uleb128 0xe
 906 014b 03       		.uleb128 0x3
 907 014c 0E       		.uleb128 0xe
 908 014d 3A       		.uleb128 0x3a
 909 014e 0B       		.uleb128 0xb
 910 014f 3B       		.uleb128 0x3b
 911 0150 0B       		.uleb128 0xb
 912 0151 00       		.byte	0
 913 0152 00       		.byte	0
 914 0153 1A       		.uleb128 0x1a
 915 0154 2E       		.uleb128 0x2e
 916 0155 00       		.byte	0
 917 0156 3F       		.uleb128 0x3f
 918 0157 19       		.uleb128 0x19
 919 0158 3C       		.uleb128 0x3c
 920 0159 19       		.uleb128 0x19
ARM GAS  C:\Users\divya\AppData\Local\Temp\ccF88moI.s 			page 19


 921 015a 6E       		.uleb128 0x6e
 922 015b 0E       		.uleb128 0xe
 923 015c 03       		.uleb128 0x3
 924 015d 0E       		.uleb128 0xe
 925 015e 3A       		.uleb128 0x3a
 926 015f 0B       		.uleb128 0xb
 927 0160 3B       		.uleb128 0x3b
 928 0161 05       		.uleb128 0x5
 929 0162 00       		.byte	0
 930 0163 00       		.byte	0
 931 0164 00       		.byte	0
 932              		.section	.debug_aranges,"",%progbits
 933 0000 1C000000 		.4byte	0x1c
 934 0004 0200     		.2byte	0x2
 935 0006 00000000 		.4byte	.Ldebug_info0
 936 000a 04       		.byte	0x4
 937 000b 00       		.byte	0
 938 000c 0000     		.2byte	0
 939 000e 0000     		.2byte	0
 940 0010 00000000 		.4byte	.LFB110
 941 0014 64000000 		.4byte	.LFE110-.LFB110
 942 0018 00000000 		.4byte	0
 943 001c 00000000 		.4byte	0
 944              		.section	.debug_ranges,"",%progbits
 945              	.Ldebug_ranges0:
 946 0000 00000000 		.4byte	.LFB110
 947 0004 64000000 		.4byte	.LFE110
 948 0008 00000000 		.4byte	0
 949 000c 00000000 		.4byte	0
 950              		.section	.debug_line,"",%progbits
 951              	.Ldebug_line0:
 952 0000 9A020000 		.section	.debug_str,"MS",%progbits,1
 952      02007C02 
 952      00000201 
 952      FB0E0D00 
 952      01010101 
 953              	.LASF71:
 954 0000 45455F6F 		.ascii	"EE_oo_SetRelAlarm\000"
 954      6F5F5365 
 954      7452656C 
 954      416C6172 
 954      6D00
 955              	.LASF39:
 956 0012 52435F45 		.ascii	"RC_ERROR_READ_ONLY\000"
 956      52524F52 
 956      5F524541 
 956      445F4F4E 
 956      4C5900
 957              	.LASF25:
 958 0025 52435F53 		.ascii	"RC_SUCCESS\000"
 958      55434345 
 958      535300
 959              	.LASF40:
 960 0030 52435F45 		.ascii	"RC_ERROR_WRITE_ONLY\000"
 960      52524F52 
 960      5F575249 
 960      54455F4F 
ARM GAS  C:\Users\divya\AppData\Local\Temp\ccF88moI.s 			page 20


 960      4E4C5900 
 961              	.LASF2:
 962 0044 73686F72 		.ascii	"short int\000"
 962      7420696E 
 962      7400
 963              	.LASF31:
 964 004e 52435F45 		.ascii	"RC_ERROR_OVERRUN\000"
 964      52524F52 
 964      5F4F5645 
 964      5252554E 
 964      00
 965              	.LASF43:
 966 005f 52435F45 		.ascii	"RC_ERROR_WRITE_FAILS\000"
 966      52524F52 
 966      5F575249 
 966      54455F46 
 966      41494C53 
 967              	.LASF24:
 968 0074 73697A65 		.ascii	"sizetype\000"
 968      74797065 
 968      00
 969              	.LASF76:
 970 007d 476C6F77 		.ascii	"Glower\000"
 970      657200
 971              	.LASF28:
 972 0084 52435F45 		.ascii	"RC_ERROR_ZERO\000"
 972      52524F52 
 972      5F5A4552 
 972      4F00
 973              	.LASF22:
 974 0092 45455F46 		.ascii	"EE_FREG\000"
 974      52454700 
 975              	.LASF42:
 976 009a 52435F45 		.ascii	"RC_ERROR_READ_FAILS\000"
 976      52524F52 
 976      5F524541 
 976      445F4641 
 976      494C5300 
 977              	.LASF67:
 978 00ae 52475F67 		.ascii	"RG_glowtable_1\000"
 978      6C6F7774 
 978      61626C65 
 978      5F3100
 979              	.LASF20:
 980 00bd 45455F55 		.ascii	"EE_UINT32\000"
 980      494E5433 
 980      3200
 981              	.LASF4:
 982 00c7 5F5F7569 		.ascii	"__uint16_t\000"
 982      6E743136 
 982      5F7400
 983              	.LASF23:
 984 00d2 45455F54 		.ascii	"EE_TID\000"
 984      494400
 985              	.LASF56:
 986 00d9 626C7565 		.ascii	"blue\000"
 986      00
ARM GAS  C:\Users\divya\AppData\Local\Temp\ccF88moI.s 			page 21


 987              	.LASF59:
 988 00de 696E6465 		.ascii	"index\000"
 988      7800
 989              	.LASF48:
 990 00e4 52435F45 		.ascii	"RC_ERROR_INVALID_STATE\000"
 990      52524F52 
 990      5F494E56 
 990      414C4944 
 990      5F535441 
 991              	.LASF65:
 992 00fb 45455F49 		.ascii	"EE_IRQ_nesting_level\000"
 992      52515F6E 
 992      65737469 
 992      6E675F6C 
 992      6576656C 
 993              	.LASF19:
 994 0110 45455F49 		.ascii	"EE_INT32\000"
 994      4E543332 
 994      00
 995              	.LASF64:
 996 0119 45455F73 		.ascii	"EE_std_endcycle_next_tid\000"
 996      74645F65 
 996      6E646379 
 996      636C655F 
 996      6E657874 
 997              	.LASF30:
 998 0132 52435F45 		.ascii	"RC_ERROR_RANGE\000"
 998      52524F52 
 998      5F52414E 
 998      474500
 999              	.LASF15:
 1000 0141 666C6F61 		.ascii	"float\000"
 1000      7400
 1001              	.LASF50:
 1002 0147 52435F45 		.ascii	"RC_ERROR_NOT_IMPLEMENTED\000"
 1002      52524F52 
 1002      5F4E4F54 
 1002      5F494D50 
 1002      4C454D45 
 1003              	.LASF9:
 1004 0160 6C6F6E67 		.ascii	"long long int\000"
 1004      206C6F6E 
 1004      6720696E 
 1004      7400
 1005              	.LASF62:
 1006 016e 45455F6F 		.ascii	"EE_oo_IRQ_suspend_status\000"
 1006      6F5F4952 
 1006      515F7375 
 1006      7370656E 
 1006      645F7374 
 1007              	.LASF44:
 1008 0187 52435F45 		.ascii	"RC_ERROR_NOT_MATCH\000"
 1008      52524F52 
 1008      5F4E4F54 
 1008      5F4D4154 
 1008      434800
 1009              	.LASF49:
ARM GAS  C:\Users\divya\AppData\Local\Temp\ccF88moI.s 			page 22


 1010 019a 52435F45 		.ascii	"RC_ERROR_UNKNOWN\000"
 1010      52524F52 
 1010      5F554E4B 
 1010      4E4F574E 
 1010      00
 1011              	.LASF7:
 1012 01ab 6C6F6E67 		.ascii	"long int\000"
 1012      20696E74 
 1012      00
 1013              	.LASF32:
 1014 01b4 52435F45 		.ascii	"RC_ERROR_UNDERRUN\000"
 1014      52524F52 
 1014      5F554E44 
 1014      45525255 
 1014      4E00
 1015              	.LASF73:
 1016 01c6 736F7572 		.ascii	"source\\asw\\Glower.c\000"
 1016      63655C61 
 1016      73775C47 
 1016      6C6F7765 
 1016      722E6300 
 1017              	.LASF35:
 1018 01da 52435F45 		.ascii	"RC_ERROR_BUSY\000"
 1018      52524F52 
 1018      5F425553 
 1018      5900
 1019              	.LASF3:
 1020 01e8 5F5F7569 		.ascii	"__uint8_t\000"
 1020      6E74385F 
 1020      7400
 1021              	.LASF41:
 1022 01f2 52435F45 		.ascii	"RC_ERROR_INVALID\000"
 1022      52524F52 
 1022      5F494E56 
 1022      414C4944 
 1022      00
 1023              	.LASF55:
 1024 0203 67726565 		.ascii	"green\000"
 1024      6E00
 1025              	.LASF46:
 1026 0209 52435F45 		.ascii	"RC_ERROR_BAD_DATA\000"
 1026      52524F52 
 1026      5F424144 
 1026      5F444154 
 1026      4100
 1027              	.LASF75:
 1028 021b 4C45444F 		.ascii	"LEDOnOff\000"
 1028      6E4F6666 
 1028      00
 1029              	.LASF18:
 1030 0224 6C6F6E67 		.ascii	"long double\000"
 1030      20646F75 
 1030      626C6500 
 1031              	.LASF58:
 1032 0230 476C6F77 		.ascii	"Glower_t\000"
 1032      65725F74 
 1032      00
ARM GAS  C:\Users\divya\AppData\Local\Temp\ccF88moI.s 			page 23


 1033              	.LASF1:
 1034 0239 756E7369 		.ascii	"unsigned char\000"
 1034      676E6564 
 1034      20636861 
 1034      7200
 1035              	.LASF0:
 1036 0247 7369676E 		.ascii	"signed char\000"
 1036      65642063 
 1036      68617200 
 1037              	.LASF10:
 1038 0253 6C6F6E67 		.ascii	"long long unsigned int\000"
 1038      206C6F6E 
 1038      6720756E 
 1038      7369676E 
 1038      65642069 
 1039              	.LASF53:
 1040 026a 4C45445F 		.ascii	"LED_ON\000"
 1040      4F4E00
 1041              	.LASF11:
 1042 0271 756E7369 		.ascii	"unsigned int\000"
 1042      676E6564 
 1042      20696E74 
 1042      00
 1043              	.LASF37:
 1044 027e 52435F45 		.ascii	"RC_ERROR_OPEN\000"
 1044      52524F52 
 1044      5F4F5045 
 1044      4E00
 1045              	.LASF13:
 1046 028c 75696E74 		.ascii	"uint16_t\000"
 1046      31365F74 
 1046      00
 1047              	.LASF52:
 1048 0295 4C45445F 		.ascii	"LED_OFF\000"
 1048      4F464600 
 1049              	.LASF27:
 1050 029d 52435F45 		.ascii	"RC_ERROR_NULL\000"
 1050      52524F52 
 1050      5F4E554C 
 1050      4C00
 1051              	.LASF34:
 1052 02ab 52435F45 		.ascii	"RC_ERROR_BUFFER_EMTPY\000"
 1052      52524F52 
 1052      5F425546 
 1052      4645525F 
 1052      454D5450 
 1053              	.LASF74:
 1054 02c1 433A5C55 		.ascii	"C:\\Users\\divya\\Documents\\PSoC Creator\\LABASSIG"
 1054      73657273 
 1054      5C646976 
 1054      79615C44 
 1054      6F63756D 
 1055 02ef 4E4D454E 		.ascii	"NMENT\\ReactionGame.cydsn\000"
 1055      545C5265 
 1055      61637469 
 1055      6F6E4761 
 1055      6D652E63 
ARM GAS  C:\Users\divya\AppData\Local\Temp\ccF88moI.s 			page 24


 1056              	.LASF68:
 1057 0308 50696E5F 		.ascii	"Pin_RGB_RED_Write\000"
 1057      5247425F 
 1057      5245445F 
 1057      57726974 
 1057      6500
 1058              	.LASF5:
 1059 031a 73686F72 		.ascii	"short unsigned int\000"
 1059      7420756E 
 1059      7369676E 
 1059      65642069 
 1059      6E7400
 1060              	.LASF72:
 1061 032d 474E5520 		.ascii	"GNU C11 5.4.1 20160609 (release) [ARM/embedded-5-br"
 1061      43313120 
 1061      352E342E 
 1061      31203230 
 1061      31363036 
 1062 0360 616E6368 		.ascii	"anch revision 237715] -mcpu=cortex-m3 -mthumb -g -O"
 1062      20726576 
 1062      6973696F 
 1062      6E203233 
 1062      37373135 
 1063 0393 67202D66 		.ascii	"g -ffunction-sections -ffat-lto-objects\000"
 1063      66756E63 
 1063      74696F6E 
 1063      2D736563 
 1063      74696F6E 
 1064              	.LASF17:
 1065 03bb 63686172 		.ascii	"char\000"
 1065      00
 1066              	.LASF33:
 1067 03c0 52435F45 		.ascii	"RC_ERROR_BUFFER_FULL\000"
 1067      52524F52 
 1067      5F425546 
 1067      4645525F 
 1067      46554C4C 
 1068              	.LASF14:
 1069 03d5 696E7433 		.ascii	"int32_t\000"
 1069      325F7400 
 1070              	.LASF70:
 1071 03dd 50696E5F 		.ascii	"Pin_RGB_BLUE_Write\000"
 1071      5247425F 
 1071      424C5545 
 1071      5F577269 
 1071      746500
 1072              	.LASF45:
 1073 03f0 52435F45 		.ascii	"RC_ERROR_BAD_PARAM\000"
 1073      52524F52 
 1073      5F424144 
 1073      5F504152 
 1073      414D00
 1074              	.LASF63:
 1075 0403 45455F41 		.ascii	"EE_ApplicationMode\000"
 1075      70706C69 
 1075      63617469 
 1075      6F6E4D6F 
ARM GAS  C:\Users\divya\AppData\Local\Temp\ccF88moI.s 			page 25


 1075      646500
 1076              	.LASF8:
 1077 0416 6C6F6E67 		.ascii	"long unsigned int\000"
 1077      20756E73 
 1077      69676E65 
 1077      6420696E 
 1077      7400
 1078              	.LASF57:
 1079 0428 54696D65 		.ascii	"TimeInMS\000"
 1079      496E4D53 
 1079      00
 1080              	.LASF16:
 1081 0431 646F7562 		.ascii	"double\000"
 1081      6C6500
 1082              	.LASF38:
 1083 0438 52435F45 		.ascii	"RC_ERROR_CHECKSUM\000"
 1083      52524F52 
 1083      5F434845 
 1083      434B5355 
 1083      4D00
 1084              	.LASF21:
 1085 044a 45455F55 		.ascii	"EE_UREG\000"
 1085      52454700 
 1086              	.LASF6:
 1087 0452 5F5F696E 		.ascii	"__int32_t\000"
 1087      7433325F 
 1087      7400
 1088              	.LASF77:
 1089 045c 5247425F 		.ascii	"RGB_GLOW_t\000"
 1089      474C4F57 
 1089      5F7400
 1090              	.LASF12:
 1091 0467 75696E74 		.ascii	"uint8_t\000"
 1091      385F7400 
 1092              	.LASF60:
 1093 046f 4C45445F 		.ascii	"LED_STATE\000"
 1093      53544154 
 1093      4500
 1094              	.LASF54:
 1095 0479 4C45444F 		.ascii	"LEDOnOff_t\000"
 1095      6E4F6666 
 1095      5F7400
 1096              	.LASF47:
 1097 0484 52435F45 		.ascii	"RC_ERROR_CANCELED\000"
 1097      52524F52 
 1097      5F43414E 
 1097      43454C45 
 1097      4400
 1098              	.LASF69:
 1099 0496 50696E5F 		.ascii	"Pin_RGB_GREEN_Write\000"
 1099      5247425F 
 1099      47524545 
 1099      4E5F5772 
 1099      69746500 
 1100              	.LASF66:
 1101 04aa 49544D5F 		.ascii	"ITM_RxBuffer\000"
 1101      52784275 
ARM GAS  C:\Users\divya\AppData\Local\Temp\ccF88moI.s 			page 26


 1101      66666572 
 1101      00
 1102              	.LASF26:
 1103 04b7 52435F45 		.ascii	"RC_ERROR\000"
 1103      52524F52 
 1103      00
 1104              	.LASF29:
 1105 04c0 52435F45 		.ascii	"RC_ERROR_MEMORY\000"
 1105      52524F52 
 1105      5F4D454D 
 1105      4F525900 
 1106              	.LASF61:
 1107 04d0 45455F6F 		.ascii	"EE_oo_IRQ_disable_count\000"
 1107      6F5F4952 
 1107      515F6469 
 1107      7361626C 
 1107      655F636F 
 1108              	.LASF51:
 1109 04e8 52435F74 		.ascii	"RC_t\000"
 1109      00
 1110              	.LASF36:
 1111 04ed 52435F45 		.ascii	"RC_ERROR_TIME_OUT\000"
 1111      52524F52 
 1111      5F54494D 
 1111      455F4F55 
 1111      5400
 1112              		.ident	"GCC: (GNU Tools for ARM Embedded Processors) 5.4.1 20160609 (release) [ARM/embedded-5-bran
