ARM GAS  C:\Users\divya\AppData\Local\Temp\ccCyNhhq.s 			page 1


   1              		.syntax unified
   2              		.cpu cortex-m3
   3              		.fpu softvfp
   4              		.eabi_attribute 20, 1
   5              		.eabi_attribute 21, 1
   6              		.eabi_attribute 23, 3
   7              		.eabi_attribute 24, 1
   8              		.eabi_attribute 25, 1
   9              		.eabi_attribute 26, 1
  10              		.eabi_attribute 30, 1
  11              		.eabi_attribute 34, 1
  12              		.eabi_attribute 18, 4
  13              		.thumb
  14              		.syntax unified
  15              		.file	"led.c"
  16              		.text
  17              	.Ltext0:
  18              		.cfi_sections	.debug_frame
  19              		.section	.text.LED_Init,"ax",%progbits
  20              		.align	2
  21              		.global	LED_Init
  22              		.thumb
  23              		.thumb_func
  24              		.type	LED_Init, %function
  25              	LED_Init:
  26              	.LFB110:
  27              		.file 1 "source\\bsw\\led.c"
   1:source\bsw/led.c **** /**
   2:source\bsw/led.c **** * \file <filename>
   3:source\bsw/led.c **** * \author <author-name>
   4:source\bsw/led.c **** * \date <date>
   5:source\bsw/led.c **** *
   6:source\bsw/led.c **** * \brief <Symbolic File name>
   7:source\bsw/led.c **** *
   8:source\bsw/led.c **** * \copyright Copyright ©2016
   9:source\bsw/led.c **** * Department of electrical engineering and information technology, Hochschule Darmstadt - Universit
  10:source\bsw/led.c **** * Permission to use, copy, modify, and distribute this software and its documentation for education
  11:source\bsw/led.c **** * (unless permitted by h_da) and official h_da projects, is hereby granted for enrolled students of
  12:source\bsw/led.c **** * this paragraph and the following paragraph appear in all copies, modifications, and distributions
  13:source\bsw/led.c **** * Contact Prof.Dr.-Ing. Peter Fromm, peter.fromm@h-da.de, Birkenweg 8 64295 Darmstadt - GERMANY for
  14:source\bsw/led.c **** *
  15:source\bsw/led.c **** * \warning This software is a PROTOTYPE version and is not designed or intended for use in producti
  16:source\bsw/led.c **** * The user represents and warrants that it will NOT use or redistribute the Software for such purpo
  17:source\bsw/led.c **** * This prototype is for research purposes only. This software is provided "AS IS," without a warran
  18:source\bsw/led.c **** */
  19:source\bsw/led.c **** 
  20:source\bsw/led.c **** /*****************************************************************************/
  21:source\bsw/led.c **** /* Include files                                                             */
  22:source\bsw/led.c **** /*****************************************************************************/
  23:source\bsw/led.c **** 
  24:source\bsw/led.c **** #include "project.h"
  25:source\bsw/led.c **** #include "led.h"
  26:source\bsw/led.c **** typedef enum {
  27:source\bsw/led.c ****     LED_FADER_STATE_RED,
  28:source\bsw/led.c ****     LED_FADER_STATE_YELLOW,
  29:source\bsw/led.c ****     LED_FADER_STATE_GREEN,
  30:source\bsw/led.c ****     LED_FADER_STATE_DONE
ARM GAS  C:\Users\divya\AppData\Local\Temp\ccCyNhhq.s 			page 2


  31:source\bsw/led.c **** } LED_FADER_State_t;
  32:source\bsw/led.c **** 
  33:source\bsw/led.c **** /*****************************************************************************/
  34:source\bsw/led.c **** /* Local pre-processor symbols/macros ('#define')                            */
  35:source\bsw/led.c **** /*****************************************************************************/
  36:source\bsw/led.c **** 
  37:source\bsw/led.c **** /*****************************************************************************/
  38:source\bsw/led.c **** /* Global variable definitions (declared in header file with 'extern')       */
  39:source\bsw/led.c **** /*****************************************************************************/
  40:source\bsw/led.c **** static LED_FADER_State_t faderState = LED_FADER_STATE_RED;
  41:source\bsw/led.c **** static uint8_t redBrightness = 0;
  42:source\bsw/led.c **** static uint8_t yellowBrightness = 0;
  43:source\bsw/led.c **** static uint8_t greenBrightness = 0;
  44:source\bsw/led.c **** /*****************************************************************************/
  45:source\bsw/led.c **** /* Local type definitions ('typedef')                                        */
  46:source\bsw/led.c **** /*****************************************************************************/
  47:source\bsw/led.c **** 
  48:source\bsw/led.c **** 
  49:source\bsw/led.c **** 
  50:source\bsw/led.c **** /*****************************************************************************/
  51:source\bsw/led.c **** /* Local variable definitions ('static')                                     */
  52:source\bsw/led.c **** /*****************************************************************************/
  53:source\bsw/led.c **** 
  54:source\bsw/led.c **** 
  55:source\bsw/led.c **** /*
  56:source\bsw/led.c **** const static uint16 LED__Pulse_Width[256] = {
  57:source\bsw/led.c ****     0, 1, 1, 1, 1, 1, 1, 1, 1, 2, 2, 2, 2, 2, 2, 2, 2, 2, 2, 2, 2, 3,
  58:source\bsw/led.c ****     3, 3, 3, 3, 3, 3, 4, 4, 4, 4, 4, 4, 5, 5, 5, 5, 5, 6, 6, 6, 6, 7,
  59:source\bsw/led.c ****     7, 7, 8, 8, 8, 9, 9, 10, 10, 10, 11, 11, 12, 12, 13, 13, 14, 15,
  60:source\bsw/led.c ****     15, 16, 17, 17, 18, 19, 20, 21, 22, 23, 24, 25, 26, 27, 28, 29,
  61:source\bsw/led.c ****     31, 32, 33, 35, 36, 38, 40, 41, 43, 45, 47, 49, 52, 54, 56, 59,
  62:source\bsw/led.c ****     61, 64, 67, 70, 73, 76, 79, 83, 87, 91, 95, 99, 103, 108, 112,
  63:source\bsw/led.c ****     117, 123, 128, 134, 140, 146, 152, 159, 166, 173, 181, 189, 197,
  64:source\bsw/led.c ****     206, 215, 225, 235, 245, 256, 267, 279, 292, 304, 318, 332, 347,
  65:source\bsw/led.c ****     362, 378, 395, 412, 431, 450, 470, 490, 512, 535, 558, 583, 609,
  66:source\bsw/led.c ****     636, 664, 693, 724, 756, 790, 825, 861, 899, 939, 981, 1024, 1069,
  67:source\bsw/led.c ****     1117, 1166, 1218, 1272, 1328, 1387, 1448, 1512, 1579, 1649, 1722,
  68:source\bsw/led.c ****     1798, 1878, 1961, 2048, 2139, 2233, 2332, 2435, 2543, 2656, 2773,
  69:source\bsw/led.c ****     2896, 3025, 3158, 3298, 3444, 3597, 3756, 3922, 4096, 4277, 4467,
  70:source\bsw/led.c ****     4664, 4871, 5087, 5312, 5547, 5793, 6049, 6317, 6596, 6889, 7194,
  71:source\bsw/led.c ****     7512, 7845, 8192, 8555, 8933, 9329, 9742, 10173, 10624, 11094,
  72:source\bsw/led.c ****     11585, 12098, 12634, 13193, 13777, 14387, 15024, 15689, 16384,
  73:source\bsw/led.c ****     17109, 17867, 18658, 19484, 20346, 21247, 22188, 23170, 24196,
  74:source\bsw/led.c ****     25267, 26386, 27554, 28774, 30048, 31378, 32768, 34218, 35733,
  75:source\bsw/led.c ****     37315, 38967, 40693, 42494, 44376, 46340, 48392, 50534, 52772,
  76:source\bsw/led.c ****     55108, 57548, 60096, 62757, 65535
  77:source\bsw/led.c **** };*/
  78:source\bsw/led.c **** 
  79:source\bsw/led.c **** ///*****************************************************************************/
  80:source\bsw/led.c **** ///* Local function prototypes ('static')                                      */
  81:source\bsw/led.c **** ///*****************************************************************************/
  82:source\bsw/led.c **** //
  83:source\bsw/led.c **** ///**
  84:source\bsw/led.c **** // * Inverts the parameter
  85:source\bsw/led.c **** // * @param LED_ONOFF_t ledOnOff - Value to be inverted
  86:source\bsw/led.c **** // * @return inverted parameter
  87:source\bsw/led.c **** // */
ARM GAS  C:\Users\divya\AppData\Local\Temp\ccCyNhhq.s 			page 3


  88:source\bsw/led.c **** //static inline LED_ONOFF_t LED__toggleValue(LED_ONOFF_t ledOnOff);
  89:source\bsw/led.c **** //
  90:source\bsw/led.c **** //
  91:source\bsw/led.c **** ///*****************************************************************************/
  92:source\bsw/led.c **** ///* Function implementation - global ('extern') and local ('static')          */
  93:source\bsw/led.c **** ///*****************************************************************************/
  94:source\bsw/led.c **** //
  95:source\bsw/led.c **** ///**
  96:source\bsw/led.c **** // * Initialises the LED's and turns them off
  97:source\bsw/led.c **** // * @return RC_SUCCESS if function was executed as exepected, other error code in case of error
  98:source\bsw/led.c **** // */
  99:source\bsw/led.c **** //RC_t LED_Init()
 100:source\bsw/led.c **** //{
 101:source\bsw/led.c **** //    RC_t result = RC_SUCCESS;
 102:source\bsw/led.c **** //    
 103:source\bsw/led.c **** //    for (LED_id_t i = LED_RED; i < LED_ALL; i++)
 104:source\bsw/led.c **** //    {
 105:source\bsw/led.c **** //        LED__state[i] = OFF;
 106:source\bsw/led.c **** //        
 107:source\bsw/led.c **** //        RC_t clearResult;
 108:source\bsw/led.c **** //        clearResult = LED_Set(i, LED_OFF);
 109:source\bsw/led.c **** //        
 110:source\bsw/led.c **** //        if (clearResult != RC_SUCCESS)
 111:source\bsw/led.c **** //        {
 112:source\bsw/led.c **** //            //memorize error
 113:source\bsw/led.c **** //            result = clearResult;
 114:source\bsw/led.c **** //        }
 115:source\bsw/led.c **** //    }
 116:source\bsw/led.c **** //    
 117:source\bsw/led.c **** //    //Init RGB
 118:source\bsw/led.c **** //    PWM_led_yellow_Start();
 119:source\bsw/led.c **** //    PWM_led_green_Start();
 120:source\bsw/led.c **** //    PWM_led_red_Start();
 121:source\bsw/led.c **** //    
 122:source\bsw/led.c **** //    return result;
 123:source\bsw/led.c **** //}
 124:source\bsw/led.c **** //
 125:source\bsw/led.c **** ///**
 126:source\bsw/led.c **** // * Sets the required LED
 127:source\bsw/led.c **** // * @param LED_t ledId - Identifier for the LED, ALL will change all LED's
 128:source\bsw/led.c **** // * @param LED_ONOFF_t ledOnOff - Trun the led on or off
 129:source\bsw/led.c **** // * @return RC_SUCCESS if function was executed as exepected, other error code in case of error
 130:source\bsw/led.c **** // */
 131:source\bsw/led.c **** //RC_t LED_Set(LED_id_t ledId, LED_ONOFF_t ledOnOff)
 132:source\bsw/led.c **** //{
 133:source\bsw/led.c **** //    //set individual LED
 134:source\bsw/led.c **** //    switch (ledId)
 135:source\bsw/led.c **** //    {
 136:source\bsw/led.c **** //        case LED_RED : 
 137:source\bsw/led.c **** //            LED_red_Write(ledOnOff); 
 138:source\bsw/led.c **** //            LED__state[ledId] = ledOnOff; 
 139:source\bsw/led.c **** //            break;
 140:source\bsw/led.c **** //        
 141:source\bsw/led.c **** //        case LED_YELLOW : 
 142:source\bsw/led.c **** //            LED_yellow_Write(ledOnOff); 
 143:source\bsw/led.c **** //            LED__state[ledId] = ledOnOff;
 144:source\bsw/led.c **** //            break;
ARM GAS  C:\Users\divya\AppData\Local\Temp\ccCyNhhq.s 			page 4


 145:source\bsw/led.c **** //            
 146:source\bsw/led.c **** //        case LED_GREEN : 
 147:source\bsw/led.c **** //            LED_green_Write(ledOnOff); 
 148:source\bsw/led.c **** //            LED__state[ledId] = ledOnOff;
 149:source\bsw/led.c **** //            break;
 150:source\bsw/led.c **** //           
 151:source\bsw/led.c **** //        case LED_ALL : 
 152:source\bsw/led.c **** //            for (LED_id_t i = LED_RED; i < LED_ALL; i++)
 153:source\bsw/led.c **** //            {
 154:source\bsw/led.c **** //                LED_Set(i, ledOnOff);
 155:source\bsw/led.c **** //            }
 156:source\bsw/led.c **** //            break;
 157:source\bsw/led.c **** //        default: return RC_ERROR_BAD_PARAM;
 158:source\bsw/led.c **** //    }
 159:source\bsw/led.c **** //    
 160:source\bsw/led.c **** //    return RC_SUCCESS;
 161:source\bsw/led.c **** //}
 162:source\bsw/led.c **** //
 163:source\bsw/led.c **** //
 164:source\bsw/led.c **** //
 165:source\bsw/led.c **** ///**
 166:source\bsw/led.c **** // * Toggle the required LED
 167:source\bsw/led.c **** // * @param LED_t ledId - Identifier for the LED, ALL will change all LED's
 168:source\bsw/led.c **** // * @return RC_SUCCESS if function was executed as exepected, other error code in case of error
 169:source\bsw/led.c **** // */
 170:source\bsw/led.c **** //RC_t LED_Toggle(LED_id_t ledId)
 171:source\bsw/led.c **** //{
 172:source\bsw/led.c **** //    //set individual LED
 173:source\bsw/led.c **** //    switch (ledId)
 174:source\bsw/led.c **** //    {
 175:source\bsw/led.c **** //        case LED_RED : 
 176:source\bsw/led.c **** //            LED__state[ledId] = LED__toggleValue(LED__state[ledId]); 
 177:source\bsw/led.c **** //            LED_red_Write(LED__state[ledId]);
 178:source\bsw/led.c **** //            break;
 179:source\bsw/led.c **** //        
 180:source\bsw/led.c **** //        case LED_YELLOW : 
 181:source\bsw/led.c **** //            LED__state[ledId] = LED__toggleValue(LED__state[ledId]); 
 182:source\bsw/led.c **** //            LED_yellow_Write(LED__state[ledId]);
 183:source\bsw/led.c **** //            break;
 184:source\bsw/led.c **** //            
 185:source\bsw/led.c **** //        case LED_GREEN : 
 186:source\bsw/led.c **** //            LED__state[ledId] = LED__toggleValue(LED__state[ledId]); 
 187:source\bsw/led.c **** //            LED_green_Write(LED__state[ledId]);
 188:source\bsw/led.c **** //            break;
 189:source\bsw/led.c **** //           
 190:source\bsw/led.c **** //        case LED_ALL : 
 191:source\bsw/led.c **** //            for (LED_id_t i = LED_RED; i < LED_ALL; i++)
 192:source\bsw/led.c **** //            {
 193:source\bsw/led.c **** //                LED_Toggle(i);
 194:source\bsw/led.c **** //            }
 195:source\bsw/led.c **** //            break;
 196:source\bsw/led.c **** //        default: return RC_ERROR_BAD_PARAM;
 197:source\bsw/led.c **** //    }
 198:source\bsw/led.c **** //    
 199:source\bsw/led.c **** //    return RC_SUCCESS;
 200:source\bsw/led.c **** //}
 201:source\bsw/led.c **** //
ARM GAS  C:\Users\divya\AppData\Local\Temp\ccCyNhhq.s 			page 5


 202:source\bsw/led.c **** //
 203:source\bsw/led.c **** ///**
 204:source\bsw/led.c **** // * Inverts the parameter
 205:source\bsw/led.c **** // * @param LED_ONOFF_t ledOnOff - Value to be inverted
 206:source\bsw/led.c **** // * @return inverted parameter
 207:source\bsw/led.c **** // */
 208:source\bsw/led.c **** //static inline LED_ONOFF_t LED__toggleValue(LED_ONOFF_t ledOnOff)
 209:source\bsw/led.c **** //{
 210:source\bsw/led.c **** //    if (ledOnOff == LED_ON) 
 211:source\bsw/led.c **** //    {
 212:source\bsw/led.c **** //        return LED_OFF;
 213:source\bsw/led.c **** //    }
 214:source\bsw/led.c **** //    else
 215:source\bsw/led.c **** //    {
 216:source\bsw/led.c **** //        return LED_ON;
 217:source\bsw/led.c **** //    }
 218:source\bsw/led.c **** //}
 219:source\bsw/led.c **** //
 220:source\bsw/led.c **** ///**
 221:source\bsw/led.c **** // * Set the RGB LED
 222:source\bsw/led.c **** // * @param uint16_t red - brightness 
 223:source\bsw/led.c **** // * @param uint16_t yellow - brightness 
 224:source\bsw/led.c **** // * @param uint16_t green - brightness 
 225:source\bsw/led.c **** // * @return RC_SUCCESS if function was executed as exepected, other error code in case of error
 226:source\bsw/led.c **** // */
 227:source\bsw/led.c **** //RC_t LED_RGB_Set(uint8_t red, uint8_t yellow, uint8_t green)
 228:source\bsw/led.c **** //{
 229:source\bsw/led.c **** //    PWM_led_red_WriteCompare(LED__Pulse_Width[red]);
 230:source\bsw/led.c **** //    PWM_led_yellow_WriteCompare(LED__Pulse_Width[yellow]);
 231:source\bsw/led.c **** //    PWM_led_green_WriteCompare(LED__Pulse_Width[green]);
 232:source\bsw/led.c **** // 
 233:source\bsw/led.c **** //    return RC_SUCCESS;
 234:source\bsw/led.c **** //}
 235:source\bsw/led.c **** RC_t LED_Init()
 236:source\bsw/led.c **** {
  28              		.loc 1 236 0
  29              		.cfi_startproc
  30              		@ args = 0, pretend = 0, frame = 0
  31              		@ frame_needed = 0, uses_anonymous_args = 0
  32 0000 08B5     		push	{r3, lr}
  33              		.cfi_def_cfa_offset 8
  34              		.cfi_offset 3, -8
  35              		.cfi_offset 14, -4
 237:source\bsw/led.c ****     //Initializing each values to the zero
 238:source\bsw/led.c ****     LED_STATE[LED_RED] = LED_OFF;
 239:source\bsw/led.c ****     LED_STATE[LED_GREEN] = LED_OFF;
 240:source\bsw/led.c ****     LED_STATE[LED_YELLOW] = LED_OFF;
 241:source\bsw/led.c ****     
 242:source\bsw/led.c ****     PWM_LED_RED_Start();
  36              		.loc 1 242 0
  37 0002 FFF7FEFF 		bl	PWM_LED_RED_Start
  38              	.LVL0:
 243:source\bsw/led.c ****     PWM_LED_GREEN_Start();
  39              		.loc 1 243 0
  40 0006 FFF7FEFF 		bl	PWM_LED_GREEN_Start
  41              	.LVL1:
 244:source\bsw/led.c ****     PWM_LED_YELLOW_Start();
ARM GAS  C:\Users\divya\AppData\Local\Temp\ccCyNhhq.s 			page 6


  42              		.loc 1 244 0
  43 000a FFF7FEFF 		bl	PWM_LED_YELLOW_Start
  44              	.LVL2:
 245:source\bsw/led.c ****     Clock_PWM_Start();
  45              		.loc 1 245 0
  46 000e FFF7FEFF 		bl	Clock_PWM_Start
  47              	.LVL3:
 246:source\bsw/led.c **** }
  48              		.loc 1 246 0
  49 0012 08BD     		pop	{r3, pc}
  50              		.cfi_endproc
  51              	.LFE110:
  52              		.size	LED_Init, .-LED_Init
  53              		.section	.text.LED_Set,"ax",%progbits
  54              		.align	2
  55              		.global	LED_Set
  56              		.thumb
  57              		.thumb_func
  58              		.type	LED_Set, %function
  59              	LED_Set:
  60              	.LFB111:
 247:source\bsw/led.c **** RC_t LED_Set(LEDid_t ledid,LEDOnOff_t ledonoff)
 248:source\bsw/led.c **** {
  61              		.loc 1 248 0
  62              		.cfi_startproc
  63              		@ args = 0, pretend = 0, frame = 0
  64              		@ frame_needed = 0, uses_anonymous_args = 0
  65              	.LVL4:
  66 0000 38B5     		push	{r3, r4, r5, lr}
  67              		.cfi_def_cfa_offset 16
  68              		.cfi_offset 3, -16
  69              		.cfi_offset 4, -12
  70              		.cfi_offset 5, -8
  71              		.cfi_offset 14, -4
  72 0002 0D46     		mov	r5, r1
 249:source\bsw/led.c ****     switch(ledid)
  73              		.loc 1 249 0
  74 0004 0328     		cmp	r0, #3
  75 0006 19D8     		bhi	.L4
  76 0008 DFE800F0 		tbb	[pc, r0]
  77              	.L6:
  78 000c 02       		.byte	(.L5-.L6)/2
  79 000d 06       		.byte	(.L7-.L6)/2
  80 000e 0A       		.byte	(.L8-.L6)/2
  81 000f 15       		.byte	(.L11-.L6)/2
  82              		.p2align 1
  83              	.L5:
 250:source\bsw/led.c ****     {
 251:source\bsw/led.c ****         case LED_RED:
 252:source\bsw/led.c ****         Pin_LED_RED_Write(ledonoff);
  84              		.loc 1 252 0
  85 0010 0846     		mov	r0, r1
  86              	.LVL5:
  87 0012 FFF7FEFF 		bl	Pin_LED_RED_Write
  88              	.LVL6:
 253:source\bsw/led.c ****         LED_STATE[ledid] = ledonoff;
 254:source\bsw/led.c ****         break;
ARM GAS  C:\Users\divya\AppData\Local\Temp\ccCyNhhq.s 			page 7


  89              		.loc 1 254 0
  90 0016 11E0     		b	.L4
  91              	.LVL7:
  92              	.L7:
 255:source\bsw/led.c ****         
 256:source\bsw/led.c ****         case LED_GREEN:
 257:source\bsw/led.c ****         Pin_LED_GREEN_Write(ledonoff);
  93              		.loc 1 257 0
  94 0018 0846     		mov	r0, r1
  95              	.LVL8:
  96 001a FFF7FEFF 		bl	Pin_LED_GREEN_Write
  97              	.LVL9:
 258:source\bsw/led.c ****         LED_STATE[ledid] = ledonoff;
 259:source\bsw/led.c ****         break;
  98              		.loc 1 259 0
  99 001e 0DE0     		b	.L4
 100              	.LVL10:
 101              	.L8:
 260:source\bsw/led.c ****         
 261:source\bsw/led.c ****         case LED_YELLOW:
 262:source\bsw/led.c ****         Pin_LED_YELLOW_Write(ledonoff);
 102              		.loc 1 262 0
 103 0020 0846     		mov	r0, r1
 104              	.LVL11:
 105 0022 FFF7FEFF 		bl	Pin_LED_YELLOW_Write
 106              	.LVL12:
 263:source\bsw/led.c ****         LED_STATE[ledid] = ledonoff;
 264:source\bsw/led.c ****         break;
 107              		.loc 1 264 0
 108 0026 09E0     		b	.L4
 109              	.LVL13:
 110              	.L10:
 111              	.LBB2:
 265:source\bsw/led.c ****         
 266:source\bsw/led.c ****         case LED_ALL:
 267:source\bsw/led.c ****         for(LEDid_t i=0;i<LED_ALL;i++)
 268:source\bsw/led.c ****         {
 269:source\bsw/led.c ****           LED_Set(i,ledonoff);
 112              		.loc 1 269 0 discriminator 3
 113 0028 2946     		mov	r1, r5
 114 002a 2046     		mov	r0, r4
 115 002c FFF7FEFF 		bl	LED_Set
 116              	.LVL14:
 267:source\bsw/led.c ****         {
 117              		.loc 1 267 0 discriminator 3
 118 0030 0134     		adds	r4, r4, #1
 119              	.LVL15:
 120 0032 E4B2     		uxtb	r4, r4
 121              	.LVL16:
 122 0034 00E0     		b	.L9
 123              	.LVL17:
 124              	.L11:
 125              	.LBE2:
 249:source\bsw/led.c ****     {
 126              		.loc 1 249 0
 127 0036 0024     		movs	r4, #0
 128              	.LVL18:
ARM GAS  C:\Users\divya\AppData\Local\Temp\ccCyNhhq.s 			page 8


 129              	.L9:
 130              	.LBB3:
 267:source\bsw/led.c ****         {
 131              		.loc 1 267 0 discriminator 1
 132 0038 022C     		cmp	r4, #2
 133 003a F5D9     		bls	.L10
 134              	.LVL19:
 135              	.L4:
 136              	.LBE3:
 270:source\bsw/led.c ****         }
 271:source\bsw/led.c ****         break;
 272:source\bsw/led.c ****     }
 273:source\bsw/led.c ****     return RC_SUCCESS;
 274:source\bsw/led.c ****         
 275:source\bsw/led.c **** }
 137              		.loc 1 275 0
 138 003c 0020     		movs	r0, #0
 139 003e 38BD     		pop	{r3, r4, r5, pc}
 140              		.cfi_endproc
 141              	.LFE111:
 142              		.size	LED_Set, .-LED_Set
 143              		.section	.text.LED_Toggle,"ax",%progbits
 144              		.align	2
 145              		.global	LED_Toggle
 146              		.thumb
 147              		.thumb_func
 148              		.type	LED_Toggle, %function
 149              	LED_Toggle:
 150              	.LFB112:
 276:source\bsw/led.c **** RC_t LED_Toggle(LEDid_t ledid)
 277:source\bsw/led.c **** {
 151              		.loc 1 277 0
 152              		.cfi_startproc
 153              		@ args = 0, pretend = 0, frame = 0
 154              		@ frame_needed = 0, uses_anonymous_args = 0
 155              	.LVL20:
 156 0000 10B5     		push	{r4, lr}
 157              		.cfi_def_cfa_offset 8
 158              		.cfi_offset 4, -8
 159              		.cfi_offset 14, -4
 278:source\bsw/led.c ****     switch(ledid)
 160              		.loc 1 278 0
 161 0002 0328     		cmp	r0, #3
 162 0004 21D8     		bhi	.L14
 163 0006 DFE800F0 		tbb	[pc, r0]
 164              	.L16:
 165 000a 02       		.byte	(.L15-.L16)/2
 166 000b 09       		.byte	(.L17-.L16)/2
 167 000c 10       		.byte	(.L18-.L16)/2
 168 000d 1D       		.byte	(.L21-.L16)/2
 169              		.p2align 1
 170              	.L15:
 279:source\bsw/led.c ****     {
 280:source\bsw/led.c ****         case LED_RED:
 281:source\bsw/led.c ****         Pin_LED_RED_Write(~Pin_LED_RED_Read());
 171              		.loc 1 281 0
 172 000e FFF7FEFF 		bl	Pin_LED_RED_Read
ARM GAS  C:\Users\divya\AppData\Local\Temp\ccCyNhhq.s 			page 9


 173              	.LVL21:
 174 0012 C043     		mvns	r0, r0
 175 0014 C0B2     		uxtb	r0, r0
 176 0016 FFF7FEFF 		bl	Pin_LED_RED_Write
 177              	.LVL22:
 282:source\bsw/led.c ****         break;
 178              		.loc 1 282 0
 179 001a 16E0     		b	.L14
 180              	.LVL23:
 181              	.L17:
 283:source\bsw/led.c ****         
 284:source\bsw/led.c ****         case LED_GREEN:
 285:source\bsw/led.c ****         Pin_LED_GREEN_Write(~Pin_LED_GREEN_Read());
 182              		.loc 1 285 0
 183 001c FFF7FEFF 		bl	Pin_LED_GREEN_Read
 184              	.LVL24:
 185 0020 C043     		mvns	r0, r0
 186 0022 C0B2     		uxtb	r0, r0
 187 0024 FFF7FEFF 		bl	Pin_LED_GREEN_Write
 188              	.LVL25:
 286:source\bsw/led.c ****         break;
 189              		.loc 1 286 0
 190 0028 0FE0     		b	.L14
 191              	.LVL26:
 192              	.L18:
 287:source\bsw/led.c ****         
 288:source\bsw/led.c ****         case LED_YELLOW:
 289:source\bsw/led.c ****         Pin_LED_YELLOW_Write(~Pin_LED_YELLOW_Read());
 193              		.loc 1 289 0
 194 002a FFF7FEFF 		bl	Pin_LED_YELLOW_Read
 195              	.LVL27:
 196 002e C043     		mvns	r0, r0
 197 0030 C0B2     		uxtb	r0, r0
 198 0032 FFF7FEFF 		bl	Pin_LED_YELLOW_Write
 199              	.LVL28:
 290:source\bsw/led.c ****         break;
 200              		.loc 1 290 0
 201 0036 08E0     		b	.L14
 202              	.LVL29:
 203              	.L20:
 204              	.LBB4:
 291:source\bsw/led.c ****         
 292:source\bsw/led.c ****         case LED_ALL:
 293:source\bsw/led.c ****         for(LEDid_t i =0;i<LED_ALL;i++)
 294:source\bsw/led.c ****         {
 295:source\bsw/led.c ****             LED_Toggle(i);
 205              		.loc 1 295 0 discriminator 3
 206 0038 2046     		mov	r0, r4
 207 003a FFF7FEFF 		bl	LED_Toggle
 208              	.LVL30:
 293:source\bsw/led.c ****         {
 209              		.loc 1 293 0 discriminator 3
 210 003e 0134     		adds	r4, r4, #1
 211              	.LVL31:
 212 0040 E4B2     		uxtb	r4, r4
 213              	.LVL32:
 214 0042 00E0     		b	.L19
ARM GAS  C:\Users\divya\AppData\Local\Temp\ccCyNhhq.s 			page 10


 215              	.LVL33:
 216              	.L21:
 217              	.LBE4:
 278:source\bsw/led.c ****     {
 218              		.loc 1 278 0
 219 0044 0024     		movs	r4, #0
 220              	.LVL34:
 221              	.L19:
 222              	.LBB5:
 293:source\bsw/led.c ****         {
 223              		.loc 1 293 0 discriminator 1
 224 0046 022C     		cmp	r4, #2
 225 0048 F6D9     		bls	.L20
 226              	.LVL35:
 227              	.L14:
 228              	.LBE5:
 296:source\bsw/led.c ****         }
 297:source\bsw/led.c ****         break;
 298:source\bsw/led.c ****     }
 299:source\bsw/led.c ****     return RC_SUCCESS;
 300:source\bsw/led.c **** }
 229              		.loc 1 300 0
 230 004a 0020     		movs	r0, #0
 231 004c 10BD     		pop	{r4, pc}
 232              		.cfi_endproc
 233              	.LFE112:
 234              		.size	LED_Toggle, .-LED_Toggle
 235 004e 00BF     		.text
 236              	.Letext0:
 237              		.file 2 "c:\\program files (x86)\\cypress\\psoc creator\\4.4\\psoc creator\\import\\gnu\\arm\\5.4.
 238              		.file 3 "c:\\program files (x86)\\cypress\\psoc creator\\4.4\\psoc creator\\import\\gnu\\arm\\5.4.
 239              		.file 4 "Generated_Source\\PSoC5/ErikaOS_1_common_ee_types.inc"
 240              		.file 5 "Generated_Source\\PSoC5/ErikaOS_1_cortex_mx_ee_cpu.inc"
 241              		.file 6 "source\\bsw\\global.h"
 242              		.file 7 "source\\bsw\\led.h"
 243              		.file 8 "Generated_Source\\PSoC5/ErikaOS_1_ee_oo_intfunc.inc"
 244              		.file 9 "Generated_Source\\PSoC5/ErikaOS_1_cortex_mx_ee_context.inc"
 245              		.file 10 "Generated_Source\\PSoC5/ErikaOS_1_common_ee_primitives.inc"
 246              		.file 11 "Generated_Source\\PSoC5/core_cm3.h"
 247              		.file 12 "Generated_Source\\PSoC5/PWM_LED_RED.h"
 248              		.file 13 "Generated_Source\\PSoC5/PWM_LED_GREEN.h"
 249              		.file 14 "Generated_Source\\PSoC5/PWM_LED_YELLOW.h"
 250              		.file 15 "Generated_Source\\PSoC5/Clock_PWM.h"
 251              		.file 16 "Generated_Source\\PSoC5/Pin_LED_RED.h"
 252              		.file 17 "Generated_Source\\PSoC5/Pin_LED_GREEN.h"
 253              		.file 18 "Generated_Source\\PSoC5/Pin_LED_YELLOW.h"
 254              		.section	.debug_info,"",%progbits
 255              	.Ldebug_info0:
 256 0000 94040000 		.4byte	0x494
 257 0004 0400     		.2byte	0x4
 258 0006 00000000 		.4byte	.Ldebug_abbrev0
 259 000a 04       		.byte	0x4
 260 000b 01       		.uleb128 0x1
 261 000c 90030000 		.4byte	.LASF89
 262 0010 0C       		.byte	0xc
 263 0011 B9010000 		.4byte	.LASF90
 264 0015 36030000 		.4byte	.LASF91
ARM GAS  C:\Users\divya\AppData\Local\Temp\ccCyNhhq.s 			page 11


 265 0019 30000000 		.4byte	.Ldebug_ranges0+0x30
 266 001d 00000000 		.4byte	0
 267 0021 00000000 		.4byte	.Ldebug_line0
 268 0025 02       		.uleb128 0x2
 269 0026 01       		.byte	0x1
 270 0027 06       		.byte	0x6
 271 0028 AB020000 		.4byte	.LASF0
 272 002c 03       		.uleb128 0x3
 273 002d 33020000 		.4byte	.LASF4
 274 0031 02       		.byte	0x2
 275 0032 1D       		.byte	0x1d
 276 0033 37000000 		.4byte	0x37
 277 0037 02       		.uleb128 0x2
 278 0038 01       		.byte	0x1
 279 0039 08       		.byte	0x8
 280 003a 89020000 		.4byte	.LASF1
 281 003e 02       		.uleb128 0x2
 282 003f 02       		.byte	0x2
 283 0040 05       		.byte	0x5
 284 0041 52000000 		.4byte	.LASF2
 285 0045 02       		.uleb128 0x2
 286 0046 02       		.byte	0x2
 287 0047 07       		.byte	0x7
 288 0048 7D030000 		.4byte	.LASF3
 289 004c 03       		.uleb128 0x3
 290 004d 52050000 		.4byte	.LASF5
 291 0051 02       		.byte	0x2
 292 0052 3F       		.byte	0x3f
 293 0053 57000000 		.4byte	0x57
 294 0057 02       		.uleb128 0x2
 295 0058 04       		.byte	0x4
 296 0059 05       		.byte	0x5
 297 005a EE010000 		.4byte	.LASF6
 298 005e 02       		.uleb128 0x2
 299 005f 04       		.byte	0x4
 300 0060 07       		.byte	0x7
 301 0061 C9040000 		.4byte	.LASF7
 302 0065 02       		.uleb128 0x2
 303 0066 08       		.byte	0x8
 304 0067 05       		.byte	0x5
 305 0068 92010000 		.4byte	.LASF8
 306 006c 02       		.uleb128 0x2
 307 006d 08       		.byte	0x8
 308 006e 07       		.byte	0x7
 309 006f B7020000 		.4byte	.LASF9
 310 0073 04       		.uleb128 0x4
 311 0074 04       		.byte	0x4
 312 0075 05       		.byte	0x5
 313 0076 696E7400 		.ascii	"int\000"
 314 007a 02       		.uleb128 0x2
 315 007b 04       		.byte	0x4
 316 007c 07       		.byte	0x7
 317 007d EA020000 		.4byte	.LASF10
 318 0081 03       		.uleb128 0x3
 319 0082 0E010000 		.4byte	.LASF11
 320 0086 03       		.byte	0x3
 321 0087 18       		.byte	0x18
ARM GAS  C:\Users\divya\AppData\Local\Temp\ccCyNhhq.s 			page 12


 322 0088 2C000000 		.4byte	0x2c
 323 008c 03       		.uleb128 0x3
 324 008d 44040000 		.4byte	.LASF12
 325 0091 03       		.byte	0x3
 326 0092 2C       		.byte	0x2c
 327 0093 4C000000 		.4byte	0x4c
 328 0097 02       		.uleb128 0x2
 329 0098 04       		.byte	0x4
 330 0099 04       		.byte	0x4
 331 009a 73010000 		.4byte	.LASF13
 332 009e 02       		.uleb128 0x2
 333 009f 08       		.byte	0x8
 334 00a0 04       		.byte	0x4
 335 00a1 91050000 		.4byte	.LASF14
 336 00a5 02       		.uleb128 0x2
 337 00a6 01       		.byte	0x1
 338 00a7 08       		.byte	0x8
 339 00a8 1E040000 		.4byte	.LASF15
 340 00ac 02       		.uleb128 0x2
 341 00ad 08       		.byte	0x8
 342 00ae 04       		.byte	0x4
 343 00af 7D020000 		.4byte	.LASF16
 344 00b3 03       		.uleb128 0x3
 345 00b4 42010000 		.4byte	.LASF17
 346 00b8 04       		.byte	0x4
 347 00b9 53       		.byte	0x53
 348 00ba 73000000 		.4byte	0x73
 349 00be 03       		.uleb128 0x3
 350 00bf C4000000 		.4byte	.LASF18
 351 00c3 04       		.byte	0x4
 352 00c4 54       		.byte	0x54
 353 00c5 7A000000 		.4byte	0x7a
 354 00c9 03       		.uleb128 0x3
 355 00ca 1D050000 		.4byte	.LASF19
 356 00ce 05       		.byte	0x5
 357 00cf 4D       		.byte	0x4d
 358 00d0 BE000000 		.4byte	0xbe
 359 00d4 03       		.uleb128 0x3
 360 00d5 A8000000 		.4byte	.LASF20
 361 00d9 05       		.byte	0x5
 362 00da 4F       		.byte	0x4f
 363 00db BE000000 		.4byte	0xbe
 364 00df 03       		.uleb128 0x3
 365 00e0 DE000000 		.4byte	.LASF21
 366 00e4 05       		.byte	0x5
 367 00e5 78       		.byte	0x78
 368 00e6 B3000000 		.4byte	0xb3
 369 00ea 02       		.uleb128 0x2
 370 00eb 04       		.byte	0x4
 371 00ec 07       		.byte	0x7
 372 00ed 82000000 		.4byte	.LASF22
 373 00f1 05       		.uleb128 0x5
 374 00f2 01       		.byte	0x1
 375 00f3 25000000 		.4byte	0x25
 376 00f7 06       		.byte	0x6
 377 00f8 CF       		.byte	0xcf
 378 00f9 9A010000 		.4byte	0x19a
ARM GAS  C:\Users\divya\AppData\Local\Temp\ccCyNhhq.s 			page 13


 379 00fd 06       		.uleb128 0x6
 380 00fe 33000000 		.4byte	.LASF23
 381 0102 00       		.byte	0
 382 0103 07       		.uleb128 0x7
 383 0104 BB050000 		.4byte	.LASF24
 384 0108 7F       		.sleb128 -1
 385 0109 07       		.uleb128 0x7
 386 010a 20030000 		.4byte	.LASF25
 387 010e 7E       		.sleb128 -2
 388 010f 07       		.uleb128 0x7
 389 0110 9A000000 		.4byte	.LASF26
 390 0114 7D       		.sleb128 -3
 391 0115 07       		.uleb128 0x7
 392 0116 23040000 		.4byte	.LASF27
 393 011a 7C       		.sleb128 -4
 394 011b 07       		.uleb128 0x7
 395 011c 64010000 		.4byte	.LASF28
 396 0120 7B       		.sleb128 -5
 397 0121 07       		.uleb128 0x7
 398 0122 5C000000 		.4byte	.LASF29
 399 0126 7A       		.sleb128 -6
 400 0127 07       		.uleb128 0x7
 401 0128 F7010000 		.4byte	.LASF30
 402 012c 79       		.sleb128 -7
 403 012d 07       		.uleb128 0x7
 404 012e 0B000000 		.4byte	.LASF31
 405 0132 78       		.sleb128 -8
 406 0133 07       		.uleb128 0x7
 407 0134 EA050000 		.4byte	.LASF32
 408 0138 77       		.sleb128 -9
 409 0139 07       		.uleb128 0x7
 410 013a 14020000 		.4byte	.LASF33
 411 013e 76       		.sleb128 -10
 412 013f 07       		.uleb128 0x7
 413 0140 05060000 		.4byte	.LASF34
 414 0144 75       		.sleb128 -11
 415 0145 07       		.uleb128 0x7
 416 0146 F7020000 		.4byte	.LASF35
 417 014a 74       		.sleb128 -12
 418 014b 07       		.uleb128 0x7
 419 014c 0B050000 		.4byte	.LASF36
 420 0150 73       		.sleb128 -13
 421 0151 07       		.uleb128 0x7
 422 0152 20000000 		.4byte	.LASF37
 423 0156 72       		.sleb128 -14
 424 0157 07       		.uleb128 0x7
 425 0158 3E000000 		.4byte	.LASF38
 426 015c 71       		.sleb128 -15
 427 015d 07       		.uleb128 0x7
 428 015e 3D020000 		.4byte	.LASF39
 429 0162 70       		.sleb128 -16
 430 0163 07       		.uleb128 0x7
 431 0164 B0000000 		.4byte	.LASF40
 432 0168 6F       		.sleb128 -17
 433 0169 07       		.uleb128 0x7
 434 016a 6D000000 		.4byte	.LASF41
 435 016e 6E       		.sleb128 -18
ARM GAS  C:\Users\divya\AppData\Local\Temp\ccCyNhhq.s 			page 14


 436 016f 07       		.uleb128 0x7
 437 0170 CA010000 		.4byte	.LASF42
 438 0174 6D       		.sleb128 -19
 439 0175 07       		.uleb128 0x7
 440 0176 63040000 		.4byte	.LASF43
 441 017a 6C       		.sleb128 -20
 442 017b 07       		.uleb128 0x7
 443 017c 62020000 		.4byte	.LASF44
 444 0180 6B       		.sleb128 -21
 445 0181 07       		.uleb128 0x7
 446 0182 7F050000 		.4byte	.LASF45
 447 0186 6A       		.sleb128 -22
 448 0187 07       		.uleb128 0x7
 449 0188 16010000 		.4byte	.LASF46
 450 018c 69       		.sleb128 -23
 451 018d 07       		.uleb128 0x7
 452 018e DD010000 		.4byte	.LASF47
 453 0192 68       		.sleb128 -24
 454 0193 07       		.uleb128 0x7
 455 0194 79010000 		.4byte	.LASF48
 456 0198 67       		.sleb128 -25
 457 0199 00       		.byte	0
 458 019a 03       		.uleb128 0x3
 459 019b 00060000 		.4byte	.LASF49
 460 019f 06       		.byte	0x6
 461 01a0 EA       		.byte	0xea
 462 01a1 F1000000 		.4byte	0xf1
 463 01a5 08       		.uleb128 0x8
 464 01a6 94000000 		.4byte	.LASF55
 465 01aa 01       		.byte	0x1
 466 01ab 37000000 		.4byte	0x37
 467 01af 07       		.byte	0x7
 468 01b0 59       		.byte	0x59
 469 01b1 CE010000 		.4byte	0x1ce
 470 01b5 06       		.uleb128 0x6
 471 01b6 C4050000 		.4byte	.LASF50
 472 01ba 00       		.byte	0
 473 01bb 06       		.uleb128 0x6
 474 01bc 76040000 		.4byte	.LASF51
 475 01c0 01       		.byte	0x1
 476 01c1 06       		.uleb128 0x6
 477 01c2 15030000 		.4byte	.LASF52
 478 01c6 02       		.byte	0x2
 479 01c7 06       		.uleb128 0x6
 480 01c8 37050000 		.4byte	.LASF53
 481 01cc 03       		.byte	0x3
 482 01cd 00       		.byte	0
 483 01ce 03       		.uleb128 0x3
 484 01cf 2E030000 		.4byte	.LASF54
 485 01d3 07       		.byte	0x7
 486 01d4 60       		.byte	0x60
 487 01d5 A5010000 		.4byte	0x1a5
 488 01d9 08       		.uleb128 0x8
 489 01da 74020000 		.4byte	.LASF56
 490 01de 01       		.byte	0x1
 491 01df 37000000 		.4byte	0x37
 492 01e3 07       		.byte	0x7
ARM GAS  C:\Users\divya\AppData\Local\Temp\ccCyNhhq.s 			page 15


 493 01e4 62       		.byte	0x62
 494 01e5 F6010000 		.4byte	0x1f6
 495 01e9 06       		.uleb128 0x6
 496 01ea 0D030000 		.4byte	.LASF57
 497 01ee 00       		.byte	0
 498 01ef 06       		.uleb128 0x6
 499 01f0 CE020000 		.4byte	.LASF58
 500 01f4 01       		.byte	0x1
 501 01f5 00       		.byte	0
 502 01f6 03       		.uleb128 0x3
 503 01f7 74050000 		.4byte	.LASF59
 504 01fb 07       		.byte	0x7
 505 01fc 67       		.byte	0x67
 506 01fd D9010000 		.4byte	0x1d9
 507 0201 05       		.uleb128 0x5
 508 0202 01       		.byte	0x1
 509 0203 37000000 		.4byte	0x37
 510 0207 01       		.byte	0x1
 511 0208 1A       		.byte	0x1a
 512 0209 26020000 		.4byte	0x226
 513 020d 06       		.uleb128 0x6
 514 020e 97020000 		.4byte	.LASF60
 515 0212 00       		.byte	0
 516 0213 06       		.uleb128 0x6
 517 0214 4C040000 		.4byte	.LASF61
 518 0218 01       		.byte	0x1
 519 0219 06       		.uleb128 0x6
 520 021a 98050000 		.4byte	.LASF62
 521 021e 02       		.byte	0x2
 522 021f 06       		.uleb128 0x6
 523 0220 E5000000 		.4byte	.LASF63
 524 0224 03       		.byte	0x3
 525 0225 00       		.byte	0
 526 0226 03       		.uleb128 0x3
 527 0227 25050000 		.4byte	.LASF64
 528 022b 01       		.byte	0x1
 529 022c 1F       		.byte	0x1f
 530 022d 01020000 		.4byte	0x201
 531 0231 09       		.uleb128 0x9
 532 0232 ED040000 		.4byte	.LASF92
 533 0236 01       		.byte	0x1
 534 0237 EB       		.byte	0xeb
 535 0238 9A010000 		.4byte	0x19a
 536 023c 00000000 		.4byte	.LFB110
 537 0240 14000000 		.4byte	.LFE110-.LFB110
 538 0244 01       		.uleb128 0x1
 539 0245 9C       		.byte	0x9c
 540 0246 6F020000 		.4byte	0x26f
 541 024a 0A       		.uleb128 0xa
 542 024b 06000000 		.4byte	.LVL0
 543 024f 29040000 		.4byte	0x429
 544 0253 0A       		.uleb128 0xa
 545 0254 0A000000 		.4byte	.LVL1
 546 0258 34040000 		.4byte	0x434
 547 025c 0A       		.uleb128 0xa
 548 025d 0E000000 		.4byte	.LVL2
 549 0261 3F040000 		.4byte	0x43f
ARM GAS  C:\Users\divya\AppData\Local\Temp\ccCyNhhq.s 			page 16


 550 0265 0A       		.uleb128 0xa
 551 0266 12000000 		.4byte	.LVL3
 552 026a 4A040000 		.4byte	0x44a
 553 026e 00       		.byte	0
 554 026f 0B       		.uleb128 0xb
 555 0270 05030000 		.4byte	.LASF67
 556 0274 01       		.byte	0x1
 557 0275 F7       		.byte	0xf7
 558 0276 9A010000 		.4byte	0x19a
 559 027a 00000000 		.4byte	.LFB111
 560 027e 40000000 		.4byte	.LFE111-.LFB111
 561 0282 01       		.uleb128 0x1
 562 0283 9C       		.byte	0x9c
 563 0284 0D030000 		.4byte	0x30d
 564 0288 0C       		.uleb128 0xc
 565 0289 CC050000 		.4byte	.LASF65
 566 028d 01       		.byte	0x1
 567 028e F7       		.byte	0xf7
 568 028f CE010000 		.4byte	0x1ce
 569 0293 00000000 		.4byte	.LLST0
 570 0297 0C       		.uleb128 0xc
 571 0298 8B000000 		.4byte	.LASF66
 572 029c 01       		.byte	0x1
 573 029d F7       		.byte	0xf7
 574 029e F6010000 		.4byte	0x1f6
 575 02a2 6C000000 		.4byte	.LLST1
 576 02a6 0D       		.uleb128 0xd
 577 02a7 00000000 		.4byte	.Ldebug_ranges0+0
 578 02ab D4020000 		.4byte	0x2d4
 579 02af 0E       		.uleb128 0xe
 580 02b0 6900     		.ascii	"i\000"
 581 02b2 01       		.byte	0x1
 582 02b3 0B01     		.2byte	0x10b
 583 02b5 CE010000 		.4byte	0x1ce
 584 02b9 D8000000 		.4byte	.LLST2
 585 02bd 0F       		.uleb128 0xf
 586 02be 30000000 		.4byte	.LVL14
 587 02c2 6F020000 		.4byte	0x26f
 588 02c6 10       		.uleb128 0x10
 589 02c7 01       		.uleb128 0x1
 590 02c8 50       		.byte	0x50
 591 02c9 02       		.uleb128 0x2
 592 02ca 74       		.byte	0x74
 593 02cb 00       		.sleb128 0
 594 02cc 10       		.uleb128 0x10
 595 02cd 01       		.uleb128 0x1
 596 02ce 51       		.byte	0x51
 597 02cf 02       		.uleb128 0x2
 598 02d0 75       		.byte	0x75
 599 02d1 00       		.sleb128 0
 600 02d2 00       		.byte	0
 601 02d3 00       		.byte	0
 602 02d4 11       		.uleb128 0x11
 603 02d5 16000000 		.4byte	.LVL6
 604 02d9 55040000 		.4byte	0x455
 605 02dd E8020000 		.4byte	0x2e8
 606 02e1 10       		.uleb128 0x10
ARM GAS  C:\Users\divya\AppData\Local\Temp\ccCyNhhq.s 			page 17


 607 02e2 01       		.uleb128 0x1
 608 02e3 50       		.byte	0x50
 609 02e4 02       		.uleb128 0x2
 610 02e5 75       		.byte	0x75
 611 02e6 00       		.sleb128 0
 612 02e7 00       		.byte	0
 613 02e8 11       		.uleb128 0x11
 614 02e9 1E000000 		.4byte	.LVL9
 615 02ed 60040000 		.4byte	0x460
 616 02f1 FC020000 		.4byte	0x2fc
 617 02f5 10       		.uleb128 0x10
 618 02f6 01       		.uleb128 0x1
 619 02f7 50       		.byte	0x50
 620 02f8 02       		.uleb128 0x2
 621 02f9 75       		.byte	0x75
 622 02fa 00       		.sleb128 0
 623 02fb 00       		.byte	0
 624 02fc 0F       		.uleb128 0xf
 625 02fd 26000000 		.4byte	.LVL12
 626 0301 6B040000 		.4byte	0x46b
 627 0305 10       		.uleb128 0x10
 628 0306 01       		.uleb128 0x1
 629 0307 50       		.byte	0x50
 630 0308 02       		.uleb128 0x2
 631 0309 75       		.byte	0x75
 632 030a 00       		.sleb128 0
 633 030b 00       		.byte	0
 634 030c 00       		.byte	0
 635 030d 12       		.uleb128 0x12
 636 030e 00000000 		.4byte	.LASF68
 637 0312 01       		.byte	0x1
 638 0313 1401     		.2byte	0x114
 639 0315 9A010000 		.4byte	0x19a
 640 0319 00000000 		.4byte	.LFB112
 641 031d 4E000000 		.4byte	.LFE112-.LFB112
 642 0321 01       		.uleb128 0x1
 643 0322 9C       		.byte	0x9c
 644 0323 96030000 		.4byte	0x396
 645 0327 13       		.uleb128 0x13
 646 0328 CC050000 		.4byte	.LASF65
 647 032c 01       		.byte	0x1
 648 032d 1401     		.2byte	0x114
 649 032f CE010000 		.4byte	0x1ce
 650 0333 01010000 		.4byte	.LLST3
 651 0337 0D       		.uleb128 0xd
 652 0338 18000000 		.4byte	.Ldebug_ranges0+0x18
 653 033c 5F030000 		.4byte	0x35f
 654 0340 0E       		.uleb128 0xe
 655 0341 6900     		.ascii	"i\000"
 656 0343 01       		.byte	0x1
 657 0344 2501     		.2byte	0x125
 658 0346 CE010000 		.4byte	0x1ce
 659 034a 6D010000 		.4byte	.LLST4
 660 034e 0F       		.uleb128 0xf
 661 034f 3E000000 		.4byte	.LVL30
 662 0353 0D030000 		.4byte	0x30d
 663 0357 10       		.uleb128 0x10
ARM GAS  C:\Users\divya\AppData\Local\Temp\ccCyNhhq.s 			page 18


 664 0358 01       		.uleb128 0x1
 665 0359 50       		.byte	0x50
 666 035a 02       		.uleb128 0x2
 667 035b 74       		.byte	0x74
 668 035c 00       		.sleb128 0
 669 035d 00       		.byte	0
 670 035e 00       		.byte	0
 671 035f 0A       		.uleb128 0xa
 672 0360 12000000 		.4byte	.LVL21
 673 0364 76040000 		.4byte	0x476
 674 0368 0A       		.uleb128 0xa
 675 0369 1A000000 		.4byte	.LVL22
 676 036d 55040000 		.4byte	0x455
 677 0371 0A       		.uleb128 0xa
 678 0372 20000000 		.4byte	.LVL24
 679 0376 81040000 		.4byte	0x481
 680 037a 0A       		.uleb128 0xa
 681 037b 28000000 		.4byte	.LVL25
 682 037f 60040000 		.4byte	0x460
 683 0383 0A       		.uleb128 0xa
 684 0384 2E000000 		.4byte	.LVL27
 685 0388 8C040000 		.4byte	0x48c
 686 038c 0A       		.uleb128 0xa
 687 038d 36000000 		.4byte	.LVL28
 688 0391 6B040000 		.4byte	0x46b
 689 0395 00       		.byte	0
 690 0396 14       		.uleb128 0x14
 691 0397 F6010000 		.4byte	0x1f6
 692 039b A6030000 		.4byte	0x3a6
 693 039f 15       		.uleb128 0x15
 694 03a0 EA000000 		.4byte	0xea
 695 03a4 02       		.byte	0x2
 696 03a5 00       		.byte	0
 697 03a6 16       		.uleb128 0x16
 698 03a7 5C050000 		.4byte	.LASF93
 699 03ab 07       		.byte	0x7
 700 03ac 87       		.byte	0x87
 701 03ad 96030000 		.4byte	0x396
 702 03b1 17       		.uleb128 0x17
 703 03b2 09020000 		.4byte	.LASF69
 704 03b6 01       		.byte	0x1
 705 03b7 28       		.byte	0x28
 706 03b8 26020000 		.4byte	0x226
 707 03bc 00       		.byte	0
 708 03bd 17       		.uleb128 0x17
 709 03be 66050000 		.4byte	.LASF70
 710 03c2 01       		.byte	0x1
 711 03c3 29       		.byte	0x29
 712 03c4 81000000 		.4byte	0x81
 713 03c8 00       		.byte	0
 714 03c9 17       		.uleb128 0x17
 715 03ca 33040000 		.4byte	.LASF71
 716 03ce 01       		.byte	0x1
 717 03cf 2A       		.byte	0x2a
 718 03d0 81000000 		.4byte	0x81
 719 03d4 00       		.byte	0
 720 03d5 17       		.uleb128 0x17
ARM GAS  C:\Users\divya\AppData\Local\Temp\ccCyNhhq.s 			page 19


 721 03d6 A6040000 		.4byte	.LASF72
 722 03da 01       		.byte	0x1
 723 03db 2B       		.byte	0x2b
 724 03dc 81000000 		.4byte	0x81
 725 03e0 00       		.byte	0
 726 03e1 18       		.uleb128 0x18
 727 03e2 D2050000 		.4byte	.LASF73
 728 03e6 08       		.byte	0x8
 729 03e7 40       		.byte	0x40
 730 03e8 C9000000 		.4byte	0xc9
 731 03ec 18       		.uleb128 0x18
 732 03ed A0010000 		.4byte	.LASF74
 733 03f1 08       		.byte	0x8
 734 03f2 47       		.byte	0x47
 735 03f3 D4000000 		.4byte	0xd4
 736 03f7 18       		.uleb128 0x18
 737 03f8 B6040000 		.4byte	.LASF75
 738 03fc 08       		.byte	0x8
 739 03fd 4A       		.byte	0x4a
 740 03fe C9000000 		.4byte	0xc9
 741 0402 18       		.uleb128 0x18
 742 0403 4B010000 		.4byte	.LASF76
 743 0407 09       		.byte	0x9
 744 0408 48       		.byte	0x48
 745 0409 DF000000 		.4byte	0xdf
 746 040d 18       		.uleb128 0x18
 747 040e 2D010000 		.4byte	.LASF77
 748 0412 0A       		.byte	0xa
 749 0413 44       		.byte	0x44
 750 0414 C9000000 		.4byte	0xc9
 751 0418 19       		.uleb128 0x19
 752 0419 AE050000 		.4byte	.LASF78
 753 041d 0B       		.byte	0xb
 754 041e 1207     		.2byte	0x712
 755 0420 24040000 		.4byte	0x424
 756 0424 1A       		.uleb128 0x1a
 757 0425 8C000000 		.4byte	0x8c
 758 0429 1B       		.uleb128 0x1b
 759 042a DB040000 		.4byte	.LASF79
 760 042e DB040000 		.4byte	.LASF79
 761 0432 0C       		.byte	0xc
 762 0433 92       		.byte	0x92
 763 0434 1B       		.uleb128 0x1b
 764 0435 FA000000 		.4byte	.LASF80
 765 0439 FA000000 		.4byte	.LASF80
 766 043d 0D       		.byte	0xd
 767 043e 92       		.byte	0x92
 768 043f 1B       		.uleb128 0x1b
 769 0440 F6040000 		.4byte	.LASF81
 770 0444 F6040000 		.4byte	.LASF81
 771 0448 0E       		.byte	0xe
 772 0449 92       		.byte	0x92
 773 044a 1B       		.uleb128 0x1b
 774 044b CE000000 		.4byte	.LASF82
 775 044f CE000000 		.4byte	.LASF82
 776 0453 0F       		.byte	0xf
 777 0454 27       		.byte	0x27
ARM GAS  C:\Users\divya\AppData\Local\Temp\ccCyNhhq.s 			page 20


 778 0455 1B       		.uleb128 0x1b
 779 0456 94040000 		.4byte	.LASF83
 780 045a 94040000 		.4byte	.LASF83
 781 045e 10       		.byte	0x10
 782 045f 26       		.byte	0x26
 783 0460 1B       		.uleb128 0x1b
 784 0461 80040000 		.4byte	.LASF84
 785 0465 80040000 		.4byte	.LASF84
 786 0469 11       		.byte	0x11
 787 046a 26       		.byte	0x26
 788 046b 1B       		.uleb128 0x1b
 789 046c D5020000 		.4byte	.LASF85
 790 0470 D5020000 		.4byte	.LASF85
 791 0474 12       		.byte	0x12
 792 0475 26       		.byte	0x26
 793 0476 1B       		.uleb128 0x1b
 794 0477 22020000 		.4byte	.LASF86
 795 047b 22020000 		.4byte	.LASF86
 796 047f 10       		.byte	0x10
 797 0480 29       		.byte	0x29
 798 0481 1B       		.uleb128 0x1b
 799 0482 3F050000 		.4byte	.LASF87
 800 0486 3F050000 		.4byte	.LASF87
 801 048a 11       		.byte	0x11
 802 048b 29       		.byte	0x29
 803 048c 1B       		.uleb128 0x1b
 804 048d 4E020000 		.4byte	.LASF88
 805 0491 4E020000 		.4byte	.LASF88
 806 0495 12       		.byte	0x12
 807 0496 29       		.byte	0x29
 808 0497 00       		.byte	0
 809              		.section	.debug_abbrev,"",%progbits
 810              	.Ldebug_abbrev0:
 811 0000 01       		.uleb128 0x1
 812 0001 11       		.uleb128 0x11
 813 0002 01       		.byte	0x1
 814 0003 25       		.uleb128 0x25
 815 0004 0E       		.uleb128 0xe
 816 0005 13       		.uleb128 0x13
 817 0006 0B       		.uleb128 0xb
 818 0007 03       		.uleb128 0x3
 819 0008 0E       		.uleb128 0xe
 820 0009 1B       		.uleb128 0x1b
 821 000a 0E       		.uleb128 0xe
 822 000b 55       		.uleb128 0x55
 823 000c 17       		.uleb128 0x17
 824 000d 11       		.uleb128 0x11
 825 000e 01       		.uleb128 0x1
 826 000f 10       		.uleb128 0x10
 827 0010 17       		.uleb128 0x17
 828 0011 00       		.byte	0
 829 0012 00       		.byte	0
 830 0013 02       		.uleb128 0x2
 831 0014 24       		.uleb128 0x24
 832 0015 00       		.byte	0
 833 0016 0B       		.uleb128 0xb
 834 0017 0B       		.uleb128 0xb
ARM GAS  C:\Users\divya\AppData\Local\Temp\ccCyNhhq.s 			page 21


 835 0018 3E       		.uleb128 0x3e
 836 0019 0B       		.uleb128 0xb
 837 001a 03       		.uleb128 0x3
 838 001b 0E       		.uleb128 0xe
 839 001c 00       		.byte	0
 840 001d 00       		.byte	0
 841 001e 03       		.uleb128 0x3
 842 001f 16       		.uleb128 0x16
 843 0020 00       		.byte	0
 844 0021 03       		.uleb128 0x3
 845 0022 0E       		.uleb128 0xe
 846 0023 3A       		.uleb128 0x3a
 847 0024 0B       		.uleb128 0xb
 848 0025 3B       		.uleb128 0x3b
 849 0026 0B       		.uleb128 0xb
 850 0027 49       		.uleb128 0x49
 851 0028 13       		.uleb128 0x13
 852 0029 00       		.byte	0
 853 002a 00       		.byte	0
 854 002b 04       		.uleb128 0x4
 855 002c 24       		.uleb128 0x24
 856 002d 00       		.byte	0
 857 002e 0B       		.uleb128 0xb
 858 002f 0B       		.uleb128 0xb
 859 0030 3E       		.uleb128 0x3e
 860 0031 0B       		.uleb128 0xb
 861 0032 03       		.uleb128 0x3
 862 0033 08       		.uleb128 0x8
 863 0034 00       		.byte	0
 864 0035 00       		.byte	0
 865 0036 05       		.uleb128 0x5
 866 0037 04       		.uleb128 0x4
 867 0038 01       		.byte	0x1
 868 0039 0B       		.uleb128 0xb
 869 003a 0B       		.uleb128 0xb
 870 003b 49       		.uleb128 0x49
 871 003c 13       		.uleb128 0x13
 872 003d 3A       		.uleb128 0x3a
 873 003e 0B       		.uleb128 0xb
 874 003f 3B       		.uleb128 0x3b
 875 0040 0B       		.uleb128 0xb
 876 0041 01       		.uleb128 0x1
 877 0042 13       		.uleb128 0x13
 878 0043 00       		.byte	0
 879 0044 00       		.byte	0
 880 0045 06       		.uleb128 0x6
 881 0046 28       		.uleb128 0x28
 882 0047 00       		.byte	0
 883 0048 03       		.uleb128 0x3
 884 0049 0E       		.uleb128 0xe
 885 004a 1C       		.uleb128 0x1c
 886 004b 0B       		.uleb128 0xb
 887 004c 00       		.byte	0
 888 004d 00       		.byte	0
 889 004e 07       		.uleb128 0x7
 890 004f 28       		.uleb128 0x28
 891 0050 00       		.byte	0
ARM GAS  C:\Users\divya\AppData\Local\Temp\ccCyNhhq.s 			page 22


 892 0051 03       		.uleb128 0x3
 893 0052 0E       		.uleb128 0xe
 894 0053 1C       		.uleb128 0x1c
 895 0054 0D       		.uleb128 0xd
 896 0055 00       		.byte	0
 897 0056 00       		.byte	0
 898 0057 08       		.uleb128 0x8
 899 0058 04       		.uleb128 0x4
 900 0059 01       		.byte	0x1
 901 005a 03       		.uleb128 0x3
 902 005b 0E       		.uleb128 0xe
 903 005c 0B       		.uleb128 0xb
 904 005d 0B       		.uleb128 0xb
 905 005e 49       		.uleb128 0x49
 906 005f 13       		.uleb128 0x13
 907 0060 3A       		.uleb128 0x3a
 908 0061 0B       		.uleb128 0xb
 909 0062 3B       		.uleb128 0x3b
 910 0063 0B       		.uleb128 0xb
 911 0064 01       		.uleb128 0x1
 912 0065 13       		.uleb128 0x13
 913 0066 00       		.byte	0
 914 0067 00       		.byte	0
 915 0068 09       		.uleb128 0x9
 916 0069 2E       		.uleb128 0x2e
 917 006a 01       		.byte	0x1
 918 006b 3F       		.uleb128 0x3f
 919 006c 19       		.uleb128 0x19
 920 006d 03       		.uleb128 0x3
 921 006e 0E       		.uleb128 0xe
 922 006f 3A       		.uleb128 0x3a
 923 0070 0B       		.uleb128 0xb
 924 0071 3B       		.uleb128 0x3b
 925 0072 0B       		.uleb128 0xb
 926 0073 49       		.uleb128 0x49
 927 0074 13       		.uleb128 0x13
 928 0075 11       		.uleb128 0x11
 929 0076 01       		.uleb128 0x1
 930 0077 12       		.uleb128 0x12
 931 0078 06       		.uleb128 0x6
 932 0079 40       		.uleb128 0x40
 933 007a 18       		.uleb128 0x18
 934 007b 9742     		.uleb128 0x2117
 935 007d 19       		.uleb128 0x19
 936 007e 01       		.uleb128 0x1
 937 007f 13       		.uleb128 0x13
 938 0080 00       		.byte	0
 939 0081 00       		.byte	0
 940 0082 0A       		.uleb128 0xa
 941 0083 898201   		.uleb128 0x4109
 942 0086 00       		.byte	0
 943 0087 11       		.uleb128 0x11
 944 0088 01       		.uleb128 0x1
 945 0089 31       		.uleb128 0x31
 946 008a 13       		.uleb128 0x13
 947 008b 00       		.byte	0
 948 008c 00       		.byte	0
ARM GAS  C:\Users\divya\AppData\Local\Temp\ccCyNhhq.s 			page 23


 949 008d 0B       		.uleb128 0xb
 950 008e 2E       		.uleb128 0x2e
 951 008f 01       		.byte	0x1
 952 0090 3F       		.uleb128 0x3f
 953 0091 19       		.uleb128 0x19
 954 0092 03       		.uleb128 0x3
 955 0093 0E       		.uleb128 0xe
 956 0094 3A       		.uleb128 0x3a
 957 0095 0B       		.uleb128 0xb
 958 0096 3B       		.uleb128 0x3b
 959 0097 0B       		.uleb128 0xb
 960 0098 27       		.uleb128 0x27
 961 0099 19       		.uleb128 0x19
 962 009a 49       		.uleb128 0x49
 963 009b 13       		.uleb128 0x13
 964 009c 11       		.uleb128 0x11
 965 009d 01       		.uleb128 0x1
 966 009e 12       		.uleb128 0x12
 967 009f 06       		.uleb128 0x6
 968 00a0 40       		.uleb128 0x40
 969 00a1 18       		.uleb128 0x18
 970 00a2 9742     		.uleb128 0x2117
 971 00a4 19       		.uleb128 0x19
 972 00a5 01       		.uleb128 0x1
 973 00a6 13       		.uleb128 0x13
 974 00a7 00       		.byte	0
 975 00a8 00       		.byte	0
 976 00a9 0C       		.uleb128 0xc
 977 00aa 05       		.uleb128 0x5
 978 00ab 00       		.byte	0
 979 00ac 03       		.uleb128 0x3
 980 00ad 0E       		.uleb128 0xe
 981 00ae 3A       		.uleb128 0x3a
 982 00af 0B       		.uleb128 0xb
 983 00b0 3B       		.uleb128 0x3b
 984 00b1 0B       		.uleb128 0xb
 985 00b2 49       		.uleb128 0x49
 986 00b3 13       		.uleb128 0x13
 987 00b4 02       		.uleb128 0x2
 988 00b5 17       		.uleb128 0x17
 989 00b6 00       		.byte	0
 990 00b7 00       		.byte	0
 991 00b8 0D       		.uleb128 0xd
 992 00b9 0B       		.uleb128 0xb
 993 00ba 01       		.byte	0x1
 994 00bb 55       		.uleb128 0x55
 995 00bc 17       		.uleb128 0x17
 996 00bd 01       		.uleb128 0x1
 997 00be 13       		.uleb128 0x13
 998 00bf 00       		.byte	0
 999 00c0 00       		.byte	0
 1000 00c1 0E       		.uleb128 0xe
 1001 00c2 34       		.uleb128 0x34
 1002 00c3 00       		.byte	0
 1003 00c4 03       		.uleb128 0x3
 1004 00c5 08       		.uleb128 0x8
 1005 00c6 3A       		.uleb128 0x3a
ARM GAS  C:\Users\divya\AppData\Local\Temp\ccCyNhhq.s 			page 24


 1006 00c7 0B       		.uleb128 0xb
 1007 00c8 3B       		.uleb128 0x3b
 1008 00c9 05       		.uleb128 0x5
 1009 00ca 49       		.uleb128 0x49
 1010 00cb 13       		.uleb128 0x13
 1011 00cc 02       		.uleb128 0x2
 1012 00cd 17       		.uleb128 0x17
 1013 00ce 00       		.byte	0
 1014 00cf 00       		.byte	0
 1015 00d0 0F       		.uleb128 0xf
 1016 00d1 898201   		.uleb128 0x4109
 1017 00d4 01       		.byte	0x1
 1018 00d5 11       		.uleb128 0x11
 1019 00d6 01       		.uleb128 0x1
 1020 00d7 31       		.uleb128 0x31
 1021 00d8 13       		.uleb128 0x13
 1022 00d9 00       		.byte	0
 1023 00da 00       		.byte	0
 1024 00db 10       		.uleb128 0x10
 1025 00dc 8A8201   		.uleb128 0x410a
 1026 00df 00       		.byte	0
 1027 00e0 02       		.uleb128 0x2
 1028 00e1 18       		.uleb128 0x18
 1029 00e2 9142     		.uleb128 0x2111
 1030 00e4 18       		.uleb128 0x18
 1031 00e5 00       		.byte	0
 1032 00e6 00       		.byte	0
 1033 00e7 11       		.uleb128 0x11
 1034 00e8 898201   		.uleb128 0x4109
 1035 00eb 01       		.byte	0x1
 1036 00ec 11       		.uleb128 0x11
 1037 00ed 01       		.uleb128 0x1
 1038 00ee 31       		.uleb128 0x31
 1039 00ef 13       		.uleb128 0x13
 1040 00f0 01       		.uleb128 0x1
 1041 00f1 13       		.uleb128 0x13
 1042 00f2 00       		.byte	0
 1043 00f3 00       		.byte	0
 1044 00f4 12       		.uleb128 0x12
 1045 00f5 2E       		.uleb128 0x2e
 1046 00f6 01       		.byte	0x1
 1047 00f7 3F       		.uleb128 0x3f
 1048 00f8 19       		.uleb128 0x19
 1049 00f9 03       		.uleb128 0x3
 1050 00fa 0E       		.uleb128 0xe
 1051 00fb 3A       		.uleb128 0x3a
 1052 00fc 0B       		.uleb128 0xb
 1053 00fd 3B       		.uleb128 0x3b
 1054 00fe 05       		.uleb128 0x5
 1055 00ff 27       		.uleb128 0x27
 1056 0100 19       		.uleb128 0x19
 1057 0101 49       		.uleb128 0x49
 1058 0102 13       		.uleb128 0x13
 1059 0103 11       		.uleb128 0x11
 1060 0104 01       		.uleb128 0x1
 1061 0105 12       		.uleb128 0x12
 1062 0106 06       		.uleb128 0x6
ARM GAS  C:\Users\divya\AppData\Local\Temp\ccCyNhhq.s 			page 25


 1063 0107 40       		.uleb128 0x40
 1064 0108 18       		.uleb128 0x18
 1065 0109 9742     		.uleb128 0x2117
 1066 010b 19       		.uleb128 0x19
 1067 010c 01       		.uleb128 0x1
 1068 010d 13       		.uleb128 0x13
 1069 010e 00       		.byte	0
 1070 010f 00       		.byte	0
 1071 0110 13       		.uleb128 0x13
 1072 0111 05       		.uleb128 0x5
 1073 0112 00       		.byte	0
 1074 0113 03       		.uleb128 0x3
 1075 0114 0E       		.uleb128 0xe
 1076 0115 3A       		.uleb128 0x3a
 1077 0116 0B       		.uleb128 0xb
 1078 0117 3B       		.uleb128 0x3b
 1079 0118 05       		.uleb128 0x5
 1080 0119 49       		.uleb128 0x49
 1081 011a 13       		.uleb128 0x13
 1082 011b 02       		.uleb128 0x2
 1083 011c 17       		.uleb128 0x17
 1084 011d 00       		.byte	0
 1085 011e 00       		.byte	0
 1086 011f 14       		.uleb128 0x14
 1087 0120 01       		.uleb128 0x1
 1088 0121 01       		.byte	0x1
 1089 0122 49       		.uleb128 0x49
 1090 0123 13       		.uleb128 0x13
 1091 0124 01       		.uleb128 0x1
 1092 0125 13       		.uleb128 0x13
 1093 0126 00       		.byte	0
 1094 0127 00       		.byte	0
 1095 0128 15       		.uleb128 0x15
 1096 0129 21       		.uleb128 0x21
 1097 012a 00       		.byte	0
 1098 012b 49       		.uleb128 0x49
 1099 012c 13       		.uleb128 0x13
 1100 012d 2F       		.uleb128 0x2f
 1101 012e 0B       		.uleb128 0xb
 1102 012f 00       		.byte	0
 1103 0130 00       		.byte	0
 1104 0131 16       		.uleb128 0x16
 1105 0132 34       		.uleb128 0x34
 1106 0133 00       		.byte	0
 1107 0134 03       		.uleb128 0x3
 1108 0135 0E       		.uleb128 0xe
 1109 0136 3A       		.uleb128 0x3a
 1110 0137 0B       		.uleb128 0xb
 1111 0138 3B       		.uleb128 0x3b
 1112 0139 0B       		.uleb128 0xb
 1113 013a 49       		.uleb128 0x49
 1114 013b 13       		.uleb128 0x13
 1115 013c 00       		.byte	0
 1116 013d 00       		.byte	0
 1117 013e 17       		.uleb128 0x17
 1118 013f 34       		.uleb128 0x34
 1119 0140 00       		.byte	0
ARM GAS  C:\Users\divya\AppData\Local\Temp\ccCyNhhq.s 			page 26


 1120 0141 03       		.uleb128 0x3
 1121 0142 0E       		.uleb128 0xe
 1122 0143 3A       		.uleb128 0x3a
 1123 0144 0B       		.uleb128 0xb
 1124 0145 3B       		.uleb128 0x3b
 1125 0146 0B       		.uleb128 0xb
 1126 0147 49       		.uleb128 0x49
 1127 0148 13       		.uleb128 0x13
 1128 0149 1C       		.uleb128 0x1c
 1129 014a 0B       		.uleb128 0xb
 1130 014b 00       		.byte	0
 1131 014c 00       		.byte	0
 1132 014d 18       		.uleb128 0x18
 1133 014e 34       		.uleb128 0x34
 1134 014f 00       		.byte	0
 1135 0150 03       		.uleb128 0x3
 1136 0151 0E       		.uleb128 0xe
 1137 0152 3A       		.uleb128 0x3a
 1138 0153 0B       		.uleb128 0xb
 1139 0154 3B       		.uleb128 0x3b
 1140 0155 0B       		.uleb128 0xb
 1141 0156 49       		.uleb128 0x49
 1142 0157 13       		.uleb128 0x13
 1143 0158 3F       		.uleb128 0x3f
 1144 0159 19       		.uleb128 0x19
 1145 015a 3C       		.uleb128 0x3c
 1146 015b 19       		.uleb128 0x19
 1147 015c 00       		.byte	0
 1148 015d 00       		.byte	0
 1149 015e 19       		.uleb128 0x19
 1150 015f 34       		.uleb128 0x34
 1151 0160 00       		.byte	0
 1152 0161 03       		.uleb128 0x3
 1153 0162 0E       		.uleb128 0xe
 1154 0163 3A       		.uleb128 0x3a
 1155 0164 0B       		.uleb128 0xb
 1156 0165 3B       		.uleb128 0x3b
 1157 0166 05       		.uleb128 0x5
 1158 0167 49       		.uleb128 0x49
 1159 0168 13       		.uleb128 0x13
 1160 0169 3F       		.uleb128 0x3f
 1161 016a 19       		.uleb128 0x19
 1162 016b 3C       		.uleb128 0x3c
 1163 016c 19       		.uleb128 0x19
 1164 016d 00       		.byte	0
 1165 016e 00       		.byte	0
 1166 016f 1A       		.uleb128 0x1a
 1167 0170 35       		.uleb128 0x35
 1168 0171 00       		.byte	0
 1169 0172 49       		.uleb128 0x49
 1170 0173 13       		.uleb128 0x13
 1171 0174 00       		.byte	0
 1172 0175 00       		.byte	0
 1173 0176 1B       		.uleb128 0x1b
 1174 0177 2E       		.uleb128 0x2e
 1175 0178 00       		.byte	0
 1176 0179 3F       		.uleb128 0x3f
ARM GAS  C:\Users\divya\AppData\Local\Temp\ccCyNhhq.s 			page 27


 1177 017a 19       		.uleb128 0x19
 1178 017b 3C       		.uleb128 0x3c
 1179 017c 19       		.uleb128 0x19
 1180 017d 6E       		.uleb128 0x6e
 1181 017e 0E       		.uleb128 0xe
 1182 017f 03       		.uleb128 0x3
 1183 0180 0E       		.uleb128 0xe
 1184 0181 3A       		.uleb128 0x3a
 1185 0182 0B       		.uleb128 0xb
 1186 0183 3B       		.uleb128 0x3b
 1187 0184 0B       		.uleb128 0xb
 1188 0185 00       		.byte	0
 1189 0186 00       		.byte	0
 1190 0187 00       		.byte	0
 1191              		.section	.debug_loc,"",%progbits
 1192              	.Ldebug_loc0:
 1193              	.LLST0:
 1194 0000 00000000 		.4byte	.LVL4
 1195 0004 12000000 		.4byte	.LVL5
 1196 0008 0100     		.2byte	0x1
 1197 000a 50       		.byte	0x50
 1198 000b 12000000 		.4byte	.LVL5
 1199 000f 18000000 		.4byte	.LVL7
 1200 0013 0400     		.2byte	0x4
 1201 0015 F3       		.byte	0xf3
 1202 0016 01       		.uleb128 0x1
 1203 0017 50       		.byte	0x50
 1204 0018 9F       		.byte	0x9f
 1205 0019 18000000 		.4byte	.LVL7
 1206 001d 1A000000 		.4byte	.LVL8
 1207 0021 0100     		.2byte	0x1
 1208 0023 50       		.byte	0x50
 1209 0024 1A000000 		.4byte	.LVL8
 1210 0028 20000000 		.4byte	.LVL10
 1211 002c 0400     		.2byte	0x4
 1212 002e F3       		.byte	0xf3
 1213 002f 01       		.uleb128 0x1
 1214 0030 50       		.byte	0x50
 1215 0031 9F       		.byte	0x9f
 1216 0032 20000000 		.4byte	.LVL10
 1217 0036 22000000 		.4byte	.LVL11
 1218 003a 0100     		.2byte	0x1
 1219 003c 50       		.byte	0x50
 1220 003d 22000000 		.4byte	.LVL11
 1221 0041 36000000 		.4byte	.LVL17
 1222 0045 0400     		.2byte	0x4
 1223 0047 F3       		.byte	0xf3
 1224 0048 01       		.uleb128 0x1
 1225 0049 50       		.byte	0x50
 1226 004a 9F       		.byte	0x9f
 1227 004b 36000000 		.4byte	.LVL17
 1228 004f 38000000 		.4byte	.LVL18
 1229 0053 0100     		.2byte	0x1
 1230 0055 50       		.byte	0x50
 1231 0056 38000000 		.4byte	.LVL18
 1232 005a 40000000 		.4byte	.LFE111
 1233 005e 0400     		.2byte	0x4
ARM GAS  C:\Users\divya\AppData\Local\Temp\ccCyNhhq.s 			page 28


 1234 0060 F3       		.byte	0xf3
 1235 0061 01       		.uleb128 0x1
 1236 0062 50       		.byte	0x50
 1237 0063 9F       		.byte	0x9f
 1238 0064 00000000 		.4byte	0
 1239 0068 00000000 		.4byte	0
 1240              	.LLST1:
 1241 006c 00000000 		.4byte	.LVL4
 1242 0070 15000000 		.4byte	.LVL6-1
 1243 0074 0100     		.2byte	0x1
 1244 0076 51       		.byte	0x51
 1245 0077 15000000 		.4byte	.LVL6-1
 1246 007b 18000000 		.4byte	.LVL7
 1247 007f 0400     		.2byte	0x4
 1248 0081 F3       		.byte	0xf3
 1249 0082 01       		.uleb128 0x1
 1250 0083 51       		.byte	0x51
 1251 0084 9F       		.byte	0x9f
 1252 0085 18000000 		.4byte	.LVL7
 1253 0089 1D000000 		.4byte	.LVL9-1
 1254 008d 0100     		.2byte	0x1
 1255 008f 51       		.byte	0x51
 1256 0090 1D000000 		.4byte	.LVL9-1
 1257 0094 20000000 		.4byte	.LVL10
 1258 0098 0400     		.2byte	0x4
 1259 009a F3       		.byte	0xf3
 1260 009b 01       		.uleb128 0x1
 1261 009c 51       		.byte	0x51
 1262 009d 9F       		.byte	0x9f
 1263 009e 20000000 		.4byte	.LVL10
 1264 00a2 25000000 		.4byte	.LVL12-1
 1265 00a6 0100     		.2byte	0x1
 1266 00a8 51       		.byte	0x51
 1267 00a9 25000000 		.4byte	.LVL12-1
 1268 00ad 36000000 		.4byte	.LVL17
 1269 00b1 0400     		.2byte	0x4
 1270 00b3 F3       		.byte	0xf3
 1271 00b4 01       		.uleb128 0x1
 1272 00b5 51       		.byte	0x51
 1273 00b6 9F       		.byte	0x9f
 1274 00b7 36000000 		.4byte	.LVL17
 1275 00bb 38000000 		.4byte	.LVL18
 1276 00bf 0100     		.2byte	0x1
 1277 00c1 51       		.byte	0x51
 1278 00c2 38000000 		.4byte	.LVL18
 1279 00c6 40000000 		.4byte	.LFE111
 1280 00ca 0400     		.2byte	0x4
 1281 00cc F3       		.byte	0xf3
 1282 00cd 01       		.uleb128 0x1
 1283 00ce 51       		.byte	0x51
 1284 00cf 9F       		.byte	0x9f
 1285 00d0 00000000 		.4byte	0
 1286 00d4 00000000 		.4byte	0
 1287              	.LLST2:
 1288 00d8 28000000 		.4byte	.LVL13
 1289 00dc 32000000 		.4byte	.LVL15
 1290 00e0 0100     		.2byte	0x1
ARM GAS  C:\Users\divya\AppData\Local\Temp\ccCyNhhq.s 			page 29


 1291 00e2 54       		.byte	0x54
 1292 00e3 34000000 		.4byte	.LVL16
 1293 00e7 36000000 		.4byte	.LVL17
 1294 00eb 0100     		.2byte	0x1
 1295 00ed 54       		.byte	0x54
 1296 00ee 38000000 		.4byte	.LVL18
 1297 00f2 3C000000 		.4byte	.LVL19
 1298 00f6 0100     		.2byte	0x1
 1299 00f8 54       		.byte	0x54
 1300 00f9 00000000 		.4byte	0
 1301 00fd 00000000 		.4byte	0
 1302              	.LLST3:
 1303 0101 00000000 		.4byte	.LVL20
 1304 0105 11000000 		.4byte	.LVL21-1
 1305 0109 0100     		.2byte	0x1
 1306 010b 50       		.byte	0x50
 1307 010c 11000000 		.4byte	.LVL21-1
 1308 0110 1C000000 		.4byte	.LVL23
 1309 0114 0400     		.2byte	0x4
 1310 0116 F3       		.byte	0xf3
 1311 0117 01       		.uleb128 0x1
 1312 0118 50       		.byte	0x50
 1313 0119 9F       		.byte	0x9f
 1314 011a 1C000000 		.4byte	.LVL23
 1315 011e 1F000000 		.4byte	.LVL24-1
 1316 0122 0100     		.2byte	0x1
 1317 0124 50       		.byte	0x50
 1318 0125 1F000000 		.4byte	.LVL24-1
 1319 0129 2A000000 		.4byte	.LVL26
 1320 012d 0400     		.2byte	0x4
 1321 012f F3       		.byte	0xf3
 1322 0130 01       		.uleb128 0x1
 1323 0131 50       		.byte	0x50
 1324 0132 9F       		.byte	0x9f
 1325 0133 2A000000 		.4byte	.LVL26
 1326 0137 2D000000 		.4byte	.LVL27-1
 1327 013b 0100     		.2byte	0x1
 1328 013d 50       		.byte	0x50
 1329 013e 2D000000 		.4byte	.LVL27-1
 1330 0142 44000000 		.4byte	.LVL33
 1331 0146 0400     		.2byte	0x4
 1332 0148 F3       		.byte	0xf3
 1333 0149 01       		.uleb128 0x1
 1334 014a 50       		.byte	0x50
 1335 014b 9F       		.byte	0x9f
 1336 014c 44000000 		.4byte	.LVL33
 1337 0150 46000000 		.4byte	.LVL34
 1338 0154 0100     		.2byte	0x1
 1339 0156 50       		.byte	0x50
 1340 0157 46000000 		.4byte	.LVL34
 1341 015b 4E000000 		.4byte	.LFE112
 1342 015f 0400     		.2byte	0x4
 1343 0161 F3       		.byte	0xf3
 1344 0162 01       		.uleb128 0x1
 1345 0163 50       		.byte	0x50
 1346 0164 9F       		.byte	0x9f
 1347 0165 00000000 		.4byte	0
ARM GAS  C:\Users\divya\AppData\Local\Temp\ccCyNhhq.s 			page 30


 1348 0169 00000000 		.4byte	0
 1349              	.LLST4:
 1350 016d 38000000 		.4byte	.LVL29
 1351 0171 40000000 		.4byte	.LVL31
 1352 0175 0100     		.2byte	0x1
 1353 0177 54       		.byte	0x54
 1354 0178 42000000 		.4byte	.LVL32
 1355 017c 44000000 		.4byte	.LVL33
 1356 0180 0100     		.2byte	0x1
 1357 0182 54       		.byte	0x54
 1358 0183 46000000 		.4byte	.LVL34
 1359 0187 4A000000 		.4byte	.LVL35
 1360 018b 0100     		.2byte	0x1
 1361 018d 54       		.byte	0x54
 1362 018e 00000000 		.4byte	0
 1363 0192 00000000 		.4byte	0
 1364              		.section	.debug_aranges,"",%progbits
 1365 0000 2C000000 		.4byte	0x2c
 1366 0004 0200     		.2byte	0x2
 1367 0006 00000000 		.4byte	.Ldebug_info0
 1368 000a 04       		.byte	0x4
 1369 000b 00       		.byte	0
 1370 000c 0000     		.2byte	0
 1371 000e 0000     		.2byte	0
 1372 0010 00000000 		.4byte	.LFB110
 1373 0014 14000000 		.4byte	.LFE110-.LFB110
 1374 0018 00000000 		.4byte	.LFB111
 1375 001c 40000000 		.4byte	.LFE111-.LFB111
 1376 0020 00000000 		.4byte	.LFB112
 1377 0024 4E000000 		.4byte	.LFE112-.LFB112
 1378 0028 00000000 		.4byte	0
 1379 002c 00000000 		.4byte	0
 1380              		.section	.debug_ranges,"",%progbits
 1381              	.Ldebug_ranges0:
 1382 0000 28000000 		.4byte	.LBB2
 1383 0004 36000000 		.4byte	.LBE2
 1384 0008 38000000 		.4byte	.LBB3
 1385 000c 3C000000 		.4byte	.LBE3
 1386 0010 00000000 		.4byte	0
 1387 0014 00000000 		.4byte	0
 1388 0018 38000000 		.4byte	.LBB4
 1389 001c 44000000 		.4byte	.LBE4
 1390 0020 46000000 		.4byte	.LBB5
 1391 0024 4A000000 		.4byte	.LBE5
 1392 0028 00000000 		.4byte	0
 1393 002c 00000000 		.4byte	0
 1394 0030 00000000 		.4byte	.LFB110
 1395 0034 14000000 		.4byte	.LFE110
 1396 0038 00000000 		.4byte	.LFB111
 1397 003c 40000000 		.4byte	.LFE111
 1398 0040 00000000 		.4byte	.LFB112
 1399 0044 4E000000 		.4byte	.LFE112
 1400 0048 00000000 		.4byte	0
 1401 004c 00000000 		.4byte	0
 1402              		.section	.debug_line,"",%progbits
 1403              	.Ldebug_line0:
 1404 0000 FE020000 		.section	.debug_str,"MS",%progbits,1
ARM GAS  C:\Users\divya\AppData\Local\Temp\ccCyNhhq.s 			page 31


 1404      02008B02 
 1404      00000201 
 1404      FB0E0D00 
 1404      01010101 
 1405              	.LASF68:
 1406 0000 4C45445F 		.ascii	"LED_Toggle\000"
 1406      546F6767 
 1406      6C6500
 1407              	.LASF31:
 1408 000b 52435F45 		.ascii	"RC_ERROR_BUFFER_FULL\000"
 1408      52524F52 
 1408      5F425546 
 1408      4645525F 
 1408      46554C4C 
 1409              	.LASF37:
 1410 0020 52435F45 		.ascii	"RC_ERROR_READ_ONLY\000"
 1410      52524F52 
 1410      5F524541 
 1410      445F4F4E 
 1410      4C5900
 1411              	.LASF23:
 1412 0033 52435F53 		.ascii	"RC_SUCCESS\000"
 1412      55434345 
 1412      535300
 1413              	.LASF38:
 1414 003e 52435F45 		.ascii	"RC_ERROR_WRITE_ONLY\000"
 1414      52524F52 
 1414      5F575249 
 1414      54455F4F 
 1414      4E4C5900 
 1415              	.LASF2:
 1416 0052 73686F72 		.ascii	"short int\000"
 1416      7420696E 
 1416      7400
 1417              	.LASF29:
 1418 005c 52435F45 		.ascii	"RC_ERROR_OVERRUN\000"
 1418      52524F52 
 1418      5F4F5645 
 1418      5252554E 
 1418      00
 1419              	.LASF41:
 1420 006d 52435F45 		.ascii	"RC_ERROR_WRITE_FAILS\000"
 1420      52524F52 
 1420      5F575249 
 1420      54455F46 
 1420      41494C53 
 1421              	.LASF22:
 1422 0082 73697A65 		.ascii	"sizetype\000"
 1422      74797065 
 1422      00
 1423              	.LASF66:
 1424 008b 6C65646F 		.ascii	"ledonoff\000"
 1424      6E6F6666 
 1424      00
 1425              	.LASF55:
 1426 0094 4C454469 		.ascii	"LEDid\000"
 1426      6400
ARM GAS  C:\Users\divya\AppData\Local\Temp\ccCyNhhq.s 			page 32


 1427              	.LASF26:
 1428 009a 52435F45 		.ascii	"RC_ERROR_ZERO\000"
 1428      52524F52 
 1428      5F5A4552 
 1428      4F00
 1429              	.LASF20:
 1430 00a8 45455F46 		.ascii	"EE_FREG\000"
 1430      52454700 
 1431              	.LASF40:
 1432 00b0 52435F45 		.ascii	"RC_ERROR_READ_FAILS\000"
 1432      52524F52 
 1432      5F524541 
 1432      445F4641 
 1432      494C5300 
 1433              	.LASF18:
 1434 00c4 45455F55 		.ascii	"EE_UINT32\000"
 1434      494E5433 
 1434      3200
 1435              	.LASF82:
 1436 00ce 436C6F63 		.ascii	"Clock_PWM_Start\000"
 1436      6B5F5057 
 1436      4D5F5374 
 1436      61727400 
 1437              	.LASF21:
 1438 00de 45455F54 		.ascii	"EE_TID\000"
 1438      494400
 1439              	.LASF63:
 1440 00e5 4C45445F 		.ascii	"LED_FADER_STATE_DONE\000"
 1440      46414445 
 1440      525F5354 
 1440      4154455F 
 1440      444F4E45 
 1441              	.LASF80:
 1442 00fa 50574D5F 		.ascii	"PWM_LED_GREEN_Start\000"
 1442      4C45445F 
 1442      47524545 
 1442      4E5F5374 
 1442      61727400 
 1443              	.LASF11:
 1444 010e 75696E74 		.ascii	"uint8_t\000"
 1444      385F7400 
 1445              	.LASF46:
 1446 0116 52435F45 		.ascii	"RC_ERROR_INVALID_STATE\000"
 1446      52524F52 
 1446      5F494E56 
 1446      414C4944 
 1446      5F535441 
 1447              	.LASF77:
 1448 012d 45455F49 		.ascii	"EE_IRQ_nesting_level\000"
 1448      52515F6E 
 1448      65737469 
 1448      6E675F6C 
 1448      6576656C 
 1449              	.LASF17:
 1450 0142 45455F49 		.ascii	"EE_INT32\000"
 1450      4E543332 
 1450      00
ARM GAS  C:\Users\divya\AppData\Local\Temp\ccCyNhhq.s 			page 33


 1451              	.LASF76:
 1452 014b 45455F73 		.ascii	"EE_std_endcycle_next_tid\000"
 1452      74645F65 
 1452      6E646379 
 1452      636C655F 
 1452      6E657874 
 1453              	.LASF28:
 1454 0164 52435F45 		.ascii	"RC_ERROR_RANGE\000"
 1454      52524F52 
 1454      5F52414E 
 1454      474500
 1455              	.LASF13:
 1456 0173 666C6F61 		.ascii	"float\000"
 1456      7400
 1457              	.LASF48:
 1458 0179 52435F45 		.ascii	"RC_ERROR_NOT_IMPLEMENTED\000"
 1458      52524F52 
 1458      5F4E4F54 
 1458      5F494D50 
 1458      4C454D45 
 1459              	.LASF8:
 1460 0192 6C6F6E67 		.ascii	"long long int\000"
 1460      206C6F6E 
 1460      6720696E 
 1460      7400
 1461              	.LASF74:
 1462 01a0 45455F6F 		.ascii	"EE_oo_IRQ_suspend_status\000"
 1462      6F5F4952 
 1462      515F7375 
 1462      7370656E 
 1462      645F7374 
 1463              	.LASF90:
 1464 01b9 736F7572 		.ascii	"source\\bsw\\led.c\000"
 1464      63655C62 
 1464      73775C6C 
 1464      65642E63 
 1464      00
 1465              	.LASF42:
 1466 01ca 52435F45 		.ascii	"RC_ERROR_NOT_MATCH\000"
 1466      52524F52 
 1466      5F4E4F54 
 1466      5F4D4154 
 1466      434800
 1467              	.LASF47:
 1468 01dd 52435F45 		.ascii	"RC_ERROR_UNKNOWN\000"
 1468      52524F52 
 1468      5F554E4B 
 1468      4E4F574E 
 1468      00
 1469              	.LASF6:
 1470 01ee 6C6F6E67 		.ascii	"long int\000"
 1470      20696E74 
 1470      00
 1471              	.LASF30:
 1472 01f7 52435F45 		.ascii	"RC_ERROR_UNDERRUN\000"
 1472      52524F52 
 1472      5F554E44 
ARM GAS  C:\Users\divya\AppData\Local\Temp\ccCyNhhq.s 			page 34


 1472      45525255 
 1472      4E00
 1473              	.LASF69:
 1474 0209 66616465 		.ascii	"faderState\000"
 1474      72537461 
 1474      746500
 1475              	.LASF33:
 1476 0214 52435F45 		.ascii	"RC_ERROR_BUSY\000"
 1476      52524F52 
 1476      5F425553 
 1476      5900
 1477              	.LASF86:
 1478 0222 50696E5F 		.ascii	"Pin_LED_RED_Read\000"
 1478      4C45445F 
 1478      5245445F 
 1478      52656164 
 1478      00
 1479              	.LASF4:
 1480 0233 5F5F7569 		.ascii	"__uint8_t\000"
 1480      6E74385F 
 1480      7400
 1481              	.LASF39:
 1482 023d 52435F45 		.ascii	"RC_ERROR_INVALID\000"
 1482      52524F52 
 1482      5F494E56 
 1482      414C4944 
 1482      00
 1483              	.LASF88:
 1484 024e 50696E5F 		.ascii	"Pin_LED_YELLOW_Read\000"
 1484      4C45445F 
 1484      59454C4C 
 1484      4F575F52 
 1484      65616400 
 1485              	.LASF44:
 1486 0262 52435F45 		.ascii	"RC_ERROR_BAD_DATA\000"
 1486      52524F52 
 1486      5F424144 
 1486      5F444154 
 1486      4100
 1487              	.LASF56:
 1488 0274 4C45444F 		.ascii	"LEDOnOff\000"
 1488      6E4F6666 
 1488      00
 1489              	.LASF16:
 1490 027d 6C6F6E67 		.ascii	"long double\000"
 1490      20646F75 
 1490      626C6500 
 1491              	.LASF1:
 1492 0289 756E7369 		.ascii	"unsigned char\000"
 1492      676E6564 
 1492      20636861 
 1492      7200
 1493              	.LASF60:
 1494 0297 4C45445F 		.ascii	"LED_FADER_STATE_RED\000"
 1494      46414445 
 1494      525F5354 
 1494      4154455F 
ARM GAS  C:\Users\divya\AppData\Local\Temp\ccCyNhhq.s 			page 35


 1494      52454400 
 1495              	.LASF0:
 1496 02ab 7369676E 		.ascii	"signed char\000"
 1496      65642063 
 1496      68617200 
 1497              	.LASF9:
 1498 02b7 6C6F6E67 		.ascii	"long long unsigned int\000"
 1498      206C6F6E 
 1498      6720756E 
 1498      7369676E 
 1498      65642069 
 1499              	.LASF58:
 1500 02ce 4C45445F 		.ascii	"LED_ON\000"
 1500      4F4E00
 1501              	.LASF85:
 1502 02d5 50696E5F 		.ascii	"Pin_LED_YELLOW_Write\000"
 1502      4C45445F 
 1502      59454C4C 
 1502      4F575F57 
 1502      72697465 
 1503              	.LASF10:
 1504 02ea 756E7369 		.ascii	"unsigned int\000"
 1504      676E6564 
 1504      20696E74 
 1504      00
 1505              	.LASF35:
 1506 02f7 52435F45 		.ascii	"RC_ERROR_OPEN\000"
 1506      52524F52 
 1506      5F4F5045 
 1506      4E00
 1507              	.LASF67:
 1508 0305 4C45445F 		.ascii	"LED_Set\000"
 1508      53657400 
 1509              	.LASF57:
 1510 030d 4C45445F 		.ascii	"LED_OFF\000"
 1510      4F464600 
 1511              	.LASF52:
 1512 0315 4C45445F 		.ascii	"LED_YELLOW\000"
 1512      59454C4C 
 1512      4F5700
 1513              	.LASF25:
 1514 0320 52435F45 		.ascii	"RC_ERROR_NULL\000"
 1514      52524F52 
 1514      5F4E554C 
 1514      4C00
 1515              	.LASF54:
 1516 032e 4C454469 		.ascii	"LEDid_t\000"
 1516      645F7400 
 1517              	.LASF91:
 1518 0336 433A5C55 		.ascii	"C:\\Users\\divya\\Documents\\PSoC Creator\\LABASSIG"
 1518      73657273 
 1518      5C646976 
 1518      79615C44 
 1518      6F63756D 
 1519 0364 4E4D454E 		.ascii	"NMENT\\ReactionGame.cydsn\000"
 1519      545C5265 
 1519      61637469 
ARM GAS  C:\Users\divya\AppData\Local\Temp\ccCyNhhq.s 			page 36


 1519      6F6E4761 
 1519      6D652E63 
 1520              	.LASF3:
 1521 037d 73686F72 		.ascii	"short unsigned int\000"
 1521      7420756E 
 1521      7369676E 
 1521      65642069 
 1521      6E7400
 1522              	.LASF89:
 1523 0390 474E5520 		.ascii	"GNU C11 5.4.1 20160609 (release) [ARM/embedded-5-br"
 1523      43313120 
 1523      352E342E 
 1523      31203230 
 1523      31363036 
 1524 03c3 616E6368 		.ascii	"anch revision 237715] -mcpu=cortex-m3 -mthumb -g -O"
 1524      20726576 
 1524      6973696F 
 1524      6E203233 
 1524      37373135 
 1525 03f6 67202D66 		.ascii	"g -ffunction-sections -ffat-lto-objects\000"
 1525      66756E63 
 1525      74696F6E 
 1525      2D736563 
 1525      74696F6E 
 1526              	.LASF15:
 1527 041e 63686172 		.ascii	"char\000"
 1527      00
 1528              	.LASF27:
 1529 0423 52435F45 		.ascii	"RC_ERROR_MEMORY\000"
 1529      52524F52 
 1529      5F4D454D 
 1529      4F525900 
 1530              	.LASF71:
 1531 0433 79656C6C 		.ascii	"yellowBrightness\000"
 1531      6F774272 
 1531      69676874 
 1531      6E657373 
 1531      00
 1532              	.LASF12:
 1533 0444 696E7433 		.ascii	"int32_t\000"
 1533      325F7400 
 1534              	.LASF61:
 1535 044c 4C45445F 		.ascii	"LED_FADER_STATE_YELLOW\000"
 1535      46414445 
 1535      525F5354 
 1535      4154455F 
 1535      59454C4C 
 1536              	.LASF43:
 1537 0463 52435F45 		.ascii	"RC_ERROR_BAD_PARAM\000"
 1537      52524F52 
 1537      5F424144 
 1537      5F504152 
 1537      414D00
 1538              	.LASF51:
 1539 0476 4C45445F 		.ascii	"LED_GREEN\000"
 1539      47524545 
 1539      4E00
ARM GAS  C:\Users\divya\AppData\Local\Temp\ccCyNhhq.s 			page 37


 1540              	.LASF84:
 1541 0480 50696E5F 		.ascii	"Pin_LED_GREEN_Write\000"
 1541      4C45445F 
 1541      47524545 
 1541      4E5F5772 
 1541      69746500 
 1542              	.LASF83:
 1543 0494 50696E5F 		.ascii	"Pin_LED_RED_Write\000"
 1543      4C45445F 
 1543      5245445F 
 1543      57726974 
 1543      6500
 1544              	.LASF72:
 1545 04a6 67726565 		.ascii	"greenBrightness\000"
 1545      6E427269 
 1545      6768746E 
 1545      65737300 
 1546              	.LASF75:
 1547 04b6 45455F41 		.ascii	"EE_ApplicationMode\000"
 1547      70706C69 
 1547      63617469 
 1547      6F6E4D6F 
 1547      646500
 1548              	.LASF7:
 1549 04c9 6C6F6E67 		.ascii	"long unsigned int\000"
 1549      20756E73 
 1549      69676E65 
 1549      6420696E 
 1549      7400
 1550              	.LASF79:
 1551 04db 50574D5F 		.ascii	"PWM_LED_RED_Start\000"
 1551      4C45445F 
 1551      5245445F 
 1551      53746172 
 1551      7400
 1552              	.LASF92:
 1553 04ed 4C45445F 		.ascii	"LED_Init\000"
 1553      496E6974 
 1553      00
 1554              	.LASF81:
 1555 04f6 50574D5F 		.ascii	"PWM_LED_YELLOW_Start\000"
 1555      4C45445F 
 1555      59454C4C 
 1555      4F575F53 
 1555      74617274 
 1556              	.LASF36:
 1557 050b 52435F45 		.ascii	"RC_ERROR_CHECKSUM\000"
 1557      52524F52 
 1557      5F434845 
 1557      434B5355 
 1557      4D00
 1558              	.LASF19:
 1559 051d 45455F55 		.ascii	"EE_UREG\000"
 1559      52454700 
 1560              	.LASF64:
 1561 0525 4C45445F 		.ascii	"LED_FADER_State_t\000"
 1561      46414445 
ARM GAS  C:\Users\divya\AppData\Local\Temp\ccCyNhhq.s 			page 38


 1561      525F5374 
 1561      6174655F 
 1561      7400
 1562              	.LASF53:
 1563 0537 4C45445F 		.ascii	"LED_ALL\000"
 1563      414C4C00 
 1564              	.LASF87:
 1565 053f 50696E5F 		.ascii	"Pin_LED_GREEN_Read\000"
 1565      4C45445F 
 1565      47524545 
 1565      4E5F5265 
 1565      616400
 1566              	.LASF5:
 1567 0552 5F5F696E 		.ascii	"__int32_t\000"
 1567      7433325F 
 1567      7400
 1568              	.LASF93:
 1569 055c 4C45445F 		.ascii	"LED_STATE\000"
 1569      53544154 
 1569      4500
 1570              	.LASF70:
 1571 0566 72656442 		.ascii	"redBrightness\000"
 1571      72696768 
 1571      746E6573 
 1571      7300
 1572              	.LASF59:
 1573 0574 4C45444F 		.ascii	"LEDOnOff_t\000"
 1573      6E4F6666 
 1573      5F7400
 1574              	.LASF45:
 1575 057f 52435F45 		.ascii	"RC_ERROR_CANCELED\000"
 1575      52524F52 
 1575      5F43414E 
 1575      43454C45 
 1575      4400
 1576              	.LASF14:
 1577 0591 646F7562 		.ascii	"double\000"
 1577      6C6500
 1578              	.LASF62:
 1579 0598 4C45445F 		.ascii	"LED_FADER_STATE_GREEN\000"
 1579      46414445 
 1579      525F5354 
 1579      4154455F 
 1579      47524545 
 1580              	.LASF78:
 1581 05ae 49544D5F 		.ascii	"ITM_RxBuffer\000"
 1581      52784275 
 1581      66666572 
 1581      00
 1582              	.LASF24:
 1583 05bb 52435F45 		.ascii	"RC_ERROR\000"
 1583      52524F52 
 1583      00
 1584              	.LASF50:
 1585 05c4 4C45445F 		.ascii	"LED_RED\000"
 1585      52454400 
 1586              	.LASF65:
ARM GAS  C:\Users\divya\AppData\Local\Temp\ccCyNhhq.s 			page 39


 1587 05cc 6C656469 		.ascii	"ledid\000"
 1587      6400
 1588              	.LASF73:
 1589 05d2 45455F6F 		.ascii	"EE_oo_IRQ_disable_count\000"
 1589      6F5F4952 
 1589      515F6469 
 1589      7361626C 
 1589      655F636F 
 1590              	.LASF32:
 1591 05ea 52435F45 		.ascii	"RC_ERROR_BUFFER_EMTPY\000"
 1591      52524F52 
 1591      5F425546 
 1591      4645525F 
 1591      454D5450 
 1592              	.LASF49:
 1593 0600 52435F74 		.ascii	"RC_t\000"
 1593      00
 1594              	.LASF34:
 1595 0605 52435F45 		.ascii	"RC_ERROR_TIME_OUT\000"
 1595      52524F52 
 1595      5F54494D 
 1595      455F4F55 
 1595      5400
 1596              		.ident	"GCC: (GNU Tools for ARM Embedded Processors) 5.4.1 20160609 (release) [ARM/embedded-5-bran
