ARM GAS  C:\Users\divya\AppData\Local\Temp\ccsjUMwM.s 			page 1


   1              		.syntax unified
   2              		.cpu cortex-m3
   3              		.fpu softvfp
   4              		.eabi_attribute 20, 1
   5              		.eabi_attribute 21, 1
   6              		.eabi_attribute 23, 3
   7              		.eabi_attribute 24, 1
   8              		.eabi_attribute 25, 1
   9              		.eabi_attribute 26, 1
  10              		.eabi_attribute 30, 1
  11              		.eabi_attribute 34, 1
  12              		.eabi_attribute 18, 4
  13              		.thumb
  14              		.syntax unified
  15              		.file	"seven.c"
  16              		.text
  17              	.Ltext0:
  18              		.cfi_sections	.debug_frame
  19              		.section	.text.SEVEN_SEGWRITE,"ax",%progbits
  20              		.align	2
  21              		.global	SEVEN_SEGWRITE
  22              		.thumb
  23              		.thumb_func
  24              		.type	SEVEN_SEGWRITE, %function
  25              	SEVEN_SEGWRITE:
  26              	.LFB111:
  27              		.file 1 "source\\bsw\\seven.c"
   1:source\bsw/seven.c **** /**
   2:source\bsw/seven.c **** * \file seven.c
   3:source\bsw/seven.c **** * \author P. Fromm
   4:source\bsw/seven.c **** * \date 28.8.17
   5:source\bsw/seven.c **** *
   6:source\bsw/seven.c **** * \brief Driver for 7 segment displays
   7:source\bsw/seven.c **** *
   8:source\bsw/seven.c **** * \copyright Copyright ©2016
   9:source\bsw/seven.c **** * Department of electrical engineering and information technology, Hochschule Darmstadt - Universit
  10:source\bsw/seven.c **** * Permission to use, copy, modify, and distribute this software and its documentation for education
  11:source\bsw/seven.c **** * (unless permitted by h_da) and official h_da projects, is hereby granted for enrolled students of
  12:source\bsw/seven.c **** * this paragraph and the following paragraph appear in all copies, modifications, and distributions
  13:source\bsw/seven.c **** * Contact Prof.Dr.-Ing. Peter Fromm, peter.fromm@h-da.de, Birkenweg 8 64295 Darmstadt - GERMANY for
  14:source\bsw/seven.c **** *
  15:source\bsw/seven.c **** * \warning This software is a PROTOTYPE version and is not designed or intended for use in producti
  16:source\bsw/seven.c **** * The user represents and warrants that it will NOT use or redistribute the Software for such purpo
  17:source\bsw/seven.c **** * This prototype is for research purposes only. This software is provided "AS IS," without a warran
  18:source\bsw/seven.c **** */
  19:source\bsw/seven.c **** 
  20:source\bsw/seven.c **** /*****************************************************************************/
  21:source\bsw/seven.c **** /* Include files                                                             */
  22:source\bsw/seven.c **** /*****************************************************************************/
  23:source\bsw/seven.c **** #include "project.h"
  24:source\bsw/seven.c **** #include "seven.h"
  25:source\bsw/seven.c **** #include "string.h"
  26:source\bsw/seven.c **** 
  27:source\bsw/seven.c **** 
  28:source\bsw/seven.c **** 
  29:source\bsw/seven.c **** /*****************************************************************************/
  30:source\bsw/seven.c **** /* Local pre-processor symbols/macros ('#define')                            */
ARM GAS  C:\Users\divya\AppData\Local\Temp\ccsjUMwM.s 			page 2


  31:source\bsw/seven.c **** /*****************************************************************************/
  32:source\bsw/seven.c **** 
  33:source\bsw/seven.c **** #define SEVEN__A  0b00000001
  34:source\bsw/seven.c **** #define SEVEN__B  0b00000010
  35:source\bsw/seven.c **** #define SEVEN__C  0b00000100
  36:source\bsw/seven.c **** #define SEVEN__D  0b00001000
  37:source\bsw/seven.c **** #define SEVEN__E  0b00010000
  38:source\bsw/seven.c **** #define SEVEN__F  0b00100000
  39:source\bsw/seven.c **** #define SEVEN__G  0b01000000
  40:source\bsw/seven.c **** #define SEVEN__DP 0b10000000
  41:source\bsw/seven.c **** 
  42:source\bsw/seven.c **** 
  43:source\bsw/seven.c **** /*****************************************************************************/
  44:source\bsw/seven.c **** /* Global variable definitions (declared in header file with 'extern')       */
  45:source\bsw/seven.c **** /*****************************************************************************/
  46:source\bsw/seven.c **** 
  47:source\bsw/seven.c **** /*****************************************************************************/
  48:source\bsw/seven.c **** /* Local type definitions ('typedef')                                        */
  49:source\bsw/seven.c **** /*****************************************************************************/
  50:source\bsw/seven.c **** 
  51:source\bsw/seven.c **** /*****************************************************************************/
  52:source\bsw/seven.c **** /* Local variable definitions ('static')                                     */
  53:source\bsw/seven.c **** /*****************************************************************************/
  54:source\bsw/seven.c **** char buffer[32];
  55:source\bsw/seven.c **** //    ABCDEFG
  56:source\bsw/seven.c **** const static uint8_t SEVEN_DecimalValues[] = 
  57:source\bsw/seven.c **** {
  58:source\bsw/seven.c ****     63,     //0
  59:source\bsw/seven.c ****      6,     //1
  60:source\bsw/seven.c ****     91,     //2
  61:source\bsw/seven.c ****     79,     //3
  62:source\bsw/seven.c ****     102,     //4
  63:source\bsw/seven.c ****     109,     //5
  64:source\bsw/seven.c ****     125,     //6
  65:source\bsw/seven.c ****     7,       //7
  66:source\bsw/seven.c ****     127,     //8
  67:source\bsw/seven.c ****     103,     //9
  68:source\bsw/seven.c ****     128      //decimal point
  69:source\bsw/seven.c **** };
  70:source\bsw/seven.c ****     
  71:source\bsw/seven.c **** //We need to store the last latch value per display
  72:source\bsw/seven.c **** //-1 means empty
  73:source\bsw/seven.c **** static sint8_t SEVEN__latch_value[2] = {-1,-1};
  74:source\bsw/seven.c **** static uint8_t SEVEN__latch_pattern[2] = {0,0};
  75:source\bsw/seven.c **** 
  76:source\bsw/seven.c **** /*****************************************************************************/
  77:source\bsw/seven.c **** /* Local function prototypes ('static')                                      */
  78:source\bsw/seven.c **** /*****************************************************************************/
  79:source\bsw/seven.c **** 
  80:source\bsw/seven.c **** 
  81:source\bsw/seven.c **** /*****************************************************************************/
  82:source\bsw/seven.c **** /* Function implementation - global ('extern') and local ('static')          */
  83:source\bsw/seven.c **** /*****************************************************************************/
  84:source\bsw/seven.c **** 
  85:source\bsw/seven.c **** 
  86:source\bsw/seven.c **** 
  87:source\bsw/seven.c **** /**
ARM GAS  C:\Users\divya\AppData\Local\Temp\ccsjUMwM.s 			page 3


  88:source\bsw/seven.c ****  * Initilasation of the seven segment display
  89:source\bsw/seven.c ****  * @return RC_SUCCESS if function was executed correctly, other value in case of error
  90:source\bsw/seven.c ****  */
  91:source\bsw/seven.c **** RC_t SEVEN_Init()
  92:source\bsw/seven.c **** {
  93:source\bsw/seven.c ****     
  94:source\bsw/seven.c ****     SEVEN_SEGClear(SEVEN_DSIPLAY_0);
  95:source\bsw/seven.c ****     SEVEN_SEGClear(SEVEN_DISPLAY_1);
  96:source\bsw/seven.c ****     
  97:source\bsw/seven.c ****     return RC_SUCCESS;
  98:source\bsw/seven.c **** }
  99:source\bsw/seven.c **** 
 100:source\bsw/seven.c **** 
 101:source\bsw/seven.c **** /**
 102:source\bsw/seven.c ****  * Sets value for one display
 103:source\bsw/seven.c ****  * @param SEVEN_id_t sevenId - identifier for the segment to be set
 104:source\bsw/seven.c ****  * @param uint8_t value - value to be set, valid range 0...15
 105:source\bsw/seven.c ****  * @return RC_SUCCESS if function was executed correctly, other value in case of error
 106:source\bsw/seven.c ****  */
 107:source\bsw/seven.c **** RC_t SEVEN_SEGWRITE(SEVEN_id_t sevenId, uint8_t value)
 108:source\bsw/seven.c **** {
  28              		.loc 1 108 0
  29              		.cfi_startproc
  30              		@ args = 0, pretend = 0, frame = 0
  31              		@ frame_needed = 0, uses_anonymous_args = 0
  32              	.LVL0:
 109:source\bsw/seven.c ****     if (value > 0x0F)
  33              		.loc 1 109 0
  34 0000 0F29     		cmp	r1, #15
  35 0002 0ED8     		bhi	.L3
 108:source\bsw/seven.c ****     if (value > 0x0F)
  36              		.loc 1 108 0
  37 0004 38B5     		push	{r3, r4, r5, lr}
  38              		.cfi_def_cfa_offset 16
  39              		.cfi_offset 3, -16
  40              		.cfi_offset 4, -12
  41              		.cfi_offset 5, -8
  42              		.cfi_offset 14, -4
  43 0006 0C46     		mov	r4, r1
  44 0008 0546     		mov	r5, r0
 110:source\bsw/seven.c ****     {
 111:source\bsw/seven.c ****         return RC_ERROR_BAD_PARAM;
 112:source\bsw/seven.c ****     }
 113:source\bsw/seven.c ****     
 114:source\bsw/seven.c ****     //Set the selection bit for the display
 115:source\bsw/seven.c ****     Pin_SEVENSEL_Write((uint8_t)sevenId);
  45              		.loc 1 115 0
  46 000a FFF7FEFF 		bl	Pin_SEVENSEL_Write
  47              	.LVL1:
 116:source\bsw/seven.c ****     
 117:source\bsw/seven.c ****     //Set the bitpattern
 118:source\bsw/seven.c ****     //As we do not have a single port, we have to do it bit by bit
 119:source\bsw/seven.c ****     //Store the current pattern in the software latch (needed for the DP function)
 120:source\bsw/seven.c ****     
 121:source\bsw/seven.c **** 
 122:source\bsw/seven.c ****     
 123:source\bsw/seven.c ****     uint8_t Display = SEVEN_DecimalValues[value];
ARM GAS  C:\Users\divya\AppData\Local\Temp\ccsjUMwM.s 			page 4


  48              		.loc 1 123 0
  49 000e 064B     		ldr	r3, .L6
  50 0010 185D     		ldrb	r0, [r3, r4]	@ zero_extendqisi2
  51              	.LVL2:
 124:source\bsw/seven.c ****     
 125:source\bsw/seven.c ****     SEVEN__latch_value[(uint8_t)sevenId] = value;
  52              		.loc 1 125 0
  53 0012 064B     		ldr	r3, .L6+4
  54 0014 5C55     		strb	r4, [r3, r5]
 126:source\bsw/seven.c ****     SEVEN__latch_pattern[(uint8_t)sevenId] = Display;
  55              		.loc 1 126 0
  56 0016 064B     		ldr	r3, .L6+8
  57 0018 5855     		strb	r0, [r3, r5]
 127:source\bsw/seven.c ****     
 128:source\bsw/seven.c ****     SEVENSEG_REG_Write(Display);
  58              		.loc 1 128 0
  59 001a FFF7FEFF 		bl	SEVENSEG_REG_Write
  60              	.LVL3:
 129:source\bsw/seven.c ****     return RC_SUCCESS;
  61              		.loc 1 129 0
  62 001e 0020     		movs	r0, #0
  63 0020 38BD     		pop	{r3, r4, r5, pc}
  64              	.LVL4:
  65              	.L3:
  66              		.cfi_def_cfa_offset 0
  67              		.cfi_restore 3
  68              		.cfi_restore 4
  69              		.cfi_restore 5
  70              		.cfi_restore 14
 111:source\bsw/seven.c ****     }
  71              		.loc 1 111 0
  72 0022 6FF01300 		mvn	r0, #19
  73              	.LVL5:
  74 0026 7047     		bx	lr
  75              	.L7:
  76              		.align	2
  77              	.L6:
  78 0028 00000000 		.word	.LANCHOR0
  79 002c 00000000 		.word	.LANCHOR1
  80 0030 00000000 		.word	.LANCHOR2
  81              		.cfi_endproc
  82              	.LFE111:
  83              		.size	SEVEN_SEGWRITE, .-SEVEN_SEGWRITE
  84              		.section	.text.SEVEN_SEGREAD,"ax",%progbits
  85              		.align	2
  86              		.global	SEVEN_SEGREAD
  87              		.thumb
  88              		.thumb_func
  89              		.type	SEVEN_SEGREAD, %function
  90              	SEVEN_SEGREAD:
  91              	.LFB112:
 130:source\bsw/seven.c ****     
 131:source\bsw/seven.c **** }
 132:source\bsw/seven.c **** 
 133:source\bsw/seven.c **** /**
 134:source\bsw/seven.c ****  * Get value for one display
 135:source\bsw/seven.c ****  * @param SEVEN_id_t sevenId - identifier for the segment to be set
ARM GAS  C:\Users\divya\AppData\Local\Temp\ccsjUMwM.s 			page 5


 136:source\bsw/seven.c ****  * @param uint8_t value - current value, valid range 0...15
 137:source\bsw/seven.c ****  * @return RC_SUCCESS if function was executed correctly, other value in case of error
 138:source\bsw/seven.c **** */
 139:source\bsw/seven.c **** 
 140:source\bsw/seven.c **** RC_t SEVEN_SEGREAD(SEVEN_id_t sevenId, sint8_t* value)
 141:source\bsw/seven.c **** {
  92              		.loc 1 141 0
  93              		.cfi_startproc
  94              		@ args = 0, pretend = 0, frame = 0
  95              		@ frame_needed = 0, uses_anonymous_args = 0
  96              	.LVL6:
  97 0000 10B5     		push	{r4, lr}
  98              		.cfi_def_cfa_offset 8
  99              		.cfi_offset 4, -8
 100              		.cfi_offset 14, -4
 142:source\bsw/seven.c ****     *value = SEVEN__latch_pattern[(uint8_t)sevenId];
 101              		.loc 1 142 0
 102 0002 064B     		ldr	r3, .L10
 103 0004 1A56     		ldrsb	r2, [r3, r0]
 104 0006 0A70     		strb	r2, [r1]
 143:source\bsw/seven.c ****     sprintf(buffer,"Dsiplay Values is %u\n",*value);
 105              		.loc 1 143 0
 106 0008 054C     		ldr	r4, .L10+4
 107 000a 0649     		ldr	r1, .L10+8
 108              	.LVL7:
 109 000c 2046     		mov	r0, r4
 110              	.LVL8:
 111 000e FFF7FEFF 		bl	sprintf
 112              	.LVL9:
 144:source\bsw/seven.c ****     UART_1_PutString(buffer);
 113              		.loc 1 144 0
 114 0012 2046     		mov	r0, r4
 115 0014 FFF7FEFF 		bl	UART_1_PutString
 116              	.LVL10:
 145:source\bsw/seven.c ****     return RC_SUCCESS;
 146:source\bsw/seven.c **** }
 117              		.loc 1 146 0
 118 0018 0020     		movs	r0, #0
 119 001a 10BD     		pop	{r4, pc}
 120              	.L11:
 121              		.align	2
 122              	.L10:
 123 001c 00000000 		.word	.LANCHOR2
 124 0020 00000000 		.word	buffer
 125 0024 00000000 		.word	.LC0
 126              		.cfi_endproc
 127              	.LFE112:
 128              		.size	SEVEN_SEGREAD, .-SEVEN_SEGREAD
 129              		.section	.text.SEVEN_SetHex,"ax",%progbits
 130              		.align	2
 131              		.global	SEVEN_SetHex
 132              		.thumb
 133              		.thumb_func
 134              		.type	SEVEN_SetHex, %function
 135              	SEVEN_SetHex:
 136              	.LFB113:
 147:source\bsw/seven.c **** 
ARM GAS  C:\Users\divya\AppData\Local\Temp\ccsjUMwM.s 			page 6


 148:source\bsw/seven.c **** /*
 149:source\bsw/seven.c **** RC_t SEVENSEG_READ()
 150:source\bsw/seven.c **** {
 151:source\bsw/seven.c ****     uint16_t Display1Val;
 152:source\bsw/seven.c ****     uint16_t Display2Val;
 153:source\bsw/seven.c ****     
 154:source\bsw/seven.c ****     //Selecting Dsipaly to be read first and reading the control register
 155:source\bsw/seven.c ****     Pin_SEVENSEL_Write(SEVEN_DSIPLAY_0);
 156:source\bsw/seven.c ****    
 157:source\bsw/seven.c ****         Display1Val = SEVENSEG_REG_Read();
 158:source\bsw/seven.c ****         sprintf(buffer,"Dsiplay 1 value is %u\n",Display1Val);
 159:source\bsw/seven.c ****         UART_1_PutString(buffer);
 160:source\bsw/seven.c ****     
 161:source\bsw/seven.c ****          Pin_SEVENSEL_Write(SEVEN_DISPLAY_1);
 162:source\bsw/seven.c ****         Display2Val = SEVENSEG_REG_Read();
 163:source\bsw/seven.c ****         sprintf(buffer,"Dsiplay 2 value is %u\n",Display2Val);
 164:source\bsw/seven.c ****         UART_1_PutString(buffer);
 165:source\bsw/seven.c ****     
 166:source\bsw/seven.c **** }
 167:source\bsw/seven.c **** */
 168:source\bsw/seven.c **** 
 169:source\bsw/seven.c **** 
 170:source\bsw/seven.c **** /**
 171:source\bsw/seven.c ****  * Sets both displays
 172:source\bsw/seven.c ****  * @param uint8_t value - value to be set, valid range 0...255
 173:source\bsw/seven.c ****  * @return RC_SUCCESS if function was executed correctly, other value in case of error
 174:source\bsw/seven.c ****  */
 175:source\bsw/seven.c **** RC_t SEVEN_SetHex(uint8_t value)
 176:source\bsw/seven.c **** {
 137              		.loc 1 176 0
 138              		.cfi_startproc
 139              		@ args = 0, pretend = 0, frame = 0
 140              		@ frame_needed = 0, uses_anonymous_args = 0
 141              	.LVL11:
 142 0000 10B5     		push	{r4, lr}
 143              		.cfi_def_cfa_offset 8
 144              		.cfi_offset 4, -8
 145              		.cfi_offset 14, -4
 146 0002 0446     		mov	r4, r0
 177:source\bsw/seven.c ****     SEVEN_SEGWRITE(SEVEN_DISPLAY_1, value / 16);
 147              		.loc 1 177 0
 148 0004 0109     		lsrs	r1, r0, #4
 149 0006 0120     		movs	r0, #1
 150              	.LVL12:
 151 0008 FFF7FEFF 		bl	SEVEN_SEGWRITE
 152              	.LVL13:
 178:source\bsw/seven.c ****     SEVEN_SEGWRITE(SEVEN_DSIPLAY_0, value % 16);
 153              		.loc 1 178 0
 154 000c 04F00F01 		and	r1, r4, #15
 155 0010 0020     		movs	r0, #0
 156 0012 FFF7FEFF 		bl	SEVEN_SEGWRITE
 157              	.LVL14:
 179:source\bsw/seven.c ****     
 180:source\bsw/seven.c ****     return RC_SUCCESS;
 181:source\bsw/seven.c **** }
 158              		.loc 1 181 0
 159 0016 0020     		movs	r0, #0
ARM GAS  C:\Users\divya\AppData\Local\Temp\ccsjUMwM.s 			page 7


 160 0018 10BD     		pop	{r4, pc}
 161              		.cfi_endproc
 162              	.LFE113:
 163              		.size	SEVEN_SetHex, .-SEVEN_SetHex
 164 001a 00BF     		.section	.text.SEVEN_SetDP,"ax",%progbits
 165              		.align	2
 166              		.global	SEVEN_SetDP
 167              		.thumb
 168              		.thumb_func
 169              		.type	SEVEN_SetDP, %function
 170              	SEVEN_SetDP:
 171              	.LFB114:
 182:source\bsw/seven.c **** 
 183:source\bsw/seven.c **** /**
 184:source\bsw/seven.c ****  * Sets decimal point for one display
 185:source\bsw/seven.c ****  * @param SEVEN_id_t sevenId - identifier for the segment to be set
 186:source\bsw/seven.c ****  * @param uint8_t value - value to be set, valid range 0 (OFF)...1(ON)
 187:source\bsw/seven.c ****  * @return RC_SUCCESS if function was executed correctly, other value in case of error
 188:source\bsw/seven.c ****  */
 189:source\bsw/seven.c **** RC_t SEVEN_SetDP(SEVEN_id_t sevenId, uint8_t value)
 190:source\bsw/seven.c **** {
 172              		.loc 1 190 0
 173              		.cfi_startproc
 174              		@ args = 0, pretend = 0, frame = 0
 175              		@ frame_needed = 0, uses_anonymous_args = 0
 176              	.LVL15:
 191:source\bsw/seven.c ****     
 192:source\bsw/seven.c ****     if (value > 1)
 177              		.loc 1 192 0
 178 0000 0129     		cmp	r1, #1
 179 0002 14D8     		bhi	.L17
 190:source\bsw/seven.c ****     
 180              		.loc 1 190 0
 181 0004 38B5     		push	{r3, r4, r5, lr}
 182              		.cfi_def_cfa_offset 16
 183              		.cfi_offset 3, -16
 184              		.cfi_offset 4, -12
 185              		.cfi_offset 5, -8
 186              		.cfi_offset 14, -4
 187              	.LVL16:
 193:source\bsw/seven.c ****     {
 194:source\bsw/seven.c ****         return RC_ERROR_BAD_PARAM;
 195:source\bsw/seven.c ****     }
 196:source\bsw/seven.c ****     
 197:source\bsw/seven.c ****     //Restore the last display pattern
 198:source\bsw/seven.c ****     uint8_t pattern = 0;
 199:source\bsw/seven.c ****     if (SEVEN__latch_value[(uint8_t)sevenId] != -1)
 188              		.loc 1 199 0
 189 0006 0B4B     		ldr	r3, .L21
 190 0008 1B56     		ldrsb	r3, [r3, r0]
 191 000a B3F1FF3F 		cmp	r3, #-1
 192 000e 02D0     		beq	.L18
 200:source\bsw/seven.c ****     {
 201:source\bsw/seven.c ****         pattern = SEVEN__latch_pattern[(uint8_t)sevenId];
 193              		.loc 1 201 0
 194 0010 094B     		ldr	r3, .L21+4
 195 0012 1D5C     		ldrb	r5, [r3, r0]	@ zero_extendqisi2
ARM GAS  C:\Users\divya\AppData\Local\Temp\ccsjUMwM.s 			page 8


 196              	.LVL17:
 197 0014 00E0     		b	.L16
 198              	.LVL18:
 199              	.L18:
 198:source\bsw/seven.c ****     if (SEVEN__latch_value[(uint8_t)sevenId] != -1)
 200              		.loc 1 198 0
 201 0016 0025     		movs	r5, #0
 202              	.LVL19:
 203              	.L16:
 204 0018 0C46     		mov	r4, r1
 205              	.LVL20:
 202:source\bsw/seven.c ****     }
 203:source\bsw/seven.c ****     
 204:source\bsw/seven.c ****     //Set the selection bit for the display
 205:source\bsw/seven.c ****     Pin_SEVENSEL_Write((uint8_t)sevenId);
 206              		.loc 1 205 0
 207 001a FFF7FEFF 		bl	Pin_SEVENSEL_Write
 208              	.LVL21:
 206:source\bsw/seven.c ****     
 207:source\bsw/seven.c ****     //Set the port to the pattern currently active
 208:source\bsw/seven.c ****     SEVENSEG_REG_Write(pattern);
 209              		.loc 1 208 0
 210 001e 2846     		mov	r0, r5
 211 0020 FFF7FEFF 		bl	SEVENSEG_REG_Write
 212              	.LVL22:
 209:source\bsw/seven.c ****     
 210:source\bsw/seven.c ****     //Set the decimal point
 211:source\bsw/seven.c ****     SEVSEG_DP_Write(value);
 213              		.loc 1 211 0
 214 0024 2046     		mov	r0, r4
 215 0026 FFF7FEFF 		bl	SEVSEG_DP_Write
 216              	.LVL23:
 212:source\bsw/seven.c **** 
 213:source\bsw/seven.c ****     return RC_SUCCESS;
 217              		.loc 1 213 0
 218 002a 0020     		movs	r0, #0
 219 002c 38BD     		pop	{r3, r4, r5, pc}
 220              	.LVL24:
 221              	.L17:
 222              		.cfi_def_cfa_offset 0
 223              		.cfi_restore 3
 224              		.cfi_restore 4
 225              		.cfi_restore 5
 226              		.cfi_restore 14
 194:source\bsw/seven.c ****     }
 227              		.loc 1 194 0
 228 002e 6FF01300 		mvn	r0, #19
 229              	.LVL25:
 230 0032 7047     		bx	lr
 231              	.L22:
 232              		.align	2
 233              	.L21:
 234 0034 00000000 		.word	.LANCHOR1
 235 0038 00000000 		.word	.LANCHOR2
 236              		.cfi_endproc
 237              	.LFE114:
 238              		.size	SEVEN_SetDP, .-SEVEN_SetDP
ARM GAS  C:\Users\divya\AppData\Local\Temp\ccsjUMwM.s 			page 9


 239              		.section	.text.SEVEN_SEGClear,"ax",%progbits
 240              		.align	2
 241              		.global	SEVEN_SEGClear
 242              		.thumb
 243              		.thumb_func
 244              		.type	SEVEN_SEGClear, %function
 245              	SEVEN_SEGClear:
 246              	.LFB115:
 214:source\bsw/seven.c **** }
 215:source\bsw/seven.c **** 
 216:source\bsw/seven.c **** /**
 217:source\bsw/seven.c ****  * Clears one display
 218:source\bsw/seven.c ****  * @param SEVEN_id_t sevenId - identifier for the segment to be set
 219:source\bsw/seven.c ****  * @return RC_SUCCESS if function was executed correctly, other value in case of error
 220:source\bsw/seven.c ****  */
 221:source\bsw/seven.c **** RC_t SEVEN_SEGClear(SEVEN_id_t sevenId)
 222:source\bsw/seven.c **** {
 247              		.loc 1 222 0
 248              		.cfi_startproc
 249              		@ args = 0, pretend = 0, frame = 0
 250              		@ frame_needed = 0, uses_anonymous_args = 0
 251              	.LVL26:
 252 0000 08B5     		push	{r3, lr}
 253              		.cfi_def_cfa_offset 8
 254              		.cfi_offset 3, -8
 255              		.cfi_offset 14, -4
 223:source\bsw/seven.c ****     
 224:source\bsw/seven.c ****     
 225:source\bsw/seven.c ****     //Set the selection bit for the display
 226:source\bsw/seven.c ****     Pin_SEVENSEL_Write(sevenId);
 256              		.loc 1 226 0
 257 0002 FFF7FEFF 		bl	Pin_SEVENSEL_Write
 258              	.LVL27:
 227:source\bsw/seven.c ****     
 228:source\bsw/seven.c ****     //Clear every bit
 229:source\bsw/seven.c ****     SEVENSEG_REG_Write(0);
 259              		.loc 1 229 0
 260 0006 0020     		movs	r0, #0
 261 0008 FFF7FEFF 		bl	SEVENSEG_REG_Write
 262              	.LVL28:
 230:source\bsw/seven.c ****     
 231:source\bsw/seven.c ****     return RC_SUCCESS;
 232:source\bsw/seven.c **** }
 263              		.loc 1 232 0
 264 000c 0020     		movs	r0, #0
 265 000e 08BD     		pop	{r3, pc}
 266              		.cfi_endproc
 267              	.LFE115:
 268              		.size	SEVEN_SEGClear, .-SEVEN_SEGClear
 269              		.section	.text.SEVEN_Init,"ax",%progbits
 270              		.align	2
 271              		.global	SEVEN_Init
 272              		.thumb
 273              		.thumb_func
 274              		.type	SEVEN_Init, %function
 275              	SEVEN_Init:
 276              	.LFB110:
ARM GAS  C:\Users\divya\AppData\Local\Temp\ccsjUMwM.s 			page 10


  92:source\bsw/seven.c ****     
 277              		.loc 1 92 0
 278              		.cfi_startproc
 279              		@ args = 0, pretend = 0, frame = 0
 280              		@ frame_needed = 0, uses_anonymous_args = 0
 281 0000 08B5     		push	{r3, lr}
 282              		.cfi_def_cfa_offset 8
 283              		.cfi_offset 3, -8
 284              		.cfi_offset 14, -4
  94:source\bsw/seven.c ****     SEVEN_SEGClear(SEVEN_DISPLAY_1);
 285              		.loc 1 94 0
 286 0002 0020     		movs	r0, #0
 287 0004 FFF7FEFF 		bl	SEVEN_SEGClear
 288              	.LVL29:
  95:source\bsw/seven.c ****     
 289              		.loc 1 95 0
 290 0008 0120     		movs	r0, #1
 291 000a FFF7FEFF 		bl	SEVEN_SEGClear
 292              	.LVL30:
  98:source\bsw/seven.c **** 
 293              		.loc 1 98 0
 294 000e 0020     		movs	r0, #0
 295 0010 08BD     		pop	{r3, pc}
 296              		.cfi_endproc
 297              	.LFE110:
 298              		.size	SEVEN_Init, .-SEVEN_Init
 299              		.comm	buffer,32,4
 300 0012 00BF     		.section	.rodata
 301              		.align	2
 302              		.set	.LANCHOR0,. + 0
 303              		.type	SEVEN_DecimalValues, %object
 304              		.size	SEVEN_DecimalValues, 11
 305              	SEVEN_DecimalValues:
 306 0000 3F       		.byte	63
 307 0001 06       		.byte	6
 308 0002 5B       		.byte	91
 309 0003 4F       		.byte	79
 310 0004 66       		.byte	102
 311 0005 6D       		.byte	109
 312 0006 7D       		.byte	125
 313 0007 07       		.byte	7
 314 0008 7F       		.byte	127
 315 0009 67       		.byte	103
 316 000a 80       		.byte	-128
 317              		.data
 318              		.align	2
 319              		.set	.LANCHOR1,. + 0
 320              		.type	SEVEN__latch_value, %object
 321              		.size	SEVEN__latch_value, 2
 322              	SEVEN__latch_value:
 323 0000 FF       		.byte	-1
 324 0001 FF       		.byte	-1
 325              		.section	.rodata.str1.4,"aMS",%progbits,1
 326              		.align	2
 327              	.LC0:
 328 0000 44736970 		.ascii	"Dsiplay Values is %u\012\000"
 328      6C617920 
ARM GAS  C:\Users\divya\AppData\Local\Temp\ccsjUMwM.s 			page 11


 328      56616C75 
 328      65732069 
 328      73202575 
 329              		.bss
 330              		.align	2
 331              		.set	.LANCHOR2,. + 0
 332              		.type	SEVEN__latch_pattern, %object
 333              		.size	SEVEN__latch_pattern, 2
 334              	SEVEN__latch_pattern:
 335 0000 0000     		.space	2
 336              		.text
 337              	.Letext0:
 338              		.file 2 "c:\\program files (x86)\\cypress\\psoc creator\\4.4\\psoc creator\\import\\gnu\\arm\\5.4.
 339              		.file 3 "c:\\program files (x86)\\cypress\\psoc creator\\4.4\\psoc creator\\import\\gnu\\arm\\5.4.
 340              		.file 4 "Generated_Source\\PSoC5/ErikaOS_1_common_ee_types.inc"
 341              		.file 5 "Generated_Source\\PSoC5/ErikaOS_1_cortex_mx_ee_cpu.inc"
 342              		.file 6 "source\\bsw\\global.h"
 343              		.file 7 "source\\bsw\\seven.h"
 344              		.file 8 "Generated_Source\\PSoC5/ErikaOS_1_ee_oo_intfunc.inc"
 345              		.file 9 "Generated_Source\\PSoC5/ErikaOS_1_cortex_mx_ee_context.inc"
 346              		.file 10 "Generated_Source\\PSoC5/ErikaOS_1_common_ee_primitives.inc"
 347              		.file 11 "Generated_Source\\PSoC5/core_cm3.h"
 348              		.file 12 "Generated_Source\\PSoC5/Pin_SEVENSEL.h"
 349              		.file 13 "Generated_Source\\PSoC5/SEVENSEG_REG.h"
 350              		.file 14 "<built-in>"
 351              		.file 15 "Generated_Source\\PSoC5/UART_1.h"
 352              		.file 16 "Generated_Source\\PSoC5/SEVSEG_DP.h"
 353              		.section	.debug_info,"",%progbits
 354              	.Ldebug_info0:
 355 0000 34050000 		.4byte	0x534
 356 0004 0400     		.2byte	0x4
 357 0006 00000000 		.4byte	.Ldebug_abbrev0
 358 000a 04       		.byte	0x4
 359 000b 01       		.uleb128 0x1
 360 000c 6A030000 		.4byte	.LASF78
 361 0010 0C       		.byte	0xc
 362 0011 71020000 		.4byte	.LASF79
 363 0015 F5020000 		.4byte	.LASF80
 364 0019 00000000 		.4byte	.Ldebug_ranges0+0
 365 001d 00000000 		.4byte	0
 366 0021 00000000 		.4byte	.Ldebug_line0
 367 0025 02       		.uleb128 0x2
 368 0026 01       		.byte	0x1
 369 0027 06       		.byte	0x6
 370 0028 84020000 		.4byte	.LASF0
 371 002c 03       		.uleb128 0x3
 372 002d F4010000 		.4byte	.LASF4
 373 0031 02       		.byte	0x2
 374 0032 1D       		.byte	0x1d
 375 0033 37000000 		.4byte	0x37
 376 0037 02       		.uleb128 0x2
 377 0038 01       		.byte	0x1
 378 0039 08       		.byte	0x8
 379 003a 5B020000 		.4byte	.LASF1
 380 003e 02       		.uleb128 0x2
 381 003f 02       		.byte	0x2
 382 0040 05       		.byte	0x5
ARM GAS  C:\Users\divya\AppData\Local\Temp\ccsjUMwM.s 			page 12


 383 0041 4D000000 		.4byte	.LASF2
 384 0045 02       		.uleb128 0x2
 385 0046 02       		.byte	0x2
 386 0047 07       		.byte	0x7
 387 0048 47030000 		.4byte	.LASF3
 388 004c 03       		.uleb128 0x3
 389 004d B6040000 		.4byte	.LASF5
 390 0051 02       		.byte	0x2
 391 0052 3F       		.byte	0x3f
 392 0053 57000000 		.4byte	0x57
 393 0057 02       		.uleb128 0x2
 394 0058 04       		.byte	0x4
 395 0059 05       		.byte	0x5
 396 005a CB010000 		.4byte	.LASF6
 397 005e 02       		.uleb128 0x2
 398 005f 04       		.byte	0x4
 399 0060 07       		.byte	0x7
 400 0061 67040000 		.4byte	.LASF7
 401 0065 02       		.uleb128 0x2
 402 0066 08       		.byte	0x8
 403 0067 05       		.byte	0x5
 404 0068 63010000 		.4byte	.LASF8
 405 006c 02       		.uleb128 0x2
 406 006d 08       		.byte	0x8
 407 006e 07       		.byte	0x7
 408 006f 90020000 		.4byte	.LASF9
 409 0073 04       		.uleb128 0x4
 410 0074 04       		.byte	0x4
 411 0075 05       		.byte	0x5
 412 0076 696E7400 		.ascii	"int\000"
 413 007a 02       		.uleb128 0x2
 414 007b 04       		.byte	0x4
 415 007c 07       		.byte	0x7
 416 007d A7020000 		.4byte	.LASF10
 417 0081 03       		.uleb128 0x3
 418 0082 CC000000 		.4byte	.LASF11
 419 0086 03       		.byte	0x3
 420 0087 18       		.byte	0x18
 421 0088 2C000000 		.4byte	0x2c
 422 008c 03       		.uleb128 0x3
 423 008d 1E040000 		.4byte	.LASF12
 424 0091 03       		.byte	0x3
 425 0092 2C       		.byte	0x2c
 426 0093 4C000000 		.4byte	0x4c
 427 0097 02       		.uleb128 0x2
 428 0098 04       		.byte	0x4
 429 0099 04       		.byte	0x4
 430 009a 44010000 		.4byte	.LASF13
 431 009e 02       		.uleb128 0x2
 432 009f 08       		.byte	0x8
 433 00a0 04       		.byte	0x4
 434 00a1 79040000 		.4byte	.LASF14
 435 00a5 02       		.uleb128 0x2
 436 00a6 01       		.byte	0x1
 437 00a7 08       		.byte	0x8
 438 00a8 F8030000 		.4byte	.LASF15
 439 00ac 02       		.uleb128 0x2
ARM GAS  C:\Users\divya\AppData\Local\Temp\ccsjUMwM.s 			page 13


 440 00ad 08       		.byte	0x8
 441 00ae 04       		.byte	0x4
 442 00af 4F020000 		.4byte	.LASF16
 443 00b3 03       		.uleb128 0x3
 444 00b4 00010000 		.4byte	.LASF17
 445 00b8 04       		.byte	0x4
 446 00b9 53       		.byte	0x53
 447 00ba 73000000 		.4byte	0x73
 448 00be 03       		.uleb128 0x3
 449 00bf B5000000 		.4byte	.LASF18
 450 00c3 04       		.byte	0x4
 451 00c4 54       		.byte	0x54
 452 00c5 7A000000 		.4byte	0x7a
 453 00c9 03       		.uleb128 0x3
 454 00ca AE040000 		.4byte	.LASF19
 455 00ce 05       		.byte	0x5
 456 00cf 4D       		.byte	0x4d
 457 00d0 BE000000 		.4byte	0xbe
 458 00d4 03       		.uleb128 0x3
 459 00d5 9C000000 		.4byte	.LASF20
 460 00d9 05       		.byte	0x5
 461 00da 4F       		.byte	0x4f
 462 00db BE000000 		.4byte	0xbe
 463 00df 03       		.uleb128 0x3
 464 00e0 BF000000 		.4byte	.LASF21
 465 00e4 05       		.byte	0x5
 466 00e5 78       		.byte	0x78
 467 00e6 B3000000 		.4byte	0xb3
 468 00ea 02       		.uleb128 0x2
 469 00eb 04       		.byte	0x4
 470 00ec 07       		.byte	0x7
 471 00ed 7D000000 		.4byte	.LASF22
 472 00f1 05       		.uleb128 0x5
 473 00f2 04       		.byte	0x4
 474 00f3 A5000000 		.4byte	0xa5
 475 00f7 05       		.uleb128 0x5
 476 00f8 04       		.byte	0x4
 477 00f9 FD000000 		.4byte	0xfd
 478 00fd 06       		.uleb128 0x6
 479 00fe A5000000 		.4byte	0xa5
 480 0102 03       		.uleb128 0x3
 481 0103 47050000 		.4byte	.LASF23
 482 0107 06       		.byte	0x6
 483 0108 90       		.byte	0x90
 484 0109 25000000 		.4byte	0x25
 485 010d 07       		.uleb128 0x7
 486 010e 01       		.byte	0x1
 487 010f 25000000 		.4byte	0x25
 488 0113 06       		.byte	0x6
 489 0114 CF       		.byte	0xcf
 490 0115 B6010000 		.4byte	0x1b6
 491 0119 08       		.uleb128 0x8
 492 011a 3C030000 		.4byte	.LASF24
 493 011e 00       		.byte	0
 494 011f 09       		.uleb128 0x9
 495 0120 11050000 		.4byte	.LASF25
 496 0124 7F       		.sleb128 -1
ARM GAS  C:\Users\divya\AppData\Local\Temp\ccsjUMwM.s 			page 14


 497 0125 09       		.uleb128 0x9
 498 0126 D1020000 		.4byte	.LASF26
 499 012a 7E       		.sleb128 -2
 500 012b 09       		.uleb128 0x9
 501 012c 8E000000 		.4byte	.LASF27
 502 0130 7D       		.sleb128 -3
 503 0131 09       		.uleb128 0x9
 504 0132 1A050000 		.4byte	.LASF28
 505 0136 7C       		.sleb128 -4
 506 0137 09       		.uleb128 0x9
 507 0138 35010000 		.4byte	.LASF29
 508 013c 7B       		.sleb128 -5
 509 013d 09       		.uleb128 0x9
 510 013e 57000000 		.4byte	.LASF30
 511 0142 7A       		.sleb128 -6
 512 0143 09       		.uleb128 0x9
 513 0144 D4010000 		.4byte	.LASF31
 514 0148 79       		.sleb128 -7
 515 0149 09       		.uleb128 0x9
 516 014a 09040000 		.4byte	.LASF32
 517 014e 78       		.sleb128 -8
 518 014f 09       		.uleb128 0x9
 519 0150 DF020000 		.4byte	.LASF33
 520 0154 77       		.sleb128 -9
 521 0155 09       		.uleb128 0x9
 522 0156 E6010000 		.4byte	.LASF34
 523 015a 76       		.sleb128 -10
 524 015b 09       		.uleb128 0x9
 525 015c 4F050000 		.4byte	.LASF35
 526 0160 75       		.sleb128 -11
 527 0161 09       		.uleb128 0x9
 528 0162 B4020000 		.4byte	.LASF36
 529 0166 74       		.sleb128 -12
 530 0167 09       		.uleb128 0x9
 531 0168 9C040000 		.4byte	.LASF37
 532 016c 73       		.sleb128 -13
 533 016d 09       		.uleb128 0x9
 534 016e 13000000 		.4byte	.LASF38
 535 0172 72       		.sleb128 -14
 536 0173 09       		.uleb128 0x9
 537 0174 39000000 		.4byte	.LASF39
 538 0178 71       		.sleb128 -15
 539 0179 09       		.uleb128 0x9
 540 017a A4000000 		.4byte	.LASF40
 541 017e 70       		.sleb128 -16
 542 017f 09       		.uleb128 0x9
 543 0180 26040000 		.4byte	.LASF41
 544 0184 6F       		.sleb128 -17
 545 0185 09       		.uleb128 0x9
 546 0186 68000000 		.4byte	.LASF42
 547 018a 6E       		.sleb128 -18
 548 018b 09       		.uleb128 0x9
 549 018c A7010000 		.4byte	.LASF43
 550 0190 6D       		.sleb128 -19
 551 0191 09       		.uleb128 0x9
 552 0192 3A040000 		.4byte	.LASF44
 553 0196 6C       		.sleb128 -20
ARM GAS  C:\Users\divya\AppData\Local\Temp\ccsjUMwM.s 			page 15


 554 0197 09       		.uleb128 0x9
 555 0198 26020000 		.4byte	.LASF45
 556 019c 6B       		.sleb128 -21
 557 019d 09       		.uleb128 0x9
 558 019e CE040000 		.4byte	.LASF46
 559 01a2 6A       		.sleb128 -22
 560 01a3 09       		.uleb128 0x9
 561 01a4 D4000000 		.4byte	.LASF47
 562 01a8 69       		.sleb128 -23
 563 01a9 09       		.uleb128 0x9
 564 01aa BA010000 		.4byte	.LASF48
 565 01ae 68       		.sleb128 -24
 566 01af 09       		.uleb128 0x9
 567 01b0 4A010000 		.4byte	.LASF49
 568 01b4 67       		.sleb128 -25
 569 01b5 00       		.byte	0
 570 01b6 03       		.uleb128 0x3
 571 01b7 42050000 		.4byte	.LASF50
 572 01bb 06       		.byte	0x6
 573 01bc EA       		.byte	0xea
 574 01bd 0D010000 		.4byte	0x10d
 575 01c1 07       		.uleb128 0x7
 576 01c2 01       		.byte	0x1
 577 01c3 37000000 		.4byte	0x37
 578 01c7 07       		.byte	0x7
 579 01c8 5F       		.byte	0x5f
 580 01c9 DA010000 		.4byte	0x1da
 581 01cd 08       		.uleb128 0x8
 582 01ce 5A030000 		.4byte	.LASF51
 583 01d2 00       		.byte	0
 584 01d3 08       		.uleb128 0x8
 585 01d4 E0040000 		.4byte	.LASF52
 586 01d8 01       		.byte	0x1
 587 01d9 00       		.byte	0
 588 01da 03       		.uleb128 0x3
 589 01db 91040000 		.4byte	.LASF53
 590 01df 07       		.byte	0x7
 591 01e0 62       		.byte	0x62
 592 01e1 C1010000 		.4byte	0x1c1
 593 01e5 0A       		.uleb128 0xa
 594 01e6 40020000 		.4byte	.LASF56
 595 01ea 01       		.byte	0x1
 596 01eb 6B       		.byte	0x6b
 597 01ec B6010000 		.4byte	0x1b6
 598 01f0 00000000 		.4byte	.LFB111
 599 01f4 34000000 		.4byte	.LFE111-.LFB111
 600 01f8 01       		.uleb128 0x1
 601 01f9 9C       		.byte	0x9c
 602 01fa 58020000 		.4byte	0x258
 603 01fe 0B       		.uleb128 0xb
 604 01ff 38020000 		.4byte	.LASF54
 605 0203 01       		.byte	0x1
 606 0204 6B       		.byte	0x6b
 607 0205 DA010000 		.4byte	0x1da
 608 0209 00000000 		.4byte	.LLST0
 609 020d 0B       		.uleb128 0xb
 610 020e C6000000 		.4byte	.LASF55
ARM GAS  C:\Users\divya\AppData\Local\Temp\ccsjUMwM.s 			page 16


 611 0212 01       		.byte	0x1
 612 0213 6B       		.byte	0x6b
 613 0214 81000000 		.4byte	0x81
 614 0218 3A000000 		.4byte	.LLST1
 615 021c 0C       		.uleb128 0xc
 616 021d 86000000 		.4byte	.LASF60
 617 0221 01       		.byte	0x1
 618 0222 7B       		.byte	0x7b
 619 0223 81000000 		.4byte	0x81
 620 0227 66000000 		.4byte	.LLST2
 621 022b 0D       		.uleb128 0xd
 622 022c 0E000000 		.4byte	.LVL1
 623 0230 00050000 		.4byte	0x500
 624 0234 3F020000 		.4byte	0x23f
 625 0238 0E       		.uleb128 0xe
 626 0239 01       		.uleb128 0x1
 627 023a 50       		.byte	0x50
 628 023b 02       		.uleb128 0x2
 629 023c 75       		.byte	0x75
 630 023d 00       		.sleb128 0
 631 023e 00       		.byte	0
 632 023f 0F       		.uleb128 0xf
 633 0240 1E000000 		.4byte	.LVL3
 634 0244 0B050000 		.4byte	0x50b
 635 0248 0E       		.uleb128 0xe
 636 0249 01       		.uleb128 0x1
 637 024a 50       		.byte	0x50
 638 024b 0A       		.uleb128 0xa
 639 024c 74       		.byte	0x74
 640 024d 00       		.sleb128 0
 641 024e 03       		.byte	0x3
 642 024f 00000000 		.4byte	.LANCHOR0
 643 0253 22       		.byte	0x22
 644 0254 94       		.byte	0x94
 645 0255 01       		.byte	0x1
 646 0256 00       		.byte	0
 647 0257 00       		.byte	0
 648 0258 0A       		.uleb128 0xa
 649 0259 C0040000 		.4byte	.LASF57
 650 025d 01       		.byte	0x1
 651 025e 8C       		.byte	0x8c
 652 025f B6010000 		.4byte	0x1b6
 653 0263 00000000 		.4byte	.LFB112
 654 0267 28000000 		.4byte	.LFE112-.LFB112
 655 026b 01       		.uleb128 0x1
 656 026c 9C       		.byte	0x9c
 657 026d D8020000 		.4byte	0x2d8
 658 0271 0B       		.uleb128 0xb
 659 0272 38020000 		.4byte	.LASF54
 660 0276 01       		.byte	0x1
 661 0277 8C       		.byte	0x8c
 662 0278 DA010000 		.4byte	0x1da
 663 027c 8B000000 		.4byte	.LLST3
 664 0280 0B       		.uleb128 0xb
 665 0281 C6000000 		.4byte	.LASF55
 666 0285 01       		.byte	0x1
 667 0286 8C       		.byte	0x8c
ARM GAS  C:\Users\divya\AppData\Local\Temp\ccsjUMwM.s 			page 17


 668 0287 D8020000 		.4byte	0x2d8
 669 028b AC000000 		.4byte	.LLST4
 670 028f 10       		.uleb128 0x10
 671 0290 69020000 		.4byte	.LASF75
 672 0294 0E       		.byte	0xe
 673 0295 00       		.byte	0
 674 0296 73000000 		.4byte	0x73
 675 029a AA020000 		.4byte	0x2aa
 676 029e 11       		.uleb128 0x11
 677 029f F1000000 		.4byte	0xf1
 678 02a3 11       		.uleb128 0x11
 679 02a4 F7000000 		.4byte	0xf7
 680 02a8 12       		.uleb128 0x12
 681 02a9 00       		.byte	0
 682 02aa 0D       		.uleb128 0xd
 683 02ab 12000000 		.4byte	.LVL9
 684 02af 16050000 		.4byte	0x516
 685 02b3 C7020000 		.4byte	0x2c7
 686 02b7 0E       		.uleb128 0xe
 687 02b8 01       		.uleb128 0x1
 688 02b9 50       		.byte	0x50
 689 02ba 02       		.uleb128 0x2
 690 02bb 74       		.byte	0x74
 691 02bc 00       		.sleb128 0
 692 02bd 0E       		.uleb128 0xe
 693 02be 01       		.uleb128 0x1
 694 02bf 51       		.byte	0x51
 695 02c0 05       		.uleb128 0x5
 696 02c1 03       		.byte	0x3
 697 02c2 00000000 		.4byte	.LC0
 698 02c6 00       		.byte	0
 699 02c7 0F       		.uleb128 0xf
 700 02c8 18000000 		.4byte	.LVL10
 701 02cc 21050000 		.4byte	0x521
 702 02d0 0E       		.uleb128 0xe
 703 02d1 01       		.uleb128 0x1
 704 02d2 50       		.byte	0x50
 705 02d3 02       		.uleb128 0x2
 706 02d4 74       		.byte	0x74
 707 02d5 00       		.sleb128 0
 708 02d6 00       		.byte	0
 709 02d7 00       		.byte	0
 710 02d8 05       		.uleb128 0x5
 711 02d9 04       		.byte	0x4
 712 02da 02010000 		.4byte	0x102
 713 02de 0A       		.uleb128 0xa
 714 02df 9A010000 		.4byte	.LASF58
 715 02e3 01       		.byte	0x1
 716 02e4 AF       		.byte	0xaf
 717 02e5 B6010000 		.4byte	0x1b6
 718 02e9 00000000 		.4byte	.LFB113
 719 02ed 1A000000 		.4byte	.LFE113-.LFB113
 720 02f1 01       		.uleb128 0x1
 721 02f2 9C       		.byte	0x9c
 722 02f3 39030000 		.4byte	0x339
 723 02f7 0B       		.uleb128 0xb
 724 02f8 C6000000 		.4byte	.LASF55
ARM GAS  C:\Users\divya\AppData\Local\Temp\ccsjUMwM.s 			page 18


 725 02fc 01       		.byte	0x1
 726 02fd AF       		.byte	0xaf
 727 02fe 81000000 		.4byte	0x81
 728 0302 CD000000 		.4byte	.LLST5
 729 0306 0D       		.uleb128 0xd
 730 0307 0C000000 		.4byte	.LVL13
 731 030b E5010000 		.4byte	0x1e5
 732 030f 21030000 		.4byte	0x321
 733 0313 0E       		.uleb128 0xe
 734 0314 01       		.uleb128 0x1
 735 0315 50       		.byte	0x50
 736 0316 01       		.uleb128 0x1
 737 0317 31       		.byte	0x31
 738 0318 0E       		.uleb128 0xe
 739 0319 01       		.uleb128 0x1
 740 031a 51       		.byte	0x51
 741 031b 04       		.uleb128 0x4
 742 031c 74       		.byte	0x74
 743 031d 00       		.sleb128 0
 744 031e 34       		.byte	0x34
 745 031f 25       		.byte	0x25
 746 0320 00       		.byte	0
 747 0321 0F       		.uleb128 0xf
 748 0322 16000000 		.4byte	.LVL14
 749 0326 E5010000 		.4byte	0x1e5
 750 032a 0E       		.uleb128 0xe
 751 032b 01       		.uleb128 0x1
 752 032c 50       		.byte	0x50
 753 032d 01       		.uleb128 0x1
 754 032e 30       		.byte	0x30
 755 032f 0E       		.uleb128 0xe
 756 0330 01       		.uleb128 0x1
 757 0331 51       		.byte	0x51
 758 0332 04       		.uleb128 0x4
 759 0333 74       		.byte	0x74
 760 0334 00       		.sleb128 0
 761 0335 3F       		.byte	0x3f
 762 0336 1A       		.byte	0x1a
 763 0337 00       		.byte	0
 764 0338 00       		.byte	0
 765 0339 0A       		.uleb128 0xa
 766 033a FD030000 		.4byte	.LASF59
 767 033e 01       		.byte	0x1
 768 033f BD       		.byte	0xbd
 769 0340 B6010000 		.4byte	0x1b6
 770 0344 00000000 		.4byte	.LFB114
 771 0348 3C000000 		.4byte	.LFE114-.LFB114
 772 034c 01       		.uleb128 0x1
 773 034d 9C       		.byte	0x9c
 774 034e AD030000 		.4byte	0x3ad
 775 0352 0B       		.uleb128 0xb
 776 0353 38020000 		.4byte	.LASF54
 777 0357 01       		.byte	0x1
 778 0358 BD       		.byte	0xbd
 779 0359 DA010000 		.4byte	0x1da
 780 035d EE000000 		.4byte	.LLST6
 781 0361 0B       		.uleb128 0xb
ARM GAS  C:\Users\divya\AppData\Local\Temp\ccsjUMwM.s 			page 19


 782 0362 C6000000 		.4byte	.LASF55
 783 0366 01       		.byte	0x1
 784 0367 BD       		.byte	0xbd
 785 0368 81000000 		.4byte	0x81
 786 036c 28010000 		.4byte	.LLST7
 787 0370 0C       		.uleb128 0xc
 788 0371 0B000000 		.4byte	.LASF61
 789 0375 01       		.byte	0x1
 790 0376 C6       		.byte	0xc6
 791 0377 81000000 		.4byte	0x81
 792 037b 54010000 		.4byte	.LLST8
 793 037f 13       		.uleb128 0x13
 794 0380 1E000000 		.4byte	.LVL21
 795 0384 00050000 		.4byte	0x500
 796 0388 0D       		.uleb128 0xd
 797 0389 24000000 		.4byte	.LVL22
 798 038d 0B050000 		.4byte	0x50b
 799 0391 9C030000 		.4byte	0x39c
 800 0395 0E       		.uleb128 0xe
 801 0396 01       		.uleb128 0x1
 802 0397 50       		.byte	0x50
 803 0398 02       		.uleb128 0x2
 804 0399 75       		.byte	0x75
 805 039a 00       		.sleb128 0
 806 039b 00       		.byte	0
 807 039c 0F       		.uleb128 0xf
 808 039d 2A000000 		.4byte	.LVL23
 809 03a1 2C050000 		.4byte	0x52c
 810 03a5 0E       		.uleb128 0xe
 811 03a6 01       		.uleb128 0x1
 812 03a7 50       		.byte	0x50
 813 03a8 02       		.uleb128 0x2
 814 03a9 74       		.byte	0x74
 815 03aa 00       		.sleb128 0
 816 03ab 00       		.byte	0
 817 03ac 00       		.byte	0
 818 03ad 0A       		.uleb128 0xa
 819 03ae C2020000 		.4byte	.LASF62
 820 03b2 01       		.byte	0x1
 821 03b3 DD       		.byte	0xdd
 822 03b4 B6010000 		.4byte	0x1b6
 823 03b8 00000000 		.4byte	.LFB115
 824 03bc 10000000 		.4byte	.LFE115-.LFB115
 825 03c0 01       		.uleb128 0x1
 826 03c1 9C       		.byte	0x9c
 827 03c2 EE030000 		.4byte	0x3ee
 828 03c6 0B       		.uleb128 0xb
 829 03c7 38020000 		.4byte	.LASF54
 830 03cb 01       		.byte	0x1
 831 03cc DD       		.byte	0xdd
 832 03cd DA010000 		.4byte	0x1da
 833 03d1 8A010000 		.4byte	.LLST9
 834 03d5 13       		.uleb128 0x13
 835 03d6 06000000 		.4byte	.LVL27
 836 03da 00050000 		.4byte	0x500
 837 03de 0F       		.uleb128 0xf
 838 03df 0C000000 		.4byte	.LVL28
ARM GAS  C:\Users\divya\AppData\Local\Temp\ccsjUMwM.s 			page 20


 839 03e3 0B050000 		.4byte	0x50b
 840 03e7 0E       		.uleb128 0xe
 841 03e8 01       		.uleb128 0x1
 842 03e9 50       		.byte	0x50
 843 03ea 01       		.uleb128 0x1
 844 03eb 30       		.byte	0x30
 845 03ec 00       		.byte	0
 846 03ed 00       		.byte	0
 847 03ee 14       		.uleb128 0x14
 848 03ef 00000000 		.4byte	.LASF81
 849 03f3 01       		.byte	0x1
 850 03f4 5B       		.byte	0x5b
 851 03f5 B6010000 		.4byte	0x1b6
 852 03f9 00000000 		.4byte	.LFB110
 853 03fd 12000000 		.4byte	.LFE110-.LFB110
 854 0401 01       		.uleb128 0x1
 855 0402 9C       		.byte	0x9c
 856 0403 2A040000 		.4byte	0x42a
 857 0407 0D       		.uleb128 0xd
 858 0408 08000000 		.4byte	.LVL29
 859 040c AD030000 		.4byte	0x3ad
 860 0410 1A040000 		.4byte	0x41a
 861 0414 0E       		.uleb128 0xe
 862 0415 01       		.uleb128 0x1
 863 0416 50       		.byte	0x50
 864 0417 01       		.uleb128 0x1
 865 0418 30       		.byte	0x30
 866 0419 00       		.byte	0
 867 041a 0F       		.uleb128 0xf
 868 041b 0E000000 		.4byte	.LVL30
 869 041f AD030000 		.4byte	0x3ad
 870 0423 0E       		.uleb128 0xe
 871 0424 01       		.uleb128 0x1
 872 0425 50       		.byte	0x50
 873 0426 01       		.uleb128 0x1
 874 0427 31       		.byte	0x31
 875 0428 00       		.byte	0
 876 0429 00       		.byte	0
 877 042a 15       		.uleb128 0x15
 878 042b 3A040000 		.4byte	0x43a
 879 042f 3A040000 		.4byte	0x43a
 880 0433 16       		.uleb128 0x16
 881 0434 EA000000 		.4byte	0xea
 882 0438 0A       		.byte	0xa
 883 0439 00       		.byte	0
 884 043a 06       		.uleb128 0x6
 885 043b 81000000 		.4byte	0x81
 886 043f 17       		.uleb128 0x17
 887 0440 F0040000 		.4byte	.LASF63
 888 0444 01       		.byte	0x1
 889 0445 38       		.byte	0x38
 890 0446 50040000 		.4byte	0x450
 891 044a 05       		.uleb128 0x5
 892 044b 03       		.byte	0x3
 893 044c 00000000 		.4byte	SEVEN_DecimalValues
 894 0450 06       		.uleb128 0x6
 895 0451 2A040000 		.4byte	0x42a
ARM GAS  C:\Users\divya\AppData\Local\Temp\ccsjUMwM.s 			page 21


 896 0455 15       		.uleb128 0x15
 897 0456 02010000 		.4byte	0x102
 898 045a 65040000 		.4byte	0x465
 899 045e 16       		.uleb128 0x16
 900 045f EA000000 		.4byte	0xea
 901 0463 01       		.byte	0x1
 902 0464 00       		.byte	0
 903 0465 17       		.uleb128 0x17
 904 0466 FE010000 		.4byte	.LASF64
 905 046a 01       		.byte	0x1
 906 046b 49       		.byte	0x49
 907 046c 55040000 		.4byte	0x455
 908 0470 05       		.uleb128 0x5
 909 0471 03       		.byte	0x3
 910 0472 00000000 		.4byte	SEVEN__latch_value
 911 0476 15       		.uleb128 0x15
 912 0477 81000000 		.4byte	0x81
 913 047b 86040000 		.4byte	0x486
 914 047f 16       		.uleb128 0x16
 915 0480 EA000000 		.4byte	0xea
 916 0484 01       		.byte	0x1
 917 0485 00       		.byte	0
 918 0486 17       		.uleb128 0x17
 919 0487 11020000 		.4byte	.LASF65
 920 048b 01       		.byte	0x1
 921 048c 4A       		.byte	0x4a
 922 048d 76040000 		.4byte	0x476
 923 0491 05       		.uleb128 0x5
 924 0492 03       		.byte	0x3
 925 0493 00000000 		.4byte	SEVEN__latch_pattern
 926 0497 18       		.uleb128 0x18
 927 0498 2A050000 		.4byte	.LASF66
 928 049c 08       		.byte	0x8
 929 049d 40       		.byte	0x40
 930 049e C9000000 		.4byte	0xc9
 931 04a2 18       		.uleb128 0x18
 932 04a3 81010000 		.4byte	.LASF67
 933 04a7 08       		.byte	0x8
 934 04a8 47       		.byte	0x47
 935 04a9 D4000000 		.4byte	0xd4
 936 04ad 18       		.uleb128 0x18
 937 04ae 54040000 		.4byte	.LASF68
 938 04b2 08       		.byte	0x8
 939 04b3 4A       		.byte	0x4a
 940 04b4 C9000000 		.4byte	0xc9
 941 04b8 18       		.uleb128 0x18
 942 04b9 1C010000 		.4byte	.LASF69
 943 04bd 09       		.byte	0x9
 944 04be 48       		.byte	0x48
 945 04bf DF000000 		.4byte	0xdf
 946 04c3 18       		.uleb128 0x18
 947 04c4 EB000000 		.4byte	.LASF70
 948 04c8 0A       		.byte	0xa
 949 04c9 44       		.byte	0x44
 950 04ca C9000000 		.4byte	0xc9
 951 04ce 19       		.uleb128 0x19
 952 04cf 04050000 		.4byte	.LASF71
ARM GAS  C:\Users\divya\AppData\Local\Temp\ccsjUMwM.s 			page 22


 953 04d3 0B       		.byte	0xb
 954 04d4 1207     		.2byte	0x712
 955 04d6 DA040000 		.4byte	0x4da
 956 04da 1A       		.uleb128 0x1a
 957 04db 8C000000 		.4byte	0x8c
 958 04df 15       		.uleb128 0x15
 959 04e0 A5000000 		.4byte	0xa5
 960 04e4 EF040000 		.4byte	0x4ef
 961 04e8 16       		.uleb128 0x16
 962 04e9 EA000000 		.4byte	0xea
 963 04ed 1F       		.byte	0x1f
 964 04ee 00       		.byte	0
 965 04ef 1B       		.uleb128 0x1b
 966 04f0 4D040000 		.4byte	.LASF72
 967 04f4 01       		.byte	0x1
 968 04f5 36       		.byte	0x36
 969 04f6 DF040000 		.4byte	0x4df
 970 04fa 05       		.uleb128 0x5
 971 04fb 03       		.byte	0x3
 972 04fc 00000000 		.4byte	buffer
 973 0500 1C       		.uleb128 0x1c
 974 0501 26000000 		.4byte	.LASF73
 975 0505 26000000 		.4byte	.LASF73
 976 0509 0C       		.byte	0xc
 977 050a 26       		.byte	0x26
 978 050b 1C       		.uleb128 0x1c
 979 050c 09010000 		.4byte	.LASF74
 980 0510 09010000 		.4byte	.LASF74
 981 0514 0D       		.byte	0xd
 982 0515 2F       		.byte	0x2f
 983 0516 1C       		.uleb128 0x1c
 984 0517 69020000 		.4byte	.LASF75
 985 051b 69020000 		.4byte	.LASF75
 986 051f 0E       		.byte	0xe
 987 0520 00       		.byte	0
 988 0521 1C       		.uleb128 0x1c
 989 0522 80040000 		.4byte	.LASF76
 990 0526 80040000 		.4byte	.LASF76
 991 052a 0F       		.byte	0xf
 992 052b 8B       		.byte	0x8b
 993 052c 1C       		.uleb128 0x1c
 994 052d 71010000 		.4byte	.LASF77
 995 0531 71010000 		.4byte	.LASF77
 996 0535 10       		.byte	0x10
 997 0536 26       		.byte	0x26
 998 0537 00       		.byte	0
 999              		.section	.debug_abbrev,"",%progbits
 1000              	.Ldebug_abbrev0:
 1001 0000 01       		.uleb128 0x1
 1002 0001 11       		.uleb128 0x11
 1003 0002 01       		.byte	0x1
 1004 0003 25       		.uleb128 0x25
 1005 0004 0E       		.uleb128 0xe
 1006 0005 13       		.uleb128 0x13
 1007 0006 0B       		.uleb128 0xb
 1008 0007 03       		.uleb128 0x3
 1009 0008 0E       		.uleb128 0xe
ARM GAS  C:\Users\divya\AppData\Local\Temp\ccsjUMwM.s 			page 23


 1010 0009 1B       		.uleb128 0x1b
 1011 000a 0E       		.uleb128 0xe
 1012 000b 55       		.uleb128 0x55
 1013 000c 17       		.uleb128 0x17
 1014 000d 11       		.uleb128 0x11
 1015 000e 01       		.uleb128 0x1
 1016 000f 10       		.uleb128 0x10
 1017 0010 17       		.uleb128 0x17
 1018 0011 00       		.byte	0
 1019 0012 00       		.byte	0
 1020 0013 02       		.uleb128 0x2
 1021 0014 24       		.uleb128 0x24
 1022 0015 00       		.byte	0
 1023 0016 0B       		.uleb128 0xb
 1024 0017 0B       		.uleb128 0xb
 1025 0018 3E       		.uleb128 0x3e
 1026 0019 0B       		.uleb128 0xb
 1027 001a 03       		.uleb128 0x3
 1028 001b 0E       		.uleb128 0xe
 1029 001c 00       		.byte	0
 1030 001d 00       		.byte	0
 1031 001e 03       		.uleb128 0x3
 1032 001f 16       		.uleb128 0x16
 1033 0020 00       		.byte	0
 1034 0021 03       		.uleb128 0x3
 1035 0022 0E       		.uleb128 0xe
 1036 0023 3A       		.uleb128 0x3a
 1037 0024 0B       		.uleb128 0xb
 1038 0025 3B       		.uleb128 0x3b
 1039 0026 0B       		.uleb128 0xb
 1040 0027 49       		.uleb128 0x49
 1041 0028 13       		.uleb128 0x13
 1042 0029 00       		.byte	0
 1043 002a 00       		.byte	0
 1044 002b 04       		.uleb128 0x4
 1045 002c 24       		.uleb128 0x24
 1046 002d 00       		.byte	0
 1047 002e 0B       		.uleb128 0xb
 1048 002f 0B       		.uleb128 0xb
 1049 0030 3E       		.uleb128 0x3e
 1050 0031 0B       		.uleb128 0xb
 1051 0032 03       		.uleb128 0x3
 1052 0033 08       		.uleb128 0x8
 1053 0034 00       		.byte	0
 1054 0035 00       		.byte	0
 1055 0036 05       		.uleb128 0x5
 1056 0037 0F       		.uleb128 0xf
 1057 0038 00       		.byte	0
 1058 0039 0B       		.uleb128 0xb
 1059 003a 0B       		.uleb128 0xb
 1060 003b 49       		.uleb128 0x49
 1061 003c 13       		.uleb128 0x13
 1062 003d 00       		.byte	0
 1063 003e 00       		.byte	0
 1064 003f 06       		.uleb128 0x6
 1065 0040 26       		.uleb128 0x26
 1066 0041 00       		.byte	0
ARM GAS  C:\Users\divya\AppData\Local\Temp\ccsjUMwM.s 			page 24


 1067 0042 49       		.uleb128 0x49
 1068 0043 13       		.uleb128 0x13
 1069 0044 00       		.byte	0
 1070 0045 00       		.byte	0
 1071 0046 07       		.uleb128 0x7
 1072 0047 04       		.uleb128 0x4
 1073 0048 01       		.byte	0x1
 1074 0049 0B       		.uleb128 0xb
 1075 004a 0B       		.uleb128 0xb
 1076 004b 49       		.uleb128 0x49
 1077 004c 13       		.uleb128 0x13
 1078 004d 3A       		.uleb128 0x3a
 1079 004e 0B       		.uleb128 0xb
 1080 004f 3B       		.uleb128 0x3b
 1081 0050 0B       		.uleb128 0xb
 1082 0051 01       		.uleb128 0x1
 1083 0052 13       		.uleb128 0x13
 1084 0053 00       		.byte	0
 1085 0054 00       		.byte	0
 1086 0055 08       		.uleb128 0x8
 1087 0056 28       		.uleb128 0x28
 1088 0057 00       		.byte	0
 1089 0058 03       		.uleb128 0x3
 1090 0059 0E       		.uleb128 0xe
 1091 005a 1C       		.uleb128 0x1c
 1092 005b 0B       		.uleb128 0xb
 1093 005c 00       		.byte	0
 1094 005d 00       		.byte	0
 1095 005e 09       		.uleb128 0x9
 1096 005f 28       		.uleb128 0x28
 1097 0060 00       		.byte	0
 1098 0061 03       		.uleb128 0x3
 1099 0062 0E       		.uleb128 0xe
 1100 0063 1C       		.uleb128 0x1c
 1101 0064 0D       		.uleb128 0xd
 1102 0065 00       		.byte	0
 1103 0066 00       		.byte	0
 1104 0067 0A       		.uleb128 0xa
 1105 0068 2E       		.uleb128 0x2e
 1106 0069 01       		.byte	0x1
 1107 006a 3F       		.uleb128 0x3f
 1108 006b 19       		.uleb128 0x19
 1109 006c 03       		.uleb128 0x3
 1110 006d 0E       		.uleb128 0xe
 1111 006e 3A       		.uleb128 0x3a
 1112 006f 0B       		.uleb128 0xb
 1113 0070 3B       		.uleb128 0x3b
 1114 0071 0B       		.uleb128 0xb
 1115 0072 27       		.uleb128 0x27
 1116 0073 19       		.uleb128 0x19
 1117 0074 49       		.uleb128 0x49
 1118 0075 13       		.uleb128 0x13
 1119 0076 11       		.uleb128 0x11
 1120 0077 01       		.uleb128 0x1
 1121 0078 12       		.uleb128 0x12
 1122 0079 06       		.uleb128 0x6
 1123 007a 40       		.uleb128 0x40
ARM GAS  C:\Users\divya\AppData\Local\Temp\ccsjUMwM.s 			page 25


 1124 007b 18       		.uleb128 0x18
 1125 007c 9742     		.uleb128 0x2117
 1126 007e 19       		.uleb128 0x19
 1127 007f 01       		.uleb128 0x1
 1128 0080 13       		.uleb128 0x13
 1129 0081 00       		.byte	0
 1130 0082 00       		.byte	0
 1131 0083 0B       		.uleb128 0xb
 1132 0084 05       		.uleb128 0x5
 1133 0085 00       		.byte	0
 1134 0086 03       		.uleb128 0x3
 1135 0087 0E       		.uleb128 0xe
 1136 0088 3A       		.uleb128 0x3a
 1137 0089 0B       		.uleb128 0xb
 1138 008a 3B       		.uleb128 0x3b
 1139 008b 0B       		.uleb128 0xb
 1140 008c 49       		.uleb128 0x49
 1141 008d 13       		.uleb128 0x13
 1142 008e 02       		.uleb128 0x2
 1143 008f 17       		.uleb128 0x17
 1144 0090 00       		.byte	0
 1145 0091 00       		.byte	0
 1146 0092 0C       		.uleb128 0xc
 1147 0093 34       		.uleb128 0x34
 1148 0094 00       		.byte	0
 1149 0095 03       		.uleb128 0x3
 1150 0096 0E       		.uleb128 0xe
 1151 0097 3A       		.uleb128 0x3a
 1152 0098 0B       		.uleb128 0xb
 1153 0099 3B       		.uleb128 0x3b
 1154 009a 0B       		.uleb128 0xb
 1155 009b 49       		.uleb128 0x49
 1156 009c 13       		.uleb128 0x13
 1157 009d 02       		.uleb128 0x2
 1158 009e 17       		.uleb128 0x17
 1159 009f 00       		.byte	0
 1160 00a0 00       		.byte	0
 1161 00a1 0D       		.uleb128 0xd
 1162 00a2 898201   		.uleb128 0x4109
 1163 00a5 01       		.byte	0x1
 1164 00a6 11       		.uleb128 0x11
 1165 00a7 01       		.uleb128 0x1
 1166 00a8 31       		.uleb128 0x31
 1167 00a9 13       		.uleb128 0x13
 1168 00aa 01       		.uleb128 0x1
 1169 00ab 13       		.uleb128 0x13
 1170 00ac 00       		.byte	0
 1171 00ad 00       		.byte	0
 1172 00ae 0E       		.uleb128 0xe
 1173 00af 8A8201   		.uleb128 0x410a
 1174 00b2 00       		.byte	0
 1175 00b3 02       		.uleb128 0x2
 1176 00b4 18       		.uleb128 0x18
 1177 00b5 9142     		.uleb128 0x2111
 1178 00b7 18       		.uleb128 0x18
 1179 00b8 00       		.byte	0
 1180 00b9 00       		.byte	0
ARM GAS  C:\Users\divya\AppData\Local\Temp\ccsjUMwM.s 			page 26


 1181 00ba 0F       		.uleb128 0xf
 1182 00bb 898201   		.uleb128 0x4109
 1183 00be 01       		.byte	0x1
 1184 00bf 11       		.uleb128 0x11
 1185 00c0 01       		.uleb128 0x1
 1186 00c1 31       		.uleb128 0x31
 1187 00c2 13       		.uleb128 0x13
 1188 00c3 00       		.byte	0
 1189 00c4 00       		.byte	0
 1190 00c5 10       		.uleb128 0x10
 1191 00c6 2E       		.uleb128 0x2e
 1192 00c7 01       		.byte	0x1
 1193 00c8 3F       		.uleb128 0x3f
 1194 00c9 19       		.uleb128 0x19
 1195 00ca 03       		.uleb128 0x3
 1196 00cb 0E       		.uleb128 0xe
 1197 00cc 3A       		.uleb128 0x3a
 1198 00cd 0B       		.uleb128 0xb
 1199 00ce 3B       		.uleb128 0x3b
 1200 00cf 0B       		.uleb128 0xb
 1201 00d0 27       		.uleb128 0x27
 1202 00d1 19       		.uleb128 0x19
 1203 00d2 49       		.uleb128 0x49
 1204 00d3 13       		.uleb128 0x13
 1205 00d4 3C       		.uleb128 0x3c
 1206 00d5 19       		.uleb128 0x19
 1207 00d6 01       		.uleb128 0x1
 1208 00d7 13       		.uleb128 0x13
 1209 00d8 00       		.byte	0
 1210 00d9 00       		.byte	0
 1211 00da 11       		.uleb128 0x11
 1212 00db 05       		.uleb128 0x5
 1213 00dc 00       		.byte	0
 1214 00dd 49       		.uleb128 0x49
 1215 00de 13       		.uleb128 0x13
 1216 00df 00       		.byte	0
 1217 00e0 00       		.byte	0
 1218 00e1 12       		.uleb128 0x12
 1219 00e2 18       		.uleb128 0x18
 1220 00e3 00       		.byte	0
 1221 00e4 00       		.byte	0
 1222 00e5 00       		.byte	0
 1223 00e6 13       		.uleb128 0x13
 1224 00e7 898201   		.uleb128 0x4109
 1225 00ea 00       		.byte	0
 1226 00eb 11       		.uleb128 0x11
 1227 00ec 01       		.uleb128 0x1
 1228 00ed 31       		.uleb128 0x31
 1229 00ee 13       		.uleb128 0x13
 1230 00ef 00       		.byte	0
 1231 00f0 00       		.byte	0
 1232 00f1 14       		.uleb128 0x14
 1233 00f2 2E       		.uleb128 0x2e
 1234 00f3 01       		.byte	0x1
 1235 00f4 3F       		.uleb128 0x3f
 1236 00f5 19       		.uleb128 0x19
 1237 00f6 03       		.uleb128 0x3
ARM GAS  C:\Users\divya\AppData\Local\Temp\ccsjUMwM.s 			page 27


 1238 00f7 0E       		.uleb128 0xe
 1239 00f8 3A       		.uleb128 0x3a
 1240 00f9 0B       		.uleb128 0xb
 1241 00fa 3B       		.uleb128 0x3b
 1242 00fb 0B       		.uleb128 0xb
 1243 00fc 49       		.uleb128 0x49
 1244 00fd 13       		.uleb128 0x13
 1245 00fe 11       		.uleb128 0x11
 1246 00ff 01       		.uleb128 0x1
 1247 0100 12       		.uleb128 0x12
 1248 0101 06       		.uleb128 0x6
 1249 0102 40       		.uleb128 0x40
 1250 0103 18       		.uleb128 0x18
 1251 0104 9742     		.uleb128 0x2117
 1252 0106 19       		.uleb128 0x19
 1253 0107 01       		.uleb128 0x1
 1254 0108 13       		.uleb128 0x13
 1255 0109 00       		.byte	0
 1256 010a 00       		.byte	0
 1257 010b 15       		.uleb128 0x15
 1258 010c 01       		.uleb128 0x1
 1259 010d 01       		.byte	0x1
 1260 010e 49       		.uleb128 0x49
 1261 010f 13       		.uleb128 0x13
 1262 0110 01       		.uleb128 0x1
 1263 0111 13       		.uleb128 0x13
 1264 0112 00       		.byte	0
 1265 0113 00       		.byte	0
 1266 0114 16       		.uleb128 0x16
 1267 0115 21       		.uleb128 0x21
 1268 0116 00       		.byte	0
 1269 0117 49       		.uleb128 0x49
 1270 0118 13       		.uleb128 0x13
 1271 0119 2F       		.uleb128 0x2f
 1272 011a 0B       		.uleb128 0xb
 1273 011b 00       		.byte	0
 1274 011c 00       		.byte	0
 1275 011d 17       		.uleb128 0x17
 1276 011e 34       		.uleb128 0x34
 1277 011f 00       		.byte	0
 1278 0120 03       		.uleb128 0x3
 1279 0121 0E       		.uleb128 0xe
 1280 0122 3A       		.uleb128 0x3a
 1281 0123 0B       		.uleb128 0xb
 1282 0124 3B       		.uleb128 0x3b
 1283 0125 0B       		.uleb128 0xb
 1284 0126 49       		.uleb128 0x49
 1285 0127 13       		.uleb128 0x13
 1286 0128 02       		.uleb128 0x2
 1287 0129 18       		.uleb128 0x18
 1288 012a 00       		.byte	0
 1289 012b 00       		.byte	0
 1290 012c 18       		.uleb128 0x18
 1291 012d 34       		.uleb128 0x34
 1292 012e 00       		.byte	0
 1293 012f 03       		.uleb128 0x3
 1294 0130 0E       		.uleb128 0xe
ARM GAS  C:\Users\divya\AppData\Local\Temp\ccsjUMwM.s 			page 28


 1295 0131 3A       		.uleb128 0x3a
 1296 0132 0B       		.uleb128 0xb
 1297 0133 3B       		.uleb128 0x3b
 1298 0134 0B       		.uleb128 0xb
 1299 0135 49       		.uleb128 0x49
 1300 0136 13       		.uleb128 0x13
 1301 0137 3F       		.uleb128 0x3f
 1302 0138 19       		.uleb128 0x19
 1303 0139 3C       		.uleb128 0x3c
 1304 013a 19       		.uleb128 0x19
 1305 013b 00       		.byte	0
 1306 013c 00       		.byte	0
 1307 013d 19       		.uleb128 0x19
 1308 013e 34       		.uleb128 0x34
 1309 013f 00       		.byte	0
 1310 0140 03       		.uleb128 0x3
 1311 0141 0E       		.uleb128 0xe
 1312 0142 3A       		.uleb128 0x3a
 1313 0143 0B       		.uleb128 0xb
 1314 0144 3B       		.uleb128 0x3b
 1315 0145 05       		.uleb128 0x5
 1316 0146 49       		.uleb128 0x49
 1317 0147 13       		.uleb128 0x13
 1318 0148 3F       		.uleb128 0x3f
 1319 0149 19       		.uleb128 0x19
 1320 014a 3C       		.uleb128 0x3c
 1321 014b 19       		.uleb128 0x19
 1322 014c 00       		.byte	0
 1323 014d 00       		.byte	0
 1324 014e 1A       		.uleb128 0x1a
 1325 014f 35       		.uleb128 0x35
 1326 0150 00       		.byte	0
 1327 0151 49       		.uleb128 0x49
 1328 0152 13       		.uleb128 0x13
 1329 0153 00       		.byte	0
 1330 0154 00       		.byte	0
 1331 0155 1B       		.uleb128 0x1b
 1332 0156 34       		.uleb128 0x34
 1333 0157 00       		.byte	0
 1334 0158 03       		.uleb128 0x3
 1335 0159 0E       		.uleb128 0xe
 1336 015a 3A       		.uleb128 0x3a
 1337 015b 0B       		.uleb128 0xb
 1338 015c 3B       		.uleb128 0x3b
 1339 015d 0B       		.uleb128 0xb
 1340 015e 49       		.uleb128 0x49
 1341 015f 13       		.uleb128 0x13
 1342 0160 3F       		.uleb128 0x3f
 1343 0161 19       		.uleb128 0x19
 1344 0162 02       		.uleb128 0x2
 1345 0163 18       		.uleb128 0x18
 1346 0164 00       		.byte	0
 1347 0165 00       		.byte	0
 1348 0166 1C       		.uleb128 0x1c
 1349 0167 2E       		.uleb128 0x2e
 1350 0168 00       		.byte	0
 1351 0169 3F       		.uleb128 0x3f
ARM GAS  C:\Users\divya\AppData\Local\Temp\ccsjUMwM.s 			page 29


 1352 016a 19       		.uleb128 0x19
 1353 016b 3C       		.uleb128 0x3c
 1354 016c 19       		.uleb128 0x19
 1355 016d 6E       		.uleb128 0x6e
 1356 016e 0E       		.uleb128 0xe
 1357 016f 03       		.uleb128 0x3
 1358 0170 0E       		.uleb128 0xe
 1359 0171 3A       		.uleb128 0x3a
 1360 0172 0B       		.uleb128 0xb
 1361 0173 3B       		.uleb128 0x3b
 1362 0174 0B       		.uleb128 0xb
 1363 0175 00       		.byte	0
 1364 0176 00       		.byte	0
 1365 0177 00       		.byte	0
 1366              		.section	.debug_loc,"",%progbits
 1367              	.Ldebug_loc0:
 1368              	.LLST0:
 1369 0000 00000000 		.4byte	.LVL0
 1370 0004 0D000000 		.4byte	.LVL1-1
 1371 0008 0100     		.2byte	0x1
 1372 000a 50       		.byte	0x50
 1373 000b 0D000000 		.4byte	.LVL1-1
 1374 000f 22000000 		.4byte	.LVL4
 1375 0013 0400     		.2byte	0x4
 1376 0015 F3       		.byte	0xf3
 1377 0016 01       		.uleb128 0x1
 1378 0017 50       		.byte	0x50
 1379 0018 9F       		.byte	0x9f
 1380 0019 22000000 		.4byte	.LVL4
 1381 001d 26000000 		.4byte	.LVL5
 1382 0021 0100     		.2byte	0x1
 1383 0023 50       		.byte	0x50
 1384 0024 26000000 		.4byte	.LVL5
 1385 0028 34000000 		.4byte	.LFE111
 1386 002c 0400     		.2byte	0x4
 1387 002e F3       		.byte	0xf3
 1388 002f 01       		.uleb128 0x1
 1389 0030 50       		.byte	0x50
 1390 0031 9F       		.byte	0x9f
 1391 0032 00000000 		.4byte	0
 1392 0036 00000000 		.4byte	0
 1393              	.LLST1:
 1394 003a 00000000 		.4byte	.LVL0
 1395 003e 0D000000 		.4byte	.LVL1-1
 1396 0042 0100     		.2byte	0x1
 1397 0044 51       		.byte	0x51
 1398 0045 0D000000 		.4byte	.LVL1-1
 1399 0049 22000000 		.4byte	.LVL4
 1400 004d 0400     		.2byte	0x4
 1401 004f F3       		.byte	0xf3
 1402 0050 01       		.uleb128 0x1
 1403 0051 51       		.byte	0x51
 1404 0052 9F       		.byte	0x9f
 1405 0053 22000000 		.4byte	.LVL4
 1406 0057 34000000 		.4byte	.LFE111
 1407 005b 0100     		.2byte	0x1
 1408 005d 51       		.byte	0x51
ARM GAS  C:\Users\divya\AppData\Local\Temp\ccsjUMwM.s 			page 30


 1409 005e 00000000 		.4byte	0
 1410 0062 00000000 		.4byte	0
 1411              	.LLST2:
 1412 0066 12000000 		.4byte	.LVL2
 1413 006a 1D000000 		.4byte	.LVL3-1
 1414 006e 0100     		.2byte	0x1
 1415 0070 50       		.byte	0x50
 1416 0071 1D000000 		.4byte	.LVL3-1
 1417 0075 22000000 		.4byte	.LVL4
 1418 0079 0800     		.2byte	0x8
 1419 007b 74       		.byte	0x74
 1420 007c 00       		.sleb128 0
 1421 007d 03       		.byte	0x3
 1422 007e 00000000 		.4byte	.LANCHOR0
 1423 0082 22       		.byte	0x22
 1424 0083 00000000 		.4byte	0
 1425 0087 00000000 		.4byte	0
 1426              	.LLST3:
 1427 008b 00000000 		.4byte	.LVL6
 1428 008f 0E000000 		.4byte	.LVL8
 1429 0093 0100     		.2byte	0x1
 1430 0095 50       		.byte	0x50
 1431 0096 0E000000 		.4byte	.LVL8
 1432 009a 28000000 		.4byte	.LFE112
 1433 009e 0400     		.2byte	0x4
 1434 00a0 F3       		.byte	0xf3
 1435 00a1 01       		.uleb128 0x1
 1436 00a2 50       		.byte	0x50
 1437 00a3 9F       		.byte	0x9f
 1438 00a4 00000000 		.4byte	0
 1439 00a8 00000000 		.4byte	0
 1440              	.LLST4:
 1441 00ac 00000000 		.4byte	.LVL6
 1442 00b0 0C000000 		.4byte	.LVL7
 1443 00b4 0100     		.2byte	0x1
 1444 00b6 51       		.byte	0x51
 1445 00b7 0C000000 		.4byte	.LVL7
 1446 00bb 28000000 		.4byte	.LFE112
 1447 00bf 0400     		.2byte	0x4
 1448 00c1 F3       		.byte	0xf3
 1449 00c2 01       		.uleb128 0x1
 1450 00c3 51       		.byte	0x51
 1451 00c4 9F       		.byte	0x9f
 1452 00c5 00000000 		.4byte	0
 1453 00c9 00000000 		.4byte	0
 1454              	.LLST5:
 1455 00cd 00000000 		.4byte	.LVL11
 1456 00d1 08000000 		.4byte	.LVL12
 1457 00d5 0100     		.2byte	0x1
 1458 00d7 50       		.byte	0x50
 1459 00d8 08000000 		.4byte	.LVL12
 1460 00dc 1A000000 		.4byte	.LFE113
 1461 00e0 0400     		.2byte	0x4
 1462 00e2 F3       		.byte	0xf3
 1463 00e3 01       		.uleb128 0x1
 1464 00e4 50       		.byte	0x50
 1465 00e5 9F       		.byte	0x9f
ARM GAS  C:\Users\divya\AppData\Local\Temp\ccsjUMwM.s 			page 31


 1466 00e6 00000000 		.4byte	0
 1467 00ea 00000000 		.4byte	0
 1468              	.LLST6:
 1469 00ee 00000000 		.4byte	.LVL15
 1470 00f2 1D000000 		.4byte	.LVL21-1
 1471 00f6 0100     		.2byte	0x1
 1472 00f8 50       		.byte	0x50
 1473 00f9 1D000000 		.4byte	.LVL21-1
 1474 00fd 2E000000 		.4byte	.LVL24
 1475 0101 0400     		.2byte	0x4
 1476 0103 F3       		.byte	0xf3
 1477 0104 01       		.uleb128 0x1
 1478 0105 50       		.byte	0x50
 1479 0106 9F       		.byte	0x9f
 1480 0107 2E000000 		.4byte	.LVL24
 1481 010b 32000000 		.4byte	.LVL25
 1482 010f 0100     		.2byte	0x1
 1483 0111 50       		.byte	0x50
 1484 0112 32000000 		.4byte	.LVL25
 1485 0116 3C000000 		.4byte	.LFE114
 1486 011a 0400     		.2byte	0x4
 1487 011c F3       		.byte	0xf3
 1488 011d 01       		.uleb128 0x1
 1489 011e 50       		.byte	0x50
 1490 011f 9F       		.byte	0x9f
 1491 0120 00000000 		.4byte	0
 1492 0124 00000000 		.4byte	0
 1493              	.LLST7:
 1494 0128 00000000 		.4byte	.LVL15
 1495 012c 1D000000 		.4byte	.LVL21-1
 1496 0130 0100     		.2byte	0x1
 1497 0132 51       		.byte	0x51
 1498 0133 1D000000 		.4byte	.LVL21-1
 1499 0137 2E000000 		.4byte	.LVL24
 1500 013b 0400     		.2byte	0x4
 1501 013d F3       		.byte	0xf3
 1502 013e 01       		.uleb128 0x1
 1503 013f 51       		.byte	0x51
 1504 0140 9F       		.byte	0x9f
 1505 0141 2E000000 		.4byte	.LVL24
 1506 0145 3C000000 		.4byte	.LFE114
 1507 0149 0100     		.2byte	0x1
 1508 014b 51       		.byte	0x51
 1509 014c 00000000 		.4byte	0
 1510 0150 00000000 		.4byte	0
 1511              	.LLST8:
 1512 0154 06000000 		.4byte	.LVL16
 1513 0158 14000000 		.4byte	.LVL17
 1514 015c 0200     		.2byte	0x2
 1515 015e 30       		.byte	0x30
 1516 015f 9F       		.byte	0x9f
 1517 0160 14000000 		.4byte	.LVL17
 1518 0164 16000000 		.4byte	.LVL18
 1519 0168 0100     		.2byte	0x1
 1520 016a 55       		.byte	0x55
 1521 016b 16000000 		.4byte	.LVL18
 1522 016f 18000000 		.4byte	.LVL19
ARM GAS  C:\Users\divya\AppData\Local\Temp\ccsjUMwM.s 			page 32


 1523 0173 0200     		.2byte	0x2
 1524 0175 30       		.byte	0x30
 1525 0176 9F       		.byte	0x9f
 1526 0177 1A000000 		.4byte	.LVL20
 1527 017b 2E000000 		.4byte	.LVL24
 1528 017f 0100     		.2byte	0x1
 1529 0181 55       		.byte	0x55
 1530 0182 00000000 		.4byte	0
 1531 0186 00000000 		.4byte	0
 1532              	.LLST9:
 1533 018a 00000000 		.4byte	.LVL26
 1534 018e 05000000 		.4byte	.LVL27-1
 1535 0192 0100     		.2byte	0x1
 1536 0194 50       		.byte	0x50
 1537 0195 05000000 		.4byte	.LVL27-1
 1538 0199 10000000 		.4byte	.LFE115
 1539 019d 0400     		.2byte	0x4
 1540 019f F3       		.byte	0xf3
 1541 01a0 01       		.uleb128 0x1
 1542 01a1 50       		.byte	0x50
 1543 01a2 9F       		.byte	0x9f
 1544 01a3 00000000 		.4byte	0
 1545 01a7 00000000 		.4byte	0
 1546              		.section	.debug_aranges,"",%progbits
 1547 0000 44000000 		.4byte	0x44
 1548 0004 0200     		.2byte	0x2
 1549 0006 00000000 		.4byte	.Ldebug_info0
 1550 000a 04       		.byte	0x4
 1551 000b 00       		.byte	0
 1552 000c 0000     		.2byte	0
 1553 000e 0000     		.2byte	0
 1554 0010 00000000 		.4byte	.LFB111
 1555 0014 34000000 		.4byte	.LFE111-.LFB111
 1556 0018 00000000 		.4byte	.LFB112
 1557 001c 28000000 		.4byte	.LFE112-.LFB112
 1558 0020 00000000 		.4byte	.LFB113
 1559 0024 1A000000 		.4byte	.LFE113-.LFB113
 1560 0028 00000000 		.4byte	.LFB114
 1561 002c 3C000000 		.4byte	.LFE114-.LFB114
 1562 0030 00000000 		.4byte	.LFB115
 1563 0034 10000000 		.4byte	.LFE115-.LFB115
 1564 0038 00000000 		.4byte	.LFB110
 1565 003c 12000000 		.4byte	.LFE110-.LFB110
 1566 0040 00000000 		.4byte	0
 1567 0044 00000000 		.4byte	0
 1568              		.section	.debug_ranges,"",%progbits
 1569              	.Ldebug_ranges0:
 1570 0000 00000000 		.4byte	.LFB111
 1571 0004 34000000 		.4byte	.LFE111
 1572 0008 00000000 		.4byte	.LFB112
 1573 000c 28000000 		.4byte	.LFE112
 1574 0010 00000000 		.4byte	.LFB113
 1575 0014 1A000000 		.4byte	.LFE113
 1576 0018 00000000 		.4byte	.LFB114
 1577 001c 3C000000 		.4byte	.LFE114
 1578 0020 00000000 		.4byte	.LFB115
 1579 0024 10000000 		.4byte	.LFE115
ARM GAS  C:\Users\divya\AppData\Local\Temp\ccsjUMwM.s 			page 33


 1580 0028 00000000 		.4byte	.LFB110
 1581 002c 12000000 		.4byte	.LFE110
 1582 0030 00000000 		.4byte	0
 1583 0034 00000000 		.4byte	0
 1584              		.section	.debug_line,"",%progbits
 1585              	.Ldebug_line0:
 1586 0000 E9020000 		.section	.debug_str,"MS",%progbits,1
 1586      02005D02 
 1586      00000201 
 1586      FB0E0D00 
 1586      01010101 
 1587              	.LASF81:
 1588 0000 53455645 		.ascii	"SEVEN_Init\000"
 1588      4E5F496E 
 1588      697400
 1589              	.LASF61:
 1590 000b 70617474 		.ascii	"pattern\000"
 1590      65726E00 
 1591              	.LASF38:
 1592 0013 52435F45 		.ascii	"RC_ERROR_READ_ONLY\000"
 1592      52524F52 
 1592      5F524541 
 1592      445F4F4E 
 1592      4C5900
 1593              	.LASF73:
 1594 0026 50696E5F 		.ascii	"Pin_SEVENSEL_Write\000"
 1594      53455645 
 1594      4E53454C 
 1594      5F577269 
 1594      746500
 1595              	.LASF39:
 1596 0039 52435F45 		.ascii	"RC_ERROR_WRITE_ONLY\000"
 1596      52524F52 
 1596      5F575249 
 1596      54455F4F 
 1596      4E4C5900 
 1597              	.LASF2:
 1598 004d 73686F72 		.ascii	"short int\000"
 1598      7420696E 
 1598      7400
 1599              	.LASF30:
 1600 0057 52435F45 		.ascii	"RC_ERROR_OVERRUN\000"
 1600      52524F52 
 1600      5F4F5645 
 1600      5252554E 
 1600      00
 1601              	.LASF42:
 1602 0068 52435F45 		.ascii	"RC_ERROR_WRITE_FAILS\000"
 1602      52524F52 
 1602      5F575249 
 1602      54455F46 
 1602      41494C53 
 1603              	.LASF22:
 1604 007d 73697A65 		.ascii	"sizetype\000"
 1604      74797065 
 1604      00
 1605              	.LASF60:
ARM GAS  C:\Users\divya\AppData\Local\Temp\ccsjUMwM.s 			page 34


 1606 0086 44697370 		.ascii	"Display\000"
 1606      6C617900 
 1607              	.LASF27:
 1608 008e 52435F45 		.ascii	"RC_ERROR_ZERO\000"
 1608      52524F52 
 1608      5F5A4552 
 1608      4F00
 1609              	.LASF20:
 1610 009c 45455F46 		.ascii	"EE_FREG\000"
 1610      52454700 
 1611              	.LASF40:
 1612 00a4 52435F45 		.ascii	"RC_ERROR_INVALID\000"
 1612      52524F52 
 1612      5F494E56 
 1612      414C4944 
 1612      00
 1613              	.LASF18:
 1614 00b5 45455F55 		.ascii	"EE_UINT32\000"
 1614      494E5433 
 1614      3200
 1615              	.LASF21:
 1616 00bf 45455F54 		.ascii	"EE_TID\000"
 1616      494400
 1617              	.LASF55:
 1618 00c6 76616C75 		.ascii	"value\000"
 1618      6500
 1619              	.LASF11:
 1620 00cc 75696E74 		.ascii	"uint8_t\000"
 1620      385F7400 
 1621              	.LASF47:
 1622 00d4 52435F45 		.ascii	"RC_ERROR_INVALID_STATE\000"
 1622      52524F52 
 1622      5F494E56 
 1622      414C4944 
 1622      5F535441 
 1623              	.LASF70:
 1624 00eb 45455F49 		.ascii	"EE_IRQ_nesting_level\000"
 1624      52515F6E 
 1624      65737469 
 1624      6E675F6C 
 1624      6576656C 
 1625              	.LASF17:
 1626 0100 45455F49 		.ascii	"EE_INT32\000"
 1626      4E543332 
 1626      00
 1627              	.LASF74:
 1628 0109 53455645 		.ascii	"SEVENSEG_REG_Write\000"
 1628      4E534547 
 1628      5F524547 
 1628      5F577269 
 1628      746500
 1629              	.LASF69:
 1630 011c 45455F73 		.ascii	"EE_std_endcycle_next_tid\000"
 1630      74645F65 
 1630      6E646379 
 1630      636C655F 
 1630      6E657874 
ARM GAS  C:\Users\divya\AppData\Local\Temp\ccsjUMwM.s 			page 35


 1631              	.LASF29:
 1632 0135 52435F45 		.ascii	"RC_ERROR_RANGE\000"
 1632      52524F52 
 1632      5F52414E 
 1632      474500
 1633              	.LASF13:
 1634 0144 666C6F61 		.ascii	"float\000"
 1634      7400
 1635              	.LASF49:
 1636 014a 52435F45 		.ascii	"RC_ERROR_NOT_IMPLEMENTED\000"
 1636      52524F52 
 1636      5F4E4F54 
 1636      5F494D50 
 1636      4C454D45 
 1637              	.LASF8:
 1638 0163 6C6F6E67 		.ascii	"long long int\000"
 1638      206C6F6E 
 1638      6720696E 
 1638      7400
 1639              	.LASF77:
 1640 0171 53455653 		.ascii	"SEVSEG_DP_Write\000"
 1640      45475F44 
 1640      505F5772 
 1640      69746500 
 1641              	.LASF67:
 1642 0181 45455F6F 		.ascii	"EE_oo_IRQ_suspend_status\000"
 1642      6F5F4952 
 1642      515F7375 
 1642      7370656E 
 1642      645F7374 
 1643              	.LASF58:
 1644 019a 53455645 		.ascii	"SEVEN_SetHex\000"
 1644      4E5F5365 
 1644      74486578 
 1644      00
 1645              	.LASF43:
 1646 01a7 52435F45 		.ascii	"RC_ERROR_NOT_MATCH\000"
 1646      52524F52 
 1646      5F4E4F54 
 1646      5F4D4154 
 1646      434800
 1647              	.LASF48:
 1648 01ba 52435F45 		.ascii	"RC_ERROR_UNKNOWN\000"
 1648      52524F52 
 1648      5F554E4B 
 1648      4E4F574E 
 1648      00
 1649              	.LASF6:
 1650 01cb 6C6F6E67 		.ascii	"long int\000"
 1650      20696E74 
 1650      00
 1651              	.LASF31:
 1652 01d4 52435F45 		.ascii	"RC_ERROR_UNDERRUN\000"
 1652      52524F52 
 1652      5F554E44 
 1652      45525255 
 1652      4E00
ARM GAS  C:\Users\divya\AppData\Local\Temp\ccsjUMwM.s 			page 36


 1653              	.LASF34:
 1654 01e6 52435F45 		.ascii	"RC_ERROR_BUSY\000"
 1654      52524F52 
 1654      5F425553 
 1654      5900
 1655              	.LASF4:
 1656 01f4 5F5F7569 		.ascii	"__uint8_t\000"
 1656      6E74385F 
 1656      7400
 1657              	.LASF64:
 1658 01fe 53455645 		.ascii	"SEVEN__latch_value\000"
 1658      4E5F5F6C 
 1658      61746368 
 1658      5F76616C 
 1658      756500
 1659              	.LASF65:
 1660 0211 53455645 		.ascii	"SEVEN__latch_pattern\000"
 1660      4E5F5F6C 
 1660      61746368 
 1660      5F706174 
 1660      7465726E 
 1661              	.LASF45:
 1662 0226 52435F45 		.ascii	"RC_ERROR_BAD_DATA\000"
 1662      52524F52 
 1662      5F424144 
 1662      5F444154 
 1662      4100
 1663              	.LASF54:
 1664 0238 73657665 		.ascii	"sevenId\000"
 1664      6E496400 
 1665              	.LASF56:
 1666 0240 53455645 		.ascii	"SEVEN_SEGWRITE\000"
 1666      4E5F5345 
 1666      47575249 
 1666      544500
 1667              	.LASF16:
 1668 024f 6C6F6E67 		.ascii	"long double\000"
 1668      20646F75 
 1668      626C6500 
 1669              	.LASF1:
 1670 025b 756E7369 		.ascii	"unsigned char\000"
 1670      676E6564 
 1670      20636861 
 1670      7200
 1671              	.LASF75:
 1672 0269 73707269 		.ascii	"sprintf\000"
 1672      6E746600 
 1673              	.LASF79:
 1674 0271 736F7572 		.ascii	"source\\bsw\\seven.c\000"
 1674      63655C62 
 1674      73775C73 
 1674      6576656E 
 1674      2E6300
 1675              	.LASF0:
 1676 0284 7369676E 		.ascii	"signed char\000"
 1676      65642063 
 1676      68617200 
ARM GAS  C:\Users\divya\AppData\Local\Temp\ccsjUMwM.s 			page 37


 1677              	.LASF9:
 1678 0290 6C6F6E67 		.ascii	"long long unsigned int\000"
 1678      206C6F6E 
 1678      6720756E 
 1678      7369676E 
 1678      65642069 
 1679              	.LASF10:
 1680 02a7 756E7369 		.ascii	"unsigned int\000"
 1680      676E6564 
 1680      20696E74 
 1680      00
 1681              	.LASF36:
 1682 02b4 52435F45 		.ascii	"RC_ERROR_OPEN\000"
 1682      52524F52 
 1682      5F4F5045 
 1682      4E00
 1683              	.LASF62:
 1684 02c2 53455645 		.ascii	"SEVEN_SEGClear\000"
 1684      4E5F5345 
 1684      47436C65 
 1684      617200
 1685              	.LASF26:
 1686 02d1 52435F45 		.ascii	"RC_ERROR_NULL\000"
 1686      52524F52 
 1686      5F4E554C 
 1686      4C00
 1687              	.LASF33:
 1688 02df 52435F45 		.ascii	"RC_ERROR_BUFFER_EMTPY\000"
 1688      52524F52 
 1688      5F425546 
 1688      4645525F 
 1688      454D5450 
 1689              	.LASF80:
 1690 02f5 433A5C55 		.ascii	"C:\\Users\\divya\\Documents\\PSoC Creator\\LABASSIG"
 1690      73657273 
 1690      5C646976 
 1690      79615C44 
 1690      6F63756D 
 1691 0323 4E4D454E 		.ascii	"NMENT\\ReactionGame.cydsn\000"
 1691      545C5265 
 1691      61637469 
 1691      6F6E4761 
 1691      6D652E63 
 1692              	.LASF24:
 1693 033c 52435F53 		.ascii	"RC_SUCCESS\000"
 1693      55434345 
 1693      535300
 1694              	.LASF3:
 1695 0347 73686F72 		.ascii	"short unsigned int\000"
 1695      7420756E 
 1695      7369676E 
 1695      65642069 
 1695      6E7400
 1696              	.LASF51:
 1697 035a 53455645 		.ascii	"SEVEN_DSIPLAY_0\000"
 1697      4E5F4453 
 1697      49504C41 
ARM GAS  C:\Users\divya\AppData\Local\Temp\ccsjUMwM.s 			page 38


 1697      595F3000 
 1698              	.LASF78:
 1699 036a 474E5520 		.ascii	"GNU C11 5.4.1 20160609 (release) [ARM/embedded-5-br"
 1699      43313120 
 1699      352E342E 
 1699      31203230 
 1699      31363036 
 1700 039d 616E6368 		.ascii	"anch revision 237715] -mcpu=cortex-m3 -mthumb -g -O"
 1700      20726576 
 1700      6973696F 
 1700      6E203233 
 1700      37373135 
 1701 03d0 67202D66 		.ascii	"g -ffunction-sections -ffat-lto-objects\000"
 1701      66756E63 
 1701      74696F6E 
 1701      2D736563 
 1701      74696F6E 
 1702              	.LASF15:
 1703 03f8 63686172 		.ascii	"char\000"
 1703      00
 1704              	.LASF59:
 1705 03fd 53455645 		.ascii	"SEVEN_SetDP\000"
 1705      4E5F5365 
 1705      74445000 
 1706              	.LASF32:
 1707 0409 52435F45 		.ascii	"RC_ERROR_BUFFER_FULL\000"
 1707      52524F52 
 1707      5F425546 
 1707      4645525F 
 1707      46554C4C 
 1708              	.LASF12:
 1709 041e 696E7433 		.ascii	"int32_t\000"
 1709      325F7400 
 1710              	.LASF41:
 1711 0426 52435F45 		.ascii	"RC_ERROR_READ_FAILS\000"
 1711      52524F52 
 1711      5F524541 
 1711      445F4641 
 1711      494C5300 
 1712              	.LASF44:
 1713 043a 52435F45 		.ascii	"RC_ERROR_BAD_PARAM\000"
 1713      52524F52 
 1713      5F424144 
 1713      5F504152 
 1713      414D00
 1714              	.LASF72:
 1715 044d 62756666 		.ascii	"buffer\000"
 1715      657200
 1716              	.LASF68:
 1717 0454 45455F41 		.ascii	"EE_ApplicationMode\000"
 1717      70706C69 
 1717      63617469 
 1717      6F6E4D6F 
 1717      646500
 1718              	.LASF7:
 1719 0467 6C6F6E67 		.ascii	"long unsigned int\000"
 1719      20756E73 
ARM GAS  C:\Users\divya\AppData\Local\Temp\ccsjUMwM.s 			page 39


 1719      69676E65 
 1719      6420696E 
 1719      7400
 1720              	.LASF14:
 1721 0479 646F7562 		.ascii	"double\000"
 1721      6C6500
 1722              	.LASF76:
 1723 0480 55415254 		.ascii	"UART_1_PutString\000"
 1723      5F315F50 
 1723      75745374 
 1723      72696E67 
 1723      00
 1724              	.LASF53:
 1725 0491 53455645 		.ascii	"SEVEN_id_t\000"
 1725      4E5F6964 
 1725      5F7400
 1726              	.LASF37:
 1727 049c 52435F45 		.ascii	"RC_ERROR_CHECKSUM\000"
 1727      52524F52 
 1727      5F434845 
 1727      434B5355 
 1727      4D00
 1728              	.LASF19:
 1729 04ae 45455F55 		.ascii	"EE_UREG\000"
 1729      52454700 
 1730              	.LASF5:
 1731 04b6 5F5F696E 		.ascii	"__int32_t\000"
 1731      7433325F 
 1731      7400
 1732              	.LASF57:
 1733 04c0 53455645 		.ascii	"SEVEN_SEGREAD\000"
 1733      4E5F5345 
 1733      47524541 
 1733      4400
 1734              	.LASF46:
 1735 04ce 52435F45 		.ascii	"RC_ERROR_CANCELED\000"
 1735      52524F52 
 1735      5F43414E 
 1735      43454C45 
 1735      4400
 1736              	.LASF52:
 1737 04e0 53455645 		.ascii	"SEVEN_DISPLAY_1\000"
 1737      4E5F4449 
 1737      53504C41 
 1737      595F3100 
 1738              	.LASF63:
 1739 04f0 53455645 		.ascii	"SEVEN_DecimalValues\000"
 1739      4E5F4465 
 1739      63696D61 
 1739      6C56616C 
 1739      75657300 
 1740              	.LASF71:
 1741 0504 49544D5F 		.ascii	"ITM_RxBuffer\000"
 1741      52784275 
 1741      66666572 
 1741      00
 1742              	.LASF25:
ARM GAS  C:\Users\divya\AppData\Local\Temp\ccsjUMwM.s 			page 40


 1743 0511 52435F45 		.ascii	"RC_ERROR\000"
 1743      52524F52 
 1743      00
 1744              	.LASF28:
 1745 051a 52435F45 		.ascii	"RC_ERROR_MEMORY\000"
 1745      52524F52 
 1745      5F4D454D 
 1745      4F525900 
 1746              	.LASF66:
 1747 052a 45455F6F 		.ascii	"EE_oo_IRQ_disable_count\000"
 1747      6F5F4952 
 1747      515F6469 
 1747      7361626C 
 1747      655F636F 
 1748              	.LASF50:
 1749 0542 52435F74 		.ascii	"RC_t\000"
 1749      00
 1750              	.LASF23:
 1751 0547 73696E74 		.ascii	"sint8_t\000"
 1751      385F7400 
 1752              	.LASF35:
 1753 054f 52435F45 		.ascii	"RC_ERROR_TIME_OUT\000"
 1753      52524F52 
 1753      5F54494D 
 1753      455F4F55 
 1753      5400
 1754              		.ident	"GCC: (GNU Tools for ARM Embedded Processors) 5.4.1 20160609 (release) [ARM/embedded-5-bran
